2024-07-08 16:42:51,648 [T1] INFO  EngineStarter
BOT Engine Start - v3.1.100.11228 at 2024-07-08 오후 4:42:51
EngineID: D_20240708_164250_794
PID : 13628
PPID: 844
Working Directory: C:\Users\3calss_15\AppData\Roaming\Brity RPA Designer

2024-07-08 16:42:51,664 [T1] INFO  EngineStarter
System Language: ko-KR
Resolution: 1920 x 1200

2024-07-08 16:42:51,886 [T1] INFO  Config
Initialize Config

2024-07-08 16:42:51,922 [T1] DEBUG Config
Config Loaded

2024-07-08 16:42:51,924 [T1] DEBUG Config
Backup config file.

2024-07-08 16:42:51,933 [T1] INFO  Config
Orchestrator Service => https://bwrpa.samsungsds.com:8777

2024-07-08 16:42:51,937 [T1] INFO  Config
Initialize Resource Config

2024-07-08 16:42:51,960 [T1] DEBUG Config
Refresh Language Information

2024-07-08 16:42:52,031 [T1] INFO  Config
All Config Initialized.

2024-07-08 16:42:52,038 [T1] DEBUG KeyManager
Initialize KeyManager

2024-07-08 16:42:52,040 [T1] DEBUG KeyManager
Load device unique id.

2024-07-08 16:42:52,046 [T1] DEBUG KeyManager
Device ID is initialized.

2024-07-08 16:42:52,119 [T4] DEBUG JobService
Connect to agent service

2024-07-08 16:42:52,154 [T4] DEBUG JobService
JobService URL : net.tcp://127.0.0.1:59001/rpa/agent

2024-07-08 16:42:52,154 [T4] DEBUG JobService
Open connection

2024-07-08 16:42:52,156 [T1] DEBUG ApplicationInitializer
InitMode: Thread

2024-07-08 16:42:52,163 [T1] INFO  LibraryManager
Load Libraries - Started

2024-07-08 16:42:52,168 [T4] DEBUG JobService
Register engine to agent

2024-07-08 16:42:52,177 [T1] DEBUG AddInLoader
Load Assembly : IPA.Lib.Chrome

2024-07-08 16:42:52,179 [T4] DEBUG JobService
Engine is connected to agent service.

2024-07-08 16:42:52,179 [T4] DEBUG JobService
Owner Process PID: 844

2024-07-08 16:42:52,182 [T4] INFO  JobService
Start monitoring owner process is terminated.

2024-07-08 16:42:52,400 [T1] DEBUG AddInLoader
Load Assembly : IPA.Lib.Desktop

2024-07-08 16:42:52,572 [T1] DEBUG AddInLoader
Load Assembly : IPA.Lib.Excel

2024-07-08 16:42:52,707 [T1] DEBUG AddInLoader
Load Assembly : IPA.Lib.Flow

2024-07-08 16:42:52,809 [T1] DEBUG AddInLoader
Load Assembly : IPA.Lib.IE

2024-07-08 16:42:52,896 [T1] DEBUG AddInLoader
Load Assembly : IPA.Lib.ImageConverter

2024-07-08 16:42:52,957 [T1] DEBUG AddInLoader
Load Assembly : IPA.Lib.ImageRecognition

2024-07-08 16:42:53,138 [T1] DEBUG AddInLoader
Load Assembly : IPA.Lib.MicrosoftOCR

2024-07-08 16:42:53,195 [T1] DEBUG AddInLoader
Load Assembly : IPA.Lib.Net

2024-07-08 16:42:53,269 [T1] DEBUG AddInLoader
Load Assembly : IPA.Lib.Orchestra

2024-07-08 16:42:53,354 [T1] DEBUG AddInLoader
Load Assembly : IPA.Lib.ProcessFlow

2024-07-08 16:42:53,443 [T1] DEBUG AddInLoader
Load Assembly : IPA.Lib.SAP

2024-07-08 16:42:53,514 [T1] DEBUG AddInLoader
Load Assembly : IPA.Lib.Web

2024-07-08 16:42:53,609 [T1] DEBUG AddInLoader
Load Assembly : IPA.Lib.Win

2024-07-08 16:42:53,720 [T1] INFO  ScreenCapture
Default Screen Capture Bounds: 0,0,1920,1200

2024-07-08 16:42:53,746 [T1] DEBUG AddInLoader
Load Assembly : BrityRPA.AddIn.NativeApp

2024-07-08 16:42:53,850 [T1] DEBUG AddInLoader
Load Assembly : BrityWorks.AddIn.Outlook

2024-07-08 16:42:53,914 [T1] DEBUG AddInLoader
Load Assembly : BrityWorks.AddIn.Pdf

2024-07-08 16:42:54,004 [T1] DEBUG LibraryManager
Load Library - Chrome

2024-07-08 16:42:54,019 [T1] DEBUG LibraryManager
Load Library - Desktop

2024-07-08 16:42:54,035 [T1] DEBUG LibraryManager
Load Library - Excel

2024-07-08 16:42:54,050 [T1] DEBUG LibraryManager
Load Library - Flow

2024-07-08 16:42:54,066 [T1] DEBUG LibraryManager
Load Library - IE

2024-07-08 16:42:54,081 [T1] DEBUG LibraryManager
Load Library - ImageConverter

2024-07-08 16:42:54,097 [T1] DEBUG LibraryManager
Load Library - ImageRecognition

2024-07-08 16:42:54,112 [T1] DEBUG LibraryManager
Load Library - MicrosoftOCR

2024-07-08 16:42:54,128 [T1] DEBUG LibraryManager
Load Library - NativeApp

2024-07-08 16:42:54,144 [T1] DEBUG LibraryManager
Load Library - Net

2024-07-08 16:42:54,159 [T1] DEBUG LibraryManager
Load Library - Orchestra

2024-07-08 16:42:54,175 [T1] DEBUG LibraryManager
Load Library - Outlook

2024-07-08 16:42:54,191 [T1] DEBUG LibraryManager
Load Library - Pdf

2024-07-08 16:42:54,206 [T1] DEBUG LibraryManager
Load Library - SAP

2024-07-08 16:42:54,222 [T1] DEBUG LibraryManager
Load Library - Web

2024-07-08 16:42:54,238 [T1] DEBUG LibraryManager
Load Library - Win

2024-07-08 16:42:54,253 [T1] DEBUG LibraryManager
Load Library - WorkFlow

2024-07-08 16:42:54,261 [T1] DEBUG LibraryManager
Load built-in script libraries

2024-07-08 16:42:54,506 [T1] INFO  LibraryManager
Load Libraries - Completed.

2024-07-08 16:42:54,517 [T1] INFO  App
Launch Arguments: Total: 6 |  -eid D_20240708_164250_794 -runtype ProcRunner -ppid 844

2024-07-08 16:42:54,518 [T1] DEBUG Config
Refresh Language Information

2024-07-08 16:42:54,518 [T1] DEBUG LibraryManager
LibraryManager Initialized.

2024-07-08 16:43:41,882 [T7] INFO  JobService
Start Job: T_kakaomap (Foreground)
{
  "JobType": 1,
  "State": 0,
  "IsRunning": false,
  "ResultMessage": null,
  "StartTime": "2024-07-08 16:43:41",
  "EndTime": null,
  "JobId": "Designer_20240708_164341_528",
  "UserAuthentication": null,
  "ProcessPath": "C:\\Users\\3calss_15\\Documents\\Brity RPA Projects\\Invoice등록_및_PDF다운\\T_kakaomap.proc",
  "ProcessId": "f42c68a6-bc57-4d22-bfc1-3154f846eff6",
  "ProcessVer": "",
  "ProcessArgs": null,
  "RequesterType": 3,
  "RequesterId": "designer",
  "RequesterPID": 844,
  "OptionsJsonString": null,
  "TimeoutSec": 0,
  "EngineID": "D_20240708_164250_794",
  "EnginePID": 0,
  "EngineRecommededVersion": "",
  "JobWorkDir": "C:\\Users\\3calss_15\\Documents\\Brity RPA Projects\\Invoice등록_및_PDF다운\\Histories\\20240708_164341_T_kakaomap_Designer_20240708_164341_528",
  "JobLogDir": "C:\\Users\\3calss_15\\Documents\\Brity RPA Projects\\Invoice등록_및_PDF다운\\Histories\\20240708_164341_T_kakaomap_Designer_20240708_164341_528\\Log",
  "JobScreenshotDir": "C:\\Users\\3calss_15\\Documents\\Brity RPA Projects\\Invoice등록_및_PDF다운\\Histories\\20240708_164341_T_kakaomap_Designer_20240708_164341_528\\Log\\Screenshot"
}

2024-07-08 16:43:42,016 [T11] DEBUG JobService
Waiting library loading...

2024-07-08 16:43:42,018 [T11] DEBUG Config
Reload User Settings

2024-07-08 16:43:42,019 [T11] INFO  JobService
Config Loading Completed.

2024-07-08 16:43:42,019 [T11] DEBUG JobService
Config Loading Time: 2 ms.

2024-07-08 16:43:42,026 [T11] DEBUG JobService
Check Shared Token

2024-07-08 16:43:42,029 [T11] DEBUG TokenManager
Load connection token

2024-07-08 16:43:42,043 [T11] DEBUG TokenManager
Clear Connection Token - No Shared Token

2024-07-08 16:43:42,152 [T1] DEBUG ServerInformationClient
Request server feature list

2024-07-08 16:43:42,357 [T1] INFO  ServerInformationClient
Server feature update successful

2024-07-08 16:43:42,361 [T1] INFO  ServerInformationClient
It takes 273 milliseconds to try to update the server feature list.

2024-07-08 16:43:42,361 [T1] INFO  Config
Update server features to config.

2024-07-08 16:43:42,392 [T11] INFO  JobService
Shared Token - No Token

2024-07-08 16:43:42,397 [T11] INFO  JobManager
Create JobManager instance for job T_kakaomap(Designer_20240708_164341_528)

2024-07-08 16:43:42,404 [T11] INFO  JobRequest
Job ID : Designer_20240708_164341_528
Project Path  : C:\Users\3calss_15\Documents\Brity RPA Projects\Invoice등록_및_PDF다운\Invoice등록_및_PDF다운.proj
Process Name  : T_kakaomap
Engine Mode   : Designer
Requester Type: Designer
Requester PID : 844

2024-07-08 16:43:42,406 [T12] INFO  JobRequest
Start Callback Sender

2024-07-08 16:43:42,406 [T12] DEBUG JobRequest
Step Callback Interval: 500

2024-07-08 16:43:42,445 [T11] DEBUG ProjectManager
Set Project Information

2024-07-08 16:43:42,470 [T11] INFO  PlayOptionManager
PlayOption
- Step Interval : 1
- Disable DrawBounds : False
- Invoke First : False
- Allow Upload of DumpScreen results : False

2024-07-08 16:43:42,471 [T11] INFO  JobRunner
Initialize Script Engine

2024-07-08 16:43:42,487 [T17-ScriptEngine] INFO  JobRequest
##############################################################
### STATE: Initializing
##############################################################


2024-07-08 16:43:42,505 [T12] DEBUG JobRequest
Callback - State: Initializing


2024-07-08 16:43:43,308 [T17-ScriptEngine] INFO  JobRequest
##############################################################
### STATE: Ready
##############################################################


2024-07-08 16:43:43,315 [T12] DEBUG JobRequest
Callback - State: Ready


2024-07-08 16:43:43,319 [T11] INFO  JobRunnerHook
HotKey Hook Started

2024-07-08 16:43:43,320 [T11] INFO  JobRequest
##############################################################
### STATE: Starting
##############################################################


2024-07-08 16:43:43,322 [T17-ScriptEngine] INFO  JobRunner
RunProcess start

2024-07-08 16:43:43,324 [T17-ScriptEngine] INFO  JobRequest
##############################################################
### STATE: Running
##############################################################


2024-07-08 16:43:43,324 [T17-ScriptEngine] INFO  JobRequest
Last job life cycle state: Running

2024-07-08 16:43:43,331 [T12] DEBUG JobRequest
Callback - State: Starting


2024-07-08 16:43:43,333 [T12] DEBUG JobRequest
Callback - State: Running


2024-07-08 16:43:44,313 [T17-ScriptEngine] DEBUG ScreenCapture
DirectX Screen Capture Initialized.

2024-07-08 16:43:44,403 [T17-ScriptEngine] DEBUG JobRunner
DirectX ScreenCapture Checked.

2024-07-08 16:43:44,490 [T17-ScriptEngine] INFO  JobRequest
##############################################################
### STATE: StartProcess - T_kakaomap
##############################################################
f42c68a6-bc57-4d22-bfc1-3154f846eff6
T_kakaomap


2024-07-08 16:43:44,544 [T17-ScriptEngine] INFO  JobRequest
**************************************************************
*** TASK: T_kakaomap
**************************************************************
 - STEP 1: S6fd0776ee5664fc29de3fa46871f7835 (1/12) - (1/12)
 - [1] CloseAll


2024-07-08 16:43:44,653 [T17-ScriptEngine] DEBUG UIAHelper
CloseAll: Chrome.exe

2024-07-08 16:43:46,297 [T17-ScriptEngine] INFO  JobRequest
 - STEP 2: Seb77e904d8e8427fa760d6314d31ce8d (2/12) - (2/12)
 - [2] ChromeOpen


2024-07-08 16:43:49,442 [T10] DEBUG ChromeRemoteConnect
GetRemoteBrowserUsingEndPoint Fail : 하나 이상의 오류가 발생했습니다.

2024-07-08 16:43:49,533 [T10] DEBUG ChromeCommonExtension
extension default locale empty

2024-07-08 16:43:50,837 [T10] DEBUG ChromeCommonExtension
extension default locale empty

2024-07-08 16:43:53,789 [T17-ScriptEngine] INFO  JobRequest
 - STEP 3: S52f7f4963d6c4fe7930c242bce1961b8 (3/12) - (3/12)
 - [3] Click


2024-07-08 16:43:53,984 [T11] INFO  UIAEventHandler
Start UIA event handler

2024-07-08 16:43:54,991 [T11] DEBUG UIAEventHandler
UI Structure Changed Count: 0

2024-07-08 16:43:54,991 [T11] INFO  UIAEventHandler
waiting for 949 msec during the screen structure is changing.

2024-07-08 16:43:55,523 [T11] DEBUG UIAEventHandler
UI Structure Changed Count: 0

2024-07-08 16:43:55,523 [T11] INFO  UIAEventHandler
waiting for 112 msec during the screen structure is changing.

2024-07-08 16:43:56,259 [T17-ScriptEngine] INFO  JobRequest
 - STEP 4: Sb5c0fb09c02f44e6b307448b032cee2d (4/12) - (4/12)
 - [4] ChromeSelectListItem


2024-07-08 16:43:57,010 [T17-ScriptEngine] INFO  JobRequest
 - STEP 5: Sf22a795f434048ccbe39754c52cd3686 (5/12) - (5/12)
 - [5] ChromeSelectListItem


2024-07-08 16:43:57,214 [T17-ScriptEngine] INFO  JobRequest
 - STEP 6: S3eed1d85022542df9b03c299be742c72 (6/12) - (6/12)
 - [6] Click


2024-07-08 16:43:57,449 [T26] DEBUG UIAEventHandler
UI Structure Changed Count: 0

2024-07-08 16:43:57,449 [T26] INFO  UIAEventHandler
waiting for 107 msec during the screen structure is changing.

2024-07-08 16:43:58,078 [T17-ScriptEngine] INFO  JobRequest
 - STEP 7: S4684d37d8faf4920a40d90b4f5d5fe6f (7/12) - (7/12)
 - [7] Click


2024-07-08 16:43:59,557 [T5] DEBUG UIAEventHandler
UI Structure Changed Count: 0

2024-07-08 16:43:59,557 [T5] INFO  UIAEventHandler
waiting for 1009 msec during the screen structure is changing.

2024-07-08 16:43:59,851 [T5] DEBUG UIAEventHandler
UI Structure Changed Count: 0

2024-07-08 16:43:59,851 [T5] INFO  UIAEventHandler
waiting for 106 msec during the screen structure is changing.

2024-07-08 16:44:00,455 [T17-ScriptEngine] INFO  JobRequest
 - STEP 8: Sf4d8e2a0b99d411da01ea3d6e7c4a50e (8/12) - (8/12)
 - [8] ChromeGetListData


2024-07-08 16:44:01,873 [T17-ScriptEngine] INFO  JobRequest
 - STEP 9: S7997c5655f7146288c245b7b47806858 (9/12) - (9/12)
 - [9] ChromeGetTableData


2024-07-08 16:44:02,563 [T17-ScriptEngine] INFO  JobRequest
 - STEP 10: Se68884a96f66480ea33c398b52ecf95a (10/12) - (10/12)
 - [10] MessageBox


2024-07-08 16:44:02,650 [T17-ScriptEngine] INFO  ScriptSupport
Array(Object[])=>
0: · 수서 → 부산   2024년 7월 8일(월)
1: 구분
2: 열차종류
3: 열차번호
4: 출발역
5: 도착역
6: 특실
7: 일반실
8: 예약대기
9: 회원 할인
10: 운행시간
11: 운임요금
12: 소요시간


2024-07-08 16:44:17,059 [T17-ScriptEngine] INFO  JobRequest
 - STEP 11: Sa811e2a5bf2a4c40a7ac27fbbd64dd8f (11/12) - (11/12)
 - [11] OpenExcel


2024-07-08 16:44:20,127 [T17-ScriptEngine] INFO  JobRequest
 - STEP 12: Sef74fbfcb16f4bb391e02da3ba62bd08 (12/12) - (12/12)
 - [12] WriteRange


2024-07-08 16:44:20,454 [T17-ScriptEngine] INFO  JobRunner
[PASS] TASK: T_kakaomap

2024-07-08 16:44:20,458 [T17-ScriptEngine] INFO  JobRequest
##############################################################
### STATE: EndProcess - T_kakaomap
##############################################################
f42c68a6-bc57-4d22-bfc1-3154f846eff6
T_kakaomap


2024-07-08 16:44:20,471 [T17-ScriptEngine] INFO  JobRunner
RunProcess - Job Result: {}

2024-07-08 16:44:20,472 [T17-ScriptEngine] DEBUG JobManager
Set Result State: Completed

2024-07-08 16:44:20,476 [T17-ScriptEngine] INFO  JobRunner
Make report.

2024-07-08 16:44:20,510 [T17-ScriptEngine] INFO  JobRunner
Start to clean up resources.

2024-07-08 16:44:20,512 [T17-ScriptEngine] DEBUG JobRunner
OnProcessCompleted

2024-07-08 16:44:20,512 [T27] DEBUG JobRunner
Start timer for checking the job to be completed.

2024-07-08 16:44:20,517 [T17-ScriptEngine] DEBUG ExcelBase
DisposeExcel

2024-07-08 16:44:20,569 [T17-ScriptEngine] INFO  JobRunner
Start to clean up resources.

2024-07-08 16:44:20,571 [T17-ScriptEngine] DEBUG JobRunner
Remove all libraries

2024-07-08 16:44:20,572 [T17-ScriptEngine] DEBUG NetPlayer
WebPlayer OnDispose

2024-07-08 16:44:20,574 [T17-ScriptEngine] DEBUG WebPlayer
WebPlayer OnDispose : Do Nothing

2024-07-08 16:44:20,574 [T17-ScriptEngine] DEBUG UIAEventHandler
Stop UIA event handler

2024-07-08 16:44:20,583 [T17-ScriptEngine] DEBUG UiaAppHelper
WinHelper DisposeAppList Count: 0

2024-07-08 16:44:20,583 [T17-ScriptEngine] INFO  JobRunner
All Resources Clear

2024-07-08 16:44:20,586 [T17-ScriptEngine] DEBUG JobRunner
OnCompleted

2024-07-08 16:44:20,587 [T17-ScriptEngine] DEBUG JobRunner
SendJobResult: Completed

2024-07-08 16:44:20,587 [T17-ScriptEngine] INFO  JobRequest
##############################################################
### STATE: Completed
##############################################################
{}


2024-07-08 16:44:20,587 [T17-ScriptEngine] INFO  JobRequest
Last job life cycle state: Completed

2024-07-08 16:44:20,587 [T17-ScriptEngine] INFO  JobRequest
Update skipped current step informations.

2024-07-08 16:44:20,599 [T17-ScriptEngine] INFO  JobRequest
##############################################################
### JOB COMPLETED
##############################################################


2024-07-08 16:44:20,606 [T12] DEBUG JobRequest
Callback - State: Completed
{}

2024-07-08 16:44:20,607 [T12] INFO  JobRequest
Callback - EngineClosed

2024-07-08 16:44:20,607 [T12] INFO  JobService
Disconnect agent service

2024-07-08 16:44:20,609 [T12] DEBUG JobRequest
End of Callback Sender

