2024-07-08 16:37:37,855 [T1] INFO  EngineStarter
BOT Engine Start - v3.1.100.11228 at 2024-07-08 오후 4:37:37
EngineID: D_20240708_163736_922
PID : 3116
PPID: 844
Working Directory: C:\Users\3calss_15\AppData\Roaming\Brity RPA Designer

2024-07-08 16:37:37,872 [T1] INFO  EngineStarter
System Language: ko-KR
Resolution: 1920 x 1200

2024-07-08 16:37:38,127 [T1] INFO  Config
Initialize Config

2024-07-08 16:37:38,171 [T1] DEBUG Config
Config Loaded

2024-07-08 16:37:38,172 [T1] DEBUG Config
Backup config file.

2024-07-08 16:37:38,180 [T1] INFO  Config
Orchestrator Service => https://bwrpa.samsungsds.com:8777

2024-07-08 16:37:38,184 [T1] INFO  Config
Initialize Resource Config

2024-07-08 16:37:38,209 [T1] DEBUG Config
Refresh Language Information

2024-07-08 16:37:38,287 [T1] INFO  Config
All Config Initialized.

2024-07-08 16:37:38,294 [T1] DEBUG KeyManager
Initialize KeyManager

2024-07-08 16:37:38,297 [T1] DEBUG KeyManager
Load device unique id.

2024-07-08 16:37:38,304 [T1] DEBUG KeyManager
Device ID is initialized.

2024-07-08 16:37:38,388 [T5] DEBUG JobService
Connect to agent service

2024-07-08 16:37:38,419 [T1] DEBUG ApplicationInitializer
InitMode: Thread

2024-07-08 16:37:38,419 [T5] DEBUG JobService
JobService URL : net.tcp://127.0.0.1:59001/rpa/agent

2024-07-08 16:37:38,419 [T5] DEBUG JobService
Open connection

2024-07-08 16:37:38,427 [T1] INFO  LibraryManager
Load Libraries - Started

2024-07-08 16:37:38,435 [T5] DEBUG JobService
Register engine to agent

2024-07-08 16:37:38,442 [T1] DEBUG AddInLoader
Load Assembly : IPA.Lib.Chrome

2024-07-08 16:37:38,448 [T5] DEBUG JobService
Engine is connected to agent service.

2024-07-08 16:37:38,448 [T5] DEBUG JobService
Owner Process PID: 844

2024-07-08 16:37:38,451 [T5] INFO  JobService
Start monitoring owner process is terminated.

2024-07-08 16:37:38,653 [T1] DEBUG AddInLoader
Load Assembly : IPA.Lib.Desktop

2024-07-08 16:37:38,848 [T1] DEBUG AddInLoader
Load Assembly : IPA.Lib.Excel

2024-07-08 16:37:39,017 [T1] DEBUG AddInLoader
Load Assembly : IPA.Lib.Flow

2024-07-08 16:37:39,135 [T1] DEBUG AddInLoader
Load Assembly : IPA.Lib.IE

2024-07-08 16:37:39,228 [T1] DEBUG AddInLoader
Load Assembly : IPA.Lib.ImageConverter

2024-07-08 16:37:39,282 [T1] DEBUG AddInLoader
Load Assembly : IPA.Lib.ImageRecognition

2024-07-08 16:37:39,475 [T1] DEBUG AddInLoader
Load Assembly : IPA.Lib.MicrosoftOCR

2024-07-08 16:37:39,535 [T1] DEBUG AddInLoader
Load Assembly : IPA.Lib.Net

2024-07-08 16:37:39,626 [T1] DEBUG AddInLoader
Load Assembly : IPA.Lib.Orchestra

2024-07-08 16:37:39,705 [T1] DEBUG AddInLoader
Load Assembly : IPA.Lib.ProcessFlow

2024-07-08 16:37:39,790 [T1] DEBUG AddInLoader
Load Assembly : IPA.Lib.SAP

2024-07-08 16:37:39,868 [T1] DEBUG AddInLoader
Load Assembly : IPA.Lib.Web

2024-07-08 16:37:39,975 [T1] DEBUG AddInLoader
Load Assembly : IPA.Lib.Win

2024-07-08 16:37:40,132 [T1] INFO  ScreenCapture
Default Screen Capture Bounds: 0,0,1920,1200

2024-07-08 16:37:40,175 [T1] DEBUG AddInLoader
Load Assembly : BrityRPA.AddIn.NativeApp

2024-07-08 16:37:40,385 [T1] DEBUG AddInLoader
Load Assembly : BrityWorks.AddIn.Outlook

2024-07-08 16:37:40,531 [T1] DEBUG AddInLoader
Load Assembly : BrityWorks.AddIn.Pdf

2024-07-08 16:37:40,628 [T1] DEBUG LibraryManager
Load Library - Chrome

2024-07-08 16:37:40,657 [T1] DEBUG LibraryManager
Load Library - Desktop

2024-07-08 16:37:40,673 [T1] DEBUG LibraryManager
Load Library - Excel

2024-07-08 16:37:40,689 [T1] DEBUG LibraryManager
Load Library - Flow

2024-07-08 16:37:40,705 [T1] DEBUG LibraryManager
Load Library - IE

2024-07-08 16:37:40,721 [T1] DEBUG LibraryManager
Load Library - ImageConverter

2024-07-08 16:37:40,737 [T1] DEBUG LibraryManager
Load Library - ImageRecognition

2024-07-08 16:37:40,753 [T1] DEBUG LibraryManager
Load Library - MicrosoftOCR

2024-07-08 16:37:40,769 [T1] DEBUG LibraryManager
Load Library - NativeApp

2024-07-08 16:37:40,785 [T1] DEBUG LibraryManager
Load Library - Net

2024-07-08 16:37:40,801 [T1] DEBUG LibraryManager
Load Library - Orchestra

2024-07-08 16:37:40,817 [T1] DEBUG LibraryManager
Load Library - Outlook

2024-07-08 16:37:40,833 [T1] DEBUG LibraryManager
Load Library - Pdf

2024-07-08 16:37:40,849 [T1] DEBUG LibraryManager
Load Library - SAP

2024-07-08 16:37:40,865 [T1] DEBUG LibraryManager
Load Library - Web

2024-07-08 16:37:40,880 [T1] DEBUG LibraryManager
Load Library - Win

2024-07-08 16:37:40,896 [T1] DEBUG LibraryManager
Load Library - WorkFlow

2024-07-08 16:37:40,901 [T1] DEBUG LibraryManager
Load built-in script libraries

2024-07-08 16:37:41,235 [T1] INFO  LibraryManager
Load Libraries - Completed.

2024-07-08 16:37:41,292 [T1] INFO  App
Launch Arguments: Total: 6 |  -eid D_20240708_163736_922 -runtype ProcRunner -ppid 844

2024-07-08 16:37:41,295 [T1] DEBUG Config
Refresh Language Information

2024-07-08 16:37:41,299 [T1] DEBUG LibraryManager
LibraryManager Initialized.

2024-07-08 16:39:55,613 [T7] INFO  JobService
Start Job: T_kakaomap (Foreground)
{
  "JobType": 1,
  "State": 0,
  "IsRunning": false,
  "ResultMessage": null,
  "StartTime": "2024-07-08 16:39:55",
  "EndTime": null,
  "JobId": "Designer_20240708_163955_269",
  "UserAuthentication": null,
  "ProcessPath": "C:\\Users\\3calss_15\\Documents\\Brity RPA Projects\\Invoice등록_및_PDF다운\\T_kakaomap.proc",
  "ProcessId": "f42c68a6-bc57-4d22-bfc1-3154f846eff6",
  "ProcessVer": "",
  "ProcessArgs": null,
  "RequesterType": 3,
  "RequesterId": "designer",
  "RequesterPID": 844,
  "OptionsJsonString": null,
  "TimeoutSec": 0,
  "EngineID": "D_20240708_163736_922",
  "EnginePID": 0,
  "EngineRecommededVersion": "",
  "JobWorkDir": "C:\\Users\\3calss_15\\Documents\\Brity RPA Projects\\Invoice등록_및_PDF다운\\Histories\\20240708_163955_T_kakaomap_Designer_20240708_163955_269",
  "JobLogDir": "C:\\Users\\3calss_15\\Documents\\Brity RPA Projects\\Invoice등록_및_PDF다운\\Histories\\20240708_163955_T_kakaomap_Designer_20240708_163955_269\\Log",
  "JobScreenshotDir": "C:\\Users\\3calss_15\\Documents\\Brity RPA Projects\\Invoice등록_및_PDF다운\\Histories\\20240708_163955_T_kakaomap_Designer_20240708_163955_269\\Log\\Screenshot"
}

2024-07-08 16:39:55,762 [T10] DEBUG JobService
Waiting library loading...

2024-07-08 16:39:55,765 [T10] DEBUG Config
Reload User Settings

2024-07-08 16:39:55,766 [T10] INFO  Config
UserSettings Reloaded =>
 - LastExecution : D29FG0S41PDTdA8rJASwnZ6e4vdGCG5h7zT7o2bFNik= -> 3dZlBvPyfJ6Cltk27gvDt5TyCc8Q6HcBhB++nEKI8eo=

2024-07-08 16:39:55,766 [T10] INFO  JobService
Config Loading Completed.

2024-07-08 16:39:55,766 [T10] DEBUG JobService
Config Loading Time: 3 ms.

2024-07-08 16:39:55,785 [T10] DEBUG JobService
Check Shared Token

2024-07-08 16:39:55,792 [T10] DEBUG TokenManager
Load connection token

2024-07-08 16:39:55,814 [T10] DEBUG TokenManager
Clear Connection Token - No Shared Token

2024-07-08 16:39:55,934 [T1] DEBUG ServerInformationClient
Request server feature list

2024-07-08 16:39:56,069 [T1] INFO  ServerInformationClient
Server feature update successful

2024-07-08 16:39:56,073 [T1] INFO  ServerInformationClient
It takes 175 milliseconds to try to update the server feature list.

2024-07-08 16:39:56,074 [T1] INFO  Config
Update server features to config.

2024-07-08 16:39:56,106 [T10] INFO  JobService
Shared Token - No Token

2024-07-08 16:39:56,112 [T10] INFO  JobManager
Create JobManager instance for job T_kakaomap(Designer_20240708_163955_269)

2024-07-08 16:39:56,118 [T10] INFO  JobRequest
Job ID : Designer_20240708_163955_269
Project Path  : C:\Users\3calss_15\Documents\Brity RPA Projects\Invoice등록_및_PDF다운\Invoice등록_및_PDF다운.proj
Process Name  : T_kakaomap
Engine Mode   : Designer
Requester Type: Designer
Requester PID : 844

2024-07-08 16:39:56,120 [T9] INFO  JobRequest
Start Callback Sender

2024-07-08 16:39:56,120 [T9] DEBUG JobRequest
Step Callback Interval: 500

2024-07-08 16:39:56,161 [T10] DEBUG ProjectManager
Set Project Information

2024-07-08 16:39:56,187 [T10] INFO  PlayOptionManager
PlayOption
- Step Interval : 1
- Disable DrawBounds : False
- Invoke First : False
- Allow Upload of DumpScreen results : False

2024-07-08 16:39:56,188 [T10] INFO  JobRunner
Initialize Script Engine

2024-07-08 16:39:56,206 [T16-ScriptEngine] INFO  JobRequest
##############################################################
### STATE: Initializing
##############################################################


2024-07-08 16:39:56,227 [T9] DEBUG JobRequest
Callback - State: Initializing


2024-07-08 16:39:57,011 [T16-ScriptEngine] INFO  JobRequest
##############################################################
### STATE: Ready
##############################################################


2024-07-08 16:39:57,020 [T9] DEBUG JobRequest
Callback - State: Ready


2024-07-08 16:39:57,024 [T10] INFO  JobRunnerHook
HotKey Hook Started

2024-07-08 16:39:57,025 [T10] INFO  JobRequest
##############################################################
### STATE: Starting
##############################################################


2024-07-08 16:39:57,027 [T16-ScriptEngine] INFO  JobRunner
RunProcess start

2024-07-08 16:39:57,029 [T16-ScriptEngine] INFO  JobRequest
##############################################################
### STATE: Running
##############################################################


2024-07-08 16:39:57,029 [T16-ScriptEngine] INFO  JobRequest
Last job life cycle state: Running

2024-07-08 16:39:57,036 [T9] DEBUG JobRequest
Callback - State: Starting


2024-07-08 16:39:57,037 [T9] DEBUG JobRequest
Callback - State: Running


2024-07-08 16:39:58,093 [T16-ScriptEngine] DEBUG ScreenCapture
DirectX Screen Capture Initialized.

2024-07-08 16:39:58,193 [T16-ScriptEngine] DEBUG JobRunner
DirectX ScreenCapture Checked.

2024-07-08 16:39:58,245 [T16-ScriptEngine] INFO  JobRequest
##############################################################
### STATE: StartProcess - T_kakaomap
##############################################################
f42c68a6-bc57-4d22-bfc1-3154f846eff6
T_kakaomap


2024-07-08 16:39:58,310 [T16-ScriptEngine] INFO  JobRequest
**************************************************************
*** TASK: T_kakaomap
**************************************************************
 - STEP 1: S6fd0776ee5664fc29de3fa46871f7835 (1/12) - (1/12)
 - [1] CloseAll


2024-07-08 16:39:58,416 [T16-ScriptEngine] DEBUG UIAHelper
CloseAll: Chrome.exe

2024-07-08 16:39:59,990 [T16-ScriptEngine] INFO  JobRequest
 - STEP 2: Seb77e904d8e8427fa760d6314d31ce8d (2/12) - (2/12)
 - [2] ChromeOpen


2024-07-08 16:40:03,140 [T11] DEBUG ChromeRemoteConnect
GetRemoteBrowserUsingEndPoint Fail : 하나 이상의 오류가 발생했습니다.

2024-07-08 16:40:03,248 [T11] DEBUG ChromeCommonExtension
extension default locale empty

2024-07-08 16:40:04,520 [T11] DEBUG ChromeCommonExtension
extension default locale empty

2024-07-08 16:40:07,595 [T16-ScriptEngine] INFO  JobRequest
 - STEP 3: S52f7f4963d6c4fe7930c242bce1961b8 (3/12) - (3/12)
 - [3] Click


2024-07-08 16:40:07,741 [T19] INFO  UIAEventHandler
Start UIA event handler

2024-07-08 16:40:08,752 [T19] DEBUG UIAEventHandler
UI Structure Changed Count: 0

2024-07-08 16:40:08,753 [T19] INFO  UIAEventHandler
waiting for 975 msec during the screen structure is changing.

2024-07-08 16:40:09,214 [T19] DEBUG UIAEventHandler
UI Structure Changed Count: 0

2024-07-08 16:40:09,214 [T19] INFO  UIAEventHandler
waiting for 108 msec during the screen structure is changing.

2024-07-08 16:40:09,992 [T16-ScriptEngine] INFO  JobRequest
 - STEP 4: Sb5c0fb09c02f44e6b307448b032cee2d (4/12) - (4/12)
 - [4] ChromeSelectListItem


2024-07-08 16:40:10,726 [T16-ScriptEngine] INFO  JobRequest
 - STEP 5: Sf22a795f434048ccbe39754c52cd3686 (5/12) - (5/12)
 - [5] ChromeSelectListItem


2024-07-08 16:40:10,946 [T16-ScriptEngine] INFO  JobRequest
 - STEP 6: S3eed1d85022542df9b03c299be742c72 (6/12) - (6/12)
 - [6] Click


2024-07-08 16:40:11,190 [T25] DEBUG UIAEventHandler
UI Structure Changed Count: 0

2024-07-08 16:40:11,190 [T25] INFO  UIAEventHandler
waiting for 106 msec during the screen structure is changing.

2024-07-08 16:40:12,187 [T16-ScriptEngine] INFO  JobRequest
 - STEP 7: S4684d37d8faf4920a40d90b4f5d5fe6f (7/12) - (7/12)
 - [7] Click


2024-07-08 16:40:12,978 [T11] DEBUG UIAEventHandler
UI Structure Changed Count: 0

2024-07-08 16:40:12,978 [T11] INFO  UIAEventHandler
waiting for 617 msec during the screen structure is changing.

2024-07-08 16:40:13,194 [T11] DEBUG UIAEventHandler
UI Structure Changed Count: 0

2024-07-08 16:40:13,194 [T11] INFO  UIAEventHandler
waiting for 25 msec during the screen structure is changing.

2024-07-08 16:40:13,808 [T16-ScriptEngine] INFO  JobRequest
 - STEP 8: Sf4d8e2a0b99d411da01ea3d6e7c4a50e (8/12) - (8/12)
 - [8] ChromeGetListData


2024-07-08 16:40:15,126 [T16-ScriptEngine] INFO  JobRequest
 - STEP 9: S7997c5655f7146288c245b7b47806858 (9/12) - (9/12)
 - [9] ChromeGetTableData


2024-07-08 16:40:15,786 [T16-ScriptEngine] INFO  JobRequest
 - STEP 10: Se68884a96f66480ea33c398b52ecf95a (10/12) - (10/12)
 - [10] MessageBox


2024-07-08 16:40:15,840 [T16-ScriptEngine] INFO  ScriptSupport
Array(Object[])=>
0: · 수서 → 부산   2024년 7월 8일(월)
1: 구분
2: 열차종류
3: 열차번호
4: 출발역
5: 도착역
6: 특실
7: 일반실
8: 예약대기
9: 회원 할인
10: 운행시간
11: 운임요금
12: 소요시간


2024-07-08 16:40:22,330 [T16-ScriptEngine] INFO  JobRequest
 - STEP 11: Sa811e2a5bf2a4c40a7ac27fbbd64dd8f (11/12) - (11/12)
 - [11] OpenExcel


2024-07-08 16:40:25,414 [T16-ScriptEngine] INFO  JobRequest
 - STEP 12: Sef74fbfcb16f4bb391e02da3ba62bd08 (12/12) - (12/12)
 - [12] WriteRange


2024-07-08 16:40:25,670 [T16-ScriptEngine] INFO  JobRunner
[PASS] TASK: T_kakaomap

2024-07-08 16:40:25,675 [T16-ScriptEngine] INFO  JobRequest
##############################################################
### STATE: EndProcess - T_kakaomap
##############################################################
f42c68a6-bc57-4d22-bfc1-3154f846eff6
T_kakaomap


2024-07-08 16:40:25,689 [T16-ScriptEngine] INFO  JobRunner
RunProcess - Job Result: {}

2024-07-08 16:40:25,690 [T16-ScriptEngine] DEBUG JobManager
Set Result State: Completed

2024-07-08 16:40:25,695 [T16-ScriptEngine] INFO  JobRunner
Make report.

2024-07-08 16:40:25,735 [T16-ScriptEngine] INFO  JobRunner
Start to clean up resources.

2024-07-08 16:40:25,737 [T19] DEBUG JobRunner
Start timer for checking the job to be completed.

2024-07-08 16:40:25,738 [T16-ScriptEngine] DEBUG JobRunner
OnProcessCompleted

2024-07-08 16:40:25,745 [T16-ScriptEngine] DEBUG ExcelBase
DisposeExcel

2024-07-08 16:40:25,802 [T16-ScriptEngine] INFO  JobRunner
Start to clean up resources.

2024-07-08 16:40:25,805 [T16-ScriptEngine] DEBUG JobRunner
Remove all libraries

2024-07-08 16:40:25,807 [T16-ScriptEngine] DEBUG NetPlayer
WebPlayer OnDispose

2024-07-08 16:40:25,808 [T16-ScriptEngine] DEBUG WebPlayer
WebPlayer OnDispose : Do Nothing

2024-07-08 16:40:25,809 [T16-ScriptEngine] DEBUG UIAEventHandler
Stop UIA event handler

2024-07-08 16:40:25,820 [T16-ScriptEngine] DEBUG UiaAppHelper
WinHelper DisposeAppList Count: 0

2024-07-08 16:40:25,820 [T16-ScriptEngine] INFO  JobRunner
All Resources Clear

2024-07-08 16:40:25,823 [T16-ScriptEngine] DEBUG JobRunner
OnCompleted

2024-07-08 16:40:25,823 [T16-ScriptEngine] DEBUG JobRunner
SendJobResult: Completed

2024-07-08 16:40:25,823 [T16-ScriptEngine] INFO  JobRequest
##############################################################
### STATE: Completed
##############################################################
{}


2024-07-08 16:40:25,823 [T16-ScriptEngine] INFO  JobRequest
Last job life cycle state: Completed

2024-07-08 16:40:25,823 [T16-ScriptEngine] INFO  JobRequest
Update skipped current step informations.

2024-07-08 16:40:25,840 [T16-ScriptEngine] INFO  JobRequest
##############################################################
### JOB COMPLETED
##############################################################


2024-07-08 16:40:25,859 [T9] DEBUG JobRequest
Callback - State: Completed
{}

2024-07-08 16:40:25,859 [T9] INFO  JobRequest
Callback - EngineClosed

2024-07-08 16:40:25,860 [T9] INFO  JobService
Disconnect agent service

2024-07-08 16:40:25,867 [T9] DEBUG JobRequest
End of Callback Sender

2024-07-08 16:40:25,874 [T16-ScriptEngine] INFO  JobRunner
RunProcess end

2024-07-08 16:40:25,874 [T1] INFO  JobService
Exit - Shutdown Engine BOT

