2024-07-11 13:59:37,371 [T1] INFO  EngineStarter
BOT Engine Start - v3.1.100.11228 at 2024-07-11 오후 1:59:37
EngineID: D_20240711_135936_351
PID : 11536
PPID: 13300
Working Directory: C:\Users\3calss_15\AppData\Roaming\Brity RPA Designer

2024-07-11 13:59:37,395 [T1] INFO  EngineStarter
System Language: ko-KR
Resolution: 1920 x 1200

2024-07-11 13:59:37,677 [T1] INFO  Config
Initialize Config

2024-07-11 13:59:37,735 [T1] DEBUG Config
Config Loaded

2024-07-11 13:59:37,737 [T1] DEBUG Config
Backup config file.

2024-07-11 13:59:37,754 [T1] INFO  Config
Orchestrator Service => https://bwrpa.samsungsds.com:8777

2024-07-11 13:59:37,759 [T1] INFO  Config
Initialize Resource Config

2024-07-11 13:59:37,794 [T1] DEBUG Config
Refresh Language Information

2024-07-11 13:59:37,929 [T1] INFO  Config
All Config Initialized.

2024-07-11 13:59:37,957 [T1] DEBUG KeyManager
Initialize KeyManager

2024-07-11 13:59:37,962 [T1] DEBUG KeyManager
Load device unique id.

2024-07-11 13:59:37,972 [T1] DEBUG KeyManager
Device ID is initialized.

2024-07-11 13:59:38,093 [T4] DEBUG JobService
Connect to agent service

2024-07-11 13:59:38,134 [T4] DEBUG JobService
JobService URL : net.tcp://127.0.0.1:59001/rpa/agent

2024-07-11 13:59:38,134 [T4] DEBUG JobService
Open connection

2024-07-11 13:59:38,140 [T1] DEBUG ApplicationInitializer
InitMode: Thread

2024-07-11 13:59:38,150 [T1] INFO  LibraryManager
Load Libraries - Started

2024-07-11 13:59:38,154 [T4] DEBUG JobService
Register engine to agent

2024-07-11 13:59:38,168 [T1] DEBUG AddInLoader
Load Assembly : IPA.Lib.Chrome

2024-07-11 13:59:38,169 [T4] DEBUG JobService
Engine is connected to agent service.

2024-07-11 13:59:38,169 [T4] DEBUG JobService
Owner Process PID: 13300

2024-07-11 13:59:38,174 [T4] INFO  JobService
Start monitoring owner process is terminated.

2024-07-11 13:59:38,649 [T1] DEBUG AddInLoader
Load Assembly : IPA.Lib.Desktop

2024-07-11 13:59:39,115 [T1] DEBUG AddInLoader
Load Assembly : IPA.Lib.Excel

2024-07-11 13:59:39,387 [T1] DEBUG AddInLoader
Load Assembly : IPA.Lib.Flow

2024-07-11 13:59:39,532 [T1] DEBUG AddInLoader
Load Assembly : IPA.Lib.IE

2024-07-11 13:59:39,645 [T1] DEBUG AddInLoader
Load Assembly : IPA.Lib.ImageConverter

2024-07-11 13:59:39,724 [T1] DEBUG AddInLoader
Load Assembly : IPA.Lib.ImageRecognition

2024-07-11 13:59:39,932 [T1] DEBUG AddInLoader
Load Assembly : IPA.Lib.MicrosoftOCR

2024-07-11 13:59:40,008 [T1] DEBUG AddInLoader
Load Assembly : IPA.Lib.Net

2024-07-11 13:59:40,097 [T1] DEBUG AddInLoader
Load Assembly : IPA.Lib.Orchestra

2024-07-11 13:59:40,183 [T1] DEBUG AddInLoader
Load Assembly : IPA.Lib.ProcessFlow

2024-07-11 13:59:40,274 [T1] DEBUG AddInLoader
Load Assembly : IPA.Lib.SAP

2024-07-11 13:59:40,362 [T1] DEBUG AddInLoader
Load Assembly : IPA.Lib.Web

2024-07-11 13:59:40,477 [T1] DEBUG AddInLoader
Load Assembly : IPA.Lib.Win

2024-07-11 13:59:40,617 [T1] INFO  ScreenCapture
Default Screen Capture Bounds: 0,0,1920,1200

2024-07-11 13:59:40,647 [T1] DEBUG AddInLoader
Load Assembly : BrityRPA.AddIn.NativeApp

2024-07-11 13:59:40,761 [T1] DEBUG AddInLoader
Load Assembly : BrityWorks.AddIn.Outlook

2024-07-11 13:59:40,840 [T1] DEBUG AddInLoader
Load Assembly : BrityWorks.AddIn.Pdf

2024-07-11 13:59:40,931 [T1] DEBUG LibraryManager
Load Library - Chrome

2024-07-11 13:59:40,947 [T1] DEBUG LibraryManager
Load Library - Desktop

2024-07-11 13:59:40,963 [T1] DEBUG LibraryManager
Load Library - Excel

2024-07-11 13:59:40,979 [T1] DEBUG LibraryManager
Load Library - Flow

2024-07-11 13:59:40,994 [T1] DEBUG LibraryManager
Load Library - IE

2024-07-11 13:59:41,010 [T1] DEBUG LibraryManager
Load Library - ImageConverter

2024-07-11 13:59:41,026 [T1] DEBUG LibraryManager
Load Library - ImageRecognition

2024-07-11 13:59:41,042 [T1] DEBUG LibraryManager
Load Library - MicrosoftOCR

2024-07-11 13:59:41,058 [T1] DEBUG LibraryManager
Load Library - NativeApp

2024-07-11 13:59:41,074 [T1] DEBUG LibraryManager
Load Library - Net

2024-07-11 13:59:41,090 [T1] DEBUG LibraryManager
Load Library - Orchestra

2024-07-11 13:59:41,106 [T1] DEBUG LibraryManager
Load Library - Outlook

2024-07-11 13:59:41,122 [T1] DEBUG LibraryManager
Load Library - Pdf

2024-07-11 13:59:41,137 [T1] DEBUG LibraryManager
Load Library - SAP

2024-07-11 13:59:41,153 [T1] DEBUG LibraryManager
Load Library - Web

2024-07-11 13:59:41,169 [T1] DEBUG LibraryManager
Load Library - Win

2024-07-11 13:59:41,185 [T1] DEBUG LibraryManager
Load Library - WorkFlow

2024-07-11 13:59:41,189 [T1] DEBUG LibraryManager
Load built-in script libraries

2024-07-11 13:59:41,453 [T1] INFO  LibraryManager
Load Libraries - Completed.

2024-07-11 13:59:41,466 [T1] INFO  App
Launch Arguments: Total: 6 |  -eid D_20240711_135936_351 -runtype ProcRunner -ppid 13300

2024-07-11 13:59:41,467 [T1] DEBUG Config
Refresh Language Information

2024-07-11 13:59:41,468 [T1] DEBUG LibraryManager
LibraryManager Initialized.

2024-07-11 14:01:58,380 [T7] INFO  JobService
Start Job: T_openChrome (Foreground)
{
  "JobType": 1,
  "State": 0,
  "IsRunning": false,
  "ResultMessage": null,
  "StartTime": "2024-07-11 14:01:58",
  "EndTime": null,
  "JobId": "Designer_20240711_140157_909",
  "UserAuthentication": null,
  "ProcessPath": "C:\\Users\\3calss_15\\Documents\\Brity RPA Projects\\Invoice_등록_및_pdf_다운로드\\T_openChrome.proc",
  "ProcessId": "b6ea1598-d34c-409e-b81b-47fe3098902f",
  "ProcessVer": "",
  "ProcessArgs": null,
  "RequesterType": 3,
  "RequesterId": "designer",
  "RequesterPID": 13300,
  "OptionsJsonString": null,
  "TimeoutSec": 0,
  "EngineID": "D_20240711_135936_351",
  "EnginePID": 0,
  "EngineRecommededVersion": "",
  "JobWorkDir": "C:\\Users\\3calss_15\\Documents\\Brity RPA Projects\\Invoice_등록_및_pdf_다운로드\\Histories\\20240711_140158_T_openChrome_Designer_20240711_140157_909",
  "JobLogDir": "C:\\Users\\3calss_15\\Documents\\Brity RPA Projects\\Invoice_등록_및_pdf_다운로드\\Histories\\20240711_140158_T_openChrome_Designer_20240711_140157_909\\Log",
  "JobScreenshotDir": "C:\\Users\\3calss_15\\Documents\\Brity RPA Projects\\Invoice_등록_및_pdf_다운로드\\Histories\\20240711_140158_T_openChrome_Designer_20240711_140157_909\\Log\\Screenshot"
}

2024-07-11 14:01:58,532 [T10] DEBUG JobService
Waiting library loading...

2024-07-11 14:01:58,534 [T10] DEBUG Config
Reload User Settings

2024-07-11 14:01:58,536 [T10] INFO  JobService
Config Loading Completed.

2024-07-11 14:01:58,536 [T10] DEBUG JobService
Config Loading Time: 3 ms.

2024-07-11 14:01:58,541 [T10] DEBUG JobService
Check Shared Token

2024-07-11 14:01:58,542 [T10] DEBUG TokenManager
Load connection token

2024-07-11 14:01:58,549 [T10] DEBUG TokenManager
Clear Connection Token - No Shared Token

2024-07-11 14:01:58,801 [T1] DEBUG ServerInformationClient
Request server feature list

2024-07-11 14:01:58,905 [T1] INFO  ServerInformationClient
Server feature update successful

2024-07-11 14:01:58,908 [T1] INFO  ServerInformationClient
It takes 279 milliseconds to try to update the server feature list.

2024-07-11 14:01:58,909 [T1] INFO  Config
Update server features to config.

2024-07-11 14:01:58,953 [T10] INFO  JobService
Shared Token - No Token

2024-07-11 14:01:58,962 [T10] INFO  JobManager
Create JobManager instance for job T_openChrome(Designer_20240711_140157_909)

2024-07-11 14:01:58,969 [T10] INFO  JobRequest
Job ID : Designer_20240711_140157_909
Project Path  : C:\Users\3calss_15\Documents\Brity RPA Projects\Invoice_등록_및_pdf_다운로드\Invoice_등록_및_pdf_다운로드.proj
Process Name  : T_openChrome
Engine Mode   : Designer
Requester Type: Designer
Requester PID : 13300

2024-07-11 14:01:58,972 [T3] INFO  JobRequest
Start Callback Sender

2024-07-11 14:01:58,972 [T3] DEBUG JobRequest
Step Callback Interval: 500

2024-07-11 14:01:59,032 [T10] DEBUG ProjectManager
Set Project Information

2024-07-11 14:01:59,067 [T10] INFO  PlayOptionManager
PlayOption
- Step Interval : 1
- Disable DrawBounds : False
- Invoke First : False
- Allow Upload of DumpScreen results : False

2024-07-11 14:01:59,068 [T10] INFO  JobRunner
Initialize Script Engine

2024-07-11 14:01:59,086 [T15-ScriptEngine] INFO  JobRequest
##############################################################
### STATE: Initializing
##############################################################


2024-07-11 14:01:59,111 [T3] DEBUG JobRequest
Callback - State: Initializing


2024-07-11 14:02:00,286 [T15-ScriptEngine] INFO  JobRequest
##############################################################
### STATE: Ready
##############################################################


2024-07-11 14:02:00,294 [T3] DEBUG JobRequest
Callback - State: Ready


2024-07-11 14:02:00,301 [T10] INFO  JobRunnerHook
HotKey Hook Started

2024-07-11 14:02:00,302 [T10] INFO  JobRequest
##############################################################
### STATE: Starting
##############################################################


2024-07-11 14:02:00,304 [T15-ScriptEngine] INFO  JobRunner
RunProcess start

2024-07-11 14:02:00,306 [T15-ScriptEngine] INFO  JobRequest
##############################################################
### STATE: Running
##############################################################


2024-07-11 14:02:00,306 [T15-ScriptEngine] INFO  JobRequest
Last job life cycle state: Running

2024-07-11 14:02:00,310 [T3] DEBUG JobRequest
Callback - State: Starting


2024-07-11 14:02:00,328 [T3] DEBUG JobRequest
Callback - State: Running


2024-07-11 14:02:00,679 [T16] INFO  JobService
Stop Job

2024-07-11 14:02:00,681 [T16] INFO  JobRunner
Stop Job Runner - Cause: LocalUser / Message: stop by user

2024-07-11 14:02:00,682 [T16] INFO  JobRequest
##############################################################
### STATE: Stopping
##############################################################
stop by user


2024-07-11 14:02:00,689 [T3] DEBUG JobRequest
Callback - State: Stopping
stop by user

2024-07-11 14:02:01,384 [T15-ScriptEngine] DEBUG ScreenCapture
DirectX Screen Capture Initialized.

2024-07-11 14:02:01,390 [T15-ScriptEngine] ERROR JobRunner
Check DirectX ScreenCapture
=> 스레드가 대기 상태에서 인터럽트되었습니다.

2024-07-11 14:02:01,427 [T15-ScriptEngine] INFO  JobRequest
##############################################################
### STATE: StartProcess - T_openChrome
##############################################################
b6ea1598-d34c-409e-b81b-47fe3098902f
T_openChrome


2024-07-11 14:02:01,480 [T15-ScriptEngine] DEBUG JobRunner
RunTask Interrupted. TASK: T_openChrome => 스레드가 대기 상태에서 인터럽트되었습니다.

2024-07-11 14:02:01,508 [T15-ScriptEngine] DEBUG JobManager
Set Result State: Stopped

2024-07-11 14:02:01,512 [T15-ScriptEngine] INFO  JobRunner
Make report.

2024-07-11 14:02:01,539 [T15-ScriptEngine] INFO  JobRunner
Start to clean up resources.

2024-07-11 14:02:01,540 [T10] DEBUG JobRunner
Start timer for checking the job to be completed.

2024-07-11 14:02:01,541 [T15-ScriptEngine] DEBUG JobRunner
OnProcessCompleted

2024-07-11 14:02:01,543 [T15-ScriptEngine] INFO  JobRunner
Start to clean up resources.

2024-07-11 14:02:01,544 [T15-ScriptEngine] DEBUG JobRunner
Remove all Process Stack: 1

2024-07-11 14:02:01,548 [T15-ScriptEngine] INFO  JobRequest
##############################################################
### STATE: EndProcess - T_openChrome
##############################################################
b6ea1598-d34c-409e-b81b-47fe3098902f
T_openChrome


2024-07-11 14:02:01,550 [T15-ScriptEngine] DEBUG JobRunner
Remove all libraries

2024-07-11 14:02:01,555 [T15-ScriptEngine] DEBUG NetPlayer
WebPlayer OnDispose

2024-07-11 14:02:01,556 [T15-ScriptEngine] DEBUG WebPlayer
WebPlayer OnDispose : Do Nothing

2024-07-11 14:02:01,559 [T15-ScriptEngine] DEBUG UiaAppHelper
WinHelper DisposeAppList Count: 0

2024-07-11 14:02:01,560 [T15-ScriptEngine] INFO  JobRunner
All Resources Clear

2024-07-11 14:02:01,563 [T15-ScriptEngine] DEBUG JobRunner
OnCompleted

2024-07-11 14:02:01,563 [T15-ScriptEngine] DEBUG JobRunner
SendJobResult: Stopped

2024-07-11 14:02:01,563 [T15-ScriptEngine] INFO  JobRequest
##############################################################
### STATE: Stopped
##############################################################
Process: T_openChrome

Stopped by User


2024-07-11 14:02:01,563 [T15-ScriptEngine] INFO  JobRequest
Last job life cycle state: Stopped

2024-07-11 14:02:01,563 [T15-ScriptEngine] INFO  JobRequest
Update skipped current step informations.

2024-07-11 14:02:01,572 [T15-ScriptEngine] INFO  JobRequest
##############################################################
### JOB COMPLETED
##############################################################


2024-07-11 14:02:01,577 [T3] DEBUG JobRequest
Callback - State: Stopped
Process: T_openChrome

Stopped by User

2024-07-11 14:02:01,578 [T3] INFO  JobRequest
Callback - EngineClosed

2024-07-11 14:02:01,578 [T3] INFO  JobService
Disconnect agent service

2024-07-11 14:02:01,581 [T3] DEBUG JobRequest
End of Callback Sender

