2024-07-11 13:57:36,271 [T1] INFO  EngineStarter
BOT Engine Start - v3.1.100.11228 at 2024-07-11 오후 1:57:36
EngineID: D_20240711_135735_533
PID : 13412
PPID: 13300
Working Directory: C:\Users\3calss_15\AppData\Roaming\Brity RPA Designer

2024-07-11 13:57:36,287 [T1] INFO  EngineStarter
System Language: ko-KR
Resolution: 1920 x 1200

2024-07-11 13:57:36,585 [T1] INFO  Config
Initialize Config

2024-07-11 13:57:36,640 [T1] DEBUG Config
Config Loaded

2024-07-11 13:57:36,640 [T1] DEBUG Config
Backup config file.

2024-07-11 13:57:36,651 [T1] INFO  Config
Orchestrator Service => https://bwrpa.samsungsds.com:8777

2024-07-11 13:57:36,656 [T1] INFO  Config
Initialize Resource Config

2024-07-11 13:57:36,687 [T1] DEBUG Config
Refresh Language Information

2024-07-11 13:57:36,785 [T1] INFO  Config
All Config Initialized.

2024-07-11 13:57:36,793 [T1] DEBUG KeyManager
Initialize KeyManager

2024-07-11 13:57:36,796 [T1] DEBUG KeyManager
Load device unique id.

2024-07-11 13:57:36,803 [T1] DEBUG KeyManager
Device ID is initialized.

2024-07-11 13:57:36,888 [T5] DEBUG JobService
Connect to agent service

2024-07-11 13:57:36,923 [T5] DEBUG JobService
JobService URL : net.tcp://127.0.0.1:59001/rpa/agent

2024-07-11 13:57:36,923 [T5] DEBUG JobService
Open connection

2024-07-11 13:57:36,924 [T1] DEBUG ApplicationInitializer
InitMode: Thread

2024-07-11 13:57:36,933 [T1] INFO  LibraryManager
Load Libraries - Started

2024-07-11 13:57:36,940 [T5] DEBUG JobService
Register engine to agent

2024-07-11 13:57:36,952 [T1] DEBUG AddInLoader
Load Assembly : IPA.Lib.Chrome

2024-07-11 13:57:36,954 [T5] DEBUG JobService
Engine is connected to agent service.

2024-07-11 13:57:36,955 [T5] DEBUG JobService
Owner Process PID: 13300

2024-07-11 13:57:36,959 [T5] INFO  JobService
Start monitoring owner process is terminated.

2024-07-11 13:57:37,201 [T1] DEBUG AddInLoader
Load Assembly : IPA.Lib.Desktop

2024-07-11 13:57:37,386 [T1] DEBUG AddInLoader
Load Assembly : IPA.Lib.Excel

2024-07-11 13:57:37,534 [T1] DEBUG AddInLoader
Load Assembly : IPA.Lib.Flow

2024-07-11 13:57:37,645 [T1] DEBUG AddInLoader
Load Assembly : IPA.Lib.IE

2024-07-11 13:57:37,738 [T1] DEBUG AddInLoader
Load Assembly : IPA.Lib.ImageConverter

2024-07-11 13:57:37,797 [T1] DEBUG AddInLoader
Load Assembly : IPA.Lib.ImageRecognition

2024-07-11 13:57:37,988 [T1] DEBUG AddInLoader
Load Assembly : IPA.Lib.MicrosoftOCR

2024-07-11 13:57:38,056 [T1] DEBUG AddInLoader
Load Assembly : IPA.Lib.Net

2024-07-11 13:57:38,150 [T1] DEBUG AddInLoader
Load Assembly : IPA.Lib.Orchestra

2024-07-11 13:57:38,237 [T1] DEBUG AddInLoader
Load Assembly : IPA.Lib.ProcessFlow

2024-07-11 13:57:38,331 [T1] DEBUG AddInLoader
Load Assembly : IPA.Lib.SAP

2024-07-11 13:57:38,442 [T1] DEBUG AddInLoader
Load Assembly : IPA.Lib.Web

2024-07-11 13:57:38,556 [T1] DEBUG AddInLoader
Load Assembly : IPA.Lib.Win

2024-07-11 13:57:38,686 [T1] INFO  ScreenCapture
Default Screen Capture Bounds: 0,0,1920,1200

2024-07-11 13:57:38,717 [T1] DEBUG AddInLoader
Load Assembly : BrityRPA.AddIn.NativeApp

2024-07-11 13:57:38,829 [T1] DEBUG AddInLoader
Load Assembly : BrityWorks.AddIn.Outlook

2024-07-11 13:57:38,933 [T1] DEBUG AddInLoader
Load Assembly : BrityWorks.AddIn.Pdf

2024-07-11 13:57:39,027 [T1] DEBUG LibraryManager
Load Library - Chrome

2024-07-11 13:57:39,057 [T1] DEBUG LibraryManager
Load Library - Desktop

2024-07-11 13:57:39,073 [T1] DEBUG LibraryManager
Load Library - Excel

2024-07-11 13:57:39,089 [T1] DEBUG LibraryManager
Load Library - Flow

2024-07-11 13:57:39,104 [T1] DEBUG LibraryManager
Load Library - IE

2024-07-11 13:57:39,120 [T1] DEBUG LibraryManager
Load Library - ImageConverter

2024-07-11 13:57:39,136 [T1] DEBUG LibraryManager
Load Library - ImageRecognition

2024-07-11 13:57:39,152 [T1] DEBUG LibraryManager
Load Library - MicrosoftOCR

2024-07-11 13:57:39,168 [T1] DEBUG LibraryManager
Load Library - NativeApp

2024-07-11 13:57:39,184 [T1] DEBUG LibraryManager
Load Library - Net

2024-07-11 13:57:39,200 [T1] DEBUG LibraryManager
Load Library - Orchestra

2024-07-11 13:57:39,216 [T1] DEBUG LibraryManager
Load Library - Outlook

2024-07-11 13:57:39,232 [T1] DEBUG LibraryManager
Load Library - Pdf

2024-07-11 13:57:39,247 [T1] DEBUG LibraryManager
Load Library - SAP

2024-07-11 13:57:39,263 [T1] DEBUG LibraryManager
Load Library - Web

2024-07-11 13:57:39,279 [T1] DEBUG LibraryManager
Load Library - Win

2024-07-11 13:57:39,295 [T1] DEBUG LibraryManager
Load Library - WorkFlow

2024-07-11 13:57:39,300 [T1] DEBUG LibraryManager
Load built-in script libraries

2024-07-11 13:57:39,618 [T1] INFO  LibraryManager
Load Libraries - Completed.

2024-07-11 13:57:39,630 [T1] INFO  App
Launch Arguments: Total: 6 |  -eid D_20240711_135735_533 -runtype ProcRunner -ppid 13300

2024-07-11 13:57:39,631 [T1] DEBUG Config
Refresh Language Information

2024-07-11 13:57:39,632 [T1] DEBUG LibraryManager
LibraryManager Initialized.

2024-07-11 13:58:08,672 [T9] INFO  JobService
Start Job: T_openChrome (Foreground)
{
  "JobType": 1,
  "State": 0,
  "IsRunning": false,
  "ResultMessage": null,
  "StartTime": "2024-07-11 13:58:08",
  "EndTime": null,
  "JobId": "Designer_20240711_135808_228",
  "UserAuthentication": null,
  "ProcessPath": "C:\\Users\\3calss_15\\Documents\\Brity RPA Projects\\Invoice_등록_및_pdf_다운로드\\T_openChrome.proc",
  "ProcessId": "b6ea1598-d34c-409e-b81b-47fe3098902f",
  "ProcessVer": "",
  "ProcessArgs": null,
  "RequesterType": 3,
  "RequesterId": "designer",
  "RequesterPID": 13300,
  "OptionsJsonString": null,
  "TimeoutSec": 0,
  "EngineID": "D_20240711_135735_533",
  "EnginePID": 0,
  "EngineRecommededVersion": "",
  "JobWorkDir": "C:\\Users\\3calss_15\\Documents\\Brity RPA Projects\\Invoice_등록_및_pdf_다운로드\\Histories\\20240711_135808_T_openChrome_Designer_20240711_135808_228",
  "JobLogDir": "C:\\Users\\3calss_15\\Documents\\Brity RPA Projects\\Invoice_등록_및_pdf_다운로드\\Histories\\20240711_135808_T_openChrome_Designer_20240711_135808_228\\Log",
  "JobScreenshotDir": "C:\\Users\\3calss_15\\Documents\\Brity RPA Projects\\Invoice_등록_및_pdf_다운로드\\Histories\\20240711_135808_T_openChrome_Designer_20240711_135808_228\\Log\\Screenshot"
}

2024-07-11 13:58:08,818 [T11] DEBUG JobService
Waiting library loading...

2024-07-11 13:58:08,823 [T11] DEBUG Config
Reload User Settings

2024-07-11 13:58:08,828 [T11] INFO  JobService
Config Loading Completed.

2024-07-11 13:58:08,828 [T11] DEBUG JobService
Config Loading Time: 9 ms.

2024-07-11 13:58:08,842 [T11] DEBUG JobService
Check Shared Token

2024-07-11 13:58:08,843 [T11] DEBUG TokenManager
Load connection token

2024-07-11 13:58:08,846 [T11] DEBUG TokenManager
Clear Connection Token - No Shared Token

2024-07-11 13:58:09,046 [T1] DEBUG ServerInformationClient
Request server feature list

2024-07-11 13:58:09,134 [T1] INFO  ServerInformationClient
Server feature update successful

2024-07-11 13:58:09,145 [T1] INFO  ServerInformationClient
It takes 161 milliseconds to try to update the server feature list.

2024-07-11 13:58:09,146 [T1] INFO  Config
Update server features to config.

2024-07-11 13:58:09,186 [T11] INFO  JobService
Shared Token - No Token

2024-07-11 13:58:09,192 [T11] INFO  JobManager
Create JobManager instance for job T_openChrome(Designer_20240711_135808_228)

2024-07-11 13:58:09,199 [T11] INFO  JobRequest
Job ID : Designer_20240711_135808_228
Project Path  : C:\Users\3calss_15\Documents\Brity RPA Projects\Invoice_등록_및_pdf_다운로드\Invoice_등록_및_pdf_다운로드.proj
Process Name  : T_openChrome
Engine Mode   : Designer
Requester Type: Designer
Requester PID : 13300

2024-07-11 13:58:09,202 [T10] INFO  JobRequest
Start Callback Sender

2024-07-11 13:58:09,202 [T10] DEBUG JobRequest
Step Callback Interval: 500

2024-07-11 13:58:09,288 [T11] DEBUG ProjectManager
Set Project Information

2024-07-11 13:58:09,315 [T11] INFO  PlayOptionManager
PlayOption
- Step Interval : 1
- Disable DrawBounds : False
- Invoke First : False
- Allow Upload of DumpScreen results : False

2024-07-11 13:58:09,316 [T11] INFO  JobRunner
Initialize Script Engine

2024-07-11 13:58:09,341 [T16-ScriptEngine] INFO  JobRequest
##############################################################
### STATE: Initializing
##############################################################


2024-07-11 13:58:09,376 [T10] DEBUG JobRequest
Callback - State: Initializing


2024-07-11 13:58:10,537 [T16-ScriptEngine] INFO  JobRequest
##############################################################
### STATE: Ready
##############################################################


2024-07-11 13:58:10,541 [T10] DEBUG JobRequest
Callback - State: Ready


2024-07-11 13:58:10,551 [T11] INFO  JobRunnerHook
HotKey Hook Started

2024-07-11 13:58:10,552 [T11] INFO  JobRequest
##############################################################
### STATE: Starting
##############################################################


2024-07-11 13:58:10,554 [T16-ScriptEngine] INFO  JobRunner
RunProcess start

2024-07-11 13:58:10,556 [T10] DEBUG JobRequest
Callback - State: Starting


2024-07-11 13:58:10,556 [T16-ScriptEngine] INFO  JobRequest
##############################################################
### STATE: Running
##############################################################


2024-07-11 13:58:10,557 [T16-ScriptEngine] INFO  JobRequest
Last job life cycle state: Running

2024-07-11 13:58:10,572 [T10] DEBUG JobRequest
Callback - State: Running


2024-07-11 13:58:10,921 [T3] INFO  JobService
Stop Job

2024-07-11 13:58:10,924 [T3] INFO  JobRunner
Stop Job Runner - Cause: LocalUser / Message: stop by user

2024-07-11 13:58:10,924 [T3] INFO  JobRequest
##############################################################
### STATE: Stopping
##############################################################
stop by user


2024-07-11 13:58:10,935 [T10] DEBUG JobRequest
Callback - State: Stopping
stop by user

2024-07-11 13:58:11,608 [T16-ScriptEngine] DEBUG ScreenCapture
DirectX Screen Capture Initialized.

2024-07-11 13:58:11,614 [T16-ScriptEngine] ERROR JobRunner
Check DirectX ScreenCapture
=> 스레드가 대기 상태에서 인터럽트되었습니다.

2024-07-11 13:58:11,653 [T16-ScriptEngine] INFO  JobRequest
##############################################################
### STATE: StartProcess - T_openChrome
##############################################################
b6ea1598-d34c-409e-b81b-47fe3098902f
T_openChrome


2024-07-11 13:58:11,704 [T16-ScriptEngine] DEBUG JobRunner
RunTask Interrupted. TASK: T_openChrome => 스레드가 대기 상태에서 인터럽트되었습니다.

2024-07-11 13:58:11,724 [T16-ScriptEngine] DEBUG JobManager
Set Result State: Stopped

2024-07-11 13:58:11,730 [T16-ScriptEngine] INFO  JobRunner
Make report.

2024-07-11 13:58:11,767 [T16-ScriptEngine] INFO  JobRunner
Start to clean up resources.

2024-07-11 13:58:11,768 [T11] DEBUG JobRunner
Start timer for checking the job to be completed.

2024-07-11 13:58:11,769 [T16-ScriptEngine] DEBUG JobRunner
OnProcessCompleted

2024-07-11 13:58:11,771 [T16-ScriptEngine] INFO  JobRunner
Start to clean up resources.

2024-07-11 13:58:11,772 [T16-ScriptEngine] DEBUG JobRunner
Remove all Process Stack: 1

2024-07-11 13:58:11,776 [T16-ScriptEngine] INFO  JobRequest
##############################################################
### STATE: EndProcess - T_openChrome
##############################################################
b6ea1598-d34c-409e-b81b-47fe3098902f
T_openChrome


2024-07-11 13:58:11,778 [T16-ScriptEngine] DEBUG JobRunner
Remove all libraries

2024-07-11 13:58:11,782 [T16-ScriptEngine] DEBUG NetPlayer
WebPlayer OnDispose

2024-07-11 13:58:11,783 [T16-ScriptEngine] DEBUG WebPlayer
WebPlayer OnDispose : Do Nothing

2024-07-11 13:58:11,786 [T16-ScriptEngine] DEBUG UiaAppHelper
WinHelper DisposeAppList Count: 0

2024-07-11 13:58:11,787 [T16-ScriptEngine] INFO  JobRunner
All Resources Clear

2024-07-11 13:58:11,789 [T16-ScriptEngine] DEBUG JobRunner
OnCompleted

2024-07-11 13:58:11,790 [T16-ScriptEngine] DEBUG JobRunner
SendJobResult: Stopped

2024-07-11 13:58:11,790 [T16-ScriptEngine] INFO  JobRequest
##############################################################
### STATE: Stopped
##############################################################
Process: T_openChrome

Stopped by User


2024-07-11 13:58:11,790 [T16-ScriptEngine] INFO  JobRequest
Last job life cycle state: Stopped

2024-07-11 13:58:11,799 [T16-ScriptEngine] INFO  JobRequest
##############################################################
### JOB COMPLETED
##############################################################


2024-07-11 13:58:11,808 [T10] DEBUG JobRequest
Callback - State: Stopped
Process: T_openChrome

Stopped by User

2024-07-11 13:58:11,809 [T10] INFO  JobRequest
Callback - EngineClosed

2024-07-11 13:58:11,810 [T10] INFO  JobService
Disconnect agent service

2024-07-11 13:58:11,812 [T10] DEBUG JobRequest
End of Callback Sender

