2024-07-10 08:55:11,878 [T1] INFO  EngineStarter
BOT Engine Start - v3.1.100.11228 at 2024-07-10 오전 8:55:11
EngineID: D_20240710_085511_230
PID : 6212
PPID: 5148
Working Directory: C:\Users\3calss_15\AppData\Roaming\Brity RPA Designer

2024-07-10 08:55:11,895 [T1] INFO  EngineStarter
System Language: ko-KR
Resolution: 1920 x 1200

2024-07-10 08:55:12,126 [T1] INFO  Config
Initialize Config

2024-07-10 08:55:12,165 [T1] DEBUG Config
Config Loaded

2024-07-10 08:55:12,167 [T1] DEBUG Config
Backup config file.

2024-07-10 08:55:12,175 [T1] INFO  Config
Orchestrator Service => https://bwrpa.samsungsds.com:8777

2024-07-10 08:55:12,180 [T1] INFO  Config
Initialize Resource Config

2024-07-10 08:55:12,206 [T1] DEBUG Config
Refresh Language Information

2024-07-10 08:55:12,279 [T1] INFO  Config
All Config Initialized.

2024-07-10 08:55:12,286 [T1] DEBUG KeyManager
Initialize KeyManager

2024-07-10 08:55:12,288 [T1] DEBUG KeyManager
Load device unique id.

2024-07-10 08:55:12,296 [T1] DEBUG KeyManager
Device ID is initialized.

2024-07-10 08:55:12,364 [T5] DEBUG JobService
Connect to agent service

2024-07-10 08:55:12,395 [T5] DEBUG JobService
JobService URL : net.tcp://127.0.0.1:59001/rpa/agent

2024-07-10 08:55:12,395 [T5] DEBUG JobService
Open connection

2024-07-10 08:55:12,396 [T1] DEBUG ApplicationInitializer
InitMode: Thread

2024-07-10 08:55:12,405 [T1] INFO  LibraryManager
Load Libraries - Started

2024-07-10 08:55:12,412 [T5] DEBUG JobService
Register engine to agent

2024-07-10 08:55:12,420 [T1] DEBUG AddInLoader
Load Assembly : IPA.Lib.Chrome

2024-07-10 08:55:12,425 [T5] DEBUG JobService
Engine is connected to agent service.

2024-07-10 08:55:12,425 [T5] DEBUG JobService
Owner Process PID: 5148

2024-07-10 08:55:12,429 [T5] INFO  JobService
Start monitoring owner process is terminated.

2024-07-10 08:55:12,656 [T1] DEBUG AddInLoader
Load Assembly : IPA.Lib.Desktop

2024-07-10 08:55:12,723 [T8] INFO  JobService
Start Job: P_부동산공시가격검색 (Foreground)
{
  "JobType": 1,
  "State": 0,
  "IsRunning": false,
  "ResultMessage": null,
  "StartTime": "2024-07-10 08:55:11",
  "EndTime": null,
  "JobId": "Designer_20240710_085511_099",
  "UserAuthentication": null,
  "ProcessPath": "C:\\Users\\3calss_15\\Documents\\Brity RPA Projects\\부동산공시가격검색\\P_부동산공시가격검색.proc",
  "ProcessId": "f5d5e78c-2c49-4e0c-a0f3-ff34a134bb02",
  "ProcessVer": "",
  "ProcessArgs": null,
  "RequesterType": 3,
  "RequesterId": "designer",
  "RequesterPID": 5148,
  "OptionsJsonString": null,
  "TimeoutSec": 0,
  "EngineID": "D_20240710_085511_230",
  "EnginePID": 0,
  "EngineRecommededVersion": "",
  "JobWorkDir": "C:\\Users\\3calss_15\\Documents\\Brity RPA Projects\\부동산공시가격검색\\Histories\\20240710_085511_P_부동산공시가격검색_Designer_20240710_085511_099",
  "JobLogDir": "C:\\Users\\3calss_15\\Documents\\Brity RPA Projects\\부동산공시가격검색\\Histories\\20240710_085511_P_부동산공시가격검색_Designer_20240710_085511_099\\Log",
  "JobScreenshotDir": "C:\\Users\\3calss_15\\Documents\\Brity RPA Projects\\부동산공시가격검색\\Histories\\20240710_085511_P_부동산공시가격검색_Designer_20240710_085511_099\\Log\\Screenshot"
}

2024-07-10 08:55:12,849 [T1] DEBUG AddInLoader
Load Assembly : IPA.Lib.Excel

2024-07-10 08:55:12,891 [T4] DEBUG JobService
Waiting library loading...

2024-07-10 08:55:13,102 [T1] DEBUG AddInLoader
Load Assembly : IPA.Lib.Flow

2024-07-10 08:55:13,225 [T1] DEBUG AddInLoader
Load Assembly : IPA.Lib.IE

2024-07-10 08:55:13,310 [T1] DEBUG AddInLoader
Load Assembly : IPA.Lib.ImageConverter

2024-07-10 08:55:13,365 [T1] DEBUG AddInLoader
Load Assembly : IPA.Lib.ImageRecognition

2024-07-10 08:55:13,542 [T1] DEBUG AddInLoader
Load Assembly : IPA.Lib.MicrosoftOCR

2024-07-10 08:55:13,599 [T1] DEBUG AddInLoader
Load Assembly : IPA.Lib.Net

2024-07-10 08:55:13,679 [T1] DEBUG AddInLoader
Load Assembly : IPA.Lib.Orchestra

2024-07-10 08:55:13,754 [T1] DEBUG AddInLoader
Load Assembly : IPA.Lib.ProcessFlow

2024-07-10 08:55:13,846 [T1] DEBUG AddInLoader
Load Assembly : IPA.Lib.SAP

2024-07-10 08:55:13,923 [T1] DEBUG AddInLoader
Load Assembly : IPA.Lib.Web

2024-07-10 08:55:14,023 [T1] DEBUG AddInLoader
Load Assembly : IPA.Lib.Win

2024-07-10 08:55:14,136 [T1] INFO  ScreenCapture
Default Screen Capture Bounds: 0,0,1920,1200

2024-07-10 08:55:14,163 [T1] DEBUG AddInLoader
Load Assembly : BrityRPA.AddIn.NativeApp

2024-07-10 08:55:14,271 [T1] DEBUG AddInLoader
Load Assembly : BrityWorks.AddIn.Outlook

2024-07-10 08:55:14,334 [T1] DEBUG AddInLoader
Load Assembly : BrityWorks.AddIn.Pdf

2024-07-10 08:55:14,422 [T1] DEBUG LibraryManager
Load Library - Chrome

2024-07-10 08:55:14,437 [T1] DEBUG LibraryManager
Load Library - Desktop

2024-07-10 08:55:14,453 [T1] DEBUG LibraryManager
Load Library - Excel

2024-07-10 08:55:14,468 [T1] DEBUG LibraryManager
Load Library - Flow

2024-07-10 08:55:14,484 [T1] DEBUG LibraryManager
Load Library - IE

2024-07-10 08:55:14,498 [T1] DEBUG LibraryManager
Load Library - ImageConverter

2024-07-10 08:55:14,514 [T1] DEBUG LibraryManager
Load Library - ImageRecognition

2024-07-10 08:55:14,529 [T1] DEBUG LibraryManager
Load Library - MicrosoftOCR

2024-07-10 08:55:14,545 [T1] DEBUG LibraryManager
Load Library - NativeApp

2024-07-10 08:55:14,576 [T1] DEBUG LibraryManager
Load Library - Net

2024-07-10 08:55:14,591 [T1] DEBUG LibraryManager
Load Library - Orchestra

2024-07-10 08:55:14,607 [T1] DEBUG LibraryManager
Load Library - Outlook

2024-07-10 08:55:14,622 [T1] DEBUG LibraryManager
Load Library - Pdf

2024-07-10 08:55:14,638 [T1] DEBUG LibraryManager
Load Library - SAP

2024-07-10 08:55:14,653 [T1] DEBUG LibraryManager
Load Library - Web

2024-07-10 08:55:14,669 [T1] DEBUG LibraryManager
Load Library - Win

2024-07-10 08:55:14,684 [T1] DEBUG LibraryManager
Load Library - WorkFlow

2024-07-10 08:55:14,703 [T1] DEBUG LibraryManager
Load built-in script libraries

2024-07-10 08:55:14,951 [T1] INFO  LibraryManager
Load Libraries - Completed.

2024-07-10 08:55:14,963 [T1] INFO  App
Launch Arguments: Total: 6 |  -eid D_20240710_085511_230 -runtype ProcRunner -ppid 5148

2024-07-10 08:55:14,963 [T1] DEBUG Config
Refresh Language Information

2024-07-10 08:55:14,964 [T1] DEBUG LibraryManager
LibraryManager Initialized.

2024-07-10 08:55:14,973 [T4] DEBUG Config
Reload User Settings

2024-07-10 08:55:14,977 [T4] INFO  JobService
Config Loading Completed.

2024-07-10 08:55:14,977 [T4] DEBUG JobService
Config Loading Time: 2086 ms.

2024-07-10 08:55:14,981 [T4] DEBUG JobService
Check Shared Token

2024-07-10 08:55:14,982 [T4] DEBUG TokenManager
Load connection token

2024-07-10 08:55:14,984 [T4] DEBUG TokenManager
Clear Connection Token - No Shared Token

2024-07-10 08:55:15,031 [T1] DEBUG ServerInformationClient
Request server feature list

2024-07-10 08:55:15,109 [T1] INFO  ServerInformationClient
Server feature update successful

2024-07-10 08:55:15,112 [T1] INFO  ServerInformationClient
It takes 89 milliseconds to try to update the server feature list.

2024-07-10 08:55:15,112 [T1] INFO  Config
Update server features to config.

2024-07-10 08:55:15,151 [T4] INFO  JobService
Shared Token - No Token

2024-07-10 08:55:15,154 [T4] INFO  JobManager
Create JobManager instance for job P_부동산공시가격검색(Designer_20240710_085511_099)

2024-07-10 08:55:15,159 [T4] INFO  JobRequest
Job ID : Designer_20240710_085511_099
Project Path  : C:\Users\3calss_15\Documents\Brity RPA Projects\부동산공시가격검색\부동산공시가격검색.proj
Process Name  : P_부동산공시가격검색
Engine Mode   : Designer
Requester Type: Designer
Requester PID : 5148

2024-07-10 08:55:15,162 [T7] INFO  JobRequest
Start Callback Sender

2024-07-10 08:55:15,163 [T7] DEBUG JobRequest
Step Callback Interval: 500

2024-07-10 08:55:15,200 [T4] DEBUG ProjectManager
Set Project Information

2024-07-10 08:55:15,223 [T4] INFO  PlayOptionManager
PlayOption
- Step Interval : 1
- Disable DrawBounds : False
- Invoke First : False
- Allow Upload of DumpScreen results : False

2024-07-10 08:55:15,224 [T4] INFO  JobRunner
Initialize Script Engine

2024-07-10 08:55:15,239 [T13-ScriptEngine] INFO  JobRequest
##############################################################
### STATE: Initializing
##############################################################


2024-07-10 08:55:15,269 [T7] DEBUG JobRequest
Callback - State: Initializing


2024-07-10 08:55:16,072 [T13-ScriptEngine] INFO  JobRequest
##############################################################
### STATE: Ready
##############################################################


2024-07-10 08:55:16,077 [T7] DEBUG JobRequest
Callback - State: Ready


2024-07-10 08:55:16,084 [T4] INFO  JobRunnerHook
HotKey Hook Started

2024-07-10 08:55:16,085 [T4] INFO  JobRequest
##############################################################
### STATE: Starting
##############################################################


2024-07-10 08:55:16,086 [T13-ScriptEngine] INFO  JobRunner
RunProcess start

2024-07-10 08:55:16,088 [T13-ScriptEngine] INFO  JobRequest
##############################################################
### STATE: Running
##############################################################


2024-07-10 08:55:16,088 [T13-ScriptEngine] INFO  JobRequest
Last job life cycle state: Running

2024-07-10 08:55:16,093 [T7] DEBUG JobRequest
Callback - State: Starting


2024-07-10 08:55:16,109 [T7] DEBUG JobRequest
Callback - State: Running


2024-07-10 08:55:17,209 [T13-ScriptEngine] DEBUG ScreenCapture
DirectX Screen Capture Initialized.

2024-07-10 08:55:17,288 [T13-ScriptEngine] DEBUG JobRunner
DirectX ScreenCapture Checked.

2024-07-10 08:55:17,321 [T13-ScriptEngine] INFO  JobRequest
##############################################################
### STATE: StartProcess - P_부동산공시가격검색
##############################################################
f5d5e78c-2c49-4e0c-a0f3-ff34a134bb02
P_부동산공시가격검색


2024-07-10 08:55:17,384 [T13-ScriptEngine] INFO  JobRequest
**************************************************************
*** TASK: P_부동산공시가격검색
**************************************************************
 - STEP 1: S60b8592450f94f9ba13edc4919220a4d (1/3) - (1/42)
 - [1] RunTask


2024-07-10 08:55:17,477 [T13-ScriptEngine] INFO  JobRequest
##############################################################
### STATE: StartTask - T_openExcell
##############################################################
e7458ea8-ca03-44c6-92a7-2f96d8340d31
T_openExcell


2024-07-10 08:55:17,499 [T13-ScriptEngine] INFO  JobRequest
**************************************************************
*** TASK: T_openExcell
**************************************************************
 - STEP 2: Sed82e57b44a44e9a94e466122fb33bb4 (1/13) - (2/42)
 - [1] OpenExcel


2024-07-10 08:55:19,109 [T13-ScriptEngine] INFO  JobRequest
 - STEP 3: S31727e0a0bc34a65900a160e90e2eed6 (2/13) - (3/42)
 - [2] GetRowCount


2024-07-10 08:55:19,203 [T13-ScriptEngine] INFO  JobRequest
 - STEP 4: Secef2630c1f84285854e919400a3651b (3/13) - (4/42)
 - [3] For


2024-07-10 08:55:19,219 [T13-ScriptEngine] INFO  JobRequest
 - STEP 5: S2d902bd8a139406893f056c05e739063 (4/13) - (5/42)
 - [4] ReadRange


2024-07-10 08:55:19,313 [T13-ScriptEngine] INFO  JobRequest
 - STEP 6: S04b8732fe31c47bab57aab8603c5aa0a (5/13) - (6/42)
 - [5] ReadRange


2024-07-10 08:55:19,344 [T13-ScriptEngine] INFO  JobRequest
 - STEP 7: Sdb2ff21ec2ac47e1bb365e0b176e9c94 (6/13) - (7/42)
 - [6] ReadRange


2024-07-10 08:55:19,374 [T13-ScriptEngine] INFO  JobRequest
 - STEP 8: Sd27bd142102644878828f184f58daa24 (7/13) - (8/42)
 - [7] ReadRange


2024-07-10 08:55:19,405 [T13-ScriptEngine] INFO  JobRequest
 - STEP 9: Sb199f2474cc84189baf76024b565aa22 (8/13) - (9/42)
 - [8] ReadRange


2024-07-10 08:55:19,436 [T13-ScriptEngine] INFO  JobRequest
 - STEP 10: S3e6575205a794d468d0aeb0700a8dd72 (9/13) - (10/42)
 - [9] ReadRange


2024-07-10 08:55:19,467 [T13-ScriptEngine] INFO  JobRequest
 - STEP 11: Sb840f88098e142c789f1e4a77f416445 (10/13) - (11/42)
 - [10] ReadRange


2024-07-10 08:55:19,498 [T13-ScriptEngine] INFO  JobRequest
 - STEP 12: Sa80a5ba9aa63490fa9b7b836e6ee334a (11/13) - (12/42)
 - [11] ReadRange


2024-07-10 08:55:19,529 [T13-ScriptEngine] INFO  JobRequest
 - STEP 13: S2d902bd8a139406893f056c05e739063 (4/13) - (12/42)
 - [4] ReadRange


2024-07-10 08:55:19,575 [T13-ScriptEngine] INFO  JobRequest
 - STEP 14: S04b8732fe31c47bab57aab8603c5aa0a (5/13) - (12/42)
 - [5] ReadRange


2024-07-10 08:55:19,605 [T13-ScriptEngine] INFO  JobRequest
 - STEP 15: Sdb2ff21ec2ac47e1bb365e0b176e9c94 (6/13) - (12/42)
 - [6] ReadRange


2024-07-10 08:55:19,636 [T13-ScriptEngine] INFO  JobRequest
 - STEP 16: Sd27bd142102644878828f184f58daa24 (7/13) - (12/42)
 - [7] ReadRange


2024-07-10 08:55:19,667 [T13-ScriptEngine] INFO  JobRequest
 - STEP 17: Sb199f2474cc84189baf76024b565aa22 (8/13) - (12/42)
 - [8] ReadRange


2024-07-10 08:55:19,697 [T13-ScriptEngine] INFO  JobRequest
 - STEP 18: S3e6575205a794d468d0aeb0700a8dd72 (9/13) - (12/42)
 - [9] ReadRange


2024-07-10 08:55:19,744 [T13-ScriptEngine] INFO  JobRequest
 - STEP 19: Sb840f88098e142c789f1e4a77f416445 (10/13) - (12/42)
 - [10] ReadRange


2024-07-10 08:55:19,774 [T13-ScriptEngine] INFO  JobRequest
 - STEP 20: Sa80a5ba9aa63490fa9b7b836e6ee334a (11/13) - (12/42)
 - [11] ReadRange


2024-07-10 08:55:19,805 [T13-ScriptEngine] INFO  JobRequest
 - STEP 21: S2d902bd8a139406893f056c05e739063 (4/13) - (12/42)
 - [4] ReadRange


2024-07-10 08:55:19,852 [T13-ScriptEngine] INFO  JobRequest
 - STEP 22: S04b8732fe31c47bab57aab8603c5aa0a (5/13) - (12/42)
 - [5] ReadRange


2024-07-10 08:55:19,884 [T13-ScriptEngine] INFO  JobRequest
 - STEP 23: Sdb2ff21ec2ac47e1bb365e0b176e9c94 (6/13) - (12/42)
 - [6] ReadRange


2024-07-10 08:55:19,915 [T13-ScriptEngine] INFO  JobRequest
 - STEP 24: Sd27bd142102644878828f184f58daa24 (7/13) - (12/42)
 - [7] ReadRange


2024-07-10 08:55:19,946 [T13-ScriptEngine] INFO  JobRequest
 - STEP 25: Sb199f2474cc84189baf76024b565aa22 (8/13) - (12/42)
 - [8] ReadRange


2024-07-10 08:55:19,994 [T13-ScriptEngine] INFO  JobRequest
 - STEP 26: S3e6575205a794d468d0aeb0700a8dd72 (9/13) - (12/42)
 - [9] ReadRange


2024-07-10 08:55:20,024 [T13-ScriptEngine] INFO  JobRequest
 - STEP 27: Sb840f88098e142c789f1e4a77f416445 (10/13) - (12/42)
 - [10] ReadRange


2024-07-10 08:55:20,055 [T13-ScriptEngine] INFO  JobRequest
 - STEP 28: Sa80a5ba9aa63490fa9b7b836e6ee334a (11/13) - (12/42)
 - [11] ReadRange


2024-07-10 08:55:20,086 [T13-ScriptEngine] INFO  JobRequest
 - STEP 29: S2d902bd8a139406893f056c05e739063 (4/13) - (12/42)
 - [4] ReadRange


2024-07-10 08:55:20,117 [T13-ScriptEngine] INFO  JobRequest
 - STEP 30: S04b8732fe31c47bab57aab8603c5aa0a (5/13) - (12/42)
 - [5] ReadRange


2024-07-10 08:55:20,163 [T13-ScriptEngine] INFO  JobRequest
 - STEP 31: Sdb2ff21ec2ac47e1bb365e0b176e9c94 (6/13) - (12/42)
 - [6] ReadRange


2024-07-10 08:55:20,195 [T13-ScriptEngine] INFO  JobRequest
 - STEP 32: Sd27bd142102644878828f184f58daa24 (7/13) - (12/42)
 - [7] ReadRange


2024-07-10 08:55:20,227 [T13-ScriptEngine] INFO  JobRequest
 - STEP 33: Sb199f2474cc84189baf76024b565aa22 (8/13) - (12/42)
 - [8] ReadRange


2024-07-10 08:55:20,259 [T13-ScriptEngine] INFO  JobRequest
 - STEP 34: S3e6575205a794d468d0aeb0700a8dd72 (9/13) - (12/42)
 - [9] ReadRange


2024-07-10 08:55:20,290 [T13-ScriptEngine] INFO  JobRequest
 - STEP 35: Sb840f88098e142c789f1e4a77f416445 (10/13) - (12/42)
 - [10] ReadRange


2024-07-10 08:55:20,320 [T13-ScriptEngine] INFO  JobRequest
 - STEP 36: Sa80a5ba9aa63490fa9b7b836e6ee334a (11/13) - (12/42)
 - [11] ReadRange


2024-07-10 08:55:20,351 [T13-ScriptEngine] INFO  JobRequest
 - STEP 37: S2d902bd8a139406893f056c05e739063 (4/13) - (12/42)
 - [4] ReadRange


2024-07-10 08:55:20,383 [T13-ScriptEngine] INFO  JobRequest
 - STEP 38: S04b8732fe31c47bab57aab8603c5aa0a (5/13) - (12/42)
 - [5] ReadRange


2024-07-10 08:55:20,431 [T13-ScriptEngine] INFO  JobRequest
 - STEP 39: Sdb2ff21ec2ac47e1bb365e0b176e9c94 (6/13) - (12/42)
 - [6] ReadRange


2024-07-10 08:55:20,478 [T13-ScriptEngine] INFO  JobRequest
 - STEP 40: Sd27bd142102644878828f184f58daa24 (7/13) - (12/42)
 - [7] ReadRange


2024-07-10 08:55:20,524 [T13-ScriptEngine] INFO  JobRequest
 - STEP 41: Sb199f2474cc84189baf76024b565aa22 (8/13) - (12/42)
 - [8] ReadRange


2024-07-10 08:55:20,571 [T13-ScriptEngine] INFO  JobRequest
 - STEP 42: S3e6575205a794d468d0aeb0700a8dd72 (9/13) - (12/42)
 - [9] ReadRange


2024-07-10 08:55:20,602 [T13-ScriptEngine] INFO  JobRequest
 - STEP 43: Sb840f88098e142c789f1e4a77f416445 (10/13) - (12/42)
 - [10] ReadRange


2024-07-10 08:55:20,634 [T13-ScriptEngine] INFO  JobRequest
 - STEP 44: Sa80a5ba9aa63490fa9b7b836e6ee334a (11/13) - (12/42)
 - [11] ReadRange


2024-07-10 08:55:20,665 [T13-ScriptEngine] INFO  JobRequest
 - STEP 45: S74077ad569c9415a8602ebcffe11f851 (12/13) - (13/42)
 - [12] End-For


2024-07-10 08:55:20,666 [T13-ScriptEngine] INFO  JobRunner
[PASS] TASK: T_openExcell

2024-07-10 08:55:20,676 [T13-ScriptEngine] INFO  JobRequest
##############################################################
### STATE: EndTask - T_openExcell
##############################################################
e7458ea8-ca03-44c6-92a7-2f96d8340d31
T_openExcell


2024-07-10 08:55:20,695 [T13-ScriptEngine] INFO  JobRequest
**************************************************************
*** TASK: P_부동산공시가격검색
**************************************************************
 - STEP 46: S7f09a40ca8464b01a548d2c84363b3f1 (2/3) - (14/42)
 - [2] RunTask


2024-07-10 08:55:20,718 [T13-ScriptEngine] INFO  JobRequest
##############################################################
### STATE: StartTask - T_openChrome
##############################################################
b58cad97-e558-460a-91d5-4375e18c2bc3
T_openChrome


2024-07-10 08:55:20,726 [T13-ScriptEngine] INFO  JobRequest
**************************************************************
*** TASK: T_openChrome
**************************************************************
 - STEP 47: Sd8267c5e18bc487c9ab059c276a1bd99 (1/28) - (15/42)
 - [1] ChromeOpen


2024-07-10 08:55:23,731 [T15] DEBUG ChromeRemoteConnect
GetRemoteBrowserUsingEndPoint Fail : 하나 이상의 오류가 발생했습니다.

2024-07-10 08:55:23,798 [T15] DEBUG ChromeCommonExtension
extension default locale empty

2024-07-10 08:55:26,681 [T15] DEBUG ChromeCommonExtension
extension default locale empty

2024-07-10 08:55:30,090 [T13-ScriptEngine] INFO  JobRequest
 - STEP 48: S4f5480b3343b4e67b776358208b7fab3 (3/28) - (16/42)
 - [3] Click


2024-07-10 08:55:30,241 [T20] INFO  UIAEventHandler
Start UIA event handler

2024-07-10 08:55:31,252 [T20] DEBUG UIAEventHandler
UI Structure Changed Count: 0

2024-07-10 08:55:31,252 [T20] INFO  UIAEventHandler
waiting for 303 msec during the screen structure is changing.

2024-07-10 08:55:31,607 [T20] DEBUG UIAEventHandler
UI Structure Changed Count: 1

2024-07-10 08:55:31,715 [T20] INFO  UIAEventHandler
waiting for 221 msec during the screen structure is changing.

2024-07-10 08:55:32,454 [T13-ScriptEngine] INFO  JobRequest
 - STEP 49: S2c75024769524a0db5a09775fbd62128 (4/28) - (17/42)
 - [4] For


2024-07-10 08:55:32,486 [T13-ScriptEngine] INFO  JobRequest
 - STEP 50: Sf82ccd4d17464423994204f33dc4951e (5/28) - (18/42)
 - [5] ChromeSelectListItem


2024-07-10 08:55:32,939 [T13-ScriptEngine] INFO  JobRequest
 - STEP 51: S3356583838aa4c8b8ce68061f220a74c (6/28) - (19/42)
 - [6] ChromeSelectListItem


2024-07-10 08:55:33,096 [T13-ScriptEngine] INFO  JobRequest
 - STEP 52: S2098ede322d7450784330b54f3d100ed (7/28) - (20/42)
 - [7] ChromeSelectListItem


2024-07-10 08:55:33,299 [T13-ScriptEngine] INFO  JobRequest
 - STEP 53: S2a7f587d224f4ea19fdee4d7f99ddec2 (8/28) - (21/42)
 - [8] ChromeClick


2024-07-10 08:55:33,599 [T13-ScriptEngine] INFO  JobRequest
 - STEP 54: S3b64c36a0afd41d9b16253895842c308 (9/28) - (22/42)
 - [9] Click


2024-07-10 08:55:34,401 [T13-ScriptEngine] INFO  JobRequest
 - STEP 55: S0f299423e9a949c6a6057930fdc6236b (10/28) - (23/42)
 - [10] KeyInput


2024-07-10 08:55:38,328 [T13-ScriptEngine] INFO  JobRequest
 - STEP 56: S4a6c95d5491f44dfa53b3cd85c3b06dc (11/28) - (24/42)
 - [11] TextInput


2024-07-10 08:55:39,031 [T18] DEBUG UIAEventHandler
UI Structure Changed Count: 0

2024-07-10 08:55:39,031 [T18] INFO  UIAEventHandler
waiting for 112 msec during the screen structure is changing.

2024-07-10 08:55:39,640 [T13-ScriptEngine] INFO  WinElementKeyboardPlayer
Out of bounds object
 - find clicked object from target object's click point
 - Target Bounds: 1212,744,55,18
 - Click Point  : 1102,755

2024-07-10 08:55:41,158 [T13-ScriptEngine] INFO  JobRequest
 - STEP 57: S2f9c8fef910247efa3c38395bbd3b780 (13/28) - (25/42)
 - [13] ChromeClick


2024-07-10 08:55:41,349 [T13-ScriptEngine] INFO  JobRequest
 - STEP 58: S193f831ab5764d6faf14c801894d7e29 (14/28) - (26/42)
 - [14] IsExist


2024-07-10 08:55:42,408 [T13-ScriptEngine] INFO  JobRequest
 - STEP 59: S68a58e395f9c431786aa7cf013086aa3 (16/28) - (27/42)
 - [16] IfElse


2024-07-10 08:55:42,424 [T13-ScriptEngine] INFO  JobRequest
 - STEP 60: S42be7cfdecb849198e4b29e1fd908ae2 (18/28) - (29/42)
 - [18] Else


2024-07-10 08:55:42,439 [T13-ScriptEngine] INFO  JobRequest
 - STEP 61: S317f8ccc7c5e4d3f93a569873c956837 (19/28) - (30/42)
 - [19] ChromeClick


2024-07-10 08:55:42,627 [T13-ScriptEngine] INFO  JobRequest
 - STEP 62: S7ab1f2579418482cb0e5e486fbb587e3 (20/28) - (31/42)
 - [20] ChromeSelectListItem


2024-07-10 08:55:42,816 [T13-ScriptEngine] INFO  JobRequest
 - STEP 63: S694db1c85d1f42db95584025f530aee8 (21/28) - (32/42)
 - [21] ChromeSelectListItem


2024-07-10 08:55:43,005 [T13-ScriptEngine] INFO  JobRequest
 - STEP 64: Sd466b3109c14428ba1b80cdcf2b3207d (22/28) - (33/42)
 - [22] ChromeClick


2024-07-10 08:55:43,178 [T13-ScriptEngine] INFO  JobRequest
 - STEP 65: S69f3bd3d685444368fb2e1d679191d08 (24/28) - (34/42)
 - [24] ChromeGetData


2024-07-10 08:55:43,367 [T13-ScriptEngine] INFO  JobRequest
 - STEP 66: S7b8820454993423e8eef3eb59c7bf7ad (25/28) - (35/42)
 - [25] End-IfElse


2024-07-10 08:55:43,383 [T13-ScriptEngine] INFO  JobRequest
 - STEP 67: S94d7d7c079a24d1095c9befb8504d2f0 (26/28) - (36/42)
 - [26] MessageBox


2024-07-10 08:55:43,423 [T13-ScriptEngine] INFO  ScriptSupport
0

2024-07-10 08:55:46,251 [T13-ScriptEngine] INFO  JobRequest
 - STEP 68: Sf82ccd4d17464423994204f33dc4951e (5/28) - (36/42)
 - [5] ChromeSelectListItem


2024-07-10 08:55:46,451 [T13-ScriptEngine] INFO  JobRequest
 - STEP 69: S3356583838aa4c8b8ce68061f220a74c (6/28) - (36/42)
 - [6] ChromeSelectListItem


2024-07-10 08:55:58,587 [T13-ScriptEngine] INFO  JobRunner
Try Pause

2024-07-10 08:55:58,587 [T13-ScriptEngine] INFO  JobRequest
##############################################################
### STATE: Paused
##############################################################


2024-07-10 08:55:58,588 [T13-ScriptEngine] INFO  JobRequest
Last job life cycle state: Paused

2024-07-10 08:55:58,610 [T7] DEBUG JobRequest
Callback - State: Paused


2024-07-10 08:57:09,656 [T29] INFO  JobService
Stop Job

2024-07-10 08:57:09,658 [T29] INFO  JobRunner
Stop Job Runner - Cause: LocalUser / Message: stop by user

2024-07-10 08:57:09,658 [T29] INFO  JobRequest
##############################################################
### STATE: Stopping
##############################################################
stop by user


2024-07-10 08:57:09,666 [T13-ScriptEngine] DEBUG JobRunner
RunTask Interrupted. TASK: T_openChrome => Script execution interrupted by host

2024-07-10 08:57:09,668 [T13-ScriptEngine] DEBUG JobRunner
RunTask Interrupted. TASK: P_부동산공시가격검색 => 스레드가 대기 상태에서 인터럽트되었습니다.

2024-07-10 08:57:09,670 [T7] DEBUG JobRequest
Callback - State: Stopping
stop by user

2024-07-10 08:57:09,693 [T13-ScriptEngine] DEBUG JobManager
Set Result State: Stopped

2024-07-10 08:57:09,697 [T13-ScriptEngine] INFO  JobRunner
Make report.

2024-07-10 08:57:09,749 [T13-ScriptEngine] INFO  JobRunner
Start to clean up resources.

2024-07-10 08:57:09,750 [T13-ScriptEngine] DEBUG JobRunner
OnProcessCompleted

2024-07-10 08:57:09,750 [T31] DEBUG JobRunner
Start timer for checking the job to be completed.

2024-07-10 08:57:09,754 [T13-ScriptEngine] DEBUG ExcelBase
DisposeExcel

2024-07-10 08:57:09,780 [T13-ScriptEngine] INFO  JobRunner
Start to clean up resources.

2024-07-10 08:57:09,781 [T13-ScriptEngine] DEBUG JobRunner
Remove all Process Stack: 2

2024-07-10 08:57:09,782 [T13-ScriptEngine] INFO  JobRequest
##############################################################
### STATE: EndTask - T_openChrome
##############################################################
b58cad97-e558-460a-91d5-4375e18c2bc3
T_openChrome


2024-07-10 08:57:09,782 [T13-ScriptEngine] INFO  JobRequest
##############################################################
### STATE: EndProcess - P_부동산공시가격검색
##############################################################
f5d5e78c-2c49-4e0c-a0f3-ff34a134bb02
P_부동산공시가격검색


2024-07-10 08:57:09,783 [T13-ScriptEngine] DEBUG JobRunner
Remove all libraries

2024-07-10 08:57:09,784 [T13-ScriptEngine] DEBUG NetPlayer
WebPlayer OnDispose

2024-07-10 08:57:09,786 [T13-ScriptEngine] DEBUG WebPlayer
WebPlayer OnDispose : Do Nothing

2024-07-10 08:57:09,786 [T13-ScriptEngine] DEBUG UIAEventHandler
Stop UIA event handler

2024-07-10 08:57:09,798 [T13-ScriptEngine] DEBUG UiaAppHelper
WinHelper DisposeAppList Count: 0

2024-07-10 08:57:09,798 [T13-ScriptEngine] INFO  JobRunner
All Resources Clear

2024-07-10 08:57:09,801 [T13-ScriptEngine] DEBUG JobRunner
OnCompleted

2024-07-10 08:57:09,801 [T13-ScriptEngine] DEBUG JobRunner
SendJobResult: Stopped

2024-07-10 08:57:09,801 [T13-ScriptEngine] INFO  JobRequest
##############################################################
### STATE: Stopped
##############################################################
Process: P_부동산공시가격검색
Task: T_openChrome
Step: ChromeSelectListItem (6/28)

Stopped by User


2024-07-10 08:57:09,801 [T13-ScriptEngine] INFO  JobRequest
Last job life cycle state: Stopped

2024-07-10 08:57:09,801 [T13-ScriptEngine] INFO  JobRequest
Update skipped current step informations.

2024-07-10 08:57:09,809 [T13-ScriptEngine] INFO  JobRequest
##############################################################
### JOB COMPLETED
##############################################################


2024-07-10 08:57:09,811 [T7] DEBUG JobRequest
Callback - State: Stopped
Process: P_부동산공시가격검색
Task: T_openChrome
Step: ChromeSelectListItem (6/28)

Stopped by User

2024-07-10 08:57:09,811 [T7] INFO  JobRequest
Callback - EngineClosed

2024-07-10 08:57:09,812 [T7] INFO  JobService
Disconnect agent service

2024-07-10 08:57:09,815 [T7] DEBUG JobRequest
End of Callback Sender

