2024-07-09 12:47:18,174 [T1] INFO  EngineStarter
BOT Engine Start - v3.1.100.11228 at 2024-07-09 오후 12:47:18
EngineID: D_20240709_124717_235
PID : 10928
PPID: 12488
Working Directory: C:\Users\3calss_15\AppData\Roaming\Brity RPA Designer

2024-07-09 12:47:18,191 [T1] INFO  EngineStarter
System Language: ko-KR
Resolution: 1920 x 1200

2024-07-09 12:47:18,467 [T1] INFO  Config
Initialize Config

2024-07-09 12:47:18,523 [T1] DEBUG Config
Config Loaded

2024-07-09 12:47:18,524 [T1] DEBUG Config
Backup config file.

2024-07-09 12:47:18,535 [T1] INFO  Config
Orchestrator Service => https://bwrpa.samsungsds.com:8777

2024-07-09 12:47:18,541 [T1] INFO  Config
Initialize Resource Config

2024-07-09 12:47:18,569 [T1] DEBUG Config
Refresh Language Information

2024-07-09 12:47:18,686 [T1] INFO  Config
All Config Initialized.

2024-07-09 12:47:18,693 [T1] DEBUG KeyManager
Initialize KeyManager

2024-07-09 12:47:18,698 [T1] DEBUG KeyManager
Load device unique id.

2024-07-09 12:47:18,705 [T1] DEBUG KeyManager
Device ID is initialized.

2024-07-09 12:47:18,795 [T5] DEBUG JobService
Connect to agent service

2024-07-09 12:47:18,830 [T5] DEBUG JobService
JobService URL : net.tcp://127.0.0.1:59001/rpa/agent

2024-07-09 12:47:18,830 [T5] DEBUG JobService
Open connection

2024-07-09 12:47:18,831 [T1] DEBUG ApplicationInitializer
InitMode: Thread

2024-07-09 12:47:18,838 [T1] INFO  LibraryManager
Load Libraries - Started

2024-07-09 12:47:18,847 [T5] DEBUG JobService
Register engine to agent

2024-07-09 12:47:18,856 [T1] DEBUG AddInLoader
Load Assembly : IPA.Lib.Chrome

2024-07-09 12:47:18,859 [T5] DEBUG JobService
Engine is connected to agent service.

2024-07-09 12:47:18,859 [T5] DEBUG JobService
Owner Process PID: 12488

2024-07-09 12:47:18,864 [T5] INFO  JobService
Start monitoring owner process is terminated.

2024-07-09 12:47:19,078 [T1] DEBUG AddInLoader
Load Assembly : IPA.Lib.Desktop

2024-07-09 12:47:19,294 [T1] DEBUG AddInLoader
Load Assembly : IPA.Lib.Excel

2024-07-09 12:47:19,462 [T1] DEBUG AddInLoader
Load Assembly : IPA.Lib.Flow

2024-07-09 12:47:19,586 [T1] DEBUG AddInLoader
Load Assembly : IPA.Lib.IE

2024-07-09 12:47:19,681 [T1] DEBUG AddInLoader
Load Assembly : IPA.Lib.ImageConverter

2024-07-09 12:47:19,741 [T1] DEBUG AddInLoader
Load Assembly : IPA.Lib.ImageRecognition

2024-07-09 12:47:19,951 [T1] DEBUG AddInLoader
Load Assembly : IPA.Lib.MicrosoftOCR

2024-07-09 12:47:20,027 [T1] DEBUG AddInLoader
Load Assembly : IPA.Lib.Net

2024-07-09 12:47:20,138 [T1] DEBUG AddInLoader
Load Assembly : IPA.Lib.Orchestra

2024-07-09 12:47:20,238 [T1] DEBUG AddInLoader
Load Assembly : IPA.Lib.ProcessFlow

2024-07-09 12:47:20,367 [T1] DEBUG AddInLoader
Load Assembly : IPA.Lib.SAP

2024-07-09 12:47:20,469 [T1] DEBUG AddInLoader
Load Assembly : IPA.Lib.Web

2024-07-09 12:47:20,577 [T1] DEBUG AddInLoader
Load Assembly : IPA.Lib.Win

2024-07-09 12:47:20,709 [T1] INFO  ScreenCapture
Default Screen Capture Bounds: 0,0,1920,1200

2024-07-09 12:47:20,740 [T1] DEBUG AddInLoader
Load Assembly : BrityRPA.AddIn.NativeApp

2024-07-09 12:47:20,856 [T1] DEBUG AddInLoader
Load Assembly : BrityWorks.AddIn.Outlook

2024-07-09 12:47:20,926 [T1] DEBUG AddInLoader
Load Assembly : BrityWorks.AddIn.Pdf

2024-07-09 12:47:21,016 [T1] DEBUG LibraryManager
Load Library - Chrome

2024-07-09 12:47:21,032 [T1] DEBUG LibraryManager
Load Library - Desktop

2024-07-09 12:47:21,047 [T1] DEBUG LibraryManager
Load Library - Excel

2024-07-09 12:47:21,063 [T1] DEBUG LibraryManager
Load Library - Flow

2024-07-09 12:47:21,079 [T1] DEBUG LibraryManager
Load Library - IE

2024-07-09 12:47:21,095 [T1] DEBUG LibraryManager
Load Library - ImageConverter

2024-07-09 12:47:21,111 [T1] DEBUG LibraryManager
Load Library - ImageRecognition

2024-07-09 12:47:21,127 [T1] DEBUG LibraryManager
Load Library - MicrosoftOCR

2024-07-09 12:47:21,143 [T1] DEBUG LibraryManager
Load Library - NativeApp

2024-07-09 12:47:21,159 [T1] DEBUG LibraryManager
Load Library - Net

2024-07-09 12:47:21,175 [T1] DEBUG LibraryManager
Load Library - Orchestra

2024-07-09 12:47:21,191 [T1] DEBUG LibraryManager
Load Library - Outlook

2024-07-09 12:47:21,207 [T1] DEBUG LibraryManager
Load Library - Pdf

2024-07-09 12:47:21,223 [T1] DEBUG LibraryManager
Load Library - SAP

2024-07-09 12:47:21,239 [T1] DEBUG LibraryManager
Load Library - Web

2024-07-09 12:47:21,255 [T1] DEBUG LibraryManager
Load Library - Win

2024-07-09 12:47:21,270 [T1] DEBUG LibraryManager
Load Library - WorkFlow

2024-07-09 12:47:21,275 [T1] DEBUG LibraryManager
Load built-in script libraries

2024-07-09 12:47:21,551 [T1] INFO  LibraryManager
Load Libraries - Completed.

2024-07-09 12:47:21,569 [T1] INFO  App
Launch Arguments: Total: 6 |  -eid D_20240709_124717_235 -runtype ProcRunner -ppid 12488

2024-07-09 12:47:21,571 [T1] DEBUG Config
Refresh Language Information

2024-07-09 12:47:21,572 [T1] DEBUG LibraryManager
LibraryManager Initialized.

2024-07-09 12:48:56,124 [T9] INFO  JobService
Start Job: P_사업자등록번호 (Foreground)
{
  "JobType": 1,
  "State": 0,
  "IsRunning": false,
  "ResultMessage": null,
  "StartTime": "2024-07-09 12:48:55",
  "EndTime": null,
  "JobId": "Designer_20240709_124855_672",
  "UserAuthentication": null,
  "ProcessPath": "C:\\Users\\3calss_15\\Documents\\Brity RPA Projects\\사업자등록번호\\P_사업자등록번호.proc",
  "ProcessId": "08e029a9-7bcd-4f42-a0a6-92c88d8ed7a4",
  "ProcessVer": "",
  "ProcessArgs": null,
  "RequesterType": 3,
  "RequesterId": "designer",
  "RequesterPID": 12488,
  "OptionsJsonString": null,
  "TimeoutSec": 0,
  "EngineID": "D_20240709_124717_235",
  "EnginePID": 0,
  "EngineRecommededVersion": "",
  "JobWorkDir": "C:\\Users\\3calss_15\\Documents\\Brity RPA Projects\\사업자등록번호\\Histories\\20240709_124855_P_사업자등록번호_Designer_20240709_124855_672",
  "JobLogDir": "C:\\Users\\3calss_15\\Documents\\Brity RPA Projects\\사업자등록번호\\Histories\\20240709_124855_P_사업자등록번호_Designer_20240709_124855_672\\Log",
  "JobScreenshotDir": "C:\\Users\\3calss_15\\Documents\\Brity RPA Projects\\사업자등록번호\\Histories\\20240709_124855_P_사업자등록번호_Designer_20240709_124855_672\\Log\\Screenshot"
}

2024-07-09 12:48:56,270 [T10] DEBUG JobService
Waiting library loading...

2024-07-09 12:48:56,272 [T10] DEBUG Config
Reload User Settings

2024-07-09 12:48:56,274 [T10] INFO  Config
UserSettings Reloaded =>
 - LastExecution : SwlWwc8gnQ04XMOi/CV/g2gDCUKowaTQr1P2C+uxINI= -> ExeEqN7KWolITML5zLlkhkyvdMBa8jwvyjEbzuNIXGk=

2024-07-09 12:48:56,274 [T10] INFO  JobService
Config Loading Completed.

2024-07-09 12:48:56,274 [T10] DEBUG JobService
Config Loading Time: 3 ms.

2024-07-09 12:48:56,289 [T10] DEBUG JobService
Check Shared Token

2024-07-09 12:48:56,297 [T10] DEBUG TokenManager
Load connection token

2024-07-09 12:48:56,307 [T10] DEBUG TokenManager
Clear Connection Token - No Shared Token

2024-07-09 12:48:56,521 [T1] DEBUG ServerInformationClient
Request server feature list

2024-07-09 12:48:56,618 [T1] INFO  ServerInformationClient
Server feature update successful

2024-07-09 12:48:56,622 [T1] INFO  ServerInformationClient
It takes 198 milliseconds to try to update the server feature list.

2024-07-09 12:48:56,623 [T1] INFO  Config
Update server features to config.

2024-07-09 12:48:56,666 [T10] INFO  JobService
Shared Token - No Token

2024-07-09 12:48:56,671 [T10] INFO  JobManager
Create JobManager instance for job P_사업자등록번호(Designer_20240709_124855_672)

2024-07-09 12:48:56,678 [T10] INFO  JobRequest
Job ID : Designer_20240709_124855_672
Project Path  : C:\Users\3calss_15\Documents\Brity RPA Projects\사업자등록번호\사업자등록번호.proj
Process Name  : P_사업자등록번호
Engine Mode   : Designer
Requester Type: Designer
Requester PID : 12488

2024-07-09 12:48:56,680 [T11] INFO  JobRequest
Start Callback Sender

2024-07-09 12:48:56,681 [T11] DEBUG JobRequest
Step Callback Interval: 500

2024-07-09 12:48:56,723 [T10] DEBUG ProjectManager
Set Project Information

2024-07-09 12:48:56,748 [T10] INFO  PlayOptionManager
PlayOption
- Step Interval : 1
- Disable DrawBounds : False
- Invoke First : False
- Allow Upload of DumpScreen results : False

2024-07-09 12:48:56,749 [T10] INFO  JobRunner
Initialize Script Engine

2024-07-09 12:48:56,768 [T17-ScriptEngine] INFO  JobRequest
##############################################################
### STATE: Initializing
##############################################################


2024-07-09 12:48:56,796 [T11] DEBUG JobRequest
Callback - State: Initializing


2024-07-09 12:48:57,647 [T17-ScriptEngine] INFO  JobRequest
##############################################################
### STATE: Ready
##############################################################


2024-07-09 12:48:57,658 [T10] INFO  JobRunnerHook
HotKey Hook Started

2024-07-09 12:48:57,658 [T11] DEBUG JobRequest
Callback - State: Ready


2024-07-09 12:48:57,659 [T10] INFO  JobRequest
##############################################################
### STATE: Starting
##############################################################


2024-07-09 12:48:57,661 [T17-ScriptEngine] INFO  JobRunner
RunProcess start

2024-07-09 12:48:57,663 [T17-ScriptEngine] INFO  JobRequest
##############################################################
### STATE: Running
##############################################################


2024-07-09 12:48:57,663 [T17-ScriptEngine] INFO  JobRequest
Last job life cycle state: Running

2024-07-09 12:48:57,674 [T11] DEBUG JobRequest
Callback - State: Starting


2024-07-09 12:48:57,674 [T11] DEBUG JobRequest
Callback - State: Running


2024-07-09 12:48:58,708 [T17-ScriptEngine] DEBUG ScreenCapture
DirectX Screen Capture Initialized.

2024-07-09 12:48:58,790 [T17-ScriptEngine] DEBUG JobRunner
DirectX ScreenCapture Checked.

2024-07-09 12:48:58,816 [T17-ScriptEngine] INFO  JobRequest
##############################################################
### STATE: StartProcess - P_사업자등록번호
##############################################################
08e029a9-7bcd-4f42-a0a6-92c88d8ed7a4
P_사업자등록번호


2024-07-09 12:48:58,867 [T17-ScriptEngine] INFO  JobRequest
**************************************************************
*** TASK: P_사업자등록번호
**************************************************************
 - STEP 1: S678a3761735049cbb3158d828200fd68 (1/3) - (1/26)
 - [1] RunTask


2024-07-09 12:48:58,964 [T17-ScriptEngine] INFO  JobRequest
##############################################################
### STATE: StartTask - T_openExcel
##############################################################
f2901a36-5932-45cd-9185-cc5975f9e501
T_openExcel


2024-07-09 12:48:58,983 [T17-ScriptEngine] INFO  JobRequest
**************************************************************
*** TASK: T_openExcel
**************************************************************
 - STEP 2: S7808cf7f4beb4f1d971398b471c20e76 (1/6) - (2/26)
 - [1] OpenExcel


2024-07-09 12:49:00,828 [T17-ScriptEngine] INFO  JobRequest
 - STEP 3: S0b3e446ed9d2411881635151a2ec7502 (2/6) - (3/26)
 - [2] GetRowCount


2024-07-09 12:49:01,016 [T17-ScriptEngine] INFO  JobRequest
 - STEP 4: Sd99a3a5f361141d4b69bebf15ee12130 (3/6) - (4/26)
 - [3] For


2024-07-09 12:49:01,031 [T17-ScriptEngine] INFO  JobRequest
 - STEP 5: Sfb4fb9f414e0486c921c44f094d674e5 (4/6) - (5/26)
 - [4] ReadString


2024-07-09 12:49:01,142 [T17-ScriptEngine] INFO  JobRequest
 - STEP 6: Sfb4fb9f414e0486c921c44f094d674e5 (4/6) - (5/26)
 - [4] ReadString


2024-07-09 12:49:01,206 [T17-ScriptEngine] INFO  JobRequest
 - STEP 7: Sfb4fb9f414e0486c921c44f094d674e5 (4/6) - (5/26)
 - [4] ReadString


2024-07-09 12:49:01,270 [T17-ScriptEngine] INFO  JobRequest
 - STEP 8: Sfb4fb9f414e0486c921c44f094d674e5 (4/6) - (5/26)
 - [4] ReadString


2024-07-09 12:49:01,333 [T17-ScriptEngine] INFO  JobRequest
 - STEP 9: Sfb4fb9f414e0486c921c44f094d674e5 (4/6) - (5/26)
 - [4] ReadString


2024-07-09 12:49:01,396 [T17-ScriptEngine] INFO  JobRequest
 - STEP 10: Sfb4fb9f414e0486c921c44f094d674e5 (4/6) - (5/26)
 - [4] ReadString


2024-07-09 12:49:01,460 [T17-ScriptEngine] INFO  JobRequest
 - STEP 11: Sfb4fb9f414e0486c921c44f094d674e5 (4/6) - (5/26)
 - [4] ReadString


2024-07-09 12:49:01,522 [T17-ScriptEngine] INFO  JobRequest
 - STEP 12: Sc951ad44b4494325bbb827c3a26a3f13 (5/6) - (6/26)
 - [5] End-For


2024-07-09 12:49:01,523 [T17-ScriptEngine] INFO  JobRunner
[PASS] TASK: T_openExcel

2024-07-09 12:49:01,534 [T17-ScriptEngine] INFO  JobRequest
##############################################################
### STATE: EndTask - T_openExcel
##############################################################
f2901a36-5932-45cd-9185-cc5975f9e501
T_openExcel


2024-07-09 12:49:01,553 [T17-ScriptEngine] INFO  JobRequest
**************************************************************
*** TASK: P_사업자등록번호
**************************************************************
 - STEP 13: S6cb47ca040ab4ecaa88b3d739617cf7d (2/3) - (7/26)
 - [2] RunTask


2024-07-09 12:49:01,559 [T17-ScriptEngine] INFO  JobRequest
##############################################################
### STATE: StartTask - T_openChrome
##############################################################
98697117-d7ee-463a-9cdf-242a6c65cde0
T_openChrome


2024-07-09 12:49:01,569 [T17-ScriptEngine] INFO  JobRequest
**************************************************************
*** TASK: T_openChrome
**************************************************************
 - STEP 14: Sb5fc0fbbf7f742b1b0eb4ca4e9461aed (1/15) - (8/26)
 - [1] ChromeOpen


2024-07-09 12:49:04,514 [T12] DEBUG ChromeRemoteConnect
GetRemoteBrowserUsingEndPoint Fail : 하나 이상의 오류가 발생했습니다.

2024-07-09 12:49:04,571 [T12] DEBUG ChromeCommonExtension
extension default locale empty

2024-07-09 12:49:06,133 [T12] DEBUG ChromeCommonExtension
extension default locale empty

2024-07-09 12:49:08,615 [T17-ScriptEngine] INFO  JobRequest
 - STEP 15: Sa603fab6814c4d7cb117746922a5093f (2/15) - (9/26)
 - [2] MouseHover


2024-07-09 12:49:09,115 [T19] INFO  UIAEventHandler
Start UIA event handler

2024-07-09 12:49:10,110 [T19] DEBUG UIAEventHandler
UI Structure Changed Count: 0

2024-07-09 12:49:10,110 [T19] INFO  UIAEventHandler
waiting for 840 msec during the screen structure is changing.

2024-07-09 12:49:10,683 [T19] DEBUG UIAEventHandler
UI Structure Changed Count: 0

2024-07-09 12:49:10,684 [T19] INFO  UIAEventHandler
waiting for 79 msec during the screen structure is changing.

2024-07-09 12:49:11,173 [T17-ScriptEngine] INFO  JobRequest
 - STEP 16: S6b56123d1a634182ab93ef97583ab9a3 (3/15) - (10/26)
 - [3] Click


2024-07-09 12:49:11,570 [T10] DEBUG UIAEventHandler
UI Structure Changed Count: 0

2024-07-09 12:49:11,570 [T10] INFO  UIAEventHandler
waiting for 320 msec during the screen structure is changing.

2024-07-09 12:49:11,762 [T10] DEBUG UIAEventHandler
UI Structure Changed Count: 0

2024-07-09 12:49:11,762 [T10] INFO  UIAEventHandler
waiting for 71 msec during the screen structure is changing.

2024-07-09 12:49:12,409 [T17-ScriptEngine] INFO  JobRequest
 - STEP 17: S7a95858056ae4e03a56df23a461c14ca (4/15) - (11/26)
 - [4] Click


2024-07-09 12:49:12,661 [T19] DEBUG UIAEventHandler
UI Structure Changed Count: 0

2024-07-09 12:49:12,661 [T19] INFO  UIAEventHandler
waiting for 216 msec during the screen structure is changing.

2024-07-09 12:49:14,893 [T17-ScriptEngine] INFO  JobRequest
 - STEP 18: Sac5c942adf484174b35aeb5e4df012ef (5/15) - (12/26)
 - [5] For


2024-07-09 12:49:14,910 [T17-ScriptEngine] INFO  JobRequest
 - STEP 19: S8d916959da9a498099c90b60afc4d961 (6/15) - (13/26)
 - [6] SetText


2024-07-09 12:49:15,893 [T6] DEBUG UIAEventHandler
UI Structure Changed Count: 0

2024-07-09 12:49:15,893 [T6] INFO  UIAEventHandler
waiting for 728 msec during the screen structure is changing.

2024-07-09 12:49:16,788 [T17-ScriptEngine] INFO  JobRequest
 - STEP 20: Sf2aaac9b269c4a5fa881e96697027c07 (7/15) - (14/26)
 - [7] Click


2024-07-09 12:49:17,644 [T25] DEBUG UIAEventHandler
UI Structure Changed Count: 0

2024-07-09 12:49:17,644 [T25] INFO  UIAEventHandler
waiting for 822 msec during the screen structure is changing.

2024-07-09 12:49:17,885 [T25] DEBUG UIAEventHandler
UI Structure Changed Count: 0

2024-07-09 12:49:17,885 [T25] INFO  UIAEventHandler
waiting for 104 msec during the screen structure is changing.

2024-07-09 12:49:18,498 [T17-ScriptEngine] INFO  JobRequest
 - STEP 21: Sf0a20b508264403eab25ab8a3731b40f (8/15) - (15/26)
 - [8] IsExist


2024-07-09 12:49:19,043 [T17-ScriptEngine] DEBUG TemplateMatchingChecker
ImageMatching Score: 0.000. Matching count(0). TargetImage(X:-1, Y:-1, 431x96) in SearchImage(431x96)

2024-07-09 12:49:19,226 [T17-ScriptEngine] DEBUG TemplateMatchingChecker
ImageMatching Score: 0.000. Matching count(0). TargetImage(X:-1, Y:-1, 431x96) in SearchImage(1293x288)

2024-07-09 12:49:19,484 [T17-ScriptEngine] DEBUG TemplateMatchingChecker
ImageMatching Score: 0.000. Matching count(0). TargetImage(X:-1, Y:-1, 431x96) in SearchImage(1920x864)

2024-07-09 12:49:19,821 [T17-ScriptEngine] DEBUG TemplateMatchingChecker
ImageMatching Score: 0.000. Matching count(0). TargetImage(X:-1, Y:-1, 431x96) in SearchImage(1920x1200)

2024-07-09 12:49:20,200 [T17-ScriptEngine] DEBUG TemplateMatchingChecker
ImageMatching Score: 0.000. Matching count(0). TargetImage(X:-1, Y:-1, 431x96) in SearchImage(1920x1200)

2024-07-09 12:49:20,496 [T17-ScriptEngine] DEBUG TemplateMatchingChecker
ImageMatching Score: 0.000. Matching count(0). TargetImage(X:-1, Y:-1, 431x96) in SearchImage(1920x1200)

2024-07-09 12:49:20,821 [T17-ScriptEngine] DEBUG TemplateMatchingChecker
ImageMatching Score: 0.000. Matching count(0). TargetImage(X:-1, Y:-1, 431x96) in SearchImage(1920x1200)

2024-07-09 12:49:21,148 [T17-ScriptEngine] DEBUG TemplateMatchingChecker
ImageMatching Score: 0.000. Matching count(0). TargetImage(X:-1, Y:-1, 431x96) in SearchImage(1920x1200)

2024-07-09 12:49:21,484 [T17-ScriptEngine] DEBUG TemplateMatchingChecker
ImageMatching Score: 0.000. Matching count(0). TargetImage(X:-1, Y:-1, 431x96) in SearchImage(1920x1200)

2024-07-09 12:49:21,732 [T17-ScriptEngine] INFO  ImageCompareValidator
Find Result Score: 0

2024-07-09 12:49:22,061 [T17-ScriptEngine] INFO  JobRequest
 - STEP 22: Sdfefa047406448c48182e57e3302f879 (9/15) - (16/26)
 - [9] IfElse


2024-07-09 12:49:22,077 [T17-ScriptEngine] INFO  JobRequest
 - STEP 23: Sc1515d977c144683b0337da4a0072c55 (11/15) - (18/26)
 - [11] Else


2024-07-09 12:49:22,093 [T17-ScriptEngine] INFO  JobRequest
 - STEP 24: Sfa87d34a06e44bbf9c2590405282a1ed (12/15) - (19/26)
 - [12] GetText


2024-07-09 12:49:22,790 [T26] DEBUG UIAEventHandler
UI Structure Changed Count: 0

2024-07-09 12:49:22,790 [T26] INFO  UIAEventHandler
waiting for 662 msec during the screen structure is changing.

2024-07-09 12:49:22,963 [T26] DEBUG UIAEventHandler
UI Structure Changed Count: 0

2024-07-09 12:49:22,963 [T26] INFO  UIAEventHandler
waiting for 71 msec during the screen structure is changing.

2024-07-09 12:49:22,979 [T17-ScriptEngine] INFO  JobRequest
 - STEP 25: Sc4e6b0d4a7c1460eb320e4e47a13a03f (13/15) - (20/26)
 - [13] End-IfElse


2024-07-09 12:49:22,995 [T17-ScriptEngine] INFO  JobRequest
 - STEP 26: S8d916959da9a498099c90b60afc4d961 (6/15) - (20/26)
 - [6] SetText


2024-07-09 12:49:23,862 [T23] DEBUG UIAEventHandler
UI Structure Changed Count: 0

2024-07-09 12:49:23,862 [T23] INFO  UIAEventHandler
waiting for 842 msec during the screen structure is changing.

2024-07-09 12:49:24,100 [T17-ScriptEngine] INFO  JobRequest
 - STEP 27: Sf2aaac9b269c4a5fa881e96697027c07 (7/15) - (20/26)
 - [7] Click


2024-07-09 12:49:24,986 [T23] DEBUG UIAEventHandler
UI Structure Changed Count: 0

2024-07-09 12:49:24,986 [T23] INFO  UIAEventHandler
waiting for 863 msec during the screen structure is changing.

2024-07-09 12:49:25,175 [T23] DEBUG UIAEventHandler
UI Structure Changed Count: 0

2024-07-09 12:49:25,175 [T23] INFO  UIAEventHandler
waiting for 72 msec during the screen structure is changing.

2024-07-09 12:49:25,811 [T17-ScriptEngine] INFO  JobRequest
 - STEP 28: Sf0a20b508264403eab25ab8a3731b40f (8/15) - (20/26)
 - [8] IsExist


2024-07-09 12:49:25,942 [T17-ScriptEngine] DEBUG TemplateMatchingChecker
ImageMatching Score: 0.000. Matching count(0). TargetImage(X:-1, Y:-1, 431x96) in SearchImage(431x96)

2024-07-09 12:49:26,106 [T17-ScriptEngine] DEBUG TemplateMatchingChecker
ImageMatching Score: 0.000. Matching count(0). TargetImage(X:-1, Y:-1, 431x96) in SearchImage(1293x288)

2024-07-09 12:49:26,335 [T17-ScriptEngine] DEBUG TemplateMatchingChecker
ImageMatching Score: 0.000. Matching count(0). TargetImage(X:-1, Y:-1, 431x96) in SearchImage(1920x864)

2024-07-09 12:49:26,626 [T17-ScriptEngine] DEBUG TemplateMatchingChecker
ImageMatching Score: 0.000. Matching count(0). TargetImage(X:-1, Y:-1, 431x96) in SearchImage(1920x1200)

2024-07-09 12:49:26,959 [T17-ScriptEngine] DEBUG TemplateMatchingChecker
ImageMatching Score: 0.000. Matching count(0). TargetImage(X:-1, Y:-1, 431x96) in SearchImage(1920x1200)

2024-07-09 12:49:27,289 [T17-ScriptEngine] DEBUG TemplateMatchingChecker
ImageMatching Score: 0.000. Matching count(0). TargetImage(X:-1, Y:-1, 431x96) in SearchImage(1920x1200)

2024-07-09 12:49:27,683 [T17-ScriptEngine] DEBUG TemplateMatchingChecker
ImageMatching Score: 0.000. Matching count(0). TargetImage(X:-1, Y:-1, 431x96) in SearchImage(1920x1200)

2024-07-09 12:49:28,100 [T17-ScriptEngine] DEBUG TemplateMatchingChecker
ImageMatching Score: 0.000. Matching count(0). TargetImage(X:-1, Y:-1, 431x96) in SearchImage(1920x1200)

2024-07-09 12:49:28,413 [T17-ScriptEngine] DEBUG TemplateMatchingChecker
ImageMatching Score: 0.000. Matching count(0). TargetImage(X:-1, Y:-1, 431x96) in SearchImage(1920x1200)

2024-07-09 12:49:28,727 [T17-ScriptEngine] DEBUG TemplateMatchingChecker
ImageMatching Score: 0.000. Matching count(0). TargetImage(X:-1, Y:-1, 431x96) in SearchImage(1920x1200)

2024-07-09 12:49:28,937 [T17-ScriptEngine] INFO  ImageCompareValidator
Find Result Score: 0

2024-07-09 12:49:29,267 [T17-ScriptEngine] INFO  JobRequest
 - STEP 29: Sdfefa047406448c48182e57e3302f879 (9/15) - (20/26)
 - [9] IfElse


2024-07-09 12:49:29,283 [T17-ScriptEngine] INFO  JobRequest
 - STEP 30: Sc1515d977c144683b0337da4a0072c55 (11/15) - (20/26)
 - [11] Else


2024-07-09 12:49:29,299 [T17-ScriptEngine] INFO  JobRequest
 - STEP 31: Sfa87d34a06e44bbf9c2590405282a1ed (12/15) - (20/26)
 - [12] GetText


2024-07-09 12:49:29,971 [T24] DEBUG UIAEventHandler
UI Structure Changed Count: 0

2024-07-09 12:49:29,971 [T24] INFO  UIAEventHandler
waiting for 652 msec during the screen structure is changing.

2024-07-09 12:49:30,161 [T24] DEBUG UIAEventHandler
UI Structure Changed Count: 0

2024-07-09 12:49:30,161 [T24] INFO  UIAEventHandler
waiting for 75 msec during the screen structure is changing.

2024-07-09 12:49:30,177 [T17-ScriptEngine] INFO  JobRequest
 - STEP 32: Sc4e6b0d4a7c1460eb320e4e47a13a03f (13/15) - (20/26)
 - [13] End-IfElse


2024-07-09 12:49:30,193 [T17-ScriptEngine] INFO  JobRequest
 - STEP 33: S8d916959da9a498099c90b60afc4d961 (6/15) - (20/26)
 - [6] SetText


2024-07-09 12:49:31,050 [T27] DEBUG UIAEventHandler
UI Structure Changed Count: 0

2024-07-09 12:49:31,050 [T27] INFO  UIAEventHandler
waiting for 837 msec during the screen structure is changing.

2024-07-09 12:49:31,272 [T27] DEBUG UIAEventHandler
UI Structure Changed Count: 0

2024-07-09 12:49:31,273 [T27] INFO  UIAEventHandler
waiting for 107 msec during the screen structure is changing.

2024-07-09 12:49:31,399 [T17-ScriptEngine] INFO  JobRequest
 - STEP 34: Sf2aaac9b269c4a5fa881e96697027c07 (7/15) - (20/26)
 - [7] Click


2024-07-09 12:49:32,173 [T29] DEBUG UIAEventHandler
UI Structure Changed Count: 0

2024-07-09 12:49:32,173 [T29] INFO  UIAEventHandler
waiting for 752 msec during the screen structure is changing.

2024-07-09 12:49:32,380 [T29] DEBUG UIAEventHandler
UI Structure Changed Count: 0

2024-07-09 12:49:32,380 [T29] INFO  UIAEventHandler
waiting for 102 msec during the screen structure is changing.

2024-07-09 12:49:33,000 [T17-ScriptEngine] INFO  JobRequest
 - STEP 35: Sf0a20b508264403eab25ab8a3731b40f (8/15) - (20/26)
 - [8] IsExist


2024-07-09 12:49:33,098 [T17-ScriptEngine] DEBUG TemplateMatchingChecker
ImageMatching Score: 0.000. Matching count(0). TargetImage(X:-1, Y:-1, 431x96) in SearchImage(431x96)

2024-07-09 12:49:33,246 [T17-ScriptEngine] DEBUG TemplateMatchingChecker
ImageMatching Score: 0.000. Matching count(0). TargetImage(X:-1, Y:-1, 431x96) in SearchImage(1293x288)

2024-07-09 12:49:33,466 [T17-ScriptEngine] DEBUG TemplateMatchingChecker
ImageMatching Score: 0.000. Matching count(0). TargetImage(X:-1, Y:-1, 431x96) in SearchImage(1920x864)

2024-07-09 12:49:33,829 [T17-ScriptEngine] DEBUG TemplateMatchingChecker
ImageMatching Score: 0.000. Matching count(0). TargetImage(X:-1, Y:-1, 431x96) in SearchImage(1920x1200)

2024-07-09 12:49:34,199 [T17-ScriptEngine] DEBUG TemplateMatchingChecker
ImageMatching Score: 0.000. Matching count(0). TargetImage(X:-1, Y:-1, 431x96) in SearchImage(1920x1200)

2024-07-09 12:49:34,504 [T17-ScriptEngine] DEBUG TemplateMatchingChecker
ImageMatching Score: 0.000. Matching count(0). TargetImage(X:-1, Y:-1, 431x96) in SearchImage(1920x1200)

2024-07-09 12:49:34,831 [T17-ScriptEngine] DEBUG TemplateMatchingChecker
ImageMatching Score: 0.000. Matching count(0). TargetImage(X:-1, Y:-1, 431x96) in SearchImage(1920x1200)

2024-07-09 12:49:35,162 [T17-ScriptEngine] DEBUG TemplateMatchingChecker
ImageMatching Score: 0.000. Matching count(0). TargetImage(X:-1, Y:-1, 431x96) in SearchImage(1920x1200)

2024-07-09 12:49:35,498 [T17-ScriptEngine] DEBUG TemplateMatchingChecker
ImageMatching Score: 0.000. Matching count(0). TargetImage(X:-1, Y:-1, 431x96) in SearchImage(1920x1200)

2024-07-09 12:49:35,911 [T17-ScriptEngine] DEBUG TemplateMatchingChecker
ImageMatching Score: 0.000. Matching count(0). TargetImage(X:-1, Y:-1, 431x96) in SearchImage(1920x1200)

2024-07-09 12:49:36,114 [T17-ScriptEngine] INFO  ImageCompareValidator
Find Result Score: 0

2024-07-09 12:49:36,433 [T17-ScriptEngine] INFO  JobRequest
 - STEP 36: Sdfefa047406448c48182e57e3302f879 (9/15) - (20/26)
 - [9] IfElse


2024-07-09 12:49:36,449 [T17-ScriptEngine] INFO  JobRequest
 - STEP 37: Sc1515d977c144683b0337da4a0072c55 (11/15) - (20/26)
 - [11] Else


2024-07-09 12:49:36,465 [T17-ScriptEngine] INFO  JobRequest
 - STEP 38: Sfa87d34a06e44bbf9c2590405282a1ed (12/15) - (20/26)
 - [12] GetText


2024-07-09 12:49:37,149 [T24] DEBUG UIAEventHandler
UI Structure Changed Count: 0

2024-07-09 12:49:37,149 [T24] INFO  UIAEventHandler
waiting for 665 msec during the screen structure is changing.

2024-07-09 12:49:37,384 [T24] DEBUG UIAEventHandler
UI Structure Changed Count: 0

2024-07-09 12:49:37,384 [T24] INFO  UIAEventHandler
waiting for 113 msec during the screen structure is changing.

2024-07-09 12:49:37,400 [T17-ScriptEngine] INFO  JobRequest
 - STEP 39: Sc4e6b0d4a7c1460eb320e4e47a13a03f (13/15) - (20/26)
 - [13] End-IfElse


2024-07-09 12:49:37,416 [T17-ScriptEngine] INFO  JobRequest
 - STEP 40: S8d916959da9a498099c90b60afc4d961 (6/15) - (20/26)
 - [6] SetText


2024-07-09 12:49:38,281 [T23] DEBUG UIAEventHandler
UI Structure Changed Count: 0

2024-07-09 12:49:38,281 [T23] INFO  UIAEventHandler
waiting for 843 msec during the screen structure is changing.

2024-07-09 12:49:38,486 [T23] DEBUG UIAEventHandler
UI Structure Changed Count: 0

2024-07-09 12:49:38,486 [T23] INFO  UIAEventHandler
waiting for 107 msec during the screen structure is changing.

2024-07-09 12:49:38,626 [T17-ScriptEngine] INFO  JobRequest
 - STEP 41: Sf2aaac9b269c4a5fa881e96697027c07 (7/15) - (20/26)
 - [7] Click


2024-07-09 12:49:39,386 [T27] DEBUG UIAEventHandler
UI Structure Changed Count: 0

2024-07-09 12:49:39,386 [T27] INFO  UIAEventHandler
waiting for 736 msec during the screen structure is changing.

2024-07-09 12:49:39,560 [T27] DEBUG UIAEventHandler
UI Structure Changed Count: 0

2024-07-09 12:49:39,560 [T27] INFO  UIAEventHandler
waiting for 65 msec during the screen structure is changing.

2024-07-09 12:49:40,186 [T17-ScriptEngine] INFO  JobRequest
 - STEP 42: Sf0a20b508264403eab25ab8a3731b40f (8/15) - (20/26)
 - [8] IsExist


2024-07-09 12:49:40,286 [T17-ScriptEngine] DEBUG TemplateMatchingChecker
ImageMatching Score: 0.000. Matching count(0). TargetImage(X:-1, Y:-1, 431x96) in SearchImage(431x96)

2024-07-09 12:49:40,444 [T17-ScriptEngine] DEBUG TemplateMatchingChecker
ImageMatching Score: 0.000. Matching count(0). TargetImage(X:-1, Y:-1, 431x96) in SearchImage(1293x288)

2024-07-09 12:49:40,676 [T17-ScriptEngine] DEBUG TemplateMatchingChecker
ImageMatching Score: 0.000. Matching count(0). TargetImage(X:-1, Y:-1, 431x96) in SearchImage(1920x864)

2024-07-09 12:49:40,983 [T17-ScriptEngine] DEBUG TemplateMatchingChecker
ImageMatching Score: 0.000. Matching count(0). TargetImage(X:-1, Y:-1, 431x96) in SearchImage(1920x1200)

2024-07-09 12:49:41,305 [T17-ScriptEngine] DEBUG TemplateMatchingChecker
ImageMatching Score: 0.000. Matching count(0). TargetImage(X:-1, Y:-1, 431x96) in SearchImage(1920x1200)

2024-07-09 12:49:41,656 [T17-ScriptEngine] DEBUG TemplateMatchingChecker
ImageMatching Score: 0.000. Matching count(0). TargetImage(X:-1, Y:-1, 431x96) in SearchImage(1920x1200)

2024-07-09 12:49:42,074 [T17-ScriptEngine] DEBUG TemplateMatchingChecker
ImageMatching Score: 0.000. Matching count(0). TargetImage(X:-1, Y:-1, 431x96) in SearchImage(1920x1200)

2024-07-09 12:49:42,394 [T17-ScriptEngine] DEBUG TemplateMatchingChecker
ImageMatching Score: 0.000. Matching count(0). TargetImage(X:-1, Y:-1, 431x96) in SearchImage(1920x1200)

2024-07-09 12:49:42,717 [T17-ScriptEngine] DEBUG TemplateMatchingChecker
ImageMatching Score: 0.000. Matching count(0). TargetImage(X:-1, Y:-1, 431x96) in SearchImage(1920x1200)

2024-07-09 12:49:43,060 [T17-ScriptEngine] DEBUG TemplateMatchingChecker
ImageMatching Score: 0.000. Matching count(0). TargetImage(X:-1, Y:-1, 431x96) in SearchImage(1920x1200)

2024-07-09 12:49:43,367 [T17-ScriptEngine] DEBUG TemplateMatchingChecker
ImageMatching Score: 0.000. Matching count(0). TargetImage(X:-1, Y:-1, 431x96) in SearchImage(1920x1200)

2024-07-09 12:49:43,604 [T17-ScriptEngine] INFO  ImageCompareValidator
Find Result Score: 0

2024-07-09 12:49:43,921 [T17-ScriptEngine] INFO  JobRequest
 - STEP 43: Sdfefa047406448c48182e57e3302f879 (9/15) - (20/26)
 - [9] IfElse


2024-07-09 12:49:43,937 [T17-ScriptEngine] INFO  JobRequest
 - STEP 44: Sc1515d977c144683b0337da4a0072c55 (11/15) - (20/26)
 - [11] Else


2024-07-09 12:49:43,953 [T17-ScriptEngine] INFO  JobRequest
 - STEP 45: Sfa87d34a06e44bbf9c2590405282a1ed (12/15) - (20/26)
 - [12] GetText


2024-07-09 12:49:44,652 [T30] DEBUG UIAEventHandler
UI Structure Changed Count: 0

2024-07-09 12:49:44,652 [T30] INFO  UIAEventHandler
waiting for 675 msec during the screen structure is changing.

2024-07-09 12:49:44,859 [T30] DEBUG UIAEventHandler
UI Structure Changed Count: 0

2024-07-09 12:49:44,859 [T30] INFO  UIAEventHandler
waiting for 106 msec during the screen structure is changing.

2024-07-09 12:49:44,874 [T17-ScriptEngine] INFO  JobRequest
 - STEP 46: Sc4e6b0d4a7c1460eb320e4e47a13a03f (13/15) - (20/26)
 - [13] End-IfElse


2024-07-09 12:49:44,890 [T17-ScriptEngine] INFO  JobRequest
 - STEP 47: S8d916959da9a498099c90b60afc4d961 (6/15) - (20/26)
 - [6] SetText


2024-07-09 12:49:45,757 [T30] DEBUG UIAEventHandler
UI Structure Changed Count: 0

2024-07-09 12:49:45,757 [T30] INFO  UIAEventHandler
waiting for 844 msec during the screen structure is changing.

2024-07-09 12:49:45,994 [T17-ScriptEngine] INFO  JobRequest
 - STEP 48: Sf2aaac9b269c4a5fa881e96697027c07 (7/15) - (20/26)
 - [7] Click


2024-07-09 12:49:46,868 [T25] DEBUG UIAEventHandler
UI Structure Changed Count: 0

2024-07-09 12:49:46,868 [T25] INFO  UIAEventHandler
waiting for 851 msec during the screen structure is changing.

2024-07-09 12:49:47,090 [T25] DEBUG UIAEventHandler
UI Structure Changed Count: 0

2024-07-09 12:49:47,090 [T25] INFO  UIAEventHandler
waiting for 114 msec during the screen structure is changing.

2024-07-09 12:49:47,706 [T17-ScriptEngine] INFO  JobRequest
 - STEP 49: Sf0a20b508264403eab25ab8a3731b40f (8/15) - (20/26)
 - [8] IsExist


2024-07-09 12:49:47,828 [T17-ScriptEngine] DEBUG TemplateMatchingChecker
ImageMatching Score: 0.000. Matching count(0). TargetImage(X:-1, Y:-1, 431x96) in SearchImage(431x96)

2024-07-09 12:49:47,987 [T17-ScriptEngine] DEBUG TemplateMatchingChecker
ImageMatching Score: 0.000. Matching count(0). TargetImage(X:-1, Y:-1, 431x96) in SearchImage(1293x288)

2024-07-09 12:49:48,227 [T17-ScriptEngine] DEBUG TemplateMatchingChecker
ImageMatching Score: 0.000. Matching count(0). TargetImage(X:-1, Y:-1, 431x96) in SearchImage(1920x864)

2024-07-09 12:49:48,523 [T17-ScriptEngine] DEBUG TemplateMatchingChecker
ImageMatching Score: 0.000. Matching count(0). TargetImage(X:-1, Y:-1, 431x96) in SearchImage(1920x1200)

2024-07-09 12:49:48,843 [T17-ScriptEngine] DEBUG TemplateMatchingChecker
ImageMatching Score: 0.000. Matching count(0). TargetImage(X:-1, Y:-1, 431x96) in SearchImage(1920x1200)

2024-07-09 12:49:49,160 [T17-ScriptEngine] DEBUG TemplateMatchingChecker
ImageMatching Score: 0.000. Matching count(0). TargetImage(X:-1, Y:-1, 431x96) in SearchImage(1920x1200)

2024-07-09 12:49:49,491 [T17-ScriptEngine] DEBUG TemplateMatchingChecker
ImageMatching Score: 0.000. Matching count(0). TargetImage(X:-1, Y:-1, 431x96) in SearchImage(1920x1200)

2024-07-09 12:49:49,881 [T17-ScriptEngine] DEBUG TemplateMatchingChecker
ImageMatching Score: 0.000. Matching count(0). TargetImage(X:-1, Y:-1, 431x96) in SearchImage(1920x1200)

2024-07-09 12:49:50,208 [T17-ScriptEngine] DEBUG TemplateMatchingChecker
ImageMatching Score: 0.000. Matching count(0). TargetImage(X:-1, Y:-1, 431x96) in SearchImage(1920x1200)

2024-07-09 12:49:50,543 [T17-ScriptEngine] DEBUG TemplateMatchingChecker
ImageMatching Score: 0.000. Matching count(0). TargetImage(X:-1, Y:-1, 431x96) in SearchImage(1920x1200)

2024-07-09 12:49:50,891 [T17-ScriptEngine] DEBUG TemplateMatchingChecker
ImageMatching Score: 0.000. Matching count(0). TargetImage(X:-1, Y:-1, 431x96) in SearchImage(1920x1200)

2024-07-09 12:49:51,102 [T17-ScriptEngine] INFO  ImageCompareValidator
Find Result Score: 0

2024-07-09 12:49:51,433 [T17-ScriptEngine] INFO  JobRequest
 - STEP 50: Sdfefa047406448c48182e57e3302f879 (9/15) - (20/26)
 - [9] IfElse


2024-07-09 12:49:51,449 [T17-ScriptEngine] INFO  JobRequest
 - STEP 51: Sc1515d977c144683b0337da4a0072c55 (11/15) - (20/26)
 - [11] Else


2024-07-09 12:49:51,465 [T17-ScriptEngine] INFO  JobRequest
 - STEP 52: Sfa87d34a06e44bbf9c2590405282a1ed (12/15) - (20/26)
 - [12] GetText


2024-07-09 12:49:52,142 [T10] DEBUG UIAEventHandler
UI Structure Changed Count: 0

2024-07-09 12:49:52,142 [T10] INFO  UIAEventHandler
waiting for 648 msec during the screen structure is changing.

2024-07-09 12:49:52,350 [T10] DEBUG UIAEventHandler
UI Structure Changed Count: 0

2024-07-09 12:49:52,350 [T10] INFO  UIAEventHandler
waiting for 79 msec during the screen structure is changing.

2024-07-09 12:49:52,366 [T17-ScriptEngine] INFO  JobRequest
 - STEP 53: Sc4e6b0d4a7c1460eb320e4e47a13a03f (13/15) - (20/26)
 - [13] End-IfElse


2024-07-09 12:49:52,382 [T17-ScriptEngine] INFO  JobRequest
 - STEP 54: S8d916959da9a498099c90b60afc4d961 (6/15) - (20/26)
 - [6] SetText


2024-07-09 12:49:53,240 [T23] DEBUG UIAEventHandler
UI Structure Changed Count: 0

2024-07-09 12:49:53,240 [T23] INFO  UIAEventHandler
waiting for 837 msec during the screen structure is changing.

2024-07-09 12:49:53,416 [T23] DEBUG UIAEventHandler
UI Structure Changed Count: 0

2024-07-09 12:49:53,416 [T23] INFO  UIAEventHandler
waiting for 81 msec during the screen structure is changing.

2024-07-09 12:49:53,543 [T17-ScriptEngine] INFO  JobRequest
 - STEP 55: Sf2aaac9b269c4a5fa881e96697027c07 (7/15) - (20/26)
 - [7] Click


2024-07-09 12:49:54,317 [T24] DEBUG UIAEventHandler
UI Structure Changed Count: 0

2024-07-09 12:49:54,317 [T24] INFO  UIAEventHandler
waiting for 749 msec during the screen structure is changing.

2024-07-09 12:49:54,522 [T24] DEBUG UIAEventHandler
UI Structure Changed Count: 0

2024-07-09 12:49:54,522 [T24] INFO  UIAEventHandler
waiting for 100 msec during the screen structure is changing.

2024-07-09 12:49:55,155 [T17-ScriptEngine] INFO  JobRequest
 - STEP 56: Sf0a20b508264403eab25ab8a3731b40f (8/15) - (20/26)
 - [8] IsExist


2024-07-09 12:49:55,321 [T17-ScriptEngine] DEBUG TemplateMatchingChecker
ImageMatching Score: 0.000. Matching count(0). TargetImage(X:-1, Y:-1, 431x96) in SearchImage(431x96)

2024-07-09 12:49:55,492 [T17-ScriptEngine] DEBUG TemplateMatchingChecker
ImageMatching Score: 100.000. Matching count(1). TargetImage(X:431, Y:96, 431x96) in SearchImage(1293x288)

2024-07-09 12:49:55,682 [T17-ScriptEngine] INFO  ImageCompareValidator
Find Result Score: 99.9999284744263

2024-07-09 12:49:56,013 [T17-ScriptEngine] INFO  JobRequest
 - STEP 57: Sdfefa047406448c48182e57e3302f879 (9/15) - (20/26)
 - [9] IfElse


2024-07-09 12:49:56,029 [T17-ScriptEngine] INFO  JobRequest
 - STEP 58: S2c6dfd22b9c743d09df3ec0e2652446c (10/15) - (20/26)
 - [10] ExecuteScript


2024-07-09 12:50:03,403 [T17-ScriptEngine] WARN  ScriptSupport
[CATCH_STEP_EXCEPTION] Process: P_사업자등록번호
Task: T_openChrome
Step: ExecuteScript (10/15)

ReferenceError: i is not defined

2024-07-09 12:50:03,407 [T17-ScriptEngine] FINE  JobRunner
RunTask ExceptionOccured. TASK: T_openChrome => ReferenceError: i is not defined

2024-07-09 12:50:03,418 [T17-ScriptEngine] INFO  JobRequest
##############################################################
### STATE: EndTask - T_openChrome
##############################################################
98697117-d7ee-463a-9cdf-242a6c65cde0
T_openChrome


2024-07-09 12:50:03,421 [T17-ScriptEngine] DEBUG JobRunner
RunTask ExceptionOccured. TASK: P_사업자등록번호 => Process: P_사업자등록번호
Task: T_openChrome
Step: ExecuteScript (10/15)
ReferenceError: i is not defined

2024-07-09 12:50:03,421 [T17-ScriptEngine] INFO  JobRequest
##############################################################
### STATE: EndProcess - P_사업자등록번호
##############################################################
08e029a9-7bcd-4f42-a0a6-92c88d8ed7a4
P_사업자등록번호


2024-07-09 12:50:03,434 [T17-ScriptEngine] ERROR JobRunner
Process: P_사업자등록번호
Task: T_openChrome
Step: ExecuteScript (10/15)

ReferenceError: i is not defined

[CallStack]
  - T_openChrome: [10] ExecuteScript
  - P_사업자등록번호: [2] RunTask

[Global Variables]
  - sheetName = '사업자번호' (String)
  - resultDataArray = <Too Long> [<undefined>, '부가가치세 일반과세자 입니다.', '국세청에 등록되지 않은 사업자등록번호입니다.', '부가가치세 면세사업자 입니다.', '부가가치세 일반과세자 입니다.' ... 21 more (Array1D)
  - dataArray = <Too Long> ['사업자등록번호 ', '105-87-52629', '111-11-11111', '417-81-01720', '101-81-92326', '101-81-98897', '789456 ... 5 more (Array1D)
  - RESULT = Workbook (Any)

2024-07-09 12:50:03,435 [T17-ScriptEngine] DEBUG JobManager
Set Result State: ExceptionOccured

2024-07-09 12:50:03,888 [T17-ScriptEngine] INFO  JobRunner
Make report.

2024-07-09 12:50:03,933 [T17-ScriptEngine] INFO  JobRunner
Start to clean up resources.

2024-07-09 12:50:03,935 [T17-ScriptEngine] DEBUG JobRunner
OnProcessFailed

2024-07-09 12:50:03,935 [T24] DEBUG JobRunner
Start timer for checking the job to be completed.

2024-07-09 12:50:03,939 [T17-ScriptEngine] DEBUG ExcelBase
DisposeExcel

2024-07-09 12:50:03,972 [T17-ScriptEngine] INFO  JobRunner
Start to clean up resources.

2024-07-09 12:50:03,974 [T17-ScriptEngine] DEBUG JobRunner
Remove all libraries

2024-07-09 12:50:03,976 [T17-ScriptEngine] DEBUG NetPlayer
WebPlayer OnDispose

2024-07-09 12:50:03,977 [T17-ScriptEngine] DEBUG WebPlayer
WebPlayer OnDispose : Do Nothing

2024-07-09 12:50:03,978 [T17-ScriptEngine] DEBUG UIAEventHandler
Stop UIA event handler

2024-07-09 12:50:03,991 [T17-ScriptEngine] DEBUG UiaAppHelper
WinHelper DisposeAppList Count: 0

2024-07-09 12:50:03,992 [T17-ScriptEngine] INFO  JobRunner
All Resources Clear

2024-07-09 12:50:03,994 [T17-ScriptEngine] DEBUG JobRunner
OnCompleted

2024-07-09 12:50:03,995 [T17-ScriptEngine] DEBUG JobRunner
SendJobResult: ExceptionOccured

2024-07-09 12:50:03,995 [T17-ScriptEngine] INFO  JobRequest
##############################################################
### STATE: ExceptionOccured
##############################################################
Process: P_사업자등록번호
Task: T_openChrome
Step: ExecuteScript (10/15)

ReferenceError: i is not defined

[CallStack]
  - T_openChrome: [10] ExecuteScript
  - P_사업자등록번호: [2] RunTask

[Global Variables]
  - sheetName = '사업자번호' (String)
  - resultDataArray = <Too Long> [<undefined>, '부가가치세 일반과세자 입니다.', '국세청에 등록되지 않은 사업자등록번호입니다.', '부가가치세 면세사업자 입니다.', '부가가치세 일반과세자 입니다.' ... 21 more (Array1D)
  - dataArray = <Too Long> ['사업자등록번호 ', '105-87-52629', '111-11-11111', '417-81-01720', '101-81-92326', '101-81-98897', '789456 ... 5 more (Array1D)
  - RESULT = Workbook (Any)


2024-07-09 12:50:03,995 [T17-ScriptEngine] INFO  JobRequest
Last job life cycle state: ExceptionOccured

2024-07-09 12:50:04,006 [T17-ScriptEngine] INFO  JobRequest
##############################################################
### JOB COMPLETED
##############################################################


2024-07-09 12:50:04,013 [T11] DEBUG JobRequest
Callback - State: ExceptionOccured
Process: P_사업자등록번호
Task: T_openChrome
Step: ExecuteScript (10/15)

ReferenceError: i is not defined

[CallStack]
  - T_openChrome: [10] ExecuteScript
  - P_사업자등록번호: [2] RunTask

[Global Variables]
  - sheetName = '사업자번호' (String)
  - resultDataArray = <Too Long> [<undefined>, '부가가치세 일반과세자 입니다.', '국세청에 등록되지 않은 사업자등록번호입니다.', '부가가치세 면세사업자 입니다.', '부가가치세 일반과세자 입니다.' ... 21 more (Array1D)
  - dataArray = <Too Long> ['사업자등록번호 ', '105-87-52629', '111-11-11111', '417-81-01720', '101-81-92326', '101-81-98897', '789456 ... 5 more (Array1D)
  - RESULT = Workbook (Any)

2024-07-09 12:50:04,015 [T11] INFO  JobRequest
Callback - EngineClosed

2024-07-09 12:50:04,016 [T11] INFO  JobService
Disconnect agent service

2024-07-09 12:50:04,018 [T11] DEBUG JobRequest
End of Callback Sender

