2024-07-10 08:49:13,598 [T1] INFO  EngineStarter
BOT Engine Start - v3.1.100.11228 at 2024-07-10 오전 8:49:13
EngineID: D_20240710_084912_761
PID : 2200
PPID: 5148
Working Directory: C:\Users\3calss_15\AppData\Roaming\Brity RPA Designer

2024-07-10 08:49:13,620 [T1] INFO  EngineStarter
System Language: ko-KR
Resolution: 1920 x 1200

2024-07-10 08:49:13,930 [T1] INFO  Config
Initialize Config

2024-07-10 08:49:13,971 [T1] DEBUG Config
Config Loaded

2024-07-10 08:49:13,972 [T1] DEBUG Config
Backup config file.

2024-07-10 08:49:13,982 [T1] INFO  Config
Orchestrator Service => https://bwrpa.samsungsds.com:8777

2024-07-10 08:49:13,987 [T1] INFO  Config
Initialize Resource Config

2024-07-10 08:49:14,022 [T1] DEBUG Config
Refresh Language Information

2024-07-10 08:49:14,101 [T1] INFO  Config
All Config Initialized.

2024-07-10 08:49:14,108 [T1] DEBUG KeyManager
Initialize KeyManager

2024-07-10 08:49:14,111 [T1] DEBUG KeyManager
Load device unique id.

2024-07-10 08:49:14,119 [T1] DEBUG KeyManager
Device ID is initialized.

2024-07-10 08:49:15,020 [T5] DEBUG JobService
Connect to agent service

2024-07-10 08:49:15,061 [T5] DEBUG JobService
JobService URL : net.tcp://127.0.0.1:59001/rpa/agent

2024-07-10 08:49:15,061 [T5] DEBUG JobService
Open connection

2024-07-10 08:49:15,074 [T1] DEBUG ApplicationInitializer
InitMode: Thread

2024-07-10 08:49:15,083 [T5] DEBUG JobService
Register engine to agent

2024-07-10 08:49:15,086 [T1] INFO  LibraryManager
Load Libraries - Started

2024-07-10 08:49:15,096 [T5] DEBUG JobService
Engine is connected to agent service.

2024-07-10 08:49:15,096 [T5] DEBUG JobService
Owner Process PID: 5148

2024-07-10 08:49:15,101 [T5] INFO  JobService
Start monitoring owner process is terminated.

2024-07-10 08:49:15,104 [T1] DEBUG AddInLoader
Load Assembly : IPA.Lib.Chrome

2024-07-10 08:49:15,353 [T1] DEBUG AddInLoader
Load Assembly : IPA.Lib.Desktop

2024-07-10 08:49:15,565 [T1] DEBUG AddInLoader
Load Assembly : IPA.Lib.Excel

2024-07-10 08:49:15,752 [T1] DEBUG AddInLoader
Load Assembly : IPA.Lib.Flow

2024-07-10 08:49:15,887 [T1] DEBUG AddInLoader
Load Assembly : IPA.Lib.IE

2024-07-10 08:49:16,009 [T1] DEBUG AddInLoader
Load Assembly : IPA.Lib.ImageConverter

2024-07-10 08:49:16,071 [T1] DEBUG AddInLoader
Load Assembly : IPA.Lib.ImageRecognition

2024-07-10 08:49:16,303 [T1] DEBUG AddInLoader
Load Assembly : IPA.Lib.MicrosoftOCR

2024-07-10 08:49:16,380 [T1] DEBUG AddInLoader
Load Assembly : IPA.Lib.Net

2024-07-10 08:49:16,480 [T1] DEBUG AddInLoader
Load Assembly : IPA.Lib.Orchestra

2024-07-10 08:49:16,576 [T1] DEBUG AddInLoader
Load Assembly : IPA.Lib.ProcessFlow

2024-07-10 08:49:16,685 [T1] DEBUG AddInLoader
Load Assembly : IPA.Lib.SAP

2024-07-10 08:49:16,778 [T1] DEBUG AddInLoader
Load Assembly : IPA.Lib.Web

2024-07-10 08:49:16,901 [T1] DEBUG AddInLoader
Load Assembly : IPA.Lib.Win

2024-07-10 08:49:17,043 [T1] INFO  ScreenCapture
Default Screen Capture Bounds: 0,0,1920,1200

2024-07-10 08:49:17,080 [T1] DEBUG AddInLoader
Load Assembly : BrityRPA.AddIn.NativeApp

2024-07-10 08:49:17,220 [T1] DEBUG AddInLoader
Load Assembly : BrityWorks.AddIn.Outlook

2024-07-10 08:49:17,319 [T1] DEBUG AddInLoader
Load Assembly : BrityWorks.AddIn.Pdf

2024-07-10 08:49:17,431 [T1] DEBUG LibraryManager
Load Library - Chrome

2024-07-10 08:49:17,447 [T1] DEBUG LibraryManager
Load Library - Desktop

2024-07-10 08:49:17,462 [T1] DEBUG LibraryManager
Load Library - Excel

2024-07-10 08:49:17,478 [T1] DEBUG LibraryManager
Load Library - Flow

2024-07-10 08:49:17,493 [T1] DEBUG LibraryManager
Load Library - IE

2024-07-10 08:49:17,509 [T1] DEBUG LibraryManager
Load Library - ImageConverter

2024-07-10 08:49:17,523 [T1] DEBUG LibraryManager
Load Library - ImageRecognition

2024-07-10 08:49:17,539 [T1] DEBUG LibraryManager
Load Library - MicrosoftOCR

2024-07-10 08:49:17,555 [T1] DEBUG LibraryManager
Load Library - NativeApp

2024-07-10 08:49:17,570 [T1] DEBUG LibraryManager
Load Library - Net

2024-07-10 08:49:17,585 [T1] DEBUG LibraryManager
Load Library - Orchestra

2024-07-10 08:49:17,601 [T1] DEBUG LibraryManager
Load Library - Outlook

2024-07-10 08:49:17,616 [T1] DEBUG LibraryManager
Load Library - Pdf

2024-07-10 08:49:17,630 [T1] DEBUG LibraryManager
Load Library - SAP

2024-07-10 08:49:17,645 [T1] DEBUG LibraryManager
Load Library - Web

2024-07-10 08:49:17,661 [T1] DEBUG LibraryManager
Load Library - Win

2024-07-10 08:49:17,676 [T1] DEBUG LibraryManager
Load Library - WorkFlow

2024-07-10 08:49:17,682 [T1] DEBUG LibraryManager
Load built-in script libraries

2024-07-10 08:49:17,719 [T8] INFO  JobService
Start Job: P_부동산공시가격검색 (Foreground)
{
  "JobType": 1,
  "State": 0,
  "IsRunning": false,
  "ResultMessage": null,
  "StartTime": "2024-07-10 08:49:17",
  "EndTime": null,
  "JobId": "Designer_20240710_084917_311",
  "UserAuthentication": null,
  "ProcessPath": "C:\\Users\\3calss_15\\Documents\\Brity RPA Projects\\부동산공시가격검색\\P_부동산공시가격검색.proc",
  "ProcessId": "f5d5e78c-2c49-4e0c-a0f3-ff34a134bb02",
  "ProcessVer": "",
  "ProcessArgs": null,
  "RequesterType": 3,
  "RequesterId": "designer",
  "RequesterPID": 5148,
  "OptionsJsonString": null,
  "TimeoutSec": 0,
  "EngineID": "D_20240710_084912_761",
  "EnginePID": 0,
  "EngineRecommededVersion": "",
  "JobWorkDir": "C:\\Users\\3calss_15\\Documents\\Brity RPA Projects\\부동산공시가격검색\\Histories\\20240710_084917_P_부동산공시가격검색_Designer_20240710_084917_311",
  "JobLogDir": "C:\\Users\\3calss_15\\Documents\\Brity RPA Projects\\부동산공시가격검색\\Histories\\20240710_084917_P_부동산공시가격검색_Designer_20240710_084917_311\\Log",
  "JobScreenshotDir": "C:\\Users\\3calss_15\\Documents\\Brity RPA Projects\\부동산공시가격검색\\Histories\\20240710_084917_P_부동산공시가격검색_Designer_20240710_084917_311\\Log\\Screenshot"
}

2024-07-10 08:49:17,879 [T7] DEBUG JobService
Waiting library loading...

2024-07-10 08:49:18,056 [T1] INFO  LibraryManager
Load Libraries - Completed.

2024-07-10 08:49:18,075 [T1] INFO  App
Launch Arguments: Total: 6 |  -eid D_20240710_084912_761 -runtype ProcRunner -ppid 5148

2024-07-10 08:49:18,076 [T1] DEBUG Config
Refresh Language Information

2024-07-10 08:49:18,076 [T1] DEBUG LibraryManager
LibraryManager Initialized.

2024-07-10 08:49:18,091 [T7] DEBUG Config
Reload User Settings

2024-07-10 08:49:18,095 [T7] INFO  JobService
Config Loading Completed.

2024-07-10 08:49:18,095 [T7] DEBUG JobService
Config Loading Time: 216 ms.

2024-07-10 08:49:18,106 [T7] DEBUG JobService
Check Shared Token

2024-07-10 08:49:18,107 [T7] DEBUG TokenManager
Load connection token

2024-07-10 08:49:18,110 [T7] DEBUG TokenManager
Clear Connection Token - No Shared Token

2024-07-10 08:49:18,179 [T1] DEBUG ServerInformationClient
Request server feature list

2024-07-10 08:49:18,401 [T1] INFO  ServerInformationClient
Server feature update successful

2024-07-10 08:49:18,405 [T1] INFO  ServerInformationClient
It takes 238 milliseconds to try to update the server feature list.

2024-07-10 08:49:18,405 [T1] INFO  Config
Update server features to config.

2024-07-10 08:49:18,440 [T7] INFO  JobService
Shared Token - No Token

2024-07-10 08:49:18,446 [T7] INFO  JobManager
Create JobManager instance for job P_부동산공시가격검색(Designer_20240710_084917_311)

2024-07-10 08:49:18,453 [T7] INFO  JobRequest
Job ID : Designer_20240710_084917_311
Project Path  : C:\Users\3calss_15\Documents\Brity RPA Projects\부동산공시가격검색\부동산공시가격검색.proj
Process Name  : P_부동산공시가격검색
Engine Mode   : Designer
Requester Type: Designer
Requester PID : 5148

2024-07-10 08:49:18,456 [T6] INFO  JobRequest
Start Callback Sender

2024-07-10 08:49:18,456 [T6] DEBUG JobRequest
Step Callback Interval: 500

2024-07-10 08:49:18,502 [T7] DEBUG ProjectManager
Set Project Information

2024-07-10 08:49:18,534 [T7] INFO  PlayOptionManager
PlayOption
- Step Interval : 1
- Disable DrawBounds : False
- Invoke First : False
- Allow Upload of DumpScreen results : False

2024-07-10 08:49:18,535 [T7] INFO  JobRunner
Initialize Script Engine

2024-07-10 08:49:18,554 [T14-ScriptEngine] INFO  JobRequest
##############################################################
### STATE: Initializing
##############################################################


2024-07-10 08:49:18,587 [T6] DEBUG JobRequest
Callback - State: Initializing


2024-07-10 08:49:19,508 [T14-ScriptEngine] INFO  JobRequest
##############################################################
### STATE: Ready
##############################################################


2024-07-10 08:49:19,517 [T6] DEBUG JobRequest
Callback - State: Ready


2024-07-10 08:49:19,521 [T7] INFO  JobRunnerHook
HotKey Hook Started

2024-07-10 08:49:19,522 [T7] INFO  JobRequest
##############################################################
### STATE: Starting
##############################################################


2024-07-10 08:49:19,524 [T14-ScriptEngine] INFO  JobRunner
RunProcess start

2024-07-10 08:49:19,526 [T14-ScriptEngine] INFO  JobRequest
##############################################################
### STATE: Running
##############################################################


2024-07-10 08:49:19,526 [T14-ScriptEngine] INFO  JobRequest
Last job life cycle state: Running

2024-07-10 08:49:19,532 [T6] DEBUG JobRequest
Callback - State: Starting


2024-07-10 08:49:19,548 [T6] DEBUG JobRequest
Callback - State: Running


2024-07-10 08:49:20,573 [T14-ScriptEngine] DEBUG ScreenCapture
DirectX Screen Capture Initialized.

2024-07-10 08:49:20,649 [T14-ScriptEngine] DEBUG JobRunner
DirectX ScreenCapture Checked.

2024-07-10 08:49:20,677 [T14-ScriptEngine] INFO  JobRequest
##############################################################
### STATE: StartProcess - P_부동산공시가격검색
##############################################################
f5d5e78c-2c49-4e0c-a0f3-ff34a134bb02
P_부동산공시가격검색


2024-07-10 08:49:20,742 [T14-ScriptEngine] INFO  JobRequest
**************************************************************
*** TASK: P_부동산공시가격검색
**************************************************************
 - STEP 1: S60b8592450f94f9ba13edc4919220a4d (1/3) - (1/43)
 - [1] RunTask


2024-07-10 08:49:20,846 [T14-ScriptEngine] INFO  JobRequest
##############################################################
### STATE: StartTask - T_openExcell
##############################################################
e7458ea8-ca03-44c6-92a7-2f96d8340d31
T_openExcell


2024-07-10 08:49:20,872 [T14-ScriptEngine] INFO  JobRequest
**************************************************************
*** TASK: T_openExcell
**************************************************************
 - STEP 2: Sed82e57b44a44e9a94e466122fb33bb4 (1/13) - (2/43)
 - [1] OpenExcel


2024-07-10 08:49:22,418 [T14-ScriptEngine] INFO  JobRequest
 - STEP 3: S31727e0a0bc34a65900a160e90e2eed6 (2/13) - (3/43)
 - [2] GetRowCount


2024-07-10 08:49:22,511 [T14-ScriptEngine] INFO  JobRequest
 - STEP 4: Secef2630c1f84285854e919400a3651b (3/13) - (4/43)
 - [3] For


2024-07-10 08:49:22,526 [T14-ScriptEngine] INFO  JobRequest
 - STEP 5: S2d902bd8a139406893f056c05e739063 (4/13) - (5/43)
 - [4] ReadRange


2024-07-10 08:49:22,651 [T14-ScriptEngine] INFO  JobRequest
 - STEP 6: S04b8732fe31c47bab57aab8603c5aa0a (5/13) - (6/43)
 - [5] ReadRange


2024-07-10 08:49:22,698 [T14-ScriptEngine] INFO  JobRequest
 - STEP 7: Sdb2ff21ec2ac47e1bb365e0b176e9c94 (6/13) - (7/43)
 - [6] ReadRange


2024-07-10 08:49:22,744 [T14-ScriptEngine] INFO  JobRequest
 - STEP 8: Sd27bd142102644878828f184f58daa24 (7/13) - (8/43)
 - [7] ReadRange


2024-07-10 08:49:22,789 [T14-ScriptEngine] INFO  JobRequest
 - STEP 9: Sb199f2474cc84189baf76024b565aa22 (8/13) - (9/43)
 - [8] ReadRange


2024-07-10 08:49:22,836 [T14-ScriptEngine] INFO  JobRequest
 - STEP 10: S3e6575205a794d468d0aeb0700a8dd72 (9/13) - (10/43)
 - [9] ReadRange


2024-07-10 08:49:22,881 [T14-ScriptEngine] INFO  JobRequest
 - STEP 11: Sb840f88098e142c789f1e4a77f416445 (10/13) - (11/43)
 - [10] ReadRange


2024-07-10 08:49:22,927 [T14-ScriptEngine] INFO  JobRequest
 - STEP 12: Sa80a5ba9aa63490fa9b7b836e6ee334a (11/13) - (12/43)
 - [11] ReadRange


2024-07-10 08:49:22,974 [T14-ScriptEngine] INFO  JobRequest
 - STEP 13: S2d902bd8a139406893f056c05e739063 (4/13) - (12/43)
 - [4] ReadRange


2024-07-10 08:49:23,037 [T14-ScriptEngine] INFO  JobRequest
 - STEP 14: S04b8732fe31c47bab57aab8603c5aa0a (5/13) - (12/43)
 - [5] ReadRange


2024-07-10 08:49:23,085 [T14-ScriptEngine] INFO  JobRequest
 - STEP 15: Sdb2ff21ec2ac47e1bb365e0b176e9c94 (6/13) - (12/43)
 - [6] ReadRange


2024-07-10 08:49:23,149 [T14-ScriptEngine] INFO  JobRequest
 - STEP 16: Sd27bd142102644878828f184f58daa24 (7/13) - (12/43)
 - [7] ReadRange


2024-07-10 08:49:23,196 [T14-ScriptEngine] INFO  JobRequest
 - STEP 17: Sb199f2474cc84189baf76024b565aa22 (8/13) - (12/43)
 - [8] ReadRange


2024-07-10 08:49:23,242 [T14-ScriptEngine] INFO  JobRequest
 - STEP 18: S3e6575205a794d468d0aeb0700a8dd72 (9/13) - (12/43)
 - [9] ReadRange


2024-07-10 08:49:23,274 [T14-ScriptEngine] INFO  JobRequest
 - STEP 19: Sb840f88098e142c789f1e4a77f416445 (10/13) - (12/43)
 - [10] ReadRange


2024-07-10 08:49:23,305 [T14-ScriptEngine] INFO  JobRequest
 - STEP 20: Sa80a5ba9aa63490fa9b7b836e6ee334a (11/13) - (12/43)
 - [11] ReadRange


2024-07-10 08:49:23,336 [T14-ScriptEngine] INFO  JobRequest
 - STEP 21: S2d902bd8a139406893f056c05e739063 (4/13) - (12/43)
 - [4] ReadRange


2024-07-10 08:49:23,384 [T14-ScriptEngine] INFO  JobRequest
 - STEP 22: S04b8732fe31c47bab57aab8603c5aa0a (5/13) - (12/43)
 - [5] ReadRange


2024-07-10 08:49:23,416 [T14-ScriptEngine] INFO  JobRequest
 - STEP 23: Sdb2ff21ec2ac47e1bb365e0b176e9c94 (6/13) - (12/43)
 - [6] ReadRange


2024-07-10 08:49:23,463 [T14-ScriptEngine] INFO  JobRequest
 - STEP 24: Sd27bd142102644878828f184f58daa24 (7/13) - (12/43)
 - [7] ReadRange


2024-07-10 08:49:23,510 [T14-ScriptEngine] INFO  JobRequest
 - STEP 25: Sb199f2474cc84189baf76024b565aa22 (8/13) - (12/43)
 - [8] ReadRange


2024-07-10 08:49:23,572 [T14-ScriptEngine] INFO  JobRequest
 - STEP 26: S3e6575205a794d468d0aeb0700a8dd72 (9/13) - (12/43)
 - [9] ReadRange


2024-07-10 08:49:23,618 [T14-ScriptEngine] INFO  JobRequest
 - STEP 27: Sb840f88098e142c789f1e4a77f416445 (10/13) - (12/43)
 - [10] ReadRange


2024-07-10 08:49:23,650 [T14-ScriptEngine] INFO  JobRequest
 - STEP 28: Sa80a5ba9aa63490fa9b7b836e6ee334a (11/13) - (12/43)
 - [11] ReadRange


2024-07-10 08:49:23,696 [T14-ScriptEngine] INFO  JobRequest
 - STEP 29: S2d902bd8a139406893f056c05e739063 (4/13) - (12/43)
 - [4] ReadRange


2024-07-10 08:49:23,727 [T14-ScriptEngine] INFO  JobRequest
 - STEP 30: S04b8732fe31c47bab57aab8603c5aa0a (5/13) - (12/43)
 - [5] ReadRange


2024-07-10 08:49:23,773 [T14-ScriptEngine] INFO  JobRequest
 - STEP 31: Sdb2ff21ec2ac47e1bb365e0b176e9c94 (6/13) - (12/43)
 - [6] ReadRange


2024-07-10 08:49:23,819 [T14-ScriptEngine] INFO  JobRequest
 - STEP 32: Sd27bd142102644878828f184f58daa24 (7/13) - (12/43)
 - [7] ReadRange


2024-07-10 08:49:23,851 [T14-ScriptEngine] INFO  JobRequest
 - STEP 33: Sb199f2474cc84189baf76024b565aa22 (8/13) - (12/43)
 - [8] ReadRange


2024-07-10 08:49:23,897 [T14-ScriptEngine] INFO  JobRequest
 - STEP 34: S3e6575205a794d468d0aeb0700a8dd72 (9/13) - (12/43)
 - [9] ReadRange


2024-07-10 08:49:23,943 [T14-ScriptEngine] INFO  JobRequest
 - STEP 35: Sb840f88098e142c789f1e4a77f416445 (10/13) - (12/43)
 - [10] ReadRange


2024-07-10 08:49:23,975 [T14-ScriptEngine] INFO  JobRequest
 - STEP 36: Sa80a5ba9aa63490fa9b7b836e6ee334a (11/13) - (12/43)
 - [11] ReadRange


2024-07-10 08:49:24,021 [T14-ScriptEngine] INFO  JobRequest
 - STEP 37: S2d902bd8a139406893f056c05e739063 (4/13) - (12/43)
 - [4] ReadRange


2024-07-10 08:49:24,066 [T14-ScriptEngine] INFO  JobRequest
 - STEP 38: S04b8732fe31c47bab57aab8603c5aa0a (5/13) - (12/43)
 - [5] ReadRange


2024-07-10 08:49:24,112 [T14-ScriptEngine] INFO  JobRequest
 - STEP 39: Sdb2ff21ec2ac47e1bb365e0b176e9c94 (6/13) - (12/43)
 - [6] ReadRange


2024-07-10 08:49:24,158 [T14-ScriptEngine] INFO  JobRequest
 - STEP 40: Sd27bd142102644878828f184f58daa24 (7/13) - (12/43)
 - [7] ReadRange


2024-07-10 08:49:24,206 [T14-ScriptEngine] INFO  JobRequest
 - STEP 41: Sb199f2474cc84189baf76024b565aa22 (8/13) - (12/43)
 - [8] ReadRange


2024-07-10 08:49:24,238 [T14-ScriptEngine] INFO  JobRequest
 - STEP 42: S3e6575205a794d468d0aeb0700a8dd72 (9/13) - (12/43)
 - [9] ReadRange


2024-07-10 08:49:24,270 [T14-ScriptEngine] INFO  JobRequest
 - STEP 43: Sb840f88098e142c789f1e4a77f416445 (10/13) - (12/43)
 - [10] ReadRange


2024-07-10 08:49:24,302 [T14-ScriptEngine] INFO  JobRequest
 - STEP 44: Sa80a5ba9aa63490fa9b7b836e6ee334a (11/13) - (12/43)
 - [11] ReadRange


2024-07-10 08:49:24,349 [T14-ScriptEngine] INFO  JobRequest
 - STEP 45: S74077ad569c9415a8602ebcffe11f851 (12/13) - (13/43)
 - [12] End-For


2024-07-10 08:49:24,364 [T14-ScriptEngine] INFO  JobRequest
 - STEP 46: S20c5280d5f5e4ad0a5e6c01eca248456 (13/13) - (14/43)
 - [13] MessageBox


2024-07-10 08:49:24,426 [T14-ScriptEngine] INFO  ScriptSupport
7

2024-07-10 08:49:27,449 [T14-ScriptEngine] INFO  JobRunner
[PASS] TASK: T_openExcell

2024-07-10 08:49:27,465 [T14-ScriptEngine] INFO  JobRequest
##############################################################
### STATE: EndTask - T_openExcell
##############################################################
e7458ea8-ca03-44c6-92a7-2f96d8340d31
T_openExcell


2024-07-10 08:49:27,479 [T14-ScriptEngine] INFO  JobRequest
**************************************************************
*** TASK: P_부동산공시가격검색
**************************************************************
 - STEP 47: S7f09a40ca8464b01a548d2c84363b3f1 (2/3) - (15/43)
 - [2] RunTask


2024-07-10 08:49:27,517 [T14-ScriptEngine] INFO  JobRequest
##############################################################
### STATE: StartTask - T_openChrome
##############################################################
b58cad97-e558-460a-91d5-4375e18c2bc3
T_openChrome


2024-07-10 08:49:27,526 [T14-ScriptEngine] INFO  JobRequest
**************************************************************
*** TASK: T_openChrome
**************************************************************
 - STEP 48: Sd8267c5e18bc487c9ab059c276a1bd99 (1/28) - (16/43)
 - [1] ChromeOpen


2024-07-10 08:49:27,705 [T4] DEBUG ChromeCommonExtension
extension default locale empty

2024-07-10 08:49:30,462 [T4] DEBUG ChromeCommonExtension
extension default locale empty

2024-07-10 08:49:34,253 [T14-ScriptEngine] INFO  JobRequest
 - STEP 49: S4f5480b3343b4e67b776358208b7fab3 (3/28) - (17/43)
 - [3] Click


2024-07-10 08:49:34,442 [T20] INFO  UIAEventHandler
Start UIA event handler

2024-07-10 08:49:35,453 [T20] DEBUG UIAEventHandler
UI Structure Changed Count: 0

2024-07-10 08:49:35,453 [T20] INFO  UIAEventHandler
waiting for 344 msec during the screen structure is changing.

2024-07-10 08:49:35,853 [T20] DEBUG UIAEventHandler
UI Structure Changed Count: 1

2024-07-10 08:49:35,965 [T20] INFO  UIAEventHandler
waiting for 227 msec during the screen structure is changing.

2024-07-10 08:49:36,669 [T14-ScriptEngine] INFO  JobRequest
 - STEP 50: S2c75024769524a0db5a09775fbd62128 (4/28) - (18/43)
 - [4] For


2024-07-10 08:49:36,686 [T14-ScriptEngine] INFO  JobRequest
 - STEP 51: Sf82ccd4d17464423994204f33dc4951e (5/28) - (19/43)
 - [5] ChromeSelectListItem


2024-07-10 08:49:37,229 [T14-ScriptEngine] INFO  JobRequest
 - STEP 52: S3356583838aa4c8b8ce68061f220a74c (6/28) - (20/43)
 - [6] ChromeSelectListItem


2024-07-10 08:49:49,429 [T8] INFO  JobService
PauseJob

2024-07-10 08:49:49,429 [T8] INFO  JobRunner
Try Pause

2024-07-10 08:49:49,429 [T8] INFO  JobRequest
##############################################################
### STATE: Paused
##############################################################


2024-07-10 08:49:49,429 [T8] INFO  JobRequest
Last job life cycle state: Paused

2024-07-10 08:49:49,446 [T6] DEBUG JobRequest
Callback - State: Paused


2024-07-10 08:49:52,368 [T14-ScriptEngine] INFO  JobRunner
Try Pause - Skip (Not Running: Paused)

2024-07-10 08:50:29,359 [T8] INFO  JobService
Stop Job

2024-07-10 08:50:29,361 [T8] INFO  JobRunner
Stop Job Runner - Cause: LocalUser / Message: stop by user

2024-07-10 08:50:29,361 [T8] INFO  JobRequest
##############################################################
### STATE: Stopping
##############################################################
stop by user


2024-07-10 08:50:29,366 [T6] DEBUG JobRequest
Callback - State: Stopping
stop by user

2024-07-10 08:50:29,370 [T14-ScriptEngine] DEBUG JobRunner
RunTask Interrupted. TASK: T_openChrome => Script execution interrupted by host

2024-07-10 08:50:29,372 [T14-ScriptEngine] DEBUG JobRunner
RunTask Interrupted. TASK: P_부동산공시가격검색 => 스레드가 대기 상태에서 인터럽트되었습니다.

2024-07-10 08:50:29,391 [T14-ScriptEngine] DEBUG JobManager
Set Result State: Stopped

2024-07-10 08:50:29,396 [T14-ScriptEngine] INFO  JobRunner
Make report.

2024-07-10 08:50:29,445 [T14-ScriptEngine] INFO  JobRunner
Start to clean up resources.

2024-07-10 08:50:29,447 [T14-ScriptEngine] DEBUG JobRunner
OnProcessCompleted

2024-07-10 08:50:29,448 [T33] DEBUG JobRunner
Start timer for checking the job to be completed.

2024-07-10 08:50:29,452 [T14-ScriptEngine] DEBUG ExcelBase
DisposeExcel

2024-07-10 08:50:29,500 [T14-ScriptEngine] INFO  JobRunner
Start to clean up resources.

2024-07-10 08:50:29,501 [T14-ScriptEngine] DEBUG JobRunner
Remove all Process Stack: 2

2024-07-10 08:50:29,502 [T14-ScriptEngine] INFO  JobRequest
##############################################################
### STATE: EndTask - T_openChrome
##############################################################
b58cad97-e558-460a-91d5-4375e18c2bc3
T_openChrome


2024-07-10 08:50:29,502 [T14-ScriptEngine] INFO  JobRequest
##############################################################
### STATE: EndProcess - P_부동산공시가격검색
##############################################################
f5d5e78c-2c49-4e0c-a0f3-ff34a134bb02
P_부동산공시가격검색


2024-07-10 08:50:29,504 [T14-ScriptEngine] DEBUG JobRunner
Remove all libraries

2024-07-10 08:50:29,505 [T14-ScriptEngine] DEBUG NetPlayer
WebPlayer OnDispose

2024-07-10 08:50:29,507 [T14-ScriptEngine] DEBUG WebPlayer
WebPlayer OnDispose : Do Nothing

2024-07-10 08:50:29,507 [T14-ScriptEngine] DEBUG UIAEventHandler
Stop UIA event handler

2024-07-10 08:50:29,553 [T14-ScriptEngine] DEBUG UiaAppHelper
WinHelper DisposeAppList Count: 0

2024-07-10 08:50:29,553 [T14-ScriptEngine] INFO  JobRunner
All Resources Clear

2024-07-10 08:50:29,556 [T14-ScriptEngine] DEBUG JobRunner
OnCompleted

2024-07-10 08:50:29,557 [T14-ScriptEngine] DEBUG JobRunner
SendJobResult: Stopped

2024-07-10 08:50:29,557 [T14-ScriptEngine] INFO  JobRequest
##############################################################
### STATE: Stopped
##############################################################
Process: P_부동산공시가격검색
Task: T_openChrome
Step: ChromeSelectListItem (6/28)

Stopped by User


2024-07-10 08:50:29,557 [T14-ScriptEngine] INFO  JobRequest
Last job life cycle state: Stopped

2024-07-10 08:50:29,557 [T14-ScriptEngine] INFO  JobRequest
Update skipped current step informations.

2024-07-10 08:50:29,563 [T14-ScriptEngine] INFO  JobRequest
##############################################################
### JOB COMPLETED
##############################################################


2024-07-10 08:50:29,570 [T6] DEBUG JobRequest
Callback - State: Stopped
Process: P_부동산공시가격검색
Task: T_openChrome
Step: ChromeSelectListItem (6/28)

Stopped by User

2024-07-10 08:50:29,573 [T6] INFO  JobRequest
Callback - EngineClosed

2024-07-10 08:50:29,574 [T6] INFO  JobService
Disconnect agent service

2024-07-10 08:50:29,574 [T6] DEBUG JobRequest
End of Callback Sender

