2024-07-11 15:53:53,579 [T1] INFO  EngineStarter
BOT Engine Start - v3.1.100.11228 at 2024-07-11 오후 3:53:53
EngineID: D_20240711_155352_862
PID : 11792
PPID: 8732
Working Directory: C:\Users\3calss_15\AppData\Roaming\Brity RPA Designer

2024-07-11 15:53:53,597 [T1] INFO  EngineStarter
System Language: ko-KR
Resolution: 1920 x 1200

2024-07-11 15:53:53,825 [T1] INFO  Config
Initialize Config

2024-07-11 15:53:53,863 [T1] DEBUG Config
Config Loaded

2024-07-11 15:53:53,864 [T1] DEBUG Config
Backup config file.

2024-07-11 15:53:53,873 [T1] INFO  Config
Orchestrator Service => https://bwrpa.samsungsds.com:8777

2024-07-11 15:53:53,877 [T1] INFO  Config
Initialize Resource Config

2024-07-11 15:53:53,900 [T1] DEBUG Config
Refresh Language Information

2024-07-11 15:53:53,962 [T1] INFO  Config
All Config Initialized.

2024-07-11 15:53:53,969 [T1] DEBUG KeyManager
Initialize KeyManager

2024-07-11 15:53:53,971 [T1] DEBUG KeyManager
Load device unique id.

2024-07-11 15:53:53,977 [T1] DEBUG KeyManager
Device ID is initialized.

2024-07-11 15:53:54,049 [T5] DEBUG JobService
Connect to agent service

2024-07-11 15:53:54,078 [T1] DEBUG ApplicationInitializer
InitMode: Thread

2024-07-11 15:53:54,078 [T5] DEBUG JobService
JobService URL : net.tcp://127.0.0.1:59001/rpa/agent

2024-07-11 15:53:54,078 [T5] DEBUG JobService
Open connection

2024-07-11 15:53:54,085 [T1] INFO  LibraryManager
Load Libraries - Started

2024-07-11 15:53:54,098 [T1] DEBUG AddInLoader
Load Assembly : IPA.Lib.Chrome

2024-07-11 15:53:54,103 [T5] DEBUG JobService
Register engine to agent

2024-07-11 15:53:54,122 [T5] DEBUG JobService
Engine is connected to agent service.

2024-07-11 15:53:54,122 [T5] DEBUG JobService
Owner Process PID: 8732

2024-07-11 15:53:54,125 [T5] INFO  JobService
Start monitoring owner process is terminated.

2024-07-11 15:53:54,315 [T1] DEBUG AddInLoader
Load Assembly : IPA.Lib.Desktop

2024-07-11 15:53:54,458 [T8] INFO  JobService
Start Job: P_사업자등록번호 (Foreground)
{
  "JobType": 1,
  "State": 0,
  "IsRunning": false,
  "ResultMessage": null,
  "StartTime": "2024-07-11 15:53:52",
  "EndTime": null,
  "JobId": "Designer_20240711_155352_592",
  "UserAuthentication": null,
  "ProcessPath": "C:\\Users\\3calss_15\\Documents\\Brity RPA Projects\\사업자등록번호\\P_사업자등록번호.proc",
  "ProcessId": "08e029a9-7bcd-4f42-a0a6-92c88d8ed7a4",
  "ProcessVer": "",
  "ProcessArgs": null,
  "RequesterType": 3,
  "RequesterId": "designer",
  "RequesterPID": 8732,
  "OptionsJsonString": null,
  "TimeoutSec": 0,
  "EngineID": "D_20240711_155352_862",
  "EnginePID": 0,
  "EngineRecommededVersion": "",
  "JobWorkDir": "C:\\Users\\3calss_15\\Documents\\Brity RPA Projects\\사업자등록번호\\Histories\\20240711_155352_P_사업자등록번호_Designer_20240711_155352_592",
  "JobLogDir": "C:\\Users\\3calss_15\\Documents\\Brity RPA Projects\\사업자등록번호\\Histories\\20240711_155352_P_사업자등록번호_Designer_20240711_155352_592\\Log",
  "JobScreenshotDir": "C:\\Users\\3calss_15\\Documents\\Brity RPA Projects\\사업자등록번호\\Histories\\20240711_155352_P_사업자등록번호_Designer_20240711_155352_592\\Log\\Screenshot"
}

2024-07-11 15:53:54,492 [T1] DEBUG AddInLoader
Load Assembly : IPA.Lib.Excel

2024-07-11 15:53:54,605 [T7] DEBUG JobService
Waiting library loading...

2024-07-11 15:53:54,701 [T1] DEBUG AddInLoader
Load Assembly : IPA.Lib.Flow

2024-07-11 15:53:54,857 [T1] DEBUG AddInLoader
Load Assembly : IPA.Lib.IE

2024-07-11 15:53:54,939 [T1] DEBUG AddInLoader
Load Assembly : IPA.Lib.ImageConverter

2024-07-11 15:53:54,990 [T1] DEBUG AddInLoader
Load Assembly : IPA.Lib.ImageRecognition

2024-07-11 15:53:55,156 [T1] DEBUG AddInLoader
Load Assembly : IPA.Lib.MicrosoftOCR

2024-07-11 15:53:55,208 [T1] DEBUG AddInLoader
Load Assembly : IPA.Lib.Net

2024-07-11 15:53:55,281 [T1] DEBUG AddInLoader
Load Assembly : IPA.Lib.Orchestra

2024-07-11 15:53:55,352 [T1] DEBUG AddInLoader
Load Assembly : IPA.Lib.ProcessFlow

2024-07-11 15:53:55,428 [T1] DEBUG AddInLoader
Load Assembly : IPA.Lib.SAP

2024-07-11 15:53:55,498 [T1] DEBUG AddInLoader
Load Assembly : IPA.Lib.Web

2024-07-11 15:53:55,593 [T1] DEBUG AddInLoader
Load Assembly : IPA.Lib.Win

2024-07-11 15:53:55,705 [T1] INFO  ScreenCapture
Default Screen Capture Bounds: 0,0,1920,1200

2024-07-11 15:53:55,732 [T1] DEBUG AddInLoader
Load Assembly : BrityRPA.AddIn.NativeApp

2024-07-11 15:53:55,830 [T1] DEBUG AddInLoader
Load Assembly : BrityWorks.AddIn.Outlook

2024-07-11 15:53:55,892 [T1] DEBUG AddInLoader
Load Assembly : BrityWorks.AddIn.Pdf

2024-07-11 15:53:55,970 [T1] DEBUG LibraryManager
Load Library - Chrome

2024-07-11 15:53:55,985 [T1] DEBUG LibraryManager
Load Library - Desktop

2024-07-11 15:53:56,001 [T1] DEBUG LibraryManager
Load Library - Excel

2024-07-11 15:53:56,017 [T1] DEBUG LibraryManager
Load Library - Flow

2024-07-11 15:53:56,032 [T1] DEBUG LibraryManager
Load Library - IE

2024-07-11 15:53:56,048 [T1] DEBUG LibraryManager
Load Library - ImageConverter

2024-07-11 15:53:56,064 [T1] DEBUG LibraryManager
Load Library - ImageRecognition

2024-07-11 15:53:56,079 [T1] DEBUG LibraryManager
Load Library - MicrosoftOCR

2024-07-11 15:53:56,095 [T1] DEBUG LibraryManager
Load Library - NativeApp

2024-07-11 15:53:56,126 [T1] DEBUG LibraryManager
Load Library - Net

2024-07-11 15:53:56,142 [T1] DEBUG LibraryManager
Load Library - Orchestra

2024-07-11 15:53:56,158 [T1] DEBUG LibraryManager
Load Library - Outlook

2024-07-11 15:53:56,174 [T1] DEBUG LibraryManager
Load Library - Pdf

2024-07-11 15:53:56,190 [T1] DEBUG LibraryManager
Load Library - SAP

2024-07-11 15:53:56,205 [T1] DEBUG LibraryManager
Load Library - Web

2024-07-11 15:53:56,221 [T1] DEBUG LibraryManager
Load Library - Win

2024-07-11 15:53:56,237 [T1] DEBUG LibraryManager
Load Library - WorkFlow

2024-07-11 15:53:56,254 [T1] DEBUG LibraryManager
Load built-in script libraries

2024-07-11 15:53:56,505 [T1] INFO  LibraryManager
Load Libraries - Completed.

2024-07-11 15:53:56,516 [T1] INFO  App
Launch Arguments: Total: 6 |  -eid D_20240711_155352_862 -runtype ProcRunner -ppid 8732

2024-07-11 15:53:56,516 [T1] DEBUG Config
Refresh Language Information

2024-07-11 15:53:56,517 [T1] DEBUG LibraryManager
LibraryManager Initialized.

2024-07-11 15:53:56,526 [T7] DEBUG Config
Reload User Settings

2024-07-11 15:53:56,534 [T7] INFO  JobService
Config Loading Completed.

2024-07-11 15:53:56,534 [T7] DEBUG JobService
Config Loading Time: 1928 ms.

2024-07-11 15:53:56,538 [T7] DEBUG JobService
Check Shared Token

2024-07-11 15:53:56,539 [T7] DEBUG TokenManager
Load connection token

2024-07-11 15:53:56,542 [T7] DEBUG TokenManager
Clear Connection Token - No Shared Token

2024-07-11 15:53:56,587 [T1] DEBUG ServerInformationClient
Request server feature list

2024-07-11 15:53:56,648 [T1] INFO  ServerInformationClient
Server feature update successful

2024-07-11 15:53:56,652 [T1] INFO  ServerInformationClient
It takes 75 milliseconds to try to update the server feature list.

2024-07-11 15:53:56,652 [T1] INFO  Config
Update server features to config.

2024-07-11 15:53:56,691 [T7] INFO  JobService
Shared Token - No Token

2024-07-11 15:53:56,696 [T7] INFO  JobManager
Create JobManager instance for job P_사업자등록번호(Designer_20240711_155352_592)

2024-07-11 15:53:56,701 [T7] INFO  JobRequest
Job ID : Designer_20240711_155352_592
Project Path  : C:\Users\3calss_15\Documents\Brity RPA Projects\사업자등록번호\사업자등록번호.proj
Process Name  : P_사업자등록번호
Engine Mode   : Designer
Requester Type: Designer
Requester PID : 8732

2024-07-11 15:53:56,704 [T4] INFO  JobRequest
Start Callback Sender

2024-07-11 15:53:56,704 [T4] DEBUG JobRequest
Step Callback Interval: 500

2024-07-11 15:53:56,741 [T7] DEBUG ProjectManager
Set Project Information

2024-07-11 15:53:56,762 [T7] INFO  PlayOptionManager
PlayOption
- Step Interval : 1
- Disable DrawBounds : False
- Invoke First : False
- Allow Upload of DumpScreen results : False

2024-07-11 15:53:56,763 [T7] INFO  JobRunner
Initialize Script Engine

2024-07-11 15:53:56,779 [T13-ScriptEngine] INFO  JobRequest
##############################################################
### STATE: Initializing
##############################################################


2024-07-11 15:53:56,803 [T4] DEBUG JobRequest
Callback - State: Initializing


2024-07-11 15:53:57,564 [T13-ScriptEngine] INFO  JobRequest
##############################################################
### STATE: Ready
##############################################################


2024-07-11 15:53:57,570 [T4] DEBUG JobRequest
Callback - State: Ready


2024-07-11 15:53:57,576 [T7] INFO  JobRunnerHook
HotKey Hook Started

2024-07-11 15:53:57,576 [T7] INFO  JobRequest
##############################################################
### STATE: Starting
##############################################################


2024-07-11 15:53:57,578 [T13-ScriptEngine] INFO  JobRunner
RunProcess start

2024-07-11 15:53:57,580 [T13-ScriptEngine] INFO  JobRequest
##############################################################
### STATE: Running
##############################################################


2024-07-11 15:53:57,580 [T13-ScriptEngine] INFO  JobRequest
Last job life cycle state: Running

2024-07-11 15:53:57,586 [T4] DEBUG JobRequest
Callback - State: Starting


2024-07-11 15:53:57,586 [T4] DEBUG JobRequest
Callback - State: Running


2024-07-11 15:53:58,592 [T13-ScriptEngine] DEBUG ScreenCapture
DirectX Screen Capture Initialized.

2024-07-11 15:53:58,662 [T13-ScriptEngine] DEBUG JobRunner
DirectX ScreenCapture Checked.

2024-07-11 15:53:58,686 [T13-ScriptEngine] INFO  JobRequest
##############################################################
### STATE: StartProcess - P_사업자등록번호
##############################################################
08e029a9-7bcd-4f42-a0a6-92c88d8ed7a4
P_사업자등록번호


2024-07-11 15:53:58,738 [T13-ScriptEngine] INFO  JobRequest
**************************************************************
*** TASK: P_사업자등록번호
**************************************************************
 - STEP 1: S678a3761735049cbb3158d828200fd68 (1/3) - (1/26)
 - [1] RunTask


2024-07-11 15:53:58,826 [T13-ScriptEngine] INFO  JobRequest
##############################################################
### STATE: StartTask - T_openExcel
##############################################################
f2901a36-5932-45cd-9185-cc5975f9e501
T_openExcel


2024-07-11 15:53:58,842 [T13-ScriptEngine] INFO  JobRequest
**************************************************************
*** TASK: T_openExcel
**************************************************************
 - STEP 2: S7808cf7f4beb4f1d971398b471c20e76 (1/6) - (2/26)
 - [1] OpenExcel


2024-07-11 15:54:00,796 [T13-ScriptEngine] INFO  JobRequest
 - STEP 3: S0b3e446ed9d2411881635151a2ec7502 (2/6) - (3/26)
 - [2] GetRowCount


2024-07-11 15:54:00,970 [T13-ScriptEngine] INFO  JobRequest
 - STEP 4: Sd99a3a5f361141d4b69bebf15ee12130 (3/6) - (4/26)
 - [3] For


2024-07-11 15:54:00,986 [T13-ScriptEngine] INFO  JobRequest
 - STEP 5: Sfb4fb9f414e0486c921c44f094d674e5 (4/6) - (5/26)
 - [4] ReadString


2024-07-11 15:54:01,097 [T13-ScriptEngine] INFO  JobRequest
 - STEP 6: Sfb4fb9f414e0486c921c44f094d674e5 (4/6) - (5/26)
 - [4] ReadString


2024-07-11 15:54:01,160 [T13-ScriptEngine] INFO  JobRequest
 - STEP 7: Sfb4fb9f414e0486c921c44f094d674e5 (4/6) - (5/26)
 - [4] ReadString


2024-07-11 15:54:01,222 [T13-ScriptEngine] INFO  JobRequest
 - STEP 8: Sfb4fb9f414e0486c921c44f094d674e5 (4/6) - (5/26)
 - [4] ReadString


2024-07-11 15:54:01,285 [T13-ScriptEngine] INFO  JobRequest
 - STEP 9: Sfb4fb9f414e0486c921c44f094d674e5 (4/6) - (5/26)
 - [4] ReadString


2024-07-11 15:54:01,363 [T13-ScriptEngine] INFO  JobRequest
 - STEP 10: Sfb4fb9f414e0486c921c44f094d674e5 (4/6) - (5/26)
 - [4] ReadString


2024-07-11 15:54:01,443 [T13-ScriptEngine] INFO  JobRequest
 - STEP 11: Sfb4fb9f414e0486c921c44f094d674e5 (4/6) - (5/26)
 - [4] ReadString


2024-07-11 15:54:01,522 [T13-ScriptEngine] INFO  JobRequest
 - STEP 12: Sc951ad44b4494325bbb827c3a26a3f13 (5/6) - (6/26)
 - [5] End-For


2024-07-11 15:54:01,522 [T13-ScriptEngine] INFO  JobRunner
[PASS] TASK: T_openExcel

2024-07-11 15:54:01,535 [T13-ScriptEngine] INFO  JobRequest
##############################################################
### STATE: EndTask - T_openExcel
##############################################################
f2901a36-5932-45cd-9185-cc5975f9e501
T_openExcel


2024-07-11 15:54:01,554 [T13-ScriptEngine] INFO  JobRequest
**************************************************************
*** TASK: P_사업자등록번호
**************************************************************
 - STEP 13: S6cb47ca040ab4ecaa88b3d739617cf7d (2/3) - (7/26)
 - [2] RunTask


2024-07-11 15:54:01,562 [T13-ScriptEngine] INFO  JobRequest
##############################################################
### STATE: StartTask - T_openChrome
##############################################################
98697117-d7ee-463a-9cdf-242a6c65cde0
T_openChrome


2024-07-11 15:54:01,569 [T13-ScriptEngine] INFO  JobRequest
**************************************************************
*** TASK: T_openChrome
**************************************************************
 - STEP 14: Sb5fc0fbbf7f742b1b0eb4ca4e9461aed (1/15) - (8/26)
 - [1] ChromeOpen


2024-07-11 15:54:01,685 [T7] DEBUG ChromeCommonExtension
extension default locale empty

2024-07-11 15:54:07,287 [T7] DEBUG ChromeCommonExtension
extension default locale empty

2024-07-11 15:54:09,250 [T13-ScriptEngine] INFO  JobRequest
 - STEP 15: Sa603fab6814c4d7cb117746922a5093f (2/15) - (9/26)
 - [2] MouseHover


2024-07-11 15:54:09,550 [T14] INFO  UIAEventHandler
Start UIA event handler

2024-07-11 15:54:10,735 [T14] DEBUG UIAEventHandler
UI Structure Changed Count: 0

2024-07-11 15:54:10,739 [T14] INFO  UIAEventHandler
waiting for 993 msec during the screen structure is changing.

2024-07-11 15:54:11,269 [T14] DEBUG UIAEventHandler
UI Structure Changed Count: 0

2024-07-11 15:54:11,269 [T14] INFO  UIAEventHandler
waiting for 99 msec during the screen structure is changing.

2024-07-11 15:54:11,741 [T13-ScriptEngine] INFO  JobRequest
 - STEP 16: S6b56123d1a634182ab93ef97583ab9a3 (3/15) - (10/26)
 - [3] Click


2024-07-11 15:54:12,171 [T22] DEBUG UIAEventHandler
UI Structure Changed Count: 0

2024-07-11 15:54:12,171 [T22] INFO  UIAEventHandler
waiting for 385 msec during the screen structure is changing.

2024-07-11 15:54:12,982 [T13-ScriptEngine] INFO  JobRequest
 - STEP 17: S7a95858056ae4e03a56df23a461c14ca (4/15) - (11/26)
 - [4] Click


2024-07-11 15:54:13,344 [T14] DEBUG UIAEventHandler
UI Structure Changed Count: 0

2024-07-11 15:54:13,344 [T14] INFO  UIAEventHandler
waiting for 305 msec during the screen structure is changing.

2024-07-11 15:54:15,361 [T13-ScriptEngine] INFO  JobRequest
 - STEP 18: Sac5c942adf484174b35aeb5e4df012ef (5/15) - (12/26)
 - [5] For


2024-07-11 15:54:15,377 [T13-ScriptEngine] INFO  JobRequest
 - STEP 19: S8d916959da9a498099c90b60afc4d961 (6/15) - (13/26)
 - [6] SetText


2024-07-11 15:54:16,418 [T7] DEBUG UIAEventHandler
UI Structure Changed Count: 0

2024-07-11 15:54:16,418 [T7] INFO  UIAEventHandler
waiting for 911 msec during the screen structure is changing.

2024-07-11 15:54:16,923 [T7] DEBUG UIAEventHandler
UI Structure Changed Count: 0

2024-07-11 15:54:16,923 [T7] INFO  UIAEventHandler
waiting for 62 msec during the screen structure is changing.

2024-07-11 15:54:17,083 [T13-ScriptEngine] INFO  JobRequest
 - STEP 20: Sf2aaac9b269c4a5fa881e96697027c07 (7/15) - (14/26)
 - [7] Click


2024-07-11 15:54:17,826 [T23] DEBUG UIAEventHandler
UI Structure Changed Count: 0

2024-07-11 15:54:17,826 [T23] INFO  UIAEventHandler
waiting for 712 msec during the screen structure is changing.

2024-07-11 15:54:18,079 [T23] DEBUG UIAEventHandler
UI Structure Changed Count: 0

2024-07-11 15:54:18,079 [T23] INFO  UIAEventHandler
waiting for 108 msec during the screen structure is changing.

2024-07-11 15:54:18,701 [T13-ScriptEngine] INFO  JobRequest
 - STEP 21: Sf0a20b508264403eab25ab8a3731b40f (8/15) - (15/26)
 - [8] IsExist


2024-07-11 15:54:18,870 [T13-ScriptEngine] DEBUG TemplateMatchingChecker
ImageMatching Score: 0.000. Matching count(0). TargetImage(X:-1, Y:-1, 431x96) in SearchImage(431x96)

2024-07-11 15:54:19,004 [T13-ScriptEngine] DEBUG TemplateMatchingChecker
ImageMatching Score: 0.000. Matching count(0). TargetImage(X:-1, Y:-1, 431x96) in SearchImage(1293x288)

2024-07-11 15:54:19,211 [T13-ScriptEngine] DEBUG TemplateMatchingChecker
ImageMatching Score: 0.000. Matching count(0). TargetImage(X:-1, Y:-1, 431x96) in SearchImage(1920x864)

2024-07-11 15:54:19,493 [T13-ScriptEngine] DEBUG TemplateMatchingChecker
ImageMatching Score: 0.000. Matching count(0). TargetImage(X:-1, Y:-1, 431x96) in SearchImage(1920x1200)

2024-07-11 15:54:19,799 [T13-ScriptEngine] DEBUG TemplateMatchingChecker
ImageMatching Score: 0.000. Matching count(0). TargetImage(X:-1, Y:-1, 431x96) in SearchImage(1920x1200)

2024-07-11 15:54:20,240 [T13-ScriptEngine] DEBUG TemplateMatchingChecker
ImageMatching Score: 0.000. Matching count(0). TargetImage(X:-1, Y:-1, 431x96) in SearchImage(1920x1200)

2024-07-11 15:54:20,574 [T13-ScriptEngine] DEBUG TemplateMatchingChecker
ImageMatching Score: 0.000. Matching count(0). TargetImage(X:-1, Y:-1, 431x96) in SearchImage(1920x1200)

2024-07-11 15:54:20,877 [T13-ScriptEngine] DEBUG TemplateMatchingChecker
ImageMatching Score: 0.000. Matching count(0). TargetImage(X:-1, Y:-1, 431x96) in SearchImage(1920x1200)

2024-07-11 15:54:21,187 [T13-ScriptEngine] DEBUG TemplateMatchingChecker
ImageMatching Score: 0.000. Matching count(0). TargetImage(X:-1, Y:-1, 431x96) in SearchImage(1920x1200)

2024-07-11 15:54:21,559 [T13-ScriptEngine] DEBUG TemplateMatchingChecker
ImageMatching Score: 0.000. Matching count(0). TargetImage(X:-1, Y:-1, 431x96) in SearchImage(1920x1200)

2024-07-11 15:54:21,968 [T13-ScriptEngine] DEBUG TemplateMatchingChecker
ImageMatching Score: 0.000. Matching count(0). TargetImage(X:-1, Y:-1, 431x96) in SearchImage(1920x1200)

2024-07-11 15:54:22,202 [T13-ScriptEngine] INFO  ImageCompareValidator
Find Result Score: 0

2024-07-11 15:54:22,531 [T13-ScriptEngine] INFO  JobRequest
 - STEP 22: Sdfefa047406448c48182e57e3302f879 (9/15) - (16/26)
 - [9] IfElse


2024-07-11 15:54:22,547 [T13-ScriptEngine] INFO  JobRequest
 - STEP 23: Sc1515d977c144683b0337da4a0072c55 (11/15) - (18/26)
 - [11] Else


2024-07-11 15:54:22,563 [T13-ScriptEngine] INFO  JobRequest
 - STEP 24: Sfa87d34a06e44bbf9c2590405282a1ed (12/15) - (19/26)
 - [12] GetText


2024-07-11 15:54:23,246 [T31] DEBUG UIAEventHandler
UI Structure Changed Count: 0

2024-07-11 15:54:23,246 [T31] INFO  UIAEventHandler
waiting for 649 msec during the screen structure is changing.

2024-07-11 15:54:23,436 [T31] DEBUG UIAEventHandler
UI Structure Changed Count: 0

2024-07-11 15:54:23,436 [T31] INFO  UIAEventHandler
waiting for 100 msec during the screen structure is changing.

2024-07-11 15:54:23,467 [T13-ScriptEngine] INFO  JobRequest
 - STEP 25: Sc4e6b0d4a7c1460eb320e4e47a13a03f (13/15) - (20/26)
 - [13] End-IfElse


2024-07-11 15:54:23,483 [T13-ScriptEngine] INFO  JobRequest
 - STEP 26: S8d916959da9a498099c90b60afc4d961 (6/15) - (20/26)
 - [6] SetText


2024-07-11 15:54:24,335 [T22] DEBUG UIAEventHandler
UI Structure Changed Count: 0

2024-07-11 15:54:24,335 [T22] INFO  UIAEventHandler
waiting for 808 msec during the screen structure is changing.

2024-07-11 15:54:24,572 [T22] DEBUG UIAEventHandler
UI Structure Changed Count: 0

2024-07-11 15:54:24,572 [T22] INFO  UIAEventHandler
waiting for 100 msec during the screen structure is changing.

2024-07-11 15:54:24,731 [T13-ScriptEngine] INFO  JobRequest
 - STEP 27: Sf2aaac9b269c4a5fa881e96697027c07 (7/15) - (20/26)
 - [7] Click


2024-07-11 15:54:25,477 [T22] DEBUG UIAEventHandler
UI Structure Changed Count: 0

2024-07-11 15:54:25,477 [T22] INFO  UIAEventHandler
waiting for 717 msec during the screen structure is changing.

2024-07-11 15:54:25,730 [T22] DEBUG UIAEventHandler
UI Structure Changed Count: 0

2024-07-11 15:54:25,730 [T22] INFO  UIAEventHandler
waiting for 102 msec during the screen structure is changing.

2024-07-11 15:54:26,331 [T13-ScriptEngine] INFO  JobRequest
 - STEP 28: Sf0a20b508264403eab25ab8a3731b40f (8/15) - (20/26)
 - [8] IsExist


2024-07-11 15:54:26,439 [T13-ScriptEngine] DEBUG TemplateMatchingChecker
ImageMatching Score: 0.000. Matching count(0). TargetImage(X:-1, Y:-1, 431x96) in SearchImage(431x96)

2024-07-11 15:54:26,575 [T13-ScriptEngine] DEBUG TemplateMatchingChecker
ImageMatching Score: 0.000. Matching count(0). TargetImage(X:-1, Y:-1, 431x96) in SearchImage(1293x288)

2024-07-11 15:54:26,788 [T13-ScriptEngine] DEBUG TemplateMatchingChecker
ImageMatching Score: 0.000. Matching count(0). TargetImage(X:-1, Y:-1, 431x96) in SearchImage(1920x864)

2024-07-11 15:54:27,049 [T13-ScriptEngine] DEBUG TemplateMatchingChecker
ImageMatching Score: 0.000. Matching count(0). TargetImage(X:-1, Y:-1, 431x96) in SearchImage(1920x1200)

2024-07-11 15:54:27,355 [T13-ScriptEngine] DEBUG TemplateMatchingChecker
ImageMatching Score: 0.000. Matching count(0). TargetImage(X:-1, Y:-1, 431x96) in SearchImage(1920x1200)

2024-07-11 15:54:27,660 [T13-ScriptEngine] DEBUG TemplateMatchingChecker
ImageMatching Score: 0.000. Matching count(0). TargetImage(X:-1, Y:-1, 431x96) in SearchImage(1920x1200)

2024-07-11 15:54:28,015 [T13-ScriptEngine] DEBUG TemplateMatchingChecker
ImageMatching Score: 0.000. Matching count(0). TargetImage(X:-1, Y:-1, 431x96) in SearchImage(1920x1200)

2024-07-11 15:54:28,399 [T13-ScriptEngine] DEBUG TemplateMatchingChecker
ImageMatching Score: 0.000. Matching count(0). TargetImage(X:-1, Y:-1, 431x96) in SearchImage(1920x1200)

2024-07-11 15:54:28,696 [T13-ScriptEngine] DEBUG TemplateMatchingChecker
ImageMatching Score: 0.000. Matching count(0). TargetImage(X:-1, Y:-1, 431x96) in SearchImage(1920x1200)

2024-07-11 15:54:28,981 [T13-ScriptEngine] DEBUG TemplateMatchingChecker
ImageMatching Score: 0.000. Matching count(0). TargetImage(X:-1, Y:-1, 431x96) in SearchImage(1920x1200)

2024-07-11 15:54:29,284 [T13-ScriptEngine] DEBUG TemplateMatchingChecker
ImageMatching Score: 0.000. Matching count(0). TargetImage(X:-1, Y:-1, 431x96) in SearchImage(1920x1200)

2024-07-11 15:54:29,460 [T13-ScriptEngine] INFO  ImageCompareValidator
Find Result Score: 0

2024-07-11 15:54:29,777 [T13-ScriptEngine] INFO  JobRequest
 - STEP 29: Sdfefa047406448c48182e57e3302f879 (9/15) - (20/26)
 - [9] IfElse


2024-07-11 15:54:29,792 [T13-ScriptEngine] INFO  JobRequest
 - STEP 30: Sc1515d977c144683b0337da4a0072c55 (11/15) - (20/26)
 - [11] Else


2024-07-11 15:54:29,808 [T13-ScriptEngine] INFO  JobRequest
 - STEP 31: Sfa87d34a06e44bbf9c2590405282a1ed (12/15) - (20/26)
 - [12] GetText


2024-07-11 15:54:30,505 [T30] DEBUG UIAEventHandler
UI Structure Changed Count: 0

2024-07-11 15:54:30,505 [T30] INFO  UIAEventHandler
waiting for 661 msec during the screen structure is changing.

2024-07-11 15:54:30,663 [T13-ScriptEngine] INFO  JobRequest
 - STEP 32: Sc4e6b0d4a7c1460eb320e4e47a13a03f (13/15) - (20/26)
 - [13] End-IfElse


2024-07-11 15:54:30,679 [T13-ScriptEngine] INFO  JobRequest
 - STEP 33: S8d916959da9a498099c90b60afc4d961 (6/15) - (20/26)
 - [6] SetText


2024-07-11 15:54:31,663 [T17] DEBUG UIAEventHandler
UI Structure Changed Count: 0

2024-07-11 15:54:31,663 [T17] INFO  UIAEventHandler
waiting for 967 msec during the screen structure is changing.

2024-07-11 15:54:31,852 [T17] DEBUG UIAEventHandler
UI Structure Changed Count: 0

2024-07-11 15:54:31,852 [T17] INFO  UIAEventHandler
waiting for 71 msec during the screen structure is changing.

2024-07-11 15:54:32,028 [T13-ScriptEngine] INFO  JobRequest
 - STEP 34: Sf2aaac9b269c4a5fa881e96697027c07 (7/15) - (20/26)
 - [7] Click


2024-07-11 15:54:32,756 [T6] DEBUG UIAEventHandler
UI Structure Changed Count: 0

2024-07-11 15:54:32,756 [T6] INFO  UIAEventHandler
waiting for 697 msec during the screen structure is changing.

2024-07-11 15:54:33,010 [T6] DEBUG UIAEventHandler
UI Structure Changed Count: 0

2024-07-11 15:54:33,010 [T6] INFO  UIAEventHandler
waiting for 104 msec during the screen structure is changing.

2024-07-11 15:54:33,635 [T13-ScriptEngine] INFO  JobRequest
 - STEP 35: Sf0a20b508264403eab25ab8a3731b40f (8/15) - (20/26)
 - [8] IsExist


2024-07-11 15:54:33,737 [T13-ScriptEngine] DEBUG TemplateMatchingChecker
ImageMatching Score: 0.000. Matching count(0). TargetImage(X:-1, Y:-1, 431x96) in SearchImage(431x96)

2024-07-11 15:54:33,864 [T13-ScriptEngine] DEBUG TemplateMatchingChecker
ImageMatching Score: 0.000. Matching count(0). TargetImage(X:-1, Y:-1, 431x96) in SearchImage(1293x288)

2024-07-11 15:54:34,093 [T13-ScriptEngine] DEBUG TemplateMatchingChecker
ImageMatching Score: 0.000. Matching count(0). TargetImage(X:-1, Y:-1, 431x96) in SearchImage(1920x864)

2024-07-11 15:54:34,405 [T13-ScriptEngine] DEBUG TemplateMatchingChecker
ImageMatching Score: 0.000. Matching count(0). TargetImage(X:-1, Y:-1, 431x96) in SearchImage(1920x1200)

2024-07-11 15:54:34,766 [T13-ScriptEngine] DEBUG TemplateMatchingChecker
ImageMatching Score: 0.000. Matching count(0). TargetImage(X:-1, Y:-1, 431x96) in SearchImage(1920x1200)

2024-07-11 15:54:35,067 [T13-ScriptEngine] DEBUG TemplateMatchingChecker
ImageMatching Score: 0.000. Matching count(0). TargetImage(X:-1, Y:-1, 431x96) in SearchImage(1920x1200)

2024-07-11 15:54:35,401 [T13-ScriptEngine] DEBUG TemplateMatchingChecker
ImageMatching Score: 0.000. Matching count(0). TargetImage(X:-1, Y:-1, 431x96) in SearchImage(1920x1200)

2024-07-11 15:54:35,759 [T13-ScriptEngine] DEBUG TemplateMatchingChecker
ImageMatching Score: 0.000. Matching count(0). TargetImage(X:-1, Y:-1, 431x96) in SearchImage(1920x1200)

2024-07-11 15:54:36,070 [T13-ScriptEngine] DEBUG TemplateMatchingChecker
ImageMatching Score: 0.000. Matching count(0). TargetImage(X:-1, Y:-1, 431x96) in SearchImage(1920x1200)

2024-07-11 15:54:36,432 [T13-ScriptEngine] DEBUG TemplateMatchingChecker
ImageMatching Score: 0.000. Matching count(0). TargetImage(X:-1, Y:-1, 431x96) in SearchImage(1920x1200)

2024-07-11 15:54:36,756 [T13-ScriptEngine] DEBUG TemplateMatchingChecker
ImageMatching Score: 0.000. Matching count(0). TargetImage(X:-1, Y:-1, 431x96) in SearchImage(1920x1200)

2024-07-11 15:54:36,947 [T13-ScriptEngine] INFO  ImageCompareValidator
Find Result Score: 0

2024-07-11 15:54:37,264 [T13-ScriptEngine] INFO  JobRequest
 - STEP 36: Sdfefa047406448c48182e57e3302f879 (9/15) - (20/26)
 - [9] IfElse


2024-07-11 15:54:37,280 [T13-ScriptEngine] INFO  JobRequest
 - STEP 37: Sc1515d977c144683b0337da4a0072c55 (11/15) - (20/26)
 - [11] Else


2024-07-11 15:54:37,296 [T13-ScriptEngine] INFO  JobRequest
 - STEP 38: Sfa87d34a06e44bbf9c2590405282a1ed (12/15) - (20/26)
 - [12] GetText


2024-07-11 15:54:37,981 [T6] DEBUG UIAEventHandler
UI Structure Changed Count: 0

2024-07-11 15:54:37,981 [T6] INFO  UIAEventHandler
waiting for 655 msec during the screen structure is changing.

2024-07-11 15:54:38,186 [T13-ScriptEngine] INFO  JobRequest
 - STEP 39: Sc4e6b0d4a7c1460eb320e4e47a13a03f (13/15) - (20/26)
 - [13] End-IfElse


2024-07-11 15:54:38,202 [T13-ScriptEngine] INFO  JobRequest
 - STEP 40: S8d916959da9a498099c90b60afc4d961 (6/15) - (20/26)
 - [6] SetText


2024-07-11 15:54:39,185 [T27] DEBUG UIAEventHandler
UI Structure Changed Count: 0

2024-07-11 15:54:39,185 [T27] INFO  UIAEventHandler
waiting for 961 msec during the screen structure is changing.

2024-07-11 15:54:39,486 [T13-ScriptEngine] INFO  JobRequest
 - STEP 41: Sf2aaac9b269c4a5fa881e96697027c07 (7/15) - (20/26)
 - [7] Click


2024-07-11 15:54:40,341 [T6] DEBUG UIAEventHandler
UI Structure Changed Count: 0

2024-07-11 15:54:40,341 [T6] INFO  UIAEventHandler
waiting for 817 msec during the screen structure is changing.

2024-07-11 15:54:40,560 [T6] DEBUG UIAEventHandler
UI Structure Changed Count: 0

2024-07-11 15:54:40,560 [T6] INFO  UIAEventHandler
waiting for 100 msec during the screen structure is changing.

2024-07-11 15:54:41,166 [T13-ScriptEngine] INFO  JobRequest
 - STEP 42: Sf0a20b508264403eab25ab8a3731b40f (8/15) - (20/26)
 - [8] IsExist


2024-07-11 15:54:41,260 [T13-ScriptEngine] DEBUG TemplateMatchingChecker
ImageMatching Score: 0.000. Matching count(0). TargetImage(X:-1, Y:-1, 431x96) in SearchImage(431x96)

2024-07-11 15:54:41,393 [T13-ScriptEngine] DEBUG TemplateMatchingChecker
ImageMatching Score: 0.000. Matching count(0). TargetImage(X:-1, Y:-1, 431x96) in SearchImage(1293x288)

2024-07-11 15:54:41,605 [T13-ScriptEngine] DEBUG TemplateMatchingChecker
ImageMatching Score: 0.000. Matching count(0). TargetImage(X:-1, Y:-1, 431x96) in SearchImage(1920x864)

2024-07-11 15:54:41,880 [T13-ScriptEngine] DEBUG TemplateMatchingChecker
ImageMatching Score: 0.000. Matching count(0). TargetImage(X:-1, Y:-1, 431x96) in SearchImage(1920x1200)

2024-07-11 15:54:42,212 [T13-ScriptEngine] DEBUG TemplateMatchingChecker
ImageMatching Score: 0.000. Matching count(0). TargetImage(X:-1, Y:-1, 431x96) in SearchImage(1920x1200)

2024-07-11 15:54:42,560 [T13-ScriptEngine] DEBUG TemplateMatchingChecker
ImageMatching Score: 0.000. Matching count(0). TargetImage(X:-1, Y:-1, 431x96) in SearchImage(1920x1200)

2024-07-11 15:54:42,857 [T13-ScriptEngine] DEBUG TemplateMatchingChecker
ImageMatching Score: 0.000. Matching count(0). TargetImage(X:-1, Y:-1, 431x96) in SearchImage(1920x1200)

2024-07-11 15:54:43,179 [T13-ScriptEngine] DEBUG TemplateMatchingChecker
ImageMatching Score: 0.000. Matching count(0). TargetImage(X:-1, Y:-1, 431x96) in SearchImage(1920x1200)

2024-07-11 15:54:43,484 [T13-ScriptEngine] DEBUG TemplateMatchingChecker
ImageMatching Score: 0.000. Matching count(0). TargetImage(X:-1, Y:-1, 431x96) in SearchImage(1920x1200)

2024-07-11 15:54:43,798 [T13-ScriptEngine] DEBUG TemplateMatchingChecker
ImageMatching Score: 0.000. Matching count(0). TargetImage(X:-1, Y:-1, 431x96) in SearchImage(1920x1200)

2024-07-11 15:54:44,146 [T13-ScriptEngine] DEBUG TemplateMatchingChecker
ImageMatching Score: 0.000. Matching count(0). TargetImage(X:-1, Y:-1, 431x96) in SearchImage(1920x1200)

2024-07-11 15:54:44,375 [T13-ScriptEngine] INFO  ImageCompareValidator
Find Result Score: 0

2024-07-11 15:54:44,692 [T13-ScriptEngine] INFO  JobRequest
 - STEP 43: Sdfefa047406448c48182e57e3302f879 (9/15) - (20/26)
 - [9] IfElse


2024-07-11 15:54:44,708 [T13-ScriptEngine] INFO  JobRequest
 - STEP 44: Sc1515d977c144683b0337da4a0072c55 (11/15) - (20/26)
 - [11] Else


2024-07-11 15:54:44,724 [T13-ScriptEngine] INFO  JobRequest
 - STEP 45: Sfa87d34a06e44bbf9c2590405282a1ed (12/15) - (20/26)
 - [12] GetText


2024-07-11 15:54:45,420 [T30] DEBUG UIAEventHandler
UI Structure Changed Count: 0

2024-07-11 15:54:45,420 [T30] INFO  UIAEventHandler
waiting for 676 msec during the screen structure is changing.

2024-07-11 15:54:45,691 [T30] DEBUG UIAEventHandler
UI Structure Changed Count: 0

2024-07-11 15:54:45,691 [T30] INFO  UIAEventHandler
waiting for 113 msec during the screen structure is changing.

2024-07-11 15:54:45,706 [T13-ScriptEngine] INFO  JobRequest
 - STEP 46: Sc4e6b0d4a7c1460eb320e4e47a13a03f (13/15) - (20/26)
 - [13] End-IfElse


2024-07-11 15:54:45,722 [T13-ScriptEngine] INFO  JobRequest
 - STEP 47: S8d916959da9a498099c90b60afc4d961 (6/15) - (20/26)
 - [6] SetText


2024-07-11 15:54:46,592 [T25] DEBUG UIAEventHandler
UI Structure Changed Count: 0

2024-07-11 15:54:46,592 [T25] INFO  UIAEventHandler
waiting for 827 msec during the screen structure is changing.

2024-07-11 15:54:46,910 [T13-ScriptEngine] INFO  JobRequest
 - STEP 48: Sf2aaac9b269c4a5fa881e96697027c07 (7/15) - (20/26)
 - [7] Click


2024-07-11 15:54:47,751 [T27] DEBUG UIAEventHandler
UI Structure Changed Count: 0

2024-07-11 15:54:47,751 [T27] INFO  UIAEventHandler
waiting for 807 msec during the screen structure is changing.

2024-07-11 15:54:47,971 [T27] DEBUG UIAEventHandler
UI Structure Changed Count: 0

2024-07-11 15:54:47,971 [T27] INFO  UIAEventHandler
waiting for 79 msec during the screen structure is changing.

2024-07-11 15:54:48,572 [T13-ScriptEngine] INFO  JobRequest
 - STEP 49: Sf0a20b508264403eab25ab8a3731b40f (8/15) - (20/26)
 - [8] IsExist


2024-07-11 15:54:48,674 [T13-ScriptEngine] DEBUG TemplateMatchingChecker
ImageMatching Score: 0.000. Matching count(0). TargetImage(X:-1, Y:-1, 431x96) in SearchImage(431x96)

2024-07-11 15:54:48,807 [T13-ScriptEngine] DEBUG TemplateMatchingChecker
ImageMatching Score: 0.000. Matching count(0). TargetImage(X:-1, Y:-1, 431x96) in SearchImage(1293x288)

2024-07-11 15:54:49,011 [T13-ScriptEngine] DEBUG TemplateMatchingChecker
ImageMatching Score: 0.000. Matching count(0). TargetImage(X:-1, Y:-1, 431x96) in SearchImage(1920x864)

2024-07-11 15:54:49,259 [T13-ScriptEngine] DEBUG TemplateMatchingChecker
ImageMatching Score: 0.000. Matching count(0). TargetImage(X:-1, Y:-1, 431x96) in SearchImage(1920x1200)

2024-07-11 15:54:49,561 [T13-ScriptEngine] DEBUG TemplateMatchingChecker
ImageMatching Score: 0.000. Matching count(0). TargetImage(X:-1, Y:-1, 431x96) in SearchImage(1920x1200)

2024-07-11 15:54:49,893 [T13-ScriptEngine] DEBUG TemplateMatchingChecker
ImageMatching Score: 0.000. Matching count(0). TargetImage(X:-1, Y:-1, 431x96) in SearchImage(1920x1200)

2024-07-11 15:54:50,303 [T13-ScriptEngine] DEBUG TemplateMatchingChecker
ImageMatching Score: 0.000. Matching count(0). TargetImage(X:-1, Y:-1, 431x96) in SearchImage(1920x1200)

2024-07-11 15:54:50,624 [T13-ScriptEngine] DEBUG TemplateMatchingChecker
ImageMatching Score: 0.000. Matching count(0). TargetImage(X:-1, Y:-1, 431x96) in SearchImage(1920x1200)

2024-07-11 15:54:50,962 [T13-ScriptEngine] DEBUG TemplateMatchingChecker
ImageMatching Score: 0.000. Matching count(0). TargetImage(X:-1, Y:-1, 431x96) in SearchImage(1920x1200)

2024-07-11 15:54:51,295 [T13-ScriptEngine] DEBUG TemplateMatchingChecker
ImageMatching Score: 0.000. Matching count(0). TargetImage(X:-1, Y:-1, 431x96) in SearchImage(1920x1200)

2024-07-11 15:54:51,625 [T13-ScriptEngine] DEBUG TemplateMatchingChecker
ImageMatching Score: 0.000. Matching count(0). TargetImage(X:-1, Y:-1, 431x96) in SearchImage(1920x1200)

2024-07-11 15:54:51,852 [T13-ScriptEngine] INFO  ImageCompareValidator
Find Result Score: 0

2024-07-11 15:54:52,170 [T13-ScriptEngine] INFO  JobRequest
 - STEP 50: Sdfefa047406448c48182e57e3302f879 (9/15) - (20/26)
 - [9] IfElse


2024-07-11 15:54:52,186 [T13-ScriptEngine] INFO  JobRequest
 - STEP 51: Sc1515d977c144683b0337da4a0072c55 (11/15) - (20/26)
 - [11] Else


2024-07-11 15:54:52,202 [T13-ScriptEngine] INFO  JobRequest
 - STEP 52: Sfa87d34a06e44bbf9c2590405282a1ed (12/15) - (20/26)
 - [12] GetText


2024-07-11 15:54:52,899 [T31] DEBUG UIAEventHandler
UI Structure Changed Count: 0

2024-07-11 15:54:52,899 [T31] INFO  UIAEventHandler
waiting for 678 msec during the screen structure is changing.

2024-07-11 15:54:53,091 [T13-ScriptEngine] INFO  JobRequest
 - STEP 53: Sc4e6b0d4a7c1460eb320e4e47a13a03f (13/15) - (20/26)
 - [13] End-IfElse


2024-07-11 15:54:53,107 [T13-ScriptEngine] INFO  JobRequest
 - STEP 54: S8d916959da9a498099c90b60afc4d961 (6/15) - (20/26)
 - [6] SetText


2024-07-11 15:54:54,075 [T27] DEBUG UIAEventHandler
UI Structure Changed Count: 0

2024-07-11 15:54:54,076 [T27] INFO  UIAEventHandler
waiting for 950 msec during the screen structure is changing.

2024-07-11 15:54:54,328 [T27] DEBUG UIAEventHandler
UI Structure Changed Count: 0

2024-07-11 15:54:54,328 [T27] INFO  UIAEventHandler
waiting for 98 msec during the screen structure is changing.

2024-07-11 15:54:54,471 [T13-ScriptEngine] INFO  JobRequest
 - STEP 55: Sf2aaac9b269c4a5fa881e96697027c07 (7/15) - (20/26)
 - [7] Click


2024-07-11 15:54:55,231 [T6] DEBUG UIAEventHandler
UI Structure Changed Count: 0

2024-07-11 15:54:55,231 [T6] INFO  UIAEventHandler
waiting for 737 msec during the screen structure is changing.

2024-07-11 15:54:55,980 [T13-ScriptEngine] INFO  JobRequest
 - STEP 56: Sf0a20b508264403eab25ab8a3731b40f (8/15) - (20/26)
 - [8] IsExist


2024-07-11 15:54:56,085 [T13-ScriptEngine] DEBUG TemplateMatchingChecker
ImageMatching Score: 0.000. Matching count(0). TargetImage(X:-1, Y:-1, 431x96) in SearchImage(431x96)

2024-07-11 15:54:56,239 [T13-ScriptEngine] DEBUG TemplateMatchingChecker
ImageMatching Score: 100.000. Matching count(1). TargetImage(X:431, Y:96, 431x96) in SearchImage(1293x288)

2024-07-11 15:54:56,467 [T13-ScriptEngine] INFO  ImageCompareValidator
Find Result Score: 99.9999713897705

2024-07-11 15:54:56,782 [T13-ScriptEngine] INFO  JobRequest
 - STEP 57: Sdfefa047406448c48182e57e3302f879 (9/15) - (20/26)
 - [9] IfElse


2024-07-11 15:54:56,798 [T13-ScriptEngine] INFO  JobRequest
 - STEP 58: S2c6dfd22b9c743d09df3ec0e2652446c (10/15) - (20/26)
 - [10] ExecuteScript


2024-07-11 15:54:56,813 [T13-ScriptEngine] INFO  JobRequest
 - STEP 59: Sc4e6b0d4a7c1460eb320e4e47a13a03f (13/15) - (20/26)
 - [13] End-IfElse


2024-07-11 15:54:56,828 [T13-ScriptEngine] INFO  JobRequest
 - STEP 60: S8a85c4ad9c3240989eb9e936afe86859 (14/15) - (21/26)
 - [14] End-For


2024-07-11 15:54:56,829 [T13-ScriptEngine] INFO  JobRunner
[PASS] TASK: T_openChrome

2024-07-11 15:54:56,831 [T13-ScriptEngine] INFO  JobRequest
##############################################################
### STATE: EndTask - T_openChrome
##############################################################
98697117-d7ee-463a-9cdf-242a6c65cde0
T_openChrome


2024-07-11 15:54:56,844 [T13-ScriptEngine] INFO  JobRequest
**************************************************************
*** TASK: P_사업자등록번호
**************************************************************
 - STEP 61: S72ead7465a0140a5bec0d2b60d6b1e44 (3/3) - (22/26)
 - [3] RunTask


2024-07-11 15:54:56,850 [T13-ScriptEngine] INFO  JobRequest
##############################################################
### STATE: StartTask - T_setExcel
##############################################################
eab94fbb-830d-46be-97b3-c41cf7fff434
T_setExcel


2024-07-11 15:54:56,860 [T13-ScriptEngine] INFO  JobRequest
**************************************************************
*** TASK: T_setExcel
**************************************************************
 - STEP 62: Sd82f557fd6d741c2baee1385dd2c2e65 (1/4) - (23/26)
 - [1] OpenExcel


2024-07-11 15:54:58,271 [T13-ScriptEngine] INFO  JobRequest
 - STEP 63: S284fe91bedaf47c09b45b7c857570657 (2/4) - (24/26)
 - [2] For


2024-07-11 15:54:58,287 [T13-ScriptEngine] INFO  JobRequest
 - STEP 64: S060c6edfa82b4b81b1cc802e978f88bd (3/4) - (25/26)
 - [3] WriteString


2024-07-11 15:54:58,415 [T13-ScriptEngine] INFO  JobRequest
 - STEP 65: S060c6edfa82b4b81b1cc802e978f88bd (3/4) - (25/26)
 - [3] WriteString


2024-07-11 15:54:58,526 [T13-ScriptEngine] INFO  JobRequest
 - STEP 66: S060c6edfa82b4b81b1cc802e978f88bd (3/4) - (25/26)
 - [3] WriteString


2024-07-11 15:54:58,637 [T13-ScriptEngine] INFO  JobRequest
 - STEP 67: S060c6edfa82b4b81b1cc802e978f88bd (3/4) - (25/26)
 - [3] WriteString


2024-07-11 15:54:58,730 [T13-ScriptEngine] INFO  JobRequest
 - STEP 68: S060c6edfa82b4b81b1cc802e978f88bd (3/4) - (25/26)
 - [3] WriteString


2024-07-11 15:54:58,825 [T13-ScriptEngine] INFO  JobRequest
 - STEP 69: S060c6edfa82b4b81b1cc802e978f88bd (3/4) - (25/26)
 - [3] WriteString


2024-07-11 15:54:58,936 [T13-ScriptEngine] INFO  JobRequest
 - STEP 70: Sce739b950ebc44eea0ff1932f7d0b626 (4/4) - (26/26)
 - [4] End-For


2024-07-11 15:54:58,936 [T13-ScriptEngine] INFO  JobRunner
[PASS] TASK: T_setExcel

2024-07-11 15:54:58,937 [T13-ScriptEngine] INFO  JobRequest
##############################################################
### STATE: EndTask - T_setExcel
##############################################################
eab94fbb-830d-46be-97b3-c41cf7fff434
T_setExcel


2024-07-11 15:54:58,937 [T13-ScriptEngine] INFO  JobRunner
[PASS] TASK: P_사업자등록번호

2024-07-11 15:54:58,937 [T13-ScriptEngine] INFO  JobRequest
##############################################################
### STATE: EndProcess - P_사업자등록번호
##############################################################
08e029a9-7bcd-4f42-a0a6-92c88d8ed7a4
P_사업자등록번호


2024-07-11 15:54:58,952 [T13-ScriptEngine] INFO  JobRunner
RunProcess - Job Result: {}

2024-07-11 15:54:58,952 [T13-ScriptEngine] DEBUG JobManager
Set Result State: Completed

2024-07-11 15:54:58,956 [T13-ScriptEngine] INFO  JobRunner
Make report.

2024-07-11 15:54:59,000 [T13-ScriptEngine] INFO  JobRunner
Start to clean up resources.

2024-07-11 15:54:59,001 [T6] DEBUG JobRunner
Start timer for checking the job to be completed.

2024-07-11 15:54:59,002 [T13-ScriptEngine] DEBUG JobRunner
OnProcessCompleted

2024-07-11 15:54:59,006 [T13-ScriptEngine] DEBUG ExcelBase
DisposeExcel

2024-07-11 15:54:59,020 [T13-ScriptEngine] INFO  JobRunner
Start to clean up resources.

2024-07-11 15:54:59,022 [T13-ScriptEngine] DEBUG JobRunner
Remove all libraries

2024-07-11 15:54:59,024 [T13-ScriptEngine] DEBUG NetPlayer
WebPlayer OnDispose

2024-07-11 15:54:59,025 [T13-ScriptEngine] DEBUG WebPlayer
WebPlayer OnDispose : Do Nothing

2024-07-11 15:54:59,026 [T13-ScriptEngine] DEBUG UIAEventHandler
Stop UIA event handler

2024-07-11 15:54:59,040 [T13-ScriptEngine] DEBUG UiaAppHelper
WinHelper DisposeAppList Count: 0

2024-07-11 15:54:59,041 [T13-ScriptEngine] INFO  JobRunner
All Resources Clear

2024-07-11 15:54:59,043 [T13-ScriptEngine] DEBUG JobRunner
OnCompleted

2024-07-11 15:54:59,044 [T13-ScriptEngine] DEBUG JobRunner
SendJobResult: Completed

2024-07-11 15:54:59,044 [T13-ScriptEngine] INFO  JobRequest
##############################################################
### STATE: Completed
##############################################################
{}


2024-07-11 15:54:59,044 [T13-ScriptEngine] INFO  JobRequest
Last job life cycle state: Completed

2024-07-11 15:54:59,044 [T13-ScriptEngine] INFO  JobRequest
Update skipped current step informations.

2024-07-11 15:54:59,056 [T13-ScriptEngine] INFO  JobRequest
##############################################################
### JOB COMPLETED
##############################################################


2024-07-11 15:54:59,065 [T4] DEBUG JobRequest
Callback - State: Completed
{}

2024-07-11 15:54:59,067 [T4] INFO  JobRequest
Callback - EngineClosed

2024-07-11 15:54:59,068 [T4] INFO  JobService
Disconnect agent service

2024-07-11 15:54:59,069 [T4] DEBUG JobRequest
End of Callback Sender

2024-07-11 15:54:59,080 [T13-ScriptEngine] INFO  JobRunner
RunProcess end

2024-07-11 15:54:59,081 [T1] INFO  JobService
Exit - Shutdown Engine BOT

