2024-07-11 14:04:17,667 [T1] INFO  EngineStarter
BOT Engine Start - v3.1.100.11228 at 2024-07-11 오후 2:04:17
EngineID: D_20240711_140416_538
PID : 1200
PPID: 13300
Working Directory: C:\Users\3calss_15\AppData\Roaming\Brity RPA Designer

2024-07-11 14:04:17,689 [T1] INFO  EngineStarter
System Language: ko-KR
Resolution: 1920 x 1200

2024-07-11 14:04:18,044 [T1] INFO  Config
Initialize Config

2024-07-11 14:04:18,174 [T1] DEBUG Config
Config Loaded

2024-07-11 14:04:18,180 [T1] DEBUG Config
Backup config file.

2024-07-11 14:04:18,194 [T1] INFO  Config
Orchestrator Service => https://bwrpa.samsungsds.com:8777

2024-07-11 14:04:18,201 [T1] INFO  Config
Initialize Resource Config

2024-07-11 14:04:18,239 [T1] DEBUG Config
Refresh Language Information

2024-07-11 14:04:18,374 [T1] INFO  Config
All Config Initialized.

2024-07-11 14:04:18,385 [T1] DEBUG KeyManager
Initialize KeyManager

2024-07-11 14:04:18,387 [T1] DEBUG KeyManager
Load device unique id.

2024-07-11 14:04:18,403 [T1] DEBUG KeyManager
Device ID is initialized.

2024-07-11 14:04:18,517 [T4] DEBUG JobService
Connect to agent service

2024-07-11 14:04:18,555 [T4] DEBUG JobService
JobService URL : net.tcp://127.0.0.1:59001/rpa/agent

2024-07-11 14:04:18,555 [T4] DEBUG JobService
Open connection

2024-07-11 14:04:18,556 [T1] DEBUG ApplicationInitializer
InitMode: Thread

2024-07-11 14:04:18,565 [T1] INFO  LibraryManager
Load Libraries - Started

2024-07-11 14:04:18,571 [T4] DEBUG JobService
Register engine to agent

2024-07-11 14:04:18,581 [T1] DEBUG AddInLoader
Load Assembly : IPA.Lib.Chrome

2024-07-11 14:04:18,587 [T4] DEBUG JobService
Engine is connected to agent service.

2024-07-11 14:04:18,587 [T4] DEBUG JobService
Owner Process PID: 13300

2024-07-11 14:04:18,590 [T4] INFO  JobService
Start monitoring owner process is terminated.

2024-07-11 14:04:18,849 [T1] DEBUG AddInLoader
Load Assembly : IPA.Lib.Desktop

2024-07-11 14:04:19,080 [T1] DEBUG AddInLoader
Load Assembly : IPA.Lib.Excel

2024-07-11 14:04:19,240 [T1] DEBUG AddInLoader
Load Assembly : IPA.Lib.Flow

2024-07-11 14:04:19,356 [T1] DEBUG AddInLoader
Load Assembly : IPA.Lib.IE

2024-07-11 14:04:19,449 [T1] DEBUG AddInLoader
Load Assembly : IPA.Lib.ImageConverter

2024-07-11 14:04:19,503 [T1] DEBUG AddInLoader
Load Assembly : IPA.Lib.ImageRecognition

2024-07-11 14:04:19,684 [T1] DEBUG AddInLoader
Load Assembly : IPA.Lib.MicrosoftOCR

2024-07-11 14:04:19,741 [T1] DEBUG AddInLoader
Load Assembly : IPA.Lib.Net

2024-07-11 14:04:19,828 [T1] DEBUG AddInLoader
Load Assembly : IPA.Lib.Orchestra

2024-07-11 14:04:19,910 [T1] DEBUG AddInLoader
Load Assembly : IPA.Lib.ProcessFlow

2024-07-11 14:04:19,996 [T1] DEBUG AddInLoader
Load Assembly : IPA.Lib.SAP

2024-07-11 14:04:20,072 [T1] DEBUG AddInLoader
Load Assembly : IPA.Lib.Web

2024-07-11 14:04:20,177 [T1] DEBUG AddInLoader
Load Assembly : IPA.Lib.Win

2024-07-11 14:04:20,303 [T1] INFO  ScreenCapture
Default Screen Capture Bounds: 0,0,1920,1200

2024-07-11 14:04:20,333 [T1] DEBUG AddInLoader
Load Assembly : BrityRPA.AddIn.NativeApp

2024-07-11 14:04:20,448 [T1] DEBUG AddInLoader
Load Assembly : BrityWorks.AddIn.Outlook

2024-07-11 14:04:20,518 [T1] DEBUG AddInLoader
Load Assembly : BrityWorks.AddIn.Pdf

2024-07-11 14:04:20,601 [T1] DEBUG LibraryManager
Load Library - Chrome

2024-07-11 14:04:20,617 [T1] DEBUG LibraryManager
Load Library - Desktop

2024-07-11 14:04:20,633 [T1] DEBUG LibraryManager
Load Library - Excel

2024-07-11 14:04:20,649 [T1] DEBUG LibraryManager
Load Library - Flow

2024-07-11 14:04:20,665 [T1] DEBUG LibraryManager
Load Library - IE

2024-07-11 14:04:20,680 [T1] DEBUG LibraryManager
Load Library - ImageConverter

2024-07-11 14:04:20,695 [T1] DEBUG LibraryManager
Load Library - ImageRecognition

2024-07-11 14:04:20,711 [T1] DEBUG LibraryManager
Load Library - MicrosoftOCR

2024-07-11 14:04:20,727 [T1] DEBUG LibraryManager
Load Library - NativeApp

2024-07-11 14:04:20,743 [T1] DEBUG LibraryManager
Load Library - Net

2024-07-11 14:04:20,759 [T1] DEBUG LibraryManager
Load Library - Orchestra

2024-07-11 14:04:20,775 [T1] DEBUG LibraryManager
Load Library - Outlook

2024-07-11 14:04:20,790 [T1] DEBUG LibraryManager
Load Library - Pdf

2024-07-11 14:04:20,806 [T1] DEBUG LibraryManager
Load Library - SAP

2024-07-11 14:04:20,822 [T1] DEBUG LibraryManager
Load Library - Web

2024-07-11 14:04:20,838 [T1] DEBUG LibraryManager
Load Library - Win

2024-07-11 14:04:20,854 [T1] DEBUG LibraryManager
Load Library - WorkFlow

2024-07-11 14:04:20,858 [T1] DEBUG LibraryManager
Load built-in script libraries

2024-07-11 14:04:21,132 [T1] INFO  LibraryManager
Load Libraries - Completed.

2024-07-11 14:04:21,146 [T1] INFO  App
Launch Arguments: Total: 6 |  -eid D_20240711_140416_538 -runtype ProcRunner -ppid 13300

2024-07-11 14:04:21,147 [T1] DEBUG Config
Refresh Language Information

2024-07-11 14:04:21,148 [T1] DEBUG LibraryManager
LibraryManager Initialized.

2024-07-11 14:05:22,385 [T9] INFO  JobService
Start Job: T_openChrome (Foreground)
{
  "JobType": 1,
  "State": 0,
  "IsRunning": false,
  "ResultMessage": null,
  "StartTime": "2024-07-11 14:05:22",
  "EndTime": null,
  "JobId": "Designer_20240711_140521_938",
  "UserAuthentication": null,
  "ProcessPath": "C:\\Users\\3calss_15\\Documents\\Brity RPA Projects\\Invoice_등록_및_pdf_다운로드\\T_openChrome.proc",
  "ProcessId": "b6ea1598-d34c-409e-b81b-47fe3098902f",
  "ProcessVer": "",
  "ProcessArgs": null,
  "RequesterType": 3,
  "RequesterId": "designer",
  "RequesterPID": 13300,
  "OptionsJsonString": null,
  "TimeoutSec": 0,
  "EngineID": "D_20240711_140416_538",
  "EnginePID": 0,
  "EngineRecommededVersion": "",
  "JobWorkDir": "C:\\Users\\3calss_15\\Documents\\Brity RPA Projects\\Invoice_등록_및_pdf_다운로드\\Histories\\20240711_140522_T_openChrome_Designer_20240711_140521_938",
  "JobLogDir": "C:\\Users\\3calss_15\\Documents\\Brity RPA Projects\\Invoice_등록_및_pdf_다운로드\\Histories\\20240711_140522_T_openChrome_Designer_20240711_140521_938\\Log",
  "JobScreenshotDir": "C:\\Users\\3calss_15\\Documents\\Brity RPA Projects\\Invoice_등록_및_pdf_다운로드\\Histories\\20240711_140522_T_openChrome_Designer_20240711_140521_938\\Log\\Screenshot"
}

2024-07-11 14:05:22,534 [T11] DEBUG JobService
Waiting library loading...

2024-07-11 14:05:22,537 [T11] DEBUG Config
Reload User Settings

2024-07-11 14:05:22,538 [T11] INFO  JobService
Config Loading Completed.

2024-07-11 14:05:22,538 [T11] DEBUG JobService
Config Loading Time: 3 ms.

2024-07-11 14:05:22,543 [T11] DEBUG JobService
Check Shared Token

2024-07-11 14:05:22,544 [T11] DEBUG TokenManager
Load connection token

2024-07-11 14:05:22,549 [T11] DEBUG TokenManager
Clear Connection Token - No Shared Token

2024-07-11 14:05:22,826 [T1] DEBUG ServerInformationClient
Request server feature list

2024-07-11 14:05:22,911 [T1] INFO  ServerInformationClient
Server feature update successful

2024-07-11 14:05:22,915 [T1] INFO  ServerInformationClient
It takes 336 milliseconds to try to update the server feature list.

2024-07-11 14:05:22,916 [T1] INFO  Config
Update server features to config.

2024-07-11 14:05:22,951 [T11] INFO  JobService
Shared Token - No Token

2024-07-11 14:05:22,957 [T11] INFO  JobManager
Create JobManager instance for job T_openChrome(Designer_20240711_140521_938)

2024-07-11 14:05:22,963 [T11] INFO  JobRequest
Job ID : Designer_20240711_140521_938
Project Path  : C:\Users\3calss_15\Documents\Brity RPA Projects\Invoice_등록_및_pdf_다운로드\Invoice_등록_및_pdf_다운로드.proj
Process Name  : T_openChrome
Engine Mode   : Designer
Requester Type: Designer
Requester PID : 13300

2024-07-11 14:05:22,966 [T10] INFO  JobRequest
Start Callback Sender

2024-07-11 14:05:22,966 [T10] DEBUG JobRequest
Step Callback Interval: 500

2024-07-11 14:05:23,016 [T11] DEBUG ProjectManager
Set Project Information

2024-07-11 14:05:23,044 [T11] INFO  PlayOptionManager
PlayOption
- Step Interval : 1
- Disable DrawBounds : False
- Invoke First : False
- Allow Upload of DumpScreen results : False

2024-07-11 14:05:23,046 [T11] INFO  JobRunner
Initialize Script Engine

2024-07-11 14:05:23,065 [T17-ScriptEngine] INFO  JobRequest
##############################################################
### STATE: Initializing
##############################################################


2024-07-11 14:05:23,093 [T10] DEBUG JobRequest
Callback - State: Initializing


2024-07-11 14:05:23,948 [T17-ScriptEngine] INFO  JobRequest
##############################################################
### STATE: Ready
##############################################################


2024-07-11 14:05:23,951 [T10] DEBUG JobRequest
Callback - State: Ready


2024-07-11 14:05:23,960 [T11] INFO  JobRunnerHook
HotKey Hook Started

2024-07-11 14:05:23,961 [T11] INFO  JobRequest
##############################################################
### STATE: Starting
##############################################################


2024-07-11 14:05:23,963 [T17-ScriptEngine] INFO  JobRunner
RunProcess start

2024-07-11 14:05:23,964 [T17-ScriptEngine] INFO  JobRequest
##############################################################
### STATE: Running
##############################################################


2024-07-11 14:05:23,965 [T17-ScriptEngine] INFO  JobRequest
Last job life cycle state: Running

2024-07-11 14:05:23,967 [T10] DEBUG JobRequest
Callback - State: Starting


2024-07-11 14:05:23,983 [T10] DEBUG JobRequest
Callback - State: Running


2024-07-11 14:05:25,031 [T17-ScriptEngine] DEBUG ScreenCapture
DirectX Screen Capture Initialized.

2024-07-11 14:05:25,354 [T17-ScriptEngine] DEBUG JobRunner
DirectX ScreenCapture Checked.

2024-07-11 14:05:25,397 [T17-ScriptEngine] INFO  JobRequest
##############################################################
### STATE: StartProcess - T_openChrome
##############################################################
b6ea1598-d34c-409e-b81b-47fe3098902f
T_openChrome


2024-07-11 14:05:25,472 [T17-ScriptEngine] INFO  JobRequest
**************************************************************
*** TASK: T_openChrome
**************************************************************
 - STEP 1: S12eee20f94634ddbab55a0c3a5c23cf7 (1/26) - (1/26)
 - [1] ChromeOpen


2024-07-11 14:05:28,424 [T12] DEBUG ChromeRemoteConnect
GetRemoteBrowserUsingEndPoint Fail : 하나 이상의 오류가 발생했습니다.

2024-07-11 14:05:28,489 [T12] DEBUG ChromeCommonExtension
extension default locale empty

2024-07-11 14:05:34,034 [T12] DEBUG ChromeCommonExtension
extension default locale empty

2024-07-11 14:05:37,413 [T3] INFO  JobService
PauseJob

2024-07-11 14:05:37,414 [T3] INFO  JobRunner
Try Pause

2024-07-11 14:05:37,414 [T3] INFO  JobRequest
##############################################################
### STATE: Paused
##############################################################


2024-07-11 14:05:37,414 [T3] INFO  JobRequest
Last job life cycle state: Paused

2024-07-11 14:05:37,437 [T10] DEBUG JobRequest
Callback - State: Paused


2024-07-11 14:05:38,527 [T3] INFO  JobService
Stop Job

2024-07-11 14:05:38,529 [T3] INFO  JobRunner
Stop Job Runner - Cause: LocalUser / Message: stop by user

2024-07-11 14:05:38,530 [T3] INFO  JobRequest
##############################################################
### STATE: Stopping
##############################################################
stop by user


2024-07-11 14:05:38,554 [T10] DEBUG JobRequest
Callback - State: Stopping
stop by user

2024-07-11 14:05:39,084 [T17-ScriptEngine] DEBUG ChromeOpen
스레드가 대기 상태에서 인터럽트되었습니다.

2024-07-11 14:05:39,088 [T17-ScriptEngine] DEBUG JobRunner
RunTask Interrupted. TASK: T_openChrome => Script execution interrupted by host

2024-07-11 14:05:39,105 [T17-ScriptEngine] DEBUG JobManager
Set Result State: Stopped

2024-07-11 14:05:39,112 [T17-ScriptEngine] INFO  JobRunner
Make report.

2024-07-11 14:05:39,159 [T17-ScriptEngine] INFO  JobRunner
Start to clean up resources.

2024-07-11 14:05:39,160 [T17-ScriptEngine] DEBUG JobRunner
OnProcessCompleted

2024-07-11 14:05:39,161 [T20] DEBUG JobRunner
Start timer for checking the job to be completed.

2024-07-11 14:05:39,162 [T17-ScriptEngine] INFO  JobRunner
Start to clean up resources.

2024-07-11 14:05:39,163 [T17-ScriptEngine] DEBUG JobRunner
Remove all Process Stack: 1

2024-07-11 14:05:39,173 [T17-ScriptEngine] INFO  JobRequest
##############################################################
### STATE: EndProcess - T_openChrome
##############################################################
b6ea1598-d34c-409e-b81b-47fe3098902f
T_openChrome


2024-07-11 14:05:39,174 [T17-ScriptEngine] DEBUG JobRunner
Remove all libraries

2024-07-11 14:05:39,179 [T17-ScriptEngine] DEBUG NetPlayer
WebPlayer OnDispose

2024-07-11 14:05:39,181 [T17-ScriptEngine] DEBUG WebPlayer
WebPlayer OnDispose : Do Nothing

2024-07-11 14:05:39,184 [T17-ScriptEngine] DEBUG UiaAppHelper
WinHelper DisposeAppList Count: 0

2024-07-11 14:05:39,184 [T17-ScriptEngine] INFO  JobRunner
All Resources Clear

2024-07-11 14:05:39,187 [T17-ScriptEngine] DEBUG JobRunner
OnCompleted

2024-07-11 14:05:39,187 [T17-ScriptEngine] DEBUG JobRunner
SendJobResult: Stopped

2024-07-11 14:05:39,187 [T17-ScriptEngine] INFO  JobRequest
##############################################################
### STATE: Stopped
##############################################################
Process: T_openChrome
Step: ChromeOpen (1/26)

Stopped by User


2024-07-11 14:05:39,187 [T17-ScriptEngine] INFO  JobRequest
Last job life cycle state: Stopped

2024-07-11 14:05:39,195 [T17-ScriptEngine] INFO  JobRequest
##############################################################
### JOB COMPLETED
##############################################################


2024-07-11 14:05:39,207 [T10] DEBUG JobRequest
Callback - State: Stopped
Process: T_openChrome
Step: ChromeOpen (1/26)

Stopped by User

2024-07-11 14:05:39,208 [T10] INFO  JobRequest
Callback - EngineClosed

2024-07-11 14:05:39,209 [T10] INFO  JobService
Disconnect agent service

2024-07-11 14:05:39,214 [T10] DEBUG JobRequest
End of Callback Sender

