<?xml version="1.0" encoding="utf-8"?>
<Result id="b6ea1598-d34c-409e-b81b-47fe3098902f" name="T_openChrome" result="Stop" detail="Process: T_openChrome&#xA;Step: ChromeOpen (1/26)&#xA;&#xA;Stopped by User" start="2024-07-11T05:05:25.392" end="2024-07-11T05:05:39.109" jobId="Designer_20240711_140521_938">
  <Step id="S12eee20f94634ddbab55a0c3a5c23cf7" taskName="T_openChrome" type="Chrome" name="ChromeOpen" displayName="ChromeOpen" callDepth="1" depth="1" num="1" result="Stop" start="2024-07-11T05:05:25.474" end="2024-07-11T05:05:39.108" displayTime="13.6s">
    <Variables>
      <Variable name="mainBrow" scope="Normal" owner="T_openChrome" declareType="Any" isChanged="false" isChangable="true" runtimeType="Undefined" value="&lt;undefined&gt;" />
    </Variables>
    <Properties setIndex="0">
      <Property value="" runtimeType="String" key="Options_OnError" displayKey="On Error" visible="true" required="false" />
      <Property value="" runtimeType="String" key="Key_Description" displayKey="Description" visible="true" required="false" />
      <Property value="[output] this.mainBrow" runtimeType="String" key="CHROME_Browser" displayKey="Browser" visible="true" required="true" />
      <Property value="Chrome" runtimeType="String" key="CHROME_TypeOfBrowser" displayKey="Browser Type" visible="true" required="false" />
      <Property value="false" runtimeType="Boolean" key="CHROME_BrowserType" displayKey="Headless Mode" visible="true" required="false" />
      <Property value="'https://yongwoon24.invoicely.com/dashboard'" runtimeType="String" key="CHROME_URL" displayKey="URL" visible="true" required="true" />
      <Property value="" runtimeType="String" key="CHROME_ChromePath" displayKey="Browser Path" visible="true" required="false" />
      <Property value="true" runtimeType="Boolean" key="CHROME_Maximize" displayKey="Maximize" visible="true" required="false" />
      <Property value="60" runtimeType="Integer" key="CHROME_WaitTimeSec" displayKey="Page Load Timeout" visible="true" required="false" />
      <Property value="" runtimeType="String" key="CHROME_ExtensionList" displayKey="Included Extensions" visible="true" required="false" />
      <Property value="" runtimeType="String" key="CHROME_DownloadPath" displayKey="Download Path" visible="true" required="false" />
      <Property value="false" runtimeType="Boolean" key="CHROME_WindowsAccountPermissions" displayKey="Windows Account Permissions" visible="true" required="false" />
      <Property value="" runtimeType="String" key="CHROME_UserAgent" displayKey="User Agent" visible="true" required="false" />
      <Property value="false" runtimeType="Boolean" key="CHROME_DisableAutomationControl" displayKey="Disable AutomationControl" visible="true" required="false" />
    </Properties>
  </Step>
  <JobInfo>
    <Info name="Bot Version" value="3.1.100.11228" />
    <Info name="Resolution" value="1920 x 1200" />
    <Info name="Language" value="한국어 (대한민국)" />
    <Info name="BotID" value="S-DESIGNER-L9D9Y" />
  </JobInfo>
</Result>