2024-07-08 16:48:28,161 [T1] INFO  EngineStarter
BOT Engine Start - v3.1.100.11228 at 2024-07-08 오후 4:48:28
EngineID: D_20240708_164827_254
PID : 7240
PPID: 844
Working Directory: C:\Users\3calss_15\AppData\Roaming\Brity RPA Designer

2024-07-08 16:48:28,182 [T1] INFO  EngineStarter
System Language: ko-KR
Resolution: 1920 x 1200

2024-07-08 16:48:28,440 [T1] INFO  Config
Initialize Config

2024-07-08 16:48:28,501 [T1] DEBUG Config
Config Loaded

2024-07-08 16:48:28,502 [T1] DEBUG Config
Backup config file.

2024-07-08 16:48:28,511 [T1] INFO  Config
Orchestrator Service => https://bwrpa.samsungsds.com:8777

2024-07-08 16:48:28,516 [T1] INFO  Config
Initialize Resource Config

2024-07-08 16:48:28,542 [T1] DEBUG Config
Refresh Language Information

2024-07-08 16:48:28,604 [T1] INFO  Config
All Config Initialized.

2024-07-08 16:48:28,611 [T1] DEBUG KeyManager
Initialize KeyManager

2024-07-08 16:48:28,613 [T1] DEBUG KeyManager
Load device unique id.

2024-07-08 16:48:28,620 [T1] DEBUG KeyManager
Device ID is initialized.

2024-07-08 16:48:28,689 [T5] DEBUG JobService
Connect to agent service

2024-07-08 16:48:28,719 [T1] DEBUG ApplicationInitializer
InitMode: Thread

2024-07-08 16:48:28,720 [T5] DEBUG JobService
JobService URL : net.tcp://127.0.0.1:59001/rpa/agent

2024-07-08 16:48:28,720 [T5] DEBUG JobService
Open connection

2024-07-08 16:48:28,727 [T1] INFO  LibraryManager
Load Libraries - Started

2024-07-08 16:48:28,734 [T5] DEBUG JobService
Register engine to agent

2024-07-08 16:48:28,740 [T1] DEBUG AddInLoader
Load Assembly : IPA.Lib.Chrome

2024-07-08 16:48:28,746 [T5] DEBUG JobService
Engine is connected to agent service.

2024-07-08 16:48:28,746 [T5] DEBUG JobService
Owner Process PID: 844

2024-07-08 16:48:28,748 [T5] INFO  JobService
Start monitoring owner process is terminated.

2024-07-08 16:48:28,943 [T1] DEBUG AddInLoader
Load Assembly : IPA.Lib.Desktop

2024-07-08 16:48:29,109 [T1] DEBUG AddInLoader
Load Assembly : IPA.Lib.Excel

2024-07-08 16:48:29,258 [T1] DEBUG AddInLoader
Load Assembly : IPA.Lib.Flow

2024-07-08 16:48:29,477 [T1] DEBUG AddInLoader
Load Assembly : IPA.Lib.IE

2024-07-08 16:48:29,608 [T1] DEBUG AddInLoader
Load Assembly : IPA.Lib.ImageConverter

2024-07-08 16:48:29,666 [T1] DEBUG AddInLoader
Load Assembly : IPA.Lib.ImageRecognition

2024-07-08 16:48:29,863 [T1] DEBUG AddInLoader
Load Assembly : IPA.Lib.MicrosoftOCR

2024-07-08 16:48:29,924 [T1] DEBUG AddInLoader
Load Assembly : IPA.Lib.Net

2024-07-08 16:48:30,281 [T1] DEBUG AddInLoader
Load Assembly : IPA.Lib.Orchestra

2024-07-08 16:48:30,361 [T1] DEBUG AddInLoader
Load Assembly : IPA.Lib.ProcessFlow

2024-07-08 16:48:30,457 [T1] DEBUG AddInLoader
Load Assembly : IPA.Lib.SAP

2024-07-08 16:48:30,528 [T1] DEBUG AddInLoader
Load Assembly : IPA.Lib.Web

2024-07-08 16:48:30,637 [T1] DEBUG AddInLoader
Load Assembly : IPA.Lib.Win

2024-07-08 16:48:30,754 [T1] INFO  ScreenCapture
Default Screen Capture Bounds: 0,0,1920,1200

2024-07-08 16:48:30,782 [T1] DEBUG AddInLoader
Load Assembly : BrityRPA.AddIn.NativeApp

2024-07-08 16:48:30,883 [T1] DEBUG AddInLoader
Load Assembly : BrityWorks.AddIn.Outlook

2024-07-08 16:48:30,944 [T1] DEBUG AddInLoader
Load Assembly : BrityWorks.AddIn.Pdf

2024-07-08 16:48:31,033 [T1] DEBUG LibraryManager
Load Library - Chrome

2024-07-08 16:48:31,049 [T1] DEBUG LibraryManager
Load Library - Desktop

2024-07-08 16:48:31,064 [T1] DEBUG LibraryManager
Load Library - Excel

2024-07-08 16:48:31,080 [T1] DEBUG LibraryManager
Load Library - Flow

2024-07-08 16:48:31,095 [T1] DEBUG LibraryManager
Load Library - IE

2024-07-08 16:48:31,111 [T1] DEBUG LibraryManager
Load Library - ImageConverter

2024-07-08 16:48:31,129 [T1] DEBUG LibraryManager
Load Library - ImageRecognition

2024-07-08 16:48:31,167 [T1] DEBUG LibraryManager
Load Library - MicrosoftOCR

2024-07-08 16:48:31,191 [T1] DEBUG LibraryManager
Load Library - NativeApp

2024-07-08 16:48:31,207 [T1] DEBUG LibraryManager
Load Library - Net

2024-07-08 16:48:31,222 [T1] DEBUG LibraryManager
Load Library - Orchestra

2024-07-08 16:48:31,239 [T1] DEBUG LibraryManager
Load Library - Outlook

2024-07-08 16:48:31,254 [T1] DEBUG LibraryManager
Load Library - Pdf

2024-07-08 16:48:31,269 [T1] DEBUG LibraryManager
Load Library - SAP

2024-07-08 16:48:31,284 [T1] DEBUG LibraryManager
Load Library - Web

2024-07-08 16:48:31,300 [T1] DEBUG LibraryManager
Load Library - Win

2024-07-08 16:48:31,315 [T1] DEBUG LibraryManager
Load Library - WorkFlow

2024-07-08 16:48:31,325 [T1] DEBUG LibraryManager
Load built-in script libraries

2024-07-08 16:48:31,585 [T1] INFO  LibraryManager
Load Libraries - Completed.

2024-07-08 16:48:31,597 [T1] INFO  App
Launch Arguments: Total: 6 |  -eid D_20240708_164827_254 -runtype ProcRunner -ppid 844

2024-07-08 16:48:31,598 [T1] DEBUG Config
Refresh Language Information

2024-07-08 16:48:31,599 [T1] DEBUG LibraryManager
LibraryManager Initialized.

2024-07-08 16:48:53,127 [T9] INFO  JobService
Start Job: T_kakaomap (Foreground)
{
  "JobType": 1,
  "State": 0,
  "IsRunning": false,
  "ResultMessage": null,
  "StartTime": "2024-07-08 16:48:52",
  "EndTime": null,
  "JobId": "Designer_20240708_164852_778",
  "UserAuthentication": null,
  "ProcessPath": "C:\\Users\\3calss_15\\Documents\\Brity RPA Projects\\Invoice등록_및_PDF다운\\T_kakaomap.proc",
  "ProcessId": "f42c68a6-bc57-4d22-bfc1-3154f846eff6",
  "ProcessVer": "",
  "ProcessArgs": null,
  "RequesterType": 3,
  "RequesterId": "designer",
  "RequesterPID": 844,
  "OptionsJsonString": null,
  "TimeoutSec": 0,
  "EngineID": "D_20240708_164827_254",
  "EnginePID": 0,
  "EngineRecommededVersion": "",
  "JobWorkDir": "C:\\Users\\3calss_15\\Documents\\Brity RPA Projects\\Invoice등록_및_PDF다운\\Histories\\20240708_164852_T_kakaomap_Designer_20240708_164852_778",
  "JobLogDir": "C:\\Users\\3calss_15\\Documents\\Brity RPA Projects\\Invoice등록_및_PDF다운\\Histories\\20240708_164852_T_kakaomap_Designer_20240708_164852_778\\Log",
  "JobScreenshotDir": "C:\\Users\\3calss_15\\Documents\\Brity RPA Projects\\Invoice등록_및_PDF다운\\Histories\\20240708_164852_T_kakaomap_Designer_20240708_164852_778\\Log\\Screenshot"
}

2024-07-08 16:48:53,262 [T11] DEBUG JobService
Waiting library loading...

2024-07-08 16:48:53,267 [T11] DEBUG Config
Reload User Settings

2024-07-08 16:48:53,269 [T11] INFO  JobService
Config Loading Completed.

2024-07-08 16:48:53,270 [T11] DEBUG JobService
Config Loading Time: 6 ms.

2024-07-08 16:48:53,351 [T11] DEBUG JobService
Check Shared Token

2024-07-08 16:48:53,360 [T11] DEBUG TokenManager
Load connection token

2024-07-08 16:48:53,382 [T11] DEBUG TokenManager
Clear Connection Token - No Shared Token

2024-07-08 16:48:53,478 [T1] DEBUG ServerInformationClient
Request server feature list

2024-07-08 16:48:53,571 [T1] INFO  ServerInformationClient
Server feature update successful

2024-07-08 16:48:53,575 [T1] INFO  ServerInformationClient
It takes 129 milliseconds to try to update the server feature list.

2024-07-08 16:48:53,575 [T1] INFO  Config
Update server features to config.

2024-07-08 16:48:53,605 [T11] INFO  JobService
Shared Token - No Token

2024-07-08 16:48:53,610 [T11] INFO  JobManager
Create JobManager instance for job T_kakaomap(Designer_20240708_164852_778)

2024-07-08 16:48:53,615 [T11] INFO  JobRequest
Job ID : Designer_20240708_164852_778
Project Path  : C:\Users\3calss_15\Documents\Brity RPA Projects\Invoice등록_및_PDF다운\Invoice등록_및_PDF다운.proj
Process Name  : T_kakaomap
Engine Mode   : Designer
Requester Type: Designer
Requester PID : 844

2024-07-08 16:48:53,618 [T10] INFO  JobRequest
Start Callback Sender

2024-07-08 16:48:53,618 [T10] DEBUG JobRequest
Step Callback Interval: 500

2024-07-08 16:48:53,657 [T11] DEBUG ProjectManager
Set Project Information

2024-07-08 16:48:53,680 [T11] INFO  PlayOptionManager
PlayOption
- Step Interval : 1
- Disable DrawBounds : False
- Invoke First : False
- Allow Upload of DumpScreen results : False

2024-07-08 16:48:53,682 [T11] INFO  JobRunner
Initialize Script Engine

2024-07-08 16:48:53,698 [T17-ScriptEngine] INFO  JobRequest
##############################################################
### STATE: Initializing
##############################################################


2024-07-08 16:48:53,720 [T10] DEBUG JobRequest
Callback - State: Initializing


2024-07-08 16:48:54,519 [T17-ScriptEngine] INFO  JobRequest
##############################################################
### STATE: Ready
##############################################################


2024-07-08 16:48:54,521 [T10] DEBUG JobRequest
Callback - State: Ready


2024-07-08 16:48:54,534 [T11] INFO  JobRunnerHook
HotKey Hook Started

2024-07-08 16:48:54,535 [T11] INFO  JobRequest
##############################################################
### STATE: Starting
##############################################################


2024-07-08 16:48:54,536 [T10] DEBUG JobRequest
Callback - State: Starting


2024-07-08 16:48:54,537 [T17-ScriptEngine] INFO  JobRunner
RunProcess start

2024-07-08 16:48:54,539 [T17-ScriptEngine] INFO  JobRequest
##############################################################
### STATE: Running
##############################################################


2024-07-08 16:48:54,539 [T17-ScriptEngine] INFO  JobRequest
Last job life cycle state: Running

2024-07-08 16:48:54,555 [T10] DEBUG JobRequest
Callback - State: Running


2024-07-08 16:48:55,569 [T17-ScriptEngine] DEBUG ScreenCapture
DirectX Screen Capture Initialized.

2024-07-08 16:48:55,655 [T17-ScriptEngine] DEBUG JobRunner
DirectX ScreenCapture Checked.

2024-07-08 16:48:55,691 [T17-ScriptEngine] INFO  JobRequest
##############################################################
### STATE: StartProcess - T_kakaomap
##############################################################
f42c68a6-bc57-4d22-bfc1-3154f846eff6
T_kakaomap


2024-07-08 16:48:55,699 [T17-ScriptEngine] ERROR JobRunner
'T_kakaomap'의 스크립트를 초기화하는데 실패했습니다.

Step[12] ExecuteScript
Error Script
-> let arr=this.header[1:11];
=> SyntaxError: Unexpected token :

2024-07-08 16:48:55,701 [T17-ScriptEngine] FINE  JobRunner
RunTask ExceptionOccured. TASK: T_kakaomap => 'T_kakaomap'의 스크립트를 초기화하는데 실패했습니다.

Step[12] ExecuteScript
Error Script
-> let arr=this.header[1:11];
=> SyntaxError: Unexpected token :

2024-07-08 16:48:55,753 [T17-ScriptEngine] INFO  JobRequest
##############################################################
### STATE: EndProcess - T_kakaomap
##############################################################
f42c68a6-bc57-4d22-bfc1-3154f846eff6
T_kakaomap


2024-07-08 16:48:55,765 [T17-ScriptEngine] ERROR JobRunner
Process: T_kakaomap

'T_kakaomap'의 스크립트를 초기화하는데 실패했습니다.

Step[12] ExecuteScript
Error Script
-> let arr=this.header[1:11];
=> SyntaxError: Unexpected token :

[CallStack]
  - T_kakaomap: [0] 

[Global Variables]
  - gReadInvoiceData = <undefined> (Undefined)
  - gRPAFileDir = 'C:\\Users\\3calss_15\\Desktop\\rpa\\' (String)
  - gInvoicePID = <undefined> (Undefined)
  - RESULT = <null> (Any)

2024-07-08 16:48:55,765 [T17-ScriptEngine] DEBUG JobManager
Set Result State: ExceptionOccured

2024-07-08 16:48:59,292 [T17-ScriptEngine] INFO  JobRunner
Make report.

2024-07-08 16:48:59,356 [T17-ScriptEngine] INFO  JobRunner
Start to clean up resources.

2024-07-08 16:48:59,357 [T12] DEBUG JobRunner
Start timer for checking the job to be completed.

2024-07-08 16:48:59,357 [T17-ScriptEngine] DEBUG JobRunner
OnProcessFailed

2024-07-08 16:48:59,359 [T17-ScriptEngine] INFO  JobRunner
Start to clean up resources.

2024-07-08 16:48:59,361 [T17-ScriptEngine] DEBUG JobRunner
Remove all libraries

2024-07-08 16:48:59,362 [T17-ScriptEngine] DEBUG NetPlayer
WebPlayer OnDispose

2024-07-08 16:48:59,364 [T17-ScriptEngine] DEBUG WebPlayer
WebPlayer OnDispose : Do Nothing

2024-07-08 16:48:59,368 [T17-ScriptEngine] DEBUG UiaAppHelper
WinHelper DisposeAppList Count: 0

2024-07-08 16:48:59,368 [T17-ScriptEngine] INFO  JobRunner
All Resources Clear

2024-07-08 16:48:59,371 [T17-ScriptEngine] DEBUG JobRunner
OnCompleted

2024-07-08 16:48:59,372 [T17-ScriptEngine] DEBUG JobRunner
SendJobResult: ExceptionOccured

2024-07-08 16:48:59,372 [T17-ScriptEngine] INFO  JobRequest
##############################################################
### STATE: ExceptionOccured
##############################################################
Process: T_kakaomap

'T_kakaomap'의 스크립트를 초기화하는데 실패했습니다.

Step[12] ExecuteScript
Error Script
-> let arr=this.header[1:11];
=> SyntaxError: Unexpected token :

[CallStack]
  - T_kakaomap: [0] 

[Global Variables]
  - gReadInvoiceData = <undefined> (Undefined)
  - gRPAFileDir = 'C:\\Users\\3calss_15\\Desktop\\rpa\\' (String)
  - gInvoicePID = <undefined> (Undefined)
  - RESULT = <null> (Any)


2024-07-08 16:48:59,372 [T17-ScriptEngine] INFO  JobRequest
Last job life cycle state: ExceptionOccured

2024-07-08 16:48:59,382 [T17-ScriptEngine] INFO  JobRequest
##############################################################
### JOB COMPLETED
##############################################################


2024-07-08 16:48:59,385 [T10] DEBUG JobRequest
Callback - State: ExceptionOccured
Process: T_kakaomap

'T_kakaomap'의 스크립트를 초기화하는데 실패했습니다.

Step[12] ExecuteScript
Error Script
-> let arr=this.header[1:11];
=> SyntaxError: Unexpected token :

[CallStack]
  - T_kakaomap: [0] 

[Global Variables]
  - gReadInvoiceData = <undefined> (Undefined)
  - gRPAFileDir = 'C:\\Users\\3calss_15\\Desktop\\rpa\\' (String)
  - gInvoicePID = <undefined> (Undefined)
  - RESULT = <null> (Any)

2024-07-08 16:48:59,387 [T10] INFO  JobRequest
Callback - EngineClosed

2024-07-08 16:48:59,388 [T10] INFO  JobService
Disconnect agent service

2024-07-08 16:48:59,390 [T10] DEBUG JobRequest
End of Callback Sender

