2024-07-08 16:36:27,045 [T1] INFO  EngineStarter
BOT Engine Start - v3.1.100.11228 at 2024-07-08 오후 4:36:27
EngineID: D_20240708_163626_101
PID : 12076
PPID: 844
Working Directory: C:\Users\3calss_15\AppData\Roaming\Brity RPA Designer

2024-07-08 16:36:27,062 [T1] INFO  EngineStarter
System Language: ko-KR
Resolution: 1920 x 1200

2024-07-08 16:36:27,348 [T1] INFO  Config
Initialize Config

2024-07-08 16:36:27,391 [T1] DEBUG Config
Config Loaded

2024-07-08 16:36:27,392 [T1] DEBUG Config
Backup config file.

2024-07-08 16:36:27,402 [T1] INFO  Config
Orchestrator Service => https://bwrpa.samsungsds.com:8777

2024-07-08 16:36:27,406 [T1] INFO  Config
Initialize Resource Config

2024-07-08 16:36:27,431 [T1] DEBUG Config
Refresh Language Information

2024-07-08 16:36:27,506 [T1] INFO  Config
All Config Initialized.

2024-07-08 16:36:27,513 [T1] DEBUG KeyManager
Initialize KeyManager

2024-07-08 16:36:27,516 [T1] DEBUG KeyManager
Load device unique id.

2024-07-08 16:36:27,522 [T1] DEBUG KeyManager
Device ID is initialized.

2024-07-08 16:36:27,606 [T4] DEBUG JobService
Connect to agent service

2024-07-08 16:36:27,638 [T1] DEBUG ApplicationInitializer
InitMode: Thread

2024-07-08 16:36:27,639 [T4] DEBUG JobService
JobService URL : net.tcp://127.0.0.1:59001/rpa/agent

2024-07-08 16:36:27,639 [T4] DEBUG JobService
Open connection

2024-07-08 16:36:27,647 [T1] INFO  LibraryManager
Load Libraries - Started

2024-07-08 16:36:27,655 [T4] DEBUG JobService
Register engine to agent

2024-07-08 16:36:27,661 [T1] DEBUG AddInLoader
Load Assembly : IPA.Lib.Chrome

2024-07-08 16:36:27,668 [T4] DEBUG JobService
Engine is connected to agent service.

2024-07-08 16:36:27,668 [T4] DEBUG JobService
Owner Process PID: 844

2024-07-08 16:36:27,670 [T4] INFO  JobService
Start monitoring owner process is terminated.

2024-07-08 16:36:27,894 [T1] DEBUG AddInLoader
Load Assembly : IPA.Lib.Desktop

2024-07-08 16:36:28,066 [T1] DEBUG AddInLoader
Load Assembly : IPA.Lib.Excel

2024-07-08 16:36:28,229 [T1] DEBUG AddInLoader
Load Assembly : IPA.Lib.Flow

2024-07-08 16:36:28,340 [T1] DEBUG AddInLoader
Load Assembly : IPA.Lib.IE

2024-07-08 16:36:28,436 [T1] DEBUG AddInLoader
Load Assembly : IPA.Lib.ImageConverter

2024-07-08 16:36:28,501 [T1] DEBUG AddInLoader
Load Assembly : IPA.Lib.ImageRecognition

2024-07-08 16:36:28,694 [T1] DEBUG AddInLoader
Load Assembly : IPA.Lib.MicrosoftOCR

2024-07-08 16:36:28,771 [T1] DEBUG AddInLoader
Load Assembly : IPA.Lib.Net

2024-07-08 16:36:28,863 [T1] DEBUG AddInLoader
Load Assembly : IPA.Lib.Orchestra

2024-07-08 16:36:28,948 [T1] DEBUG AddInLoader
Load Assembly : IPA.Lib.ProcessFlow

2024-07-08 16:36:29,044 [T1] DEBUG AddInLoader
Load Assembly : IPA.Lib.SAP

2024-07-08 16:36:29,125 [T1] DEBUG AddInLoader
Load Assembly : IPA.Lib.Web

2024-07-08 16:36:29,232 [T1] DEBUG AddInLoader
Load Assembly : IPA.Lib.Win

2024-07-08 16:36:29,486 [T1] INFO  ScreenCapture
Default Screen Capture Bounds: 0,0,1920,1200

2024-07-08 16:36:29,533 [T1] DEBUG AddInLoader
Load Assembly : BrityRPA.AddIn.NativeApp

2024-07-08 16:36:29,654 [T1] DEBUG AddInLoader
Load Assembly : BrityWorks.AddIn.Outlook

2024-07-08 16:36:29,732 [T1] DEBUG AddInLoader
Load Assembly : BrityWorks.AddIn.Pdf

2024-07-08 16:36:29,811 [T1] DEBUG LibraryManager
Load Library - Chrome

2024-07-08 16:36:29,827 [T1] DEBUG LibraryManager
Load Library - Desktop

2024-07-08 16:36:29,844 [T1] DEBUG LibraryManager
Load Library - Excel

2024-07-08 16:36:29,859 [T1] DEBUG LibraryManager
Load Library - Flow

2024-07-08 16:36:29,875 [T1] DEBUG LibraryManager
Load Library - IE

2024-07-08 16:36:29,890 [T1] DEBUG LibraryManager
Load Library - ImageConverter

2024-07-08 16:36:29,906 [T1] DEBUG LibraryManager
Load Library - ImageRecognition

2024-07-08 16:36:29,922 [T1] DEBUG LibraryManager
Load Library - MicrosoftOCR

2024-07-08 16:36:29,938 [T1] DEBUG LibraryManager
Load Library - NativeApp

2024-07-08 16:36:29,968 [T1] DEBUG LibraryManager
Load Library - Net

2024-07-08 16:36:29,983 [T1] DEBUG LibraryManager
Load Library - Orchestra

2024-07-08 16:36:29,999 [T1] DEBUG LibraryManager
Load Library - Outlook

2024-07-08 16:36:30,014 [T1] DEBUG LibraryManager
Load Library - Pdf

2024-07-08 16:36:30,030 [T1] DEBUG LibraryManager
Load Library - SAP

2024-07-08 16:36:30,045 [T1] DEBUG LibraryManager
Load Library - Web

2024-07-08 16:36:30,061 [T1] DEBUG LibraryManager
Load Library - Win

2024-07-08 16:36:30,078 [T1] DEBUG LibraryManager
Load Library - WorkFlow

2024-07-08 16:36:30,092 [T1] DEBUG LibraryManager
Load built-in script libraries

2024-07-08 16:36:30,394 [T1] INFO  LibraryManager
Load Libraries - Completed.

2024-07-08 16:36:30,406 [T1] INFO  App
Launch Arguments: Total: 6 |  -eid D_20240708_163626_101 -runtype ProcRunner -ppid 844

2024-07-08 16:36:30,407 [T1] DEBUG Config
Refresh Language Information

2024-07-08 16:36:30,407 [T1] DEBUG LibraryManager
LibraryManager Initialized.

2024-07-08 16:36:49,067 [T7] INFO  JobService
Start Job: T_kakaomap (Foreground)
{
  "JobType": 1,
  "State": 0,
  "IsRunning": false,
  "ResultMessage": null,
  "StartTime": "2024-07-08 16:36:48",
  "EndTime": null,
  "JobId": "Designer_20240708_163648_672",
  "UserAuthentication": null,
  "ProcessPath": "C:\\Users\\3calss_15\\Documents\\Brity RPA Projects\\Invoice등록_및_PDF다운\\T_kakaomap.proc",
  "ProcessId": "f42c68a6-bc57-4d22-bfc1-3154f846eff6",
  "ProcessVer": "",
  "ProcessArgs": null,
  "RequesterType": 3,
  "RequesterId": "designer",
  "RequesterPID": 844,
  "OptionsJsonString": null,
  "TimeoutSec": 0,
  "EngineID": "D_20240708_163626_101",
  "EnginePID": 0,
  "EngineRecommededVersion": "",
  "JobWorkDir": "C:\\Users\\3calss_15\\Documents\\Brity RPA Projects\\Invoice등록_및_PDF다운\\Histories\\20240708_163648_T_kakaomap_Designer_20240708_163648_672",
  "JobLogDir": "C:\\Users\\3calss_15\\Documents\\Brity RPA Projects\\Invoice등록_및_PDF다운\\Histories\\20240708_163648_T_kakaomap_Designer_20240708_163648_672\\Log",
  "JobScreenshotDir": "C:\\Users\\3calss_15\\Documents\\Brity RPA Projects\\Invoice등록_및_PDF다운\\Histories\\20240708_163648_T_kakaomap_Designer_20240708_163648_672\\Log\\Screenshot"
}

2024-07-08 16:36:49,209 [T5] DEBUG JobService
Waiting library loading...

2024-07-08 16:36:49,212 [T5] DEBUG Config
Reload User Settings

2024-07-08 16:36:49,213 [T5] INFO  JobService
Config Loading Completed.

2024-07-08 16:36:49,213 [T5] DEBUG JobService
Config Loading Time: 3 ms.

2024-07-08 16:36:49,218 [T5] DEBUG JobService
Check Shared Token

2024-07-08 16:36:49,220 [T5] DEBUG TokenManager
Load connection token

2024-07-08 16:36:49,224 [T5] DEBUG TokenManager
Clear Connection Token - No Shared Token

2024-07-08 16:36:49,317 [T1] DEBUG ServerInformationClient
Request server feature list

2024-07-08 16:36:49,490 [T1] INFO  ServerInformationClient
Server feature update successful

2024-07-08 16:36:49,494 [T1] INFO  ServerInformationClient
It takes 221 milliseconds to try to update the server feature list.

2024-07-08 16:36:49,495 [T1] INFO  Config
Update server features to config.

2024-07-08 16:36:49,539 [T5] INFO  JobService
Shared Token - No Token

2024-07-08 16:36:49,545 [T5] INFO  JobManager
Create JobManager instance for job T_kakaomap(Designer_20240708_163648_672)

2024-07-08 16:36:49,552 [T5] INFO  JobRequest
Job ID : Designer_20240708_163648_672
Project Path  : C:\Users\3calss_15\Documents\Brity RPA Projects\Invoice등록_및_PDF다운\Invoice등록_및_PDF다운.proj
Process Name  : T_kakaomap
Engine Mode   : Designer
Requester Type: Designer
Requester PID : 844

2024-07-08 16:36:49,555 [T10] INFO  JobRequest
Start Callback Sender

2024-07-08 16:36:49,555 [T10] DEBUG JobRequest
Step Callback Interval: 500

2024-07-08 16:36:49,599 [T5] DEBUG ProjectManager
Set Project Information

2024-07-08 16:36:49,628 [T5] INFO  PlayOptionManager
PlayOption
- Step Interval : 1
- Disable DrawBounds : False
- Invoke First : False
- Allow Upload of DumpScreen results : False

2024-07-08 16:36:49,629 [T5] INFO  JobRunner
Initialize Script Engine

2024-07-08 16:36:49,645 [T16-ScriptEngine] INFO  JobRequest
##############################################################
### STATE: Initializing
##############################################################


2024-07-08 16:36:49,674 [T10] DEBUG JobRequest
Callback - State: Initializing


2024-07-08 16:36:50,505 [T16-ScriptEngine] INFO  JobRequest
##############################################################
### STATE: Ready
##############################################################


2024-07-08 16:36:50,516 [T5] INFO  JobRunnerHook
HotKey Hook Started

2024-07-08 16:36:50,517 [T5] INFO  JobRequest
##############################################################
### STATE: Starting
##############################################################


2024-07-08 16:36:50,519 [T16-ScriptEngine] INFO  JobRunner
RunProcess start

2024-07-08 16:36:50,521 [T16-ScriptEngine] INFO  JobRequest
##############################################################
### STATE: Running
##############################################################


2024-07-08 16:36:50,521 [T16-ScriptEngine] INFO  JobRequest
Last job life cycle state: Running

2024-07-08 16:36:50,522 [T10] DEBUG JobRequest
Callback - State: Ready


2024-07-08 16:36:50,525 [T10] DEBUG JobRequest
Callback - State: Starting


2024-07-08 16:36:50,536 [T10] DEBUG JobRequest
Callback - State: Running


2024-07-08 16:36:51,464 [T16-ScriptEngine] DEBUG ScreenCapture
DirectX Screen Capture Initialized.

2024-07-08 16:36:51,538 [T16-ScriptEngine] DEBUG JobRunner
DirectX ScreenCapture Checked.

2024-07-08 16:36:51,568 [T16-ScriptEngine] INFO  JobRequest
##############################################################
### STATE: StartProcess - T_kakaomap
##############################################################
f42c68a6-bc57-4d22-bfc1-3154f846eff6
T_kakaomap


2024-07-08 16:36:51,630 [T16-ScriptEngine] INFO  JobRequest
**************************************************************
*** TASK: T_kakaomap
**************************************************************
 - STEP 1: S6fd0776ee5664fc29de3fa46871f7835 (1/11) - (1/11)
 - [1] CloseAll


2024-07-08 16:36:51,767 [T16-ScriptEngine] DEBUG UIAHelper
CloseAll: Chrome.exe

2024-07-08 16:36:54,523 [T16-ScriptEngine] INFO  JobRequest
 - STEP 2: Seb77e904d8e8427fa760d6314d31ce8d (2/11) - (2/11)
 - [2] ChromeOpen


2024-07-08 16:36:56,723 [T9] DEBUG ChromeRemoteConnect
GetRemoteBrowserUsingEndPoint Fail : 하나 이상의 오류가 발생했습니다.

2024-07-08 16:36:56,781 [T9] DEBUG ChromeCommonExtension
extension default locale empty

2024-07-08 16:36:57,988 [T9] DEBUG ChromeCommonExtension
extension default locale empty

2024-07-08 16:37:01,016 [T16-ScriptEngine] INFO  JobRequest
 - STEP 3: S52f7f4963d6c4fe7930c242bce1961b8 (3/11) - (3/11)
 - [3] Click


2024-07-08 16:37:01,189 [T5] INFO  UIAEventHandler
Start UIA event handler

2024-07-08 16:37:02,201 [T5] DEBUG UIAEventHandler
UI Structure Changed Count: 0

2024-07-08 16:37:02,201 [T5] INFO  UIAEventHandler
waiting for 979 msec during the screen structure is changing.

2024-07-08 16:37:02,541 [T5] DEBUG UIAEventHandler
UI Structure Changed Count: 0

2024-07-08 16:37:02,541 [T5] INFO  UIAEventHandler
waiting for 88 msec during the screen structure is changing.

2024-07-08 16:37:03,261 [T16-ScriptEngine] INFO  JobRequest
 - STEP 4: Sb5c0fb09c02f44e6b307448b032cee2d (4/11) - (4/11)
 - [4] ChromeSelectListItem


2024-07-08 16:37:04,259 [T16-ScriptEngine] INFO  JobRequest
 - STEP 5: Sf22a795f434048ccbe39754c52cd3686 (5/11) - (5/11)
 - [5] ChromeSelectListItem


2024-07-08 16:37:04,473 [T16-ScriptEngine] INFO  JobRequest
 - STEP 6: S3eed1d85022542df9b03c299be742c72 (6/11) - (6/11)
 - [6] Click


2024-07-08 16:37:04,689 [T18] DEBUG UIAEventHandler
UI Structure Changed Count: 0

2024-07-08 16:37:04,689 [T18] INFO  UIAEventHandler
waiting for 61 msec during the screen structure is changing.

2024-07-08 16:37:05,314 [T16-ScriptEngine] INFO  JobRequest
 - STEP 7: S4684d37d8faf4920a40d90b4f5d5fe6f (7/11) - (7/11)
 - [7] Click


2024-07-08 16:37:06,504 [T9] DEBUG UIAEventHandler
UI Structure Changed Count: 0

2024-07-08 16:37:06,504 [T9] INFO  UIAEventHandler
waiting for 984 msec during the screen structure is changing.

2024-07-08 16:37:06,728 [T9] DEBUG UIAEventHandler
UI Structure Changed Count: 0

2024-07-08 16:37:06,728 [T9] INFO  UIAEventHandler
waiting for 46 msec during the screen structure is changing.

2024-07-08 16:37:07,342 [T16-ScriptEngine] INFO  JobRequest
 - STEP 8: S2be36da0aca94739a1203045c5492dae (8/11) - (8/11)
 - [8] ChromeGetTableData


2024-07-08 16:37:08,960 [T16-ScriptEngine] INFO  JobRequest
 - STEP 9: S7997c5655f7146288c245b7b47806858 (9/11) - (9/11)
 - [9] ChromeGetTableData


2024-07-08 16:37:09,511 [T16-ScriptEngine] INFO  JobRequest
 - STEP 10: Se68884a96f66480ea33c398b52ecf95a (10/11) - (10/11)
 - [10] MessageBox


2024-07-08 16:37:09,577 [T16-ScriptEngine] INFO  ScriptSupport
Array(Object[][])2=>
0: · 수서 → 부산   2024년 7월 8일(월) | 구분 | 열차종류 | 열차번호 | 출발역 | 도착역 | 특실 | 일반실 | 예약대기 | 회원 할인 | 운행시간 | 운임요금
1: 소요시간 |  |  |  |  |  |  |  |  |  |  | 


2024-07-08 16:37:33,013 [T16-ScriptEngine] INFO  JobRequest
 - STEP 11: Sa811e2a5bf2a4c40a7ac27fbbd64dd8f (11/11) - (11/11)
 - [11] OpenExcel


2024-07-08 16:37:36,578 [T16-ScriptEngine] INFO  JobRunner
[PASS] TASK: T_kakaomap

2024-07-08 16:37:36,583 [T16-ScriptEngine] INFO  JobRequest
##############################################################
### STATE: EndProcess - T_kakaomap
##############################################################
f42c68a6-bc57-4d22-bfc1-3154f846eff6
T_kakaomap


2024-07-08 16:37:36,599 [T16-ScriptEngine] INFO  JobRunner
RunProcess - Job Result: {}

2024-07-08 16:37:36,600 [T16-ScriptEngine] DEBUG JobManager
Set Result State: Completed

2024-07-08 16:37:36,604 [T16-ScriptEngine] INFO  JobRunner
Make report.

2024-07-08 16:37:36,641 [T16-ScriptEngine] INFO  JobRunner
Start to clean up resources.

2024-07-08 16:37:36,643 [T16-ScriptEngine] DEBUG JobRunner
OnProcessCompleted

2024-07-08 16:37:36,643 [T22] DEBUG JobRunner
Start timer for checking the job to be completed.

2024-07-08 16:37:36,648 [T16-ScriptEngine] DEBUG ExcelBase
DisposeExcel

2024-07-08 16:37:36,702 [T16-ScriptEngine] INFO  JobRunner
Start to clean up resources.

2024-07-08 16:37:36,704 [T16-ScriptEngine] DEBUG JobRunner
Remove all libraries

2024-07-08 16:37:36,706 [T16-ScriptEngine] DEBUG NetPlayer
WebPlayer OnDispose

2024-07-08 16:37:36,707 [T16-ScriptEngine] DEBUG WebPlayer
WebPlayer OnDispose : Do Nothing

2024-07-08 16:37:36,708 [T16-ScriptEngine] DEBUG UIAEventHandler
Stop UIA event handler

2024-07-08 16:37:36,715 [T16-ScriptEngine] DEBUG UiaAppHelper
WinHelper DisposeAppList Count: 0

2024-07-08 16:37:36,716 [T16-ScriptEngine] INFO  JobRunner
All Resources Clear

2024-07-08 16:37:36,718 [T16-ScriptEngine] DEBUG JobRunner
OnCompleted

2024-07-08 16:37:36,719 [T16-ScriptEngine] DEBUG JobRunner
SendJobResult: Completed

2024-07-08 16:37:36,719 [T16-ScriptEngine] INFO  JobRequest
##############################################################
### STATE: Completed
##############################################################
{}


2024-07-08 16:37:36,719 [T16-ScriptEngine] INFO  JobRequest
Last job life cycle state: Completed

2024-07-08 16:37:36,729 [T16-ScriptEngine] INFO  JobRequest
##############################################################
### JOB COMPLETED
##############################################################


2024-07-08 16:37:36,735 [T10] DEBUG JobRequest
Callback - State: Completed
{}

2024-07-08 16:37:36,736 [T10] INFO  JobRequest
Callback - EngineClosed

2024-07-08 16:37:36,738 [T10] INFO  JobService
Disconnect agent service

2024-07-08 16:37:36,742 [T10] DEBUG JobRequest
End of Callback Sender

2024-07-08 16:37:36,750 [T16-ScriptEngine] INFO  JobRunner
RunProcess end

2024-07-08 16:37:36,750 [T1] INFO  JobService
Exit - Shutdown Engine BOT

