2024-07-09 12:50:57,259 [T1] INFO  EngineStarter
BOT Engine Start - v3.1.100.11228 at 2024-07-09 오후 12:50:57
EngineID: D_20240709_125056_055
PID : 11040
PPID: 12488
Working Directory: C:\Users\3calss_15\AppData\Roaming\Brity RPA Designer

2024-07-09 12:50:57,276 [T1] INFO  EngineStarter
System Language: ko-KR
Resolution: 1920 x 1200

2024-07-09 12:50:57,554 [T1] INFO  Config
Initialize Config

2024-07-09 12:50:57,608 [T1] DEBUG Config
Config Loaded

2024-07-09 12:50:57,609 [T1] DEBUG Config
Backup config file.

2024-07-09 12:50:57,626 [T1] INFO  Config
Orchestrator Service => https://bwrpa.samsungsds.com:8777

2024-07-09 12:50:57,633 [T1] INFO  Config
Initialize Resource Config

2024-07-09 12:50:57,662 [T1] DEBUG Config
Refresh Language Information

2024-07-09 12:50:57,745 [T1] INFO  Config
All Config Initialized.

2024-07-09 12:50:57,754 [T1] DEBUG KeyManager
Initialize KeyManager

2024-07-09 12:50:57,757 [T1] DEBUG KeyManager
Load device unique id.

2024-07-09 12:50:57,767 [T1] DEBUG KeyManager
Device ID is initialized.

2024-07-09 12:50:57,878 [T5] DEBUG JobService
Connect to agent service

2024-07-09 12:50:57,917 [T5] DEBUG JobService
JobService URL : net.tcp://127.0.0.1:59001/rpa/agent

2024-07-09 12:50:57,918 [T5] DEBUG JobService
Open connection

2024-07-09 12:50:57,924 [T1] DEBUG ApplicationInitializer
InitMode: Thread

2024-07-09 12:50:57,938 [T1] INFO  LibraryManager
Load Libraries - Started

2024-07-09 12:50:57,946 [T5] DEBUG JobService
Register engine to agent

2024-07-09 12:50:57,966 [T1] DEBUG AddInLoader
Load Assembly : IPA.Lib.Chrome

2024-07-09 12:50:57,974 [T5] DEBUG JobService
Engine is connected to agent service.

2024-07-09 12:50:57,974 [T5] DEBUG JobService
Owner Process PID: 12488

2024-07-09 12:50:57,979 [T5] INFO  JobService
Start monitoring owner process is terminated.

2024-07-09 12:50:58,351 [T1] DEBUG AddInLoader
Load Assembly : IPA.Lib.Desktop

2024-07-09 12:50:58,568 [T1] DEBUG AddInLoader
Load Assembly : IPA.Lib.Excel

2024-07-09 12:50:58,735 [T1] DEBUG AddInLoader
Load Assembly : IPA.Lib.Flow

2024-07-09 12:50:58,886 [T1] DEBUG AddInLoader
Load Assembly : IPA.Lib.IE

2024-07-09 12:50:58,994 [T1] DEBUG AddInLoader
Load Assembly : IPA.Lib.ImageConverter

2024-07-09 12:50:59,056 [T1] DEBUG AddInLoader
Load Assembly : IPA.Lib.ImageRecognition

2024-07-09 12:50:59,309 [T1] DEBUG AddInLoader
Load Assembly : IPA.Lib.MicrosoftOCR

2024-07-09 12:50:59,383 [T1] DEBUG AddInLoader
Load Assembly : IPA.Lib.Net

2024-07-09 12:50:59,482 [T1] DEBUG AddInLoader
Load Assembly : IPA.Lib.Orchestra

2024-07-09 12:50:59,631 [T1] DEBUG AddInLoader
Load Assembly : IPA.Lib.ProcessFlow

2024-07-09 12:50:59,725 [T1] DEBUG AddInLoader
Load Assembly : IPA.Lib.SAP

2024-07-09 12:50:59,815 [T1] DEBUG AddInLoader
Load Assembly : IPA.Lib.Web

2024-07-09 12:50:59,951 [T1] DEBUG AddInLoader
Load Assembly : IPA.Lib.Win

2024-07-09 12:51:00,096 [T1] INFO  ScreenCapture
Default Screen Capture Bounds: 0,0,1920,1200

2024-07-09 12:51:00,130 [T1] DEBUG AddInLoader
Load Assembly : BrityRPA.AddIn.NativeApp

2024-07-09 12:51:00,258 [T1] DEBUG AddInLoader
Load Assembly : BrityWorks.AddIn.Outlook

2024-07-09 12:51:00,338 [T1] DEBUG AddInLoader
Load Assembly : BrityWorks.AddIn.Pdf

2024-07-09 12:51:00,435 [T1] DEBUG LibraryManager
Load Library - Chrome

2024-07-09 12:51:00,455 [T1] DEBUG LibraryManager
Load Library - Desktop

2024-07-09 12:51:00,483 [T1] DEBUG LibraryManager
Load Library - Excel

2024-07-09 12:51:00,552 [T1] DEBUG LibraryManager
Load Library - Flow

2024-07-09 12:51:00,607 [T1] DEBUG LibraryManager
Load Library - IE

2024-07-09 12:51:00,632 [T1] DEBUG LibraryManager
Load Library - ImageConverter

2024-07-09 12:51:00,671 [T1] DEBUG LibraryManager
Load Library - ImageRecognition

2024-07-09 12:51:00,690 [T1] DEBUG LibraryManager
Load Library - MicrosoftOCR

2024-07-09 12:51:00,703 [T1] DEBUG LibraryManager
Load Library - NativeApp

2024-07-09 12:51:00,719 [T1] DEBUG LibraryManager
Load Library - Net

2024-07-09 12:51:00,738 [T1] DEBUG LibraryManager
Load Library - Orchestra

2024-07-09 12:51:00,751 [T1] DEBUG LibraryManager
Load Library - Outlook

2024-07-09 12:51:00,767 [T1] DEBUG LibraryManager
Load Library - Pdf

2024-07-09 12:51:00,784 [T1] DEBUG LibraryManager
Load Library - SAP

2024-07-09 12:51:00,798 [T1] DEBUG LibraryManager
Load Library - Web

2024-07-09 12:51:00,814 [T1] DEBUG LibraryManager
Load Library - Win

2024-07-09 12:51:00,829 [T1] DEBUG LibraryManager
Load Library - WorkFlow

2024-07-09 12:51:00,834 [T1] DEBUG LibraryManager
Load built-in script libraries

2024-07-09 12:51:01,141 [T1] INFO  LibraryManager
Load Libraries - Completed.

2024-07-09 12:51:01,154 [T1] INFO  App
Launch Arguments: Total: 6 |  -eid D_20240709_125056_055 -runtype ProcRunner -ppid 12488

2024-07-09 12:51:01,155 [T1] DEBUG Config
Refresh Language Information

2024-07-09 12:51:01,156 [T1] DEBUG LibraryManager
LibraryManager Initialized.

2024-07-09 12:51:02,317 [T6] INFO  JobService
Start Job: T_openChrome (Foreground)
{
  "JobType": 1,
  "State": 0,
  "IsRunning": false,
  "ResultMessage": null,
  "StartTime": "2024-07-09 12:51:02",
  "EndTime": null,
  "JobId": "Designer_20240709_125101_911",
  "UserAuthentication": null,
  "ProcessPath": "C:\\Users\\3calss_15\\Documents\\Brity RPA Projects\\사업자등록번호\\T_openChrome.proc",
  "ProcessId": "98697117-d7ee-463a-9cdf-242a6c65cde0",
  "ProcessVer": "",
  "ProcessArgs": null,
  "RequesterType": 3,
  "RequesterId": "designer",
  "RequesterPID": 12488,
  "OptionsJsonString": null,
  "TimeoutSec": 0,
  "EngineID": "D_20240709_125056_055",
  "EnginePID": 0,
  "EngineRecommededVersion": "",
  "JobWorkDir": "C:\\Users\\3calss_15\\Documents\\Brity RPA Projects\\사업자등록번호\\Histories\\20240709_125102_T_openChrome_Designer_20240709_125101_911",
  "JobLogDir": "C:\\Users\\3calss_15\\Documents\\Brity RPA Projects\\사업자등록번호\\Histories\\20240709_125102_T_openChrome_Designer_20240709_125101_911\\Log",
  "JobScreenshotDir": "C:\\Users\\3calss_15\\Documents\\Brity RPA Projects\\사업자등록번호\\Histories\\20240709_125102_T_openChrome_Designer_20240709_125101_911\\Log\\Screenshot"
}

2024-07-09 12:51:02,476 [T9] DEBUG JobService
Waiting library loading...

2024-07-09 12:51:02,479 [T9] DEBUG Config
Reload User Settings

2024-07-09 12:51:02,481 [T9] INFO  JobService
Config Loading Completed.

2024-07-09 12:51:02,482 [T9] DEBUG JobService
Config Loading Time: 4 ms.

2024-07-09 12:51:02,504 [T9] DEBUG JobService
Check Shared Token

2024-07-09 12:51:02,505 [T9] DEBUG TokenManager
Load connection token

2024-07-09 12:51:02,508 [T9] DEBUG TokenManager
Clear Connection Token - No Shared Token

2024-07-09 12:51:02,716 [T1] DEBUG ServerInformationClient
Request server feature list

2024-07-09 12:51:02,808 [T1] INFO  ServerInformationClient
Server feature update successful

2024-07-09 12:51:02,812 [T1] INFO  ServerInformationClient
It takes 156 milliseconds to try to update the server feature list.

2024-07-09 12:51:02,812 [T1] INFO  Config
Update server features to config.

2024-07-09 12:51:02,846 [T9] INFO  JobService
Shared Token - No Token

2024-07-09 12:51:02,852 [T9] INFO  JobManager
Create JobManager instance for job T_openChrome(Designer_20240709_125101_911)

2024-07-09 12:51:02,859 [T9] INFO  JobRequest
Job ID : Designer_20240709_125101_911
Project Path  : C:\Users\3calss_15\Documents\Brity RPA Projects\사업자등록번호\사업자등록번호.proj
Process Name  : T_openChrome
Engine Mode   : Designer
Requester Type: Designer
Requester PID : 12488

2024-07-09 12:51:02,862 [T4] INFO  JobRequest
Start Callback Sender

2024-07-09 12:51:02,862 [T4] DEBUG JobRequest
Step Callback Interval: 500

2024-07-09 12:51:02,923 [T9] DEBUG ProjectManager
Set Project Information

2024-07-09 12:51:02,955 [T9] INFO  PlayOptionManager
PlayOption
- Step Interval : 1
- Disable DrawBounds : False
- Invoke First : False
- Allow Upload of DumpScreen results : False

2024-07-09 12:51:02,956 [T9] INFO  JobRunner
Initialize Script Engine

2024-07-09 12:51:02,973 [T14-ScriptEngine] INFO  JobRequest
##############################################################
### STATE: Initializing
##############################################################


2024-07-09 12:51:02,991 [T4] DEBUG JobRequest
Callback - State: Initializing


2024-07-09 12:51:03,889 [T14-ScriptEngine] INFO  JobRequest
##############################################################
### STATE: Ready
##############################################################


2024-07-09 12:51:03,896 [T4] DEBUG JobRequest
Callback - State: Ready


2024-07-09 12:51:03,902 [T9] INFO  JobRunnerHook
HotKey Hook Started

2024-07-09 12:51:03,903 [T9] INFO  JobRequest
##############################################################
### STATE: Starting
##############################################################


2024-07-09 12:51:03,905 [T14-ScriptEngine] INFO  JobRunner
RunProcess start

2024-07-09 12:51:03,907 [T14-ScriptEngine] INFO  JobRequest
##############################################################
### STATE: Running
##############################################################


2024-07-09 12:51:03,907 [T14-ScriptEngine] INFO  JobRequest
Last job life cycle state: Running

2024-07-09 12:51:03,911 [T4] DEBUG JobRequest
Callback - State: Starting


2024-07-09 12:51:03,926 [T4] DEBUG JobRequest
Callback - State: Running


2024-07-09 12:51:04,915 [T14-ScriptEngine] DEBUG ScreenCapture
DirectX Screen Capture Initialized.

2024-07-09 12:51:04,985 [T14-ScriptEngine] DEBUG JobRunner
DirectX ScreenCapture Checked.

2024-07-09 12:51:05,014 [T14-ScriptEngine] INFO  JobRequest
##############################################################
### STATE: StartProcess - T_openChrome
##############################################################
98697117-d7ee-463a-9cdf-242a6c65cde0
T_openChrome


2024-07-09 12:51:05,077 [T14-ScriptEngine] INFO  JobRequest
**************************************************************
*** TASK: T_openChrome
**************************************************************
 - STEP 1: Sb5fc0fbbf7f742b1b0eb4ca4e9461aed (1/15) - (1/14)
 - [1] ChromeOpen


2024-07-09 12:51:07,392 [T8] DEBUG ChromeRemoteConnect
GetRemoteBrowserUsingEndPoint Fail : 하나 이상의 오류가 발생했습니다.

2024-07-09 12:51:07,449 [T8] DEBUG ChromeCommonExtension
extension default locale empty

2024-07-09 12:51:09,046 [T8] DEBUG ChromeCommonExtension
extension default locale empty

2024-07-09 12:51:11,337 [T14-ScriptEngine] INFO  JobRequest
 - STEP 2: Sa603fab6814c4d7cb117746922a5093f (2/15) - (2/14)
 - [2] MouseHover


2024-07-09 12:51:11,800 [T18] INFO  UIAEventHandler
Start UIA event handler

2024-07-09 12:51:12,812 [T18] DEBUG UIAEventHandler
UI Structure Changed Count: 0

2024-07-09 12:51:12,812 [T18] INFO  UIAEventHandler
waiting for 841 msec during the screen structure is changing.

2024-07-09 12:51:13,417 [T18] DEBUG UIAEventHandler
UI Structure Changed Count: 0

2024-07-09 12:51:13,417 [T18] INFO  UIAEventHandler
waiting for 99 msec during the screen structure is changing.

2024-07-09 12:51:13,916 [T14-ScriptEngine] INFO  JobRequest
 - STEP 3: S6b56123d1a634182ab93ef97583ab9a3 (3/15) - (3/14)
 - [3] Click


2024-07-09 12:51:14,325 [T9] DEBUG UIAEventHandler
UI Structure Changed Count: 0

2024-07-09 12:51:14,325 [T9] INFO  UIAEventHandler
waiting for 355 msec during the screen structure is changing.

2024-07-09 12:51:14,512 [T9] DEBUG UIAEventHandler
UI Structure Changed Count: 0

2024-07-09 12:51:14,512 [T9] INFO  UIAEventHandler
waiting for 69 msec during the screen structure is changing.

2024-07-09 12:51:15,144 [T14-ScriptEngine] INFO  JobRequest
 - STEP 4: S7a95858056ae4e03a56df23a461c14ca (4/15) - (4/14)
 - [4] Click


2024-07-09 12:51:15,412 [T18] DEBUG UIAEventHandler
UI Structure Changed Count: 0

2024-07-09 12:51:15,412 [T18] INFO  UIAEventHandler
waiting for 240 msec during the screen structure is changing.

2024-07-09 12:51:17,601 [T14-ScriptEngine] INFO  JobRequest
 - STEP 5: Sac5c942adf484174b35aeb5e4df012ef (5/15) - (5/14)
 - [5] For


2024-07-09 12:51:17,971 [T14-ScriptEngine] INFO  JobRequest
 - STEP 6: S8a85c4ad9c3240989eb9e936afe86859 (14/15) - (14/14)
 - [14] End-For


2024-07-09 12:51:17,972 [T14-ScriptEngine] INFO  JobRunner
[PASS] TASK: T_openChrome

2024-07-09 12:51:17,996 [T14-ScriptEngine] INFO  JobRequest
##############################################################
### STATE: EndProcess - T_openChrome
##############################################################
98697117-d7ee-463a-9cdf-242a6c65cde0
T_openChrome


2024-07-09 12:51:18,084 [T14-ScriptEngine] INFO  JobRunner
RunProcess - Job Result: {}

2024-07-09 12:51:18,084 [T14-ScriptEngine] DEBUG JobManager
Set Result State: Completed

2024-07-09 12:51:18,098 [T14-ScriptEngine] INFO  JobRunner
Make report.

2024-07-09 12:51:18,271 [T14-ScriptEngine] INFO  JobRunner
Start to clean up resources.

2024-07-09 12:51:18,272 [T14-ScriptEngine] DEBUG JobRunner
OnProcessCompleted

2024-07-09 12:51:18,274 [T14-ScriptEngine] INFO  JobRunner
Start to clean up resources.

2024-07-09 12:51:18,281 [T14-ScriptEngine] DEBUG JobRunner
Remove all libraries

2024-07-09 12:51:18,298 [T14-ScriptEngine] DEBUG NetPlayer
WebPlayer OnDispose

2024-07-09 12:51:18,300 [T14-ScriptEngine] DEBUG WebPlayer
WebPlayer OnDispose : Do Nothing

2024-07-09 12:51:18,301 [T9] DEBUG JobRunner
Start timer for checking the job to be completed.

2024-07-09 12:51:18,301 [T14-ScriptEngine] DEBUG UIAEventHandler
Stop UIA event handler

2024-07-09 12:51:18,316 [T14-ScriptEngine] DEBUG UiaAppHelper
WinHelper DisposeAppList Count: 0

2024-07-09 12:51:18,316 [T14-ScriptEngine] INFO  JobRunner
All Resources Clear

2024-07-09 12:51:18,320 [T14-ScriptEngine] DEBUG JobRunner
OnCompleted

2024-07-09 12:51:18,321 [T14-ScriptEngine] DEBUG JobRunner
SendJobResult: Completed

2024-07-09 12:51:18,321 [T14-ScriptEngine] INFO  JobRequest
##############################################################
### STATE: Completed
##############################################################
{}


2024-07-09 12:51:18,321 [T14-ScriptEngine] INFO  JobRequest
Last job life cycle state: Completed

2024-07-09 12:51:18,335 [T14-ScriptEngine] INFO  JobRequest
##############################################################
### JOB COMPLETED
##############################################################


2024-07-09 12:51:18,339 [T4] DEBUG JobRequest
Callback - State: Completed
{}

2024-07-09 12:51:18,353 [T14-ScriptEngine] INFO  JobRunner
RunProcess end

2024-07-09 12:51:18,353 [T1] INFO  JobService
Exit - Shutdown Engine BOT

2024-07-09 12:51:18,368 [T4] INFO  JobRequest
Callback - EngineClosed

2024-07-09 12:51:18,369 [T4] INFO  JobService
Disconnect agent service

2024-07-09 12:51:18,370 [T4] DEBUG JobRequest
End of Callback Sender

