2024-07-10 08:50:30,340 [T1] INFO  EngineStarter
BOT Engine Start - v3.1.100.11228 at 2024-07-10 오전 8:50:30
EngineID: D_20240710_085029_576
PID : 2740
PPID: 5148
Working Directory: C:\Users\3calss_15\AppData\Roaming\Brity RPA Designer

2024-07-10 08:50:30,356 [T1] INFO  EngineStarter
System Language: ko-KR
Resolution: 1920 x 1200

2024-07-10 08:50:30,597 [T1] INFO  Config
Initialize Config

2024-07-10 08:50:30,648 [T1] DEBUG Config
Config Loaded

2024-07-10 08:50:30,649 [T1] DEBUG Config
Backup config file.

2024-07-10 08:50:30,662 [T1] INFO  Config
Orchestrator Service => https://bwrpa.samsungsds.com:8777

2024-07-10 08:50:30,667 [T1] INFO  Config
Initialize Resource Config

2024-07-10 08:50:30,707 [T1] DEBUG Config
Refresh Language Information

2024-07-10 08:50:30,786 [T1] INFO  Config
All Config Initialized.

2024-07-10 08:50:30,793 [T1] DEBUG KeyManager
Initialize KeyManager

2024-07-10 08:50:30,796 [T1] DEBUG KeyManager
Load device unique id.

2024-07-10 08:50:30,803 [T1] DEBUG KeyManager
Device ID is initialized.

2024-07-10 08:50:30,884 [T5] DEBUG JobService
Connect to agent service

2024-07-10 08:50:30,915 [T5] DEBUG JobService
JobService URL : net.tcp://127.0.0.1:59001/rpa/agent

2024-07-10 08:50:30,915 [T5] DEBUG JobService
Open connection

2024-07-10 08:50:30,917 [T1] DEBUG ApplicationInitializer
InitMode: Thread

2024-07-10 08:50:30,925 [T1] INFO  LibraryManager
Load Libraries - Started

2024-07-10 08:50:30,932 [T5] DEBUG JobService
Register engine to agent

2024-07-10 08:50:30,939 [T1] DEBUG AddInLoader
Load Assembly : IPA.Lib.Chrome

2024-07-10 08:50:30,943 [T5] DEBUG JobService
Engine is connected to agent service.

2024-07-10 08:50:30,943 [T5] DEBUG JobService
Owner Process PID: 5148

2024-07-10 08:50:30,946 [T5] INFO  JobService
Start monitoring owner process is terminated.

2024-07-10 08:50:31,163 [T1] DEBUG AddInLoader
Load Assembly : IPA.Lib.Desktop

2024-07-10 08:50:31,354 [T1] DEBUG AddInLoader
Load Assembly : IPA.Lib.Excel

2024-07-10 08:50:31,511 [T1] DEBUG AddInLoader
Load Assembly : IPA.Lib.Flow

2024-07-10 08:50:31,633 [T1] DEBUG AddInLoader
Load Assembly : IPA.Lib.IE

2024-07-10 08:50:31,730 [T1] DEBUG AddInLoader
Load Assembly : IPA.Lib.ImageConverter

2024-07-10 08:50:31,802 [T1] DEBUG AddInLoader
Load Assembly : IPA.Lib.ImageRecognition

2024-07-10 08:50:32,020 [T1] DEBUG AddInLoader
Load Assembly : IPA.Lib.MicrosoftOCR

2024-07-10 08:50:32,104 [T1] DEBUG AddInLoader
Load Assembly : IPA.Lib.Net

2024-07-10 08:50:32,212 [T1] DEBUG AddInLoader
Load Assembly : IPA.Lib.Orchestra

2024-07-10 08:50:32,323 [T1] DEBUG AddInLoader
Load Assembly : IPA.Lib.ProcessFlow

2024-07-10 08:50:32,423 [T1] DEBUG AddInLoader
Load Assembly : IPA.Lib.SAP

2024-07-10 08:50:32,517 [T1] DEBUG AddInLoader
Load Assembly : IPA.Lib.Web

2024-07-10 08:50:32,642 [T1] DEBUG AddInLoader
Load Assembly : IPA.Lib.Win

2024-07-10 08:50:32,773 [T1] INFO  ScreenCapture
Default Screen Capture Bounds: 0,0,1920,1200

2024-07-10 08:50:32,804 [T1] DEBUG AddInLoader
Load Assembly : BrityRPA.AddIn.NativeApp

2024-07-10 08:50:32,918 [T1] DEBUG AddInLoader
Load Assembly : BrityWorks.AddIn.Outlook

2024-07-10 08:50:32,998 [T1] DEBUG AddInLoader
Load Assembly : BrityWorks.AddIn.Pdf

2024-07-10 08:50:33,088 [T1] DEBUG LibraryManager
Load Library - Chrome

2024-07-10 08:50:33,104 [T1] DEBUG LibraryManager
Load Library - Desktop

2024-07-10 08:50:33,119 [T1] DEBUG LibraryManager
Load Library - Excel

2024-07-10 08:50:33,134 [T1] DEBUG LibraryManager
Load Library - Flow

2024-07-10 08:50:33,150 [T1] DEBUG LibraryManager
Load Library - IE

2024-07-10 08:50:33,166 [T1] DEBUG LibraryManager
Load Library - ImageConverter

2024-07-10 08:50:33,182 [T1] DEBUG LibraryManager
Load Library - ImageRecognition

2024-07-10 08:50:33,197 [T1] DEBUG LibraryManager
Load Library - MicrosoftOCR

2024-07-10 08:50:33,213 [T1] DEBUG LibraryManager
Load Library - NativeApp

2024-07-10 08:50:33,229 [T1] DEBUG LibraryManager
Load Library - Net

2024-07-10 08:50:33,245 [T1] DEBUG LibraryManager
Load Library - Orchestra

2024-07-10 08:50:33,260 [T1] DEBUG LibraryManager
Load Library - Outlook

2024-07-10 08:50:33,276 [T1] DEBUG LibraryManager
Load Library - Pdf

2024-07-10 08:50:33,291 [T1] DEBUG LibraryManager
Load Library - SAP

2024-07-10 08:50:33,306 [T1] DEBUG LibraryManager
Load Library - Web

2024-07-10 08:50:33,321 [T1] DEBUG LibraryManager
Load Library - Win

2024-07-10 08:50:33,337 [T1] DEBUG LibraryManager
Load Library - WorkFlow

2024-07-10 08:50:33,347 [T1] DEBUG LibraryManager
Load built-in script libraries

2024-07-10 08:50:33,662 [T1] INFO  LibraryManager
Load Libraries - Completed.

2024-07-10 08:50:33,676 [T1] INFO  App
Launch Arguments: Total: 6 |  -eid D_20240710_085029_576 -runtype ProcRunner -ppid 5148

2024-07-10 08:50:33,676 [T1] DEBUG Config
Refresh Language Information

2024-07-10 08:50:33,678 [T1] DEBUG LibraryManager
LibraryManager Initialized.

2024-07-10 08:51:08,981 [T9] INFO  JobService
Start Job: P_부동산공시가격검색 (Foreground)
{
  "JobType": 1,
  "State": 0,
  "IsRunning": false,
  "ResultMessage": null,
  "StartTime": "2024-07-10 08:51:08",
  "EndTime": null,
  "JobId": "Designer_20240710_085108_518",
  "UserAuthentication": null,
  "ProcessPath": "C:\\Users\\3calss_15\\Documents\\Brity RPA Projects\\부동산공시가격검색\\P_부동산공시가격검색.proc",
  "ProcessId": "f5d5e78c-2c49-4e0c-a0f3-ff34a134bb02",
  "ProcessVer": "",
  "ProcessArgs": null,
  "RequesterType": 3,
  "RequesterId": "designer",
  "RequesterPID": 5148,
  "OptionsJsonString": null,
  "TimeoutSec": 0,
  "EngineID": "D_20240710_085029_576",
  "EnginePID": 0,
  "EngineRecommededVersion": "",
  "JobWorkDir": "C:\\Users\\3calss_15\\Documents\\Brity RPA Projects\\부동산공시가격검색\\Histories\\20240710_085108_P_부동산공시가격검색_Designer_20240710_085108_518",
  "JobLogDir": "C:\\Users\\3calss_15\\Documents\\Brity RPA Projects\\부동산공시가격검색\\Histories\\20240710_085108_P_부동산공시가격검색_Designer_20240710_085108_518\\Log",
  "JobScreenshotDir": "C:\\Users\\3calss_15\\Documents\\Brity RPA Projects\\부동산공시가격검색\\Histories\\20240710_085108_P_부동산공시가격검색_Designer_20240710_085108_518\\Log\\Screenshot"
}

2024-07-10 08:51:09,186 [T10] DEBUG JobService
Waiting library loading...

2024-07-10 08:51:09,189 [T10] DEBUG Config
Reload User Settings

2024-07-10 08:51:09,191 [T10] INFO  JobService
Config Loading Completed.

2024-07-10 08:51:09,191 [T10] DEBUG JobService
Config Loading Time: 4 ms.

2024-07-10 08:51:09,206 [T10] DEBUG JobService
Check Shared Token

2024-07-10 08:51:09,207 [T10] DEBUG TokenManager
Load connection token

2024-07-10 08:51:09,212 [T10] DEBUG TokenManager
Clear Connection Token - No Shared Token

2024-07-10 08:51:09,333 [T1] DEBUG ServerInformationClient
Request server feature list

2024-07-10 08:51:11,318 [T1] INFO  ServerInformationClient
Server feature update successful

2024-07-10 08:51:11,330 [T1] INFO  ServerInformationClient
It takes 2044 milliseconds to try to update the server feature list.

2024-07-10 08:51:11,332 [T1] INFO  Config
Update server features to config.

2024-07-10 08:51:11,400 [T10] INFO  JobService
Shared Token - No Token

2024-07-10 08:51:11,407 [T10] INFO  JobManager
Create JobManager instance for job P_부동산공시가격검색(Designer_20240710_085108_518)

2024-07-10 08:51:11,414 [T10] INFO  JobRequest
Job ID : Designer_20240710_085108_518
Project Path  : C:\Users\3calss_15\Documents\Brity RPA Projects\부동산공시가격검색\부동산공시가격검색.proj
Process Name  : P_부동산공시가격검색
Engine Mode   : Designer
Requester Type: Designer
Requester PID : 5148

2024-07-10 08:51:11,417 [T11] INFO  JobRequest
Start Callback Sender

2024-07-10 08:51:11,417 [T11] DEBUG JobRequest
Step Callback Interval: 500

2024-07-10 08:51:11,456 [T10] DEBUG ProjectManager
Set Project Information

2024-07-10 08:51:11,483 [T10] INFO  PlayOptionManager
PlayOption
- Step Interval : 1
- Disable DrawBounds : False
- Invoke First : False
- Allow Upload of DumpScreen results : False

2024-07-10 08:51:11,484 [T10] INFO  JobRunner
Initialize Script Engine

2024-07-10 08:51:11,501 [T16-ScriptEngine] INFO  JobRequest
##############################################################
### STATE: Initializing
##############################################################


2024-07-10 08:51:11,528 [T11] DEBUG JobRequest
Callback - State: Initializing


2024-07-10 08:51:12,635 [T16-ScriptEngine] INFO  JobRequest
##############################################################
### STATE: Ready
##############################################################


2024-07-10 08:51:12,647 [T11] DEBUG JobRequest
Callback - State: Ready


2024-07-10 08:51:12,648 [T10] INFO  JobRunnerHook
HotKey Hook Started

2024-07-10 08:51:12,649 [T10] INFO  JobRequest
##############################################################
### STATE: Starting
##############################################################


2024-07-10 08:51:12,651 [T16-ScriptEngine] INFO  JobRunner
RunProcess start

2024-07-10 08:51:12,653 [T16-ScriptEngine] INFO  JobRequest
##############################################################
### STATE: Running
##############################################################


2024-07-10 08:51:12,653 [T16-ScriptEngine] INFO  JobRequest
Last job life cycle state: Running

2024-07-10 08:51:12,663 [T11] DEBUG JobRequest
Callback - State: Starting


2024-07-10 08:51:12,664 [T11] DEBUG JobRequest
Callback - State: Running


2024-07-10 08:51:13,907 [T16-ScriptEngine] DEBUG ScreenCapture
DirectX Screen Capture Initialized.

2024-07-10 08:51:13,988 [T16-ScriptEngine] DEBUG JobRunner
DirectX ScreenCapture Checked.

2024-07-10 08:51:14,015 [T16-ScriptEngine] INFO  JobRequest
##############################################################
### STATE: StartProcess - P_부동산공시가격검색
##############################################################
f5d5e78c-2c49-4e0c-a0f3-ff34a134bb02
P_부동산공시가격검색


2024-07-10 08:51:14,082 [T16-ScriptEngine] INFO  JobRequest
**************************************************************
*** TASK: P_부동산공시가격검색
**************************************************************
 - STEP 1: S60b8592450f94f9ba13edc4919220a4d (1/3) - (1/42)
 - [1] RunTask


2024-07-10 08:51:14,176 [T16-ScriptEngine] INFO  JobRequest
##############################################################
### STATE: StartTask - T_openExcell
##############################################################
e7458ea8-ca03-44c6-92a7-2f96d8340d31
T_openExcell


2024-07-10 08:51:14,199 [T16-ScriptEngine] INFO  JobRequest
**************************************************************
*** TASK: T_openExcell
**************************************************************
 - STEP 2: Sed82e57b44a44e9a94e466122fb33bb4 (1/13) - (2/42)
 - [1] OpenExcel


2024-07-10 08:51:15,780 [T16-ScriptEngine] INFO  JobRequest
 - STEP 3: S31727e0a0bc34a65900a160e90e2eed6 (2/13) - (3/42)
 - [2] GetRowCount


2024-07-10 08:51:15,859 [T16-ScriptEngine] INFO  JobRequest
 - STEP 4: Secef2630c1f84285854e919400a3651b (3/13) - (4/42)
 - [3] For


2024-07-10 08:51:15,875 [T16-ScriptEngine] INFO  JobRequest
 - STEP 5: S2d902bd8a139406893f056c05e739063 (4/13) - (5/42)
 - [4] ReadRange


2024-07-10 08:51:15,983 [T16-ScriptEngine] INFO  JobRequest
 - STEP 6: S04b8732fe31c47bab57aab8603c5aa0a (5/13) - (6/42)
 - [5] ReadRange


2024-07-10 08:51:16,015 [T16-ScriptEngine] INFO  JobRequest
 - STEP 7: Sdb2ff21ec2ac47e1bb365e0b176e9c94 (6/13) - (7/42)
 - [6] ReadRange


2024-07-10 08:51:16,046 [T16-ScriptEngine] INFO  JobRequest
 - STEP 8: Sd27bd142102644878828f184f58daa24 (7/13) - (8/42)
 - [7] ReadRange


2024-07-10 08:51:16,077 [T16-ScriptEngine] INFO  JobRequest
 - STEP 9: Sb199f2474cc84189baf76024b565aa22 (8/13) - (9/42)
 - [8] ReadRange


2024-07-10 08:51:16,123 [T16-ScriptEngine] INFO  JobRequest
 - STEP 10: S3e6575205a794d468d0aeb0700a8dd72 (9/13) - (10/42)
 - [9] ReadRange


2024-07-10 08:51:16,155 [T16-ScriptEngine] INFO  JobRequest
 - STEP 11: Sb840f88098e142c789f1e4a77f416445 (10/13) - (11/42)
 - [10] ReadRange


2024-07-10 08:51:16,186 [T16-ScriptEngine] INFO  JobRequest
 - STEP 12: Sa80a5ba9aa63490fa9b7b836e6ee334a (11/13) - (12/42)
 - [11] ReadRange


2024-07-10 08:51:16,217 [T16-ScriptEngine] INFO  JobRequest
 - STEP 13: S2d902bd8a139406893f056c05e739063 (4/13) - (12/42)
 - [4] ReadRange


2024-07-10 08:51:16,265 [T16-ScriptEngine] INFO  JobRequest
 - STEP 14: S04b8732fe31c47bab57aab8603c5aa0a (5/13) - (12/42)
 - [5] ReadRange


2024-07-10 08:51:16,296 [T16-ScriptEngine] INFO  JobRequest
 - STEP 15: Sdb2ff21ec2ac47e1bb365e0b176e9c94 (6/13) - (12/42)
 - [6] ReadRange


2024-07-10 08:51:16,327 [T16-ScriptEngine] INFO  JobRequest
 - STEP 16: Sd27bd142102644878828f184f58daa24 (7/13) - (12/42)
 - [7] ReadRange


2024-07-10 08:51:16,358 [T16-ScriptEngine] INFO  JobRequest
 - STEP 17: Sb199f2474cc84189baf76024b565aa22 (8/13) - (12/42)
 - [8] ReadRange


2024-07-10 08:51:16,404 [T16-ScriptEngine] INFO  JobRequest
 - STEP 18: S3e6575205a794d468d0aeb0700a8dd72 (9/13) - (12/42)
 - [9] ReadRange


2024-07-10 08:51:16,436 [T16-ScriptEngine] INFO  JobRequest
 - STEP 19: Sb840f88098e142c789f1e4a77f416445 (10/13) - (12/42)
 - [10] ReadRange


2024-07-10 08:51:16,483 [T16-ScriptEngine] INFO  JobRequest
 - STEP 20: Sa80a5ba9aa63490fa9b7b836e6ee334a (11/13) - (12/42)
 - [11] ReadRange


2024-07-10 08:51:16,529 [T16-ScriptEngine] INFO  JobRequest
 - STEP 21: S2d902bd8a139406893f056c05e739063 (4/13) - (12/42)
 - [4] ReadRange


2024-07-10 08:51:16,576 [T16-ScriptEngine] INFO  JobRequest
 - STEP 22: S04b8732fe31c47bab57aab8603c5aa0a (5/13) - (12/42)
 - [5] ReadRange


2024-07-10 08:51:16,622 [T16-ScriptEngine] INFO  JobRequest
 - STEP 23: Sdb2ff21ec2ac47e1bb365e0b176e9c94 (6/13) - (12/42)
 - [6] ReadRange


2024-07-10 08:51:16,668 [T16-ScriptEngine] INFO  JobRequest
 - STEP 24: Sd27bd142102644878828f184f58daa24 (7/13) - (12/42)
 - [7] ReadRange


2024-07-10 08:51:16,699 [T16-ScriptEngine] INFO  JobRequest
 - STEP 25: Sb199f2474cc84189baf76024b565aa22 (8/13) - (12/42)
 - [8] ReadRange


2024-07-10 08:51:16,731 [T16-ScriptEngine] INFO  JobRequest
 - STEP 26: S3e6575205a794d468d0aeb0700a8dd72 (9/13) - (12/42)
 - [9] ReadRange


2024-07-10 08:51:16,762 [T16-ScriptEngine] INFO  JobRequest
 - STEP 27: Sb840f88098e142c789f1e4a77f416445 (10/13) - (12/42)
 - [10] ReadRange


2024-07-10 08:51:16,792 [T16-ScriptEngine] INFO  JobRequest
 - STEP 28: Sa80a5ba9aa63490fa9b7b836e6ee334a (11/13) - (12/42)
 - [11] ReadRange


2024-07-10 08:51:16,823 [T16-ScriptEngine] INFO  JobRequest
 - STEP 29: S2d902bd8a139406893f056c05e739063 (4/13) - (12/42)
 - [4] ReadRange


2024-07-10 08:51:16,855 [T16-ScriptEngine] INFO  JobRequest
 - STEP 30: S04b8732fe31c47bab57aab8603c5aa0a (5/13) - (12/42)
 - [5] ReadRange


2024-07-10 08:51:16,903 [T16-ScriptEngine] INFO  JobRequest
 - STEP 31: Sdb2ff21ec2ac47e1bb365e0b176e9c94 (6/13) - (12/42)
 - [6] ReadRange


2024-07-10 08:51:16,935 [T16-ScriptEngine] INFO  JobRequest
 - STEP 32: Sd27bd142102644878828f184f58daa24 (7/13) - (12/42)
 - [7] ReadRange


2024-07-10 08:51:16,966 [T16-ScriptEngine] INFO  JobRequest
 - STEP 33: Sb199f2474cc84189baf76024b565aa22 (8/13) - (12/42)
 - [8] ReadRange


2024-07-10 08:51:16,997 [T16-ScriptEngine] INFO  JobRequest
 - STEP 34: S3e6575205a794d468d0aeb0700a8dd72 (9/13) - (12/42)
 - [9] ReadRange


2024-07-10 08:51:17,028 [T16-ScriptEngine] INFO  JobRequest
 - STEP 35: Sb840f88098e142c789f1e4a77f416445 (10/13) - (12/42)
 - [10] ReadRange


2024-07-10 08:51:17,074 [T16-ScriptEngine] INFO  JobRequest
 - STEP 36: Sa80a5ba9aa63490fa9b7b836e6ee334a (11/13) - (12/42)
 - [11] ReadRange


2024-07-10 08:51:17,120 [T16-ScriptEngine] INFO  JobRequest
 - STEP 37: S2d902bd8a139406893f056c05e739063 (4/13) - (12/42)
 - [4] ReadRange


2024-07-10 08:51:17,167 [T16-ScriptEngine] INFO  JobRequest
 - STEP 38: S04b8732fe31c47bab57aab8603c5aa0a (5/13) - (12/42)
 - [5] ReadRange


2024-07-10 08:51:17,214 [T16-ScriptEngine] INFO  JobRequest
 - STEP 39: Sdb2ff21ec2ac47e1bb365e0b176e9c94 (6/13) - (12/42)
 - [6] ReadRange


2024-07-10 08:51:17,261 [T16-ScriptEngine] INFO  JobRequest
 - STEP 40: Sd27bd142102644878828f184f58daa24 (7/13) - (12/42)
 - [7] ReadRange


2024-07-10 08:51:17,309 [T16-ScriptEngine] INFO  JobRequest
 - STEP 41: Sb199f2474cc84189baf76024b565aa22 (8/13) - (12/42)
 - [8] ReadRange


2024-07-10 08:51:17,372 [T16-ScriptEngine] INFO  JobRequest
 - STEP 42: S3e6575205a794d468d0aeb0700a8dd72 (9/13) - (12/42)
 - [9] ReadRange


2024-07-10 08:51:17,420 [T16-ScriptEngine] INFO  JobRequest
 - STEP 43: Sb840f88098e142c789f1e4a77f416445 (10/13) - (12/42)
 - [10] ReadRange


2024-07-10 08:51:17,452 [T16-ScriptEngine] INFO  JobRequest
 - STEP 44: Sa80a5ba9aa63490fa9b7b836e6ee334a (11/13) - (12/42)
 - [11] ReadRange


2024-07-10 08:51:17,482 [T16-ScriptEngine] INFO  JobRequest
 - STEP 45: S74077ad569c9415a8602ebcffe11f851 (12/13) - (13/42)
 - [12] End-For


2024-07-10 08:51:17,482 [T16-ScriptEngine] INFO  JobRunner
[PASS] TASK: T_openExcell

2024-07-10 08:51:17,492 [T16-ScriptEngine] INFO  JobRequest
##############################################################
### STATE: EndTask - T_openExcell
##############################################################
e7458ea8-ca03-44c6-92a7-2f96d8340d31
T_openExcell


2024-07-10 08:51:17,513 [T16-ScriptEngine] INFO  JobRequest
**************************************************************
*** TASK: P_부동산공시가격검색
**************************************************************
 - STEP 46: S7f09a40ca8464b01a548d2c84363b3f1 (2/3) - (14/42)
 - [2] RunTask


2024-07-10 08:51:17,538 [T16-ScriptEngine] INFO  JobRequest
##############################################################
### STATE: StartTask - T_openChrome
##############################################################
b58cad97-e558-460a-91d5-4375e18c2bc3
T_openChrome


2024-07-10 08:51:17,544 [T16-ScriptEngine] INFO  JobRequest
**************************************************************
*** TASK: T_openChrome
**************************************************************
 - STEP 47: Sd8267c5e18bc487c9ab059c276a1bd99 (1/28) - (15/42)
 - [1] ChromeOpen


2024-07-10 08:51:20,298 [T10] DEBUG ChromeRemoteConnect
GetRemoteBrowserUsingEndPoint Fail : 하나 이상의 오류가 발생했습니다.

2024-07-10 08:51:20,357 [T10] DEBUG ChromeCommonExtension
extension default locale empty

2024-07-10 08:51:23,094 [T10] DEBUG ChromeCommonExtension
extension default locale empty

2024-07-10 08:51:50,446 [T17] INFO  JobService
PauseJob

2024-07-10 08:51:50,447 [T17] INFO  JobRunner
Try Pause

2024-07-10 08:51:50,447 [T17] INFO  JobRequest
##############################################################
### STATE: Paused
##############################################################


2024-07-10 08:51:50,447 [T17] INFO  JobRequest
Last job life cycle state: Paused

2024-07-10 08:51:50,467 [T11] DEBUG JobRequest
Callback - State: Paused


2024-07-10 08:51:52,007 [T25] INFO  JobService
Stop Job

2024-07-10 08:51:52,009 [T25] INFO  JobRunner
Stop Job Runner - Cause: LocalUser / Message: stop by user

2024-07-10 08:51:52,010 [T25] INFO  JobRequest
##############################################################
### STATE: Stopping
##############################################################
stop by user


2024-07-10 08:51:52,016 [T11] DEBUG JobRequest
Callback - State: Stopping
stop by user

2024-07-10 08:51:52,189 [T16-ScriptEngine] DEBUG ChromeOpen
스레드가 대기 상태에서 인터럽트되었습니다.

2024-07-10 08:51:52,194 [T16-ScriptEngine] DEBUG JobRunner
RunTask Interrupted. TASK: T_openChrome => Script execution interrupted by host

2024-07-10 08:51:52,203 [T16-ScriptEngine] DEBUG JobRunner
RunTask Interrupted. TASK: P_부동산공시가격검색 => 스레드가 대기 상태에서 인터럽트되었습니다.

2024-07-10 08:51:52,229 [T16-ScriptEngine] DEBUG JobManager
Set Result State: Stopped

2024-07-10 08:51:52,235 [T16-ScriptEngine] INFO  JobRunner
Make report.

2024-07-10 08:51:52,279 [T16-ScriptEngine] INFO  JobRunner
Start to clean up resources.

2024-07-10 08:51:52,280 [T16-ScriptEngine] DEBUG JobRunner
OnProcessCompleted

2024-07-10 08:51:52,281 [T12] DEBUG JobRunner
Start timer for checking the job to be completed.

2024-07-10 08:51:52,285 [T16-ScriptEngine] DEBUG ExcelBase
DisposeExcel

2024-07-10 08:51:52,304 [T16-ScriptEngine] INFO  JobRunner
Start to clean up resources.

2024-07-10 08:51:52,305 [T16-ScriptEngine] DEBUG JobRunner
Remove all Process Stack: 2

2024-07-10 08:51:52,306 [T16-ScriptEngine] INFO  JobRequest
##############################################################
### STATE: EndTask - T_openChrome
##############################################################
b58cad97-e558-460a-91d5-4375e18c2bc3
T_openChrome


2024-07-10 08:51:52,306 [T16-ScriptEngine] INFO  JobRequest
##############################################################
### STATE: EndProcess - P_부동산공시가격검색
##############################################################
f5d5e78c-2c49-4e0c-a0f3-ff34a134bb02
P_부동산공시가격검색


2024-07-10 08:51:52,307 [T16-ScriptEngine] DEBUG JobRunner
Remove all libraries

2024-07-10 08:51:52,309 [T16-ScriptEngine] DEBUG NetPlayer
WebPlayer OnDispose

2024-07-10 08:51:52,311 [T16-ScriptEngine] DEBUG WebPlayer
WebPlayer OnDispose : Do Nothing

2024-07-10 08:51:52,314 [T16-ScriptEngine] DEBUG UiaAppHelper
WinHelper DisposeAppList Count: 0

2024-07-10 08:51:52,314 [T16-ScriptEngine] INFO  JobRunner
All Resources Clear

2024-07-10 08:51:52,317 [T16-ScriptEngine] DEBUG JobRunner
OnCompleted

2024-07-10 08:51:52,318 [T16-ScriptEngine] DEBUG JobRunner
SendJobResult: Stopped

2024-07-10 08:51:52,318 [T16-ScriptEngine] INFO  JobRequest
##############################################################
### STATE: Stopped
##############################################################
Process: P_부동산공시가격검색
Task: T_openChrome
Step: ChromeOpen (1/28)

Stopped by User


2024-07-10 08:51:52,318 [T16-ScriptEngine] INFO  JobRequest
Last job life cycle state: Stopped

2024-07-10 08:51:52,326 [T16-ScriptEngine] INFO  JobRequest
##############################################################
### JOB COMPLETED
##############################################################


2024-07-10 08:51:52,329 [T11] DEBUG JobRequest
Callback - State: Stopped
Process: P_부동산공시가격검색
Task: T_openChrome
Step: ChromeOpen (1/28)

Stopped by User

2024-07-10 08:51:52,331 [T11] INFO  JobRequest
Callback - EngineClosed

2024-07-10 08:51:52,332 [T11] INFO  JobService
Disconnect agent service

2024-07-10 08:51:52,333 [T11] DEBUG JobRequest
End of Callback Sender

