2024-07-08 16:49:00,325 [T1] INFO  EngineStarter
BOT Engine Start - v3.1.100.11228 at 2024-07-08 오후 4:49:00
EngineID: D_20240708_164859_389
PID : 9608
PPID: 844
Working Directory: C:\Users\3calss_15\AppData\Roaming\Brity RPA Designer

2024-07-08 16:49:00,344 [T1] INFO  EngineStarter
System Language: ko-KR
Resolution: 1920 x 1200

2024-07-08 16:49:00,626 [T1] INFO  Config
Initialize Config

2024-07-08 16:49:00,666 [T1] DEBUG Config
Config Loaded

2024-07-08 16:49:00,668 [T1] DEBUG Config
Backup config file.

2024-07-08 16:49:00,678 [T1] INFO  Config
Orchestrator Service => https://bwrpa.samsungsds.com:8777

2024-07-08 16:49:00,682 [T1] INFO  Config
Initialize Resource Config

2024-07-08 16:49:00,711 [T1] DEBUG Config
Refresh Language Information

2024-07-08 16:49:00,783 [T1] INFO  Config
All Config Initialized.

2024-07-08 16:49:00,791 [T1] DEBUG KeyManager
Initialize KeyManager

2024-07-08 16:49:00,794 [T1] DEBUG KeyManager
Load device unique id.

2024-07-08 16:49:00,800 [T1] DEBUG KeyManager
Device ID is initialized.

2024-07-08 16:49:00,881 [T5] DEBUG JobService
Connect to agent service

2024-07-08 16:49:00,914 [T1] DEBUG ApplicationInitializer
InitMode: Thread

2024-07-08 16:49:00,915 [T5] DEBUG JobService
JobService URL : net.tcp://127.0.0.1:59001/rpa/agent

2024-07-08 16:49:00,915 [T5] DEBUG JobService
Open connection

2024-07-08 16:49:00,923 [T1] INFO  LibraryManager
Load Libraries - Started

2024-07-08 16:49:00,930 [T5] DEBUG JobService
Register engine to agent

2024-07-08 16:49:00,936 [T1] DEBUG AddInLoader
Load Assembly : IPA.Lib.Chrome

2024-07-08 16:49:00,942 [T5] DEBUG JobService
Engine is connected to agent service.

2024-07-08 16:49:00,942 [T5] DEBUG JobService
Owner Process PID: 844

2024-07-08 16:49:00,945 [T5] INFO  JobService
Start monitoring owner process is terminated.

2024-07-08 16:49:01,146 [T1] DEBUG AddInLoader
Load Assembly : IPA.Lib.Desktop

2024-07-08 16:49:01,333 [T1] DEBUG AddInLoader
Load Assembly : IPA.Lib.Excel

2024-07-08 16:49:01,470 [T1] DEBUG AddInLoader
Load Assembly : IPA.Lib.Flow

2024-07-08 16:49:01,570 [T1] DEBUG AddInLoader
Load Assembly : IPA.Lib.IE

2024-07-08 16:49:01,655 [T1] DEBUG AddInLoader
Load Assembly : IPA.Lib.ImageConverter

2024-07-08 16:49:01,711 [T1] DEBUG AddInLoader
Load Assembly : IPA.Lib.ImageRecognition

2024-07-08 16:49:01,908 [T1] DEBUG AddInLoader
Load Assembly : IPA.Lib.MicrosoftOCR

2024-07-08 16:49:01,973 [T1] DEBUG AddInLoader
Load Assembly : IPA.Lib.Net

2024-07-08 16:49:02,067 [T1] DEBUG AddInLoader
Load Assembly : IPA.Lib.Orchestra

2024-07-08 16:49:02,207 [T1] DEBUG AddInLoader
Load Assembly : IPA.Lib.ProcessFlow

2024-07-08 16:49:02,303 [T1] DEBUG AddInLoader
Load Assembly : IPA.Lib.SAP

2024-07-08 16:49:02,504 [T1] DEBUG AddInLoader
Load Assembly : IPA.Lib.Web

2024-07-08 16:49:02,647 [T1] DEBUG AddInLoader
Load Assembly : IPA.Lib.Win

2024-07-08 16:49:02,762 [T1] INFO  ScreenCapture
Default Screen Capture Bounds: 0,0,1920,1200

2024-07-08 16:49:02,790 [T1] DEBUG AddInLoader
Load Assembly : BrityRPA.AddIn.NativeApp

2024-07-08 16:49:02,895 [T1] DEBUG AddInLoader
Load Assembly : BrityWorks.AddIn.Outlook

2024-07-08 16:49:02,965 [T1] DEBUG AddInLoader
Load Assembly : BrityWorks.AddIn.Pdf

2024-07-08 16:49:03,059 [T1] DEBUG LibraryManager
Load Library - Chrome

2024-07-08 16:49:03,074 [T1] DEBUG LibraryManager
Load Library - Desktop

2024-07-08 16:49:03,089 [T1] DEBUG LibraryManager
Load Library - Excel

2024-07-08 16:49:03,105 [T1] DEBUG LibraryManager
Load Library - Flow

2024-07-08 16:49:03,120 [T1] DEBUG LibraryManager
Load Library - IE

2024-07-08 16:49:03,136 [T1] DEBUG LibraryManager
Load Library - ImageConverter

2024-07-08 16:49:03,151 [T1] DEBUG LibraryManager
Load Library - ImageRecognition

2024-07-08 16:49:03,167 [T1] DEBUG LibraryManager
Load Library - MicrosoftOCR

2024-07-08 16:49:03,182 [T1] DEBUG LibraryManager
Load Library - NativeApp

2024-07-08 16:49:03,197 [T1] DEBUG LibraryManager
Load Library - Net

2024-07-08 16:49:03,213 [T1] DEBUG LibraryManager
Load Library - Orchestra

2024-07-08 16:49:03,228 [T1] DEBUG LibraryManager
Load Library - Outlook

2024-07-08 16:49:03,244 [T1] DEBUG LibraryManager
Load Library - Pdf

2024-07-08 16:49:03,259 [T1] DEBUG LibraryManager
Load Library - SAP

2024-07-08 16:49:03,274 [T1] DEBUG LibraryManager
Load Library - Web

2024-07-08 16:49:03,289 [T1] DEBUG LibraryManager
Load Library - Win

2024-07-08 16:49:03,305 [T1] DEBUG LibraryManager
Load Library - WorkFlow

2024-07-08 16:49:03,314 [T1] DEBUG LibraryManager
Load built-in script libraries

2024-07-08 16:49:03,599 [T1] INFO  LibraryManager
Load Libraries - Completed.

2024-07-08 16:49:03,613 [T1] INFO  App
Launch Arguments: Total: 6 |  -eid D_20240708_164859_389 -runtype ProcRunner -ppid 844

2024-07-08 16:49:03,614 [T1] DEBUG Config
Refresh Language Information

2024-07-08 16:49:03,615 [T1] DEBUG LibraryManager
LibraryManager Initialized.

2024-07-08 17:03:39,803 [T9] INFO  JobService
Start Job: T_kakaomap (Foreground)
{
  "JobType": 1,
  "State": 0,
  "IsRunning": false,
  "ResultMessage": null,
  "StartTime": "2024-07-08 17:03:39",
  "EndTime": null,
  "JobId": "Designer_20240708_170339_391",
  "UserAuthentication": null,
  "ProcessPath": "C:\\Users\\3calss_15\\Documents\\Brity RPA Projects\\Invoice등록_및_PDF다운\\T_kakaomap.proc",
  "ProcessId": "f42c68a6-bc57-4d22-bfc1-3154f846eff6",
  "ProcessVer": "",
  "ProcessArgs": null,
  "RequesterType": 3,
  "RequesterId": "designer",
  "RequesterPID": 844,
  "OptionsJsonString": null,
  "TimeoutSec": 0,
  "EngineID": "D_20240708_164859_389",
  "EnginePID": 0,
  "EngineRecommededVersion": "",
  "JobWorkDir": "C:\\Users\\3calss_15\\Documents\\Brity RPA Projects\\Invoice등록_및_PDF다운\\Histories\\20240708_170339_T_kakaomap_Designer_20240708_170339_391",
  "JobLogDir": "C:\\Users\\3calss_15\\Documents\\Brity RPA Projects\\Invoice등록_및_PDF다운\\Histories\\20240708_170339_T_kakaomap_Designer_20240708_170339_391\\Log",
  "JobScreenshotDir": "C:\\Users\\3calss_15\\Documents\\Brity RPA Projects\\Invoice등록_및_PDF다운\\Histories\\20240708_170339_T_kakaomap_Designer_20240708_170339_391\\Log\\Screenshot"
}

2024-07-08 17:03:39,944 [T12] DEBUG JobService
Waiting library loading...

2024-07-08 17:03:39,947 [T12] DEBUG Config
Reload User Settings

2024-07-08 17:03:39,948 [T12] INFO  JobService
Config Loading Completed.

2024-07-08 17:03:39,948 [T12] DEBUG JobService
Config Loading Time: 4 ms.

2024-07-08 17:03:39,954 [T12] DEBUG JobService
Check Shared Token

2024-07-08 17:03:39,955 [T12] DEBUG TokenManager
Load connection token

2024-07-08 17:03:39,966 [T12] DEBUG TokenManager
Clear Connection Token - No Shared Token

2024-07-08 17:03:40,132 [T1] DEBUG ServerInformationClient
Request server feature list

2024-07-08 17:03:40,250 [T1] INFO  ServerInformationClient
Server feature update successful

2024-07-08 17:03:40,255 [T1] INFO  ServerInformationClient
It takes 170 milliseconds to try to update the server feature list.

2024-07-08 17:03:40,256 [T1] INFO  Config
Update server features to config.

2024-07-08 17:03:40,296 [T12] INFO  JobService
Shared Token - No Token

2024-07-08 17:03:40,302 [T12] INFO  JobManager
Create JobManager instance for job T_kakaomap(Designer_20240708_170339_391)

2024-07-08 17:03:40,308 [T12] INFO  JobRequest
Job ID : Designer_20240708_170339_391
Project Path  : C:\Users\3calss_15\Documents\Brity RPA Projects\Invoice등록_및_PDF다운\Invoice등록_및_PDF다운.proj
Process Name  : T_kakaomap
Engine Mode   : Designer
Requester Type: Designer
Requester PID : 844

2024-07-08 17:03:40,311 [T10] INFO  JobRequest
Start Callback Sender

2024-07-08 17:03:40,311 [T10] DEBUG JobRequest
Step Callback Interval: 500

2024-07-08 17:03:40,356 [T12] DEBUG ProjectManager
Set Project Information

2024-07-08 17:03:40,381 [T12] INFO  PlayOptionManager
PlayOption
- Step Interval : 1
- Disable DrawBounds : False
- Invoke First : False
- Allow Upload of DumpScreen results : False

2024-07-08 17:03:40,382 [T12] INFO  JobRunner
Initialize Script Engine

2024-07-08 17:03:40,399 [T17-ScriptEngine] INFO  JobRequest
##############################################################
### STATE: Initializing
##############################################################


2024-07-08 17:03:40,414 [T10] DEBUG JobRequest
Callback - State: Initializing


2024-07-08 17:03:41,199 [T17-ScriptEngine] INFO  JobRequest
##############################################################
### STATE: Ready
##############################################################


2024-07-08 17:03:41,211 [T12] INFO  JobRunnerHook
HotKey Hook Started

2024-07-08 17:03:41,212 [T12] INFO  JobRequest
##############################################################
### STATE: Starting
##############################################################


2024-07-08 17:03:41,213 [T17-ScriptEngine] INFO  JobRunner
RunProcess start

2024-07-08 17:03:41,214 [T10] DEBUG JobRequest
Callback - State: Ready


2024-07-08 17:03:41,215 [T17-ScriptEngine] INFO  JobRequest
##############################################################
### STATE: Running
##############################################################


2024-07-08 17:03:41,215 [T17-ScriptEngine] INFO  JobRequest
Last job life cycle state: Running

2024-07-08 17:03:41,216 [T10] DEBUG JobRequest
Callback - State: Starting


2024-07-08 17:03:41,230 [T10] DEBUG JobRequest
Callback - State: Running


2024-07-08 17:03:42,243 [T17-ScriptEngine] DEBUG ScreenCapture
DirectX Screen Capture Initialized.

2024-07-08 17:03:42,325 [T17-ScriptEngine] DEBUG JobRunner
DirectX ScreenCapture Checked.

2024-07-08 17:03:42,359 [T17-ScriptEngine] INFO  JobRequest
##############################################################
### STATE: StartProcess - T_kakaomap
##############################################################
f42c68a6-bc57-4d22-bfc1-3154f846eff6
T_kakaomap


2024-07-08 17:03:42,410 [T17-ScriptEngine] INFO  JobRequest
**************************************************************
*** TASK: T_kakaomap
**************************************************************
 - STEP 1: S6fd0776ee5664fc29de3fa46871f7835 (1/11) - (1/11)
 - [1] CloseAll


2024-07-08 17:03:42,517 [T17-ScriptEngine] DEBUG UIAHelper
CloseAll: Chrome.exe

2024-07-08 17:03:43,936 [T17-ScriptEngine] INFO  JobRequest
 - STEP 2: Seb77e904d8e8427fa760d6314d31ce8d (2/11) - (2/11)
 - [2] ChromeOpen


2024-07-08 17:03:46,146 [T11] DEBUG ChromeRemoteConnect
GetRemoteBrowserUsingEndPoint Fail : 하나 이상의 오류가 발생했습니다.

2024-07-08 17:03:46,247 [T11] DEBUG ChromeCommonExtension
extension default locale empty

2024-07-08 17:03:47,576 [T11] DEBUG ChromeCommonExtension
extension default locale empty

2024-07-08 17:03:50,883 [T17-ScriptEngine] INFO  JobRequest
 - STEP 3: S52f7f4963d6c4fe7930c242bce1961b8 (3/11) - (3/11)
 - [3] Click


2024-07-08 17:03:51,089 [T12] INFO  UIAEventHandler
Start UIA event handler

2024-07-08 17:03:52,092 [T12] DEBUG UIAEventHandler
UI Structure Changed Count: 0

2024-07-08 17:03:52,092 [T12] INFO  UIAEventHandler
waiting for 955 msec during the screen structure is changing.

2024-07-08 17:03:52,498 [T12] DEBUG UIAEventHandler
UI Structure Changed Count: 0

2024-07-08 17:03:52,498 [T12] INFO  UIAEventHandler
waiting for 44 msec during the screen structure is changing.

2024-07-08 17:03:53,205 [T17-ScriptEngine] INFO  JobRequest
 - STEP 4: Sb5c0fb09c02f44e6b307448b032cee2d (4/11) - (4/11)
 - [4] ChromeSelectListItem


2024-07-08 17:03:54,141 [T17-ScriptEngine] INFO  JobRequest
 - STEP 5: Sf22a795f434048ccbe39754c52cd3686 (5/11) - (5/11)
 - [5] ChromeSelectListItem


2024-07-08 17:03:54,377 [T17-ScriptEngine] INFO  JobRequest
 - STEP 6: S3eed1d85022542df9b03c299be742c72 (6/11) - (6/11)
 - [6] Click


2024-07-08 17:03:54,645 [T24] DEBUG UIAEventHandler
UI Structure Changed Count: 0

2024-07-08 17:03:54,645 [T24] INFO  UIAEventHandler
waiting for 112 msec during the screen structure is changing.

2024-07-08 17:03:55,262 [T17-ScriptEngine] INFO  JobRequest
 - STEP 7: S4684d37d8faf4920a40d90b4f5d5fe6f (7/11) - (7/11)
 - [7] Click


2024-07-08 17:03:56,277 [T23] DEBUG UIAEventHandler
UI Structure Changed Count: 0

2024-07-08 17:03:56,277 [T23] INFO  UIAEventHandler
waiting for 453 msec during the screen structure is changing.

2024-07-08 17:03:56,532 [T23] DEBUG UIAEventHandler
UI Structure Changed Count: 0

2024-07-08 17:03:56,532 [T23] INFO  UIAEventHandler
waiting for 115 msec during the screen structure is changing.

2024-07-08 17:03:57,136 [T17-ScriptEngine] INFO  JobRequest
 - STEP 8: Sf4d8e2a0b99d411da01ea3d6e7c4a50e (8/11) - (8/11)
 - [8] ChromeGetListData


2024-07-08 17:03:57,232 [T17-ScriptEngine] WARN  JobRunner
header
   - 선언 타입: Array1D
   - 런타임 타입: Undefined

2024-07-08 17:04:04,270 [T17-ScriptEngine] INFO  JobRequest
 - STEP 9: S7997c5655f7146288c245b7b47806858 (9/11) - (9/11)
 - [9] ChromeGetTableData


2024-07-08 17:04:04,868 [T17-ScriptEngine] INFO  JobRequest
 - STEP 10: Se68884a96f66480ea33c398b52ecf95a (10/11) - (10/11)
 - [10] MessageBox


2024-07-08 17:04:04,932 [T17-ScriptEngine] INFO  ScriptSupport
Array(Object[])=>
0: · 수서 → 부산   2024년 7월 8일(월)
1: 구분
2: 열차종류
3: 열차번호
4: 출발역
5: 도착역
6: 특실
7: 일반실
8: 예약대기
9: 회원 할인
10: 운행시간
11: 운임요금
12: 소요시간


2024-07-08 17:04:05,323 [T9] INFO  JobService
PauseJob

2024-07-08 17:04:05,325 [T9] INFO  JobRunner
Try Pause

2024-07-08 17:04:05,327 [T9] INFO  JobRequest
##############################################################
### STATE: Paused
##############################################################


2024-07-08 17:04:05,327 [T9] INFO  JobRequest
Last job life cycle state: Paused

2024-07-08 17:04:05,349 [T10] DEBUG JobRequest
Callback - State: Paused


2024-07-08 17:04:12,564 [T17-ScriptEngine] INFO  JobRequest
 - STEP 11: Sa811e2a5bf2a4c40a7ac27fbbd64dd8f (11/11) - (11/11)
 - [11] OpenExcel


2024-07-08 17:04:12,565 [T17-ScriptEngine] INFO  JobRunner
Try Pause - Skip (Not Running: Paused)

2024-07-08 17:05:03,508 [T34] INFO  JobService
Stop Job

2024-07-08 17:05:03,510 [T34] INFO  JobRunner
Stop Job Runner - Cause: LocalUser / Message: stop by user

2024-07-08 17:05:03,511 [T34] INFO  JobRequest
##############################################################
### STATE: Stopping
##############################################################
stop by user


2024-07-08 17:05:03,520 [T17-ScriptEngine] DEBUG JobRunner
RunTask Interrupted. TASK: T_kakaomap => Script execution interrupted by host

2024-07-08 17:05:03,525 [T10] DEBUG JobRequest
Callback - State: Stopping
stop by user

2024-07-08 17:05:03,555 [T17-ScriptEngine] DEBUG JobManager
Set Result State: Stopped

2024-07-08 17:05:03,561 [T17-ScriptEngine] INFO  JobRunner
Make report.

2024-07-08 17:05:03,674 [T17-ScriptEngine] INFO  JobRunner
Start to clean up resources.

2024-07-08 17:05:03,675 [T17-ScriptEngine] DEBUG JobRunner
OnProcessCompleted

2024-07-08 17:05:03,675 [T12] DEBUG JobRunner
Start timer for checking the job to be completed.

2024-07-08 17:05:03,677 [T17-ScriptEngine] INFO  JobRunner
Start to clean up resources.

2024-07-08 17:05:03,677 [T17-ScriptEngine] DEBUG JobRunner
Remove all Process Stack: 1

2024-07-08 17:05:03,681 [T17-ScriptEngine] INFO  JobRequest
##############################################################
### STATE: EndProcess - T_kakaomap
##############################################################
f42c68a6-bc57-4d22-bfc1-3154f846eff6
T_kakaomap


2024-07-08 17:05:03,683 [T17-ScriptEngine] DEBUG JobRunner
Remove all libraries

2024-07-08 17:05:03,684 [T17-ScriptEngine] DEBUG NetPlayer
WebPlayer OnDispose

2024-07-08 17:05:03,686 [T17-ScriptEngine] DEBUG WebPlayer
WebPlayer OnDispose : Do Nothing

2024-07-08 17:05:03,686 [T17-ScriptEngine] DEBUG UIAEventHandler
Stop UIA event handler

2024-07-08 17:05:03,695 [T17-ScriptEngine] DEBUG UiaAppHelper
WinHelper DisposeAppList Count: 0

2024-07-08 17:05:03,695 [T17-ScriptEngine] INFO  JobRunner
All Resources Clear

2024-07-08 17:05:03,698 [T17-ScriptEngine] DEBUG JobRunner
OnCompleted

2024-07-08 17:05:03,698 [T17-ScriptEngine] DEBUG JobRunner
SendJobResult: Stopped

2024-07-08 17:05:03,698 [T17-ScriptEngine] INFO  JobRequest
##############################################################
### STATE: Stopped
##############################################################
Process: T_kakaomap
Step: OpenExcel (11/11)

Stopped by User


2024-07-08 17:05:03,698 [T17-ScriptEngine] INFO  JobRequest
Last job life cycle state: Stopped

2024-07-08 17:05:03,699 [T17-ScriptEngine] INFO  JobRequest
Update skipped current step informations.

2024-07-08 17:05:03,706 [T17-ScriptEngine] INFO  JobRequest
##############################################################
### JOB COMPLETED
##############################################################


2024-07-08 17:05:03,716 [T10] DEBUG JobRequest
Callback - State: Stopped
Process: T_kakaomap
Step: OpenExcel (11/11)

Stopped by User

2024-07-08 17:05:03,717 [T10] INFO  JobRequest
Callback - EngineClosed

2024-07-08 17:05:03,718 [T10] INFO  JobService
Disconnect agent service

2024-07-08 17:05:03,719 [T10] DEBUG JobRequest
End of Callback Sender

