2024-07-09 12:52:59,074 [T1] INFO  EngineStarter
BOT Engine Start - v3.1.100.11228 at 2024-07-09 오후 12:52:59
EngineID: D_20240709_125258_214
PID : 7948
PPID: 12488
Working Directory: C:\Users\3calss_15\AppData\Roaming\Brity RPA Designer

2024-07-09 12:52:59,092 [T1] INFO  EngineStarter
System Language: ko-KR
Resolution: 1920 x 1200

2024-07-09 12:52:59,356 [T1] INFO  Config
Initialize Config

2024-07-09 12:52:59,402 [T1] DEBUG Config
Config Loaded

2024-07-09 12:52:59,403 [T1] DEBUG Config
Backup config file.

2024-07-09 12:52:59,413 [T1] INFO  Config
Orchestrator Service => https://bwrpa.samsungsds.com:8777

2024-07-09 12:52:59,417 [T1] INFO  Config
Initialize Resource Config

2024-07-09 12:52:59,454 [T1] DEBUG Config
Refresh Language Information

2024-07-09 12:52:59,547 [T1] INFO  Config
All Config Initialized.

2024-07-09 12:52:59,553 [T1] DEBUG KeyManager
Initialize KeyManager

2024-07-09 12:52:59,557 [T1] DEBUG KeyManager
Load device unique id.

2024-07-09 12:52:59,565 [T1] DEBUG KeyManager
Device ID is initialized.

2024-07-09 12:52:59,649 [T5] DEBUG JobService
Connect to agent service

2024-07-09 12:52:59,683 [T5] DEBUG JobService
JobService URL : net.tcp://127.0.0.1:59001/rpa/agent

2024-07-09 12:52:59,683 [T5] DEBUG JobService
Open connection

2024-07-09 12:52:59,683 [T1] DEBUG ApplicationInitializer
InitMode: Thread

2024-07-09 12:52:59,692 [T1] INFO  LibraryManager
Load Libraries - Started

2024-07-09 12:52:59,703 [T5] DEBUG JobService
Register engine to agent

2024-07-09 12:52:59,707 [T1] DEBUG AddInLoader
Load Assembly : IPA.Lib.Chrome

2024-07-09 12:52:59,717 [T5] DEBUG JobService
Engine is connected to agent service.

2024-07-09 12:52:59,717 [T5] DEBUG JobService
Owner Process PID: 12488

2024-07-09 12:52:59,721 [T5] INFO  JobService
Start monitoring owner process is terminated.

2024-07-09 12:52:59,947 [T1] DEBUG AddInLoader
Load Assembly : IPA.Lib.Desktop

2024-07-09 12:53:00,177 [T1] DEBUG AddInLoader
Load Assembly : IPA.Lib.Excel

2024-07-09 12:53:00,353 [T1] DEBUG AddInLoader
Load Assembly : IPA.Lib.Flow

2024-07-09 12:53:00,472 [T1] DEBUG AddInLoader
Load Assembly : IPA.Lib.IE

2024-07-09 12:53:00,566 [T1] DEBUG AddInLoader
Load Assembly : IPA.Lib.ImageConverter

2024-07-09 12:53:00,626 [T1] DEBUG AddInLoader
Load Assembly : IPA.Lib.ImageRecognition

2024-07-09 12:53:00,824 [T1] DEBUG AddInLoader
Load Assembly : IPA.Lib.MicrosoftOCR

2024-07-09 12:53:00,887 [T1] DEBUG AddInLoader
Load Assembly : IPA.Lib.Net

2024-07-09 12:53:00,982 [T1] DEBUG AddInLoader
Load Assembly : IPA.Lib.Orchestra

2024-07-09 12:53:01,069 [T1] DEBUG AddInLoader
Load Assembly : IPA.Lib.ProcessFlow

2024-07-09 12:53:01,160 [T1] DEBUG AddInLoader
Load Assembly : IPA.Lib.SAP

2024-07-09 12:53:01,255 [T1] DEBUG AddInLoader
Load Assembly : IPA.Lib.Web

2024-07-09 12:53:01,400 [T1] DEBUG AddInLoader
Load Assembly : IPA.Lib.Win

2024-07-09 12:53:01,579 [T1] INFO  ScreenCapture
Default Screen Capture Bounds: 0,0,1920,1200

2024-07-09 12:53:01,621 [T1] DEBUG AddInLoader
Load Assembly : BrityRPA.AddIn.NativeApp

2024-07-09 12:53:01,762 [T1] DEBUG AddInLoader
Load Assembly : BrityWorks.AddIn.Outlook

2024-07-09 12:53:01,856 [T1] DEBUG AddInLoader
Load Assembly : BrityWorks.AddIn.Pdf

2024-07-09 12:53:01,941 [T1] DEBUG LibraryManager
Load Library - Chrome

2024-07-09 12:53:01,957 [T1] DEBUG LibraryManager
Load Library - Desktop

2024-07-09 12:53:01,973 [T1] DEBUG LibraryManager
Load Library - Excel

2024-07-09 12:53:01,989 [T1] DEBUG LibraryManager
Load Library - Flow

2024-07-09 12:53:02,005 [T1] DEBUG LibraryManager
Load Library - IE

2024-07-09 12:53:02,021 [T1] DEBUG LibraryManager
Load Library - ImageConverter

2024-07-09 12:53:02,037 [T1] DEBUG LibraryManager
Load Library - ImageRecognition

2024-07-09 12:53:02,053 [T1] DEBUG LibraryManager
Load Library - MicrosoftOCR

2024-07-09 12:53:02,069 [T1] DEBUG LibraryManager
Load Library - NativeApp

2024-07-09 12:53:02,085 [T1] DEBUG LibraryManager
Load Library - Net

2024-07-09 12:53:02,101 [T1] DEBUG LibraryManager
Load Library - Orchestra

2024-07-09 12:53:02,117 [T1] DEBUG LibraryManager
Load Library - Outlook

2024-07-09 12:53:02,133 [T1] DEBUG LibraryManager
Load Library - Pdf

2024-07-09 12:53:02,149 [T1] DEBUG LibraryManager
Load Library - SAP

2024-07-09 12:53:02,165 [T1] DEBUG LibraryManager
Load Library - Web

2024-07-09 12:53:02,180 [T1] DEBUG LibraryManager
Load Library - Win

2024-07-09 12:53:02,196 [T1] DEBUG LibraryManager
Load Library - WorkFlow

2024-07-09 12:53:02,200 [T1] DEBUG LibraryManager
Load built-in script libraries

2024-07-09 12:53:02,477 [T1] INFO  LibraryManager
Load Libraries - Completed.

2024-07-09 12:53:02,489 [T1] INFO  App
Launch Arguments: Total: 6 |  -eid D_20240709_125258_214 -runtype ProcRunner -ppid 12488

2024-07-09 12:53:02,489 [T1] DEBUG Config
Refresh Language Information

2024-07-09 12:53:02,490 [T1] DEBUG LibraryManager
LibraryManager Initialized.

2024-07-09 12:53:36,579 [T9] INFO  JobService
Start Job: P_사업자등록번호 (Foreground)
{
  "JobType": 1,
  "State": 0,
  "IsRunning": false,
  "ResultMessage": null,
  "StartTime": "2024-07-09 12:53:36",
  "EndTime": null,
  "JobId": "Designer_20240709_125336_129",
  "UserAuthentication": null,
  "ProcessPath": "C:\\Users\\3calss_15\\Documents\\Brity RPA Projects\\사업자등록번호\\P_사업자등록번호.proc",
  "ProcessId": "08e029a9-7bcd-4f42-a0a6-92c88d8ed7a4",
  "ProcessVer": "",
  "ProcessArgs": null,
  "RequesterType": 3,
  "RequesterId": "designer",
  "RequesterPID": 12488,
  "OptionsJsonString": null,
  "TimeoutSec": 0,
  "EngineID": "D_20240709_125258_214",
  "EnginePID": 0,
  "EngineRecommededVersion": "",
  "JobWorkDir": "C:\\Users\\3calss_15\\Documents\\Brity RPA Projects\\사업자등록번호\\Histories\\20240709_125336_P_사업자등록번호_Designer_20240709_125336_129",
  "JobLogDir": "C:\\Users\\3calss_15\\Documents\\Brity RPA Projects\\사업자등록번호\\Histories\\20240709_125336_P_사업자등록번호_Designer_20240709_125336_129\\Log",
  "JobScreenshotDir": "C:\\Users\\3calss_15\\Documents\\Brity RPA Projects\\사업자등록번호\\Histories\\20240709_125336_P_사업자등록번호_Designer_20240709_125336_129\\Log\\Screenshot"
}

2024-07-09 12:53:36,739 [T11] DEBUG JobService
Waiting library loading...

2024-07-09 12:53:36,743 [T11] DEBUG Config
Reload User Settings

2024-07-09 12:53:36,753 [T11] INFO  JobService
Config Loading Completed.

2024-07-09 12:53:36,754 [T11] DEBUG JobService
Config Loading Time: 14 ms.

2024-07-09 12:53:36,766 [T11] DEBUG JobService
Check Shared Token

2024-07-09 12:53:36,768 [T11] DEBUG TokenManager
Load connection token

2024-07-09 12:53:36,772 [T11] DEBUG TokenManager
Clear Connection Token - No Shared Token

2024-07-09 12:53:36,949 [T1] DEBUG ServerInformationClient
Request server feature list

2024-07-09 12:53:37,056 [T1] INFO  ServerInformationClient
Server feature update successful

2024-07-09 12:53:37,061 [T1] INFO  ServerInformationClient
It takes 168 milliseconds to try to update the server feature list.

2024-07-09 12:53:37,061 [T1] INFO  Config
Update server features to config.

2024-07-09 12:53:37,091 [T11] INFO  JobService
Shared Token - No Token

2024-07-09 12:53:37,096 [T11] INFO  JobManager
Create JobManager instance for job P_사업자등록번호(Designer_20240709_125336_129)

2024-07-09 12:53:37,102 [T11] INFO  JobRequest
Job ID : Designer_20240709_125336_129
Project Path  : C:\Users\3calss_15\Documents\Brity RPA Projects\사업자등록번호\사업자등록번호.proj
Process Name  : P_사업자등록번호
Engine Mode   : Designer
Requester Type: Designer
Requester PID : 12488

2024-07-09 12:53:37,105 [T10] INFO  JobRequest
Start Callback Sender

2024-07-09 12:53:37,105 [T10] DEBUG JobRequest
Step Callback Interval: 500

2024-07-09 12:53:37,157 [T11] DEBUG ProjectManager
Set Project Information

2024-07-09 12:53:37,183 [T11] INFO  PlayOptionManager
PlayOption
- Step Interval : 1
- Disable DrawBounds : False
- Invoke First : False
- Allow Upload of DumpScreen results : False

2024-07-09 12:53:37,184 [T11] INFO  JobRunner
Initialize Script Engine

2024-07-09 12:53:37,200 [T16-ScriptEngine] INFO  JobRequest
##############################################################
### STATE: Initializing
##############################################################


2024-07-09 12:53:37,228 [T10] DEBUG JobRequest
Callback - State: Initializing


2024-07-09 12:53:38,107 [T16-ScriptEngine] INFO  JobRequest
##############################################################
### STATE: Ready
##############################################################


2024-07-09 12:53:38,121 [T10] DEBUG JobRequest
Callback - State: Ready


2024-07-09 12:53:38,124 [T11] INFO  JobRunnerHook
HotKey Hook Started

2024-07-09 12:53:38,125 [T11] INFO  JobRequest
##############################################################
### STATE: Starting
##############################################################


2024-07-09 12:53:38,128 [T16-ScriptEngine] INFO  JobRunner
RunProcess start

2024-07-09 12:53:38,131 [T16-ScriptEngine] INFO  JobRequest
##############################################################
### STATE: Running
##############################################################


2024-07-09 12:53:38,131 [T16-ScriptEngine] INFO  JobRequest
Last job life cycle state: Running

2024-07-09 12:53:38,137 [T10] DEBUG JobRequest
Callback - State: Starting


2024-07-09 12:53:38,140 [T10] DEBUG JobRequest
Callback - State: Running


2024-07-09 12:53:39,648 [T16-ScriptEngine] DEBUG ScreenCapture
DirectX Screen Capture Initialized.

2024-07-09 12:53:39,718 [T16-ScriptEngine] DEBUG JobRunner
DirectX ScreenCapture Checked.

2024-07-09 12:53:39,744 [T16-ScriptEngine] INFO  JobRequest
##############################################################
### STATE: StartProcess - P_사업자등록번호
##############################################################
08e029a9-7bcd-4f42-a0a6-92c88d8ed7a4
P_사업자등록번호


2024-07-09 12:53:39,795 [T16-ScriptEngine] INFO  JobRequest
**************************************************************
*** TASK: P_사업자등록번호
**************************************************************
 - STEP 1: S678a3761735049cbb3158d828200fd68 (1/3) - (1/26)
 - [1] RunTask


2024-07-09 12:53:39,893 [T16-ScriptEngine] INFO  JobRequest
##############################################################
### STATE: StartTask - T_openExcel
##############################################################
f2901a36-5932-45cd-9185-cc5975f9e501
T_openExcel


2024-07-09 12:53:39,914 [T16-ScriptEngine] INFO  JobRequest
**************************************************************
*** TASK: T_openExcel
**************************************************************
 - STEP 2: S7808cf7f4beb4f1d971398b471c20e76 (1/6) - (2/26)
 - [1] OpenExcel


2024-07-09 12:53:41,437 [T16-ScriptEngine] INFO  JobRequest
 - STEP 3: S0b3e446ed9d2411881635151a2ec7502 (2/6) - (3/26)
 - [2] GetRowCount


2024-07-09 12:53:41,623 [T16-ScriptEngine] INFO  JobRequest
 - STEP 4: Sd99a3a5f361141d4b69bebf15ee12130 (3/6) - (4/26)
 - [3] For


2024-07-09 12:53:41,639 [T16-ScriptEngine] INFO  JobRequest
 - STEP 5: Sfb4fb9f414e0486c921c44f094d674e5 (4/6) - (5/26)
 - [4] ReadString


2024-07-09 12:53:41,735 [T16-ScriptEngine] INFO  JobRequest
 - STEP 6: Sfb4fb9f414e0486c921c44f094d674e5 (4/6) - (5/26)
 - [4] ReadString


2024-07-09 12:53:41,799 [T16-ScriptEngine] INFO  JobRequest
 - STEP 7: Sfb4fb9f414e0486c921c44f094d674e5 (4/6) - (5/26)
 - [4] ReadString


2024-07-09 12:53:41,861 [T16-ScriptEngine] INFO  JobRequest
 - STEP 8: Sfb4fb9f414e0486c921c44f094d674e5 (4/6) - (5/26)
 - [4] ReadString


2024-07-09 12:53:41,925 [T16-ScriptEngine] INFO  JobRequest
 - STEP 9: Sfb4fb9f414e0486c921c44f094d674e5 (4/6) - (5/26)
 - [4] ReadString


2024-07-09 12:53:41,988 [T16-ScriptEngine] INFO  JobRequest
 - STEP 10: Sfb4fb9f414e0486c921c44f094d674e5 (4/6) - (5/26)
 - [4] ReadString


2024-07-09 12:53:42,052 [T16-ScriptEngine] INFO  JobRequest
 - STEP 11: Sfb4fb9f414e0486c921c44f094d674e5 (4/6) - (5/26)
 - [4] ReadString


2024-07-09 12:53:42,115 [T16-ScriptEngine] INFO  JobRequest
 - STEP 12: Sc951ad44b4494325bbb827c3a26a3f13 (5/6) - (6/26)
 - [5] End-For


2024-07-09 12:53:42,115 [T16-ScriptEngine] INFO  JobRunner
[PASS] TASK: T_openExcel

2024-07-09 12:53:42,124 [T16-ScriptEngine] INFO  JobRequest
##############################################################
### STATE: EndTask - T_openExcel
##############################################################
f2901a36-5932-45cd-9185-cc5975f9e501
T_openExcel


2024-07-09 12:53:42,146 [T16-ScriptEngine] INFO  JobRequest
**************************************************************
*** TASK: P_사업자등록번호
**************************************************************
 - STEP 13: S6cb47ca040ab4ecaa88b3d739617cf7d (2/3) - (7/26)
 - [2] RunTask


2024-07-09 12:53:42,154 [T16-ScriptEngine] INFO  JobRequest
##############################################################
### STATE: StartTask - T_openChrome
##############################################################
98697117-d7ee-463a-9cdf-242a6c65cde0
T_openChrome


2024-07-09 12:53:42,162 [T16-ScriptEngine] INFO  JobRequest
**************************************************************
*** TASK: T_openChrome
**************************************************************
 - STEP 14: Sb5fc0fbbf7f742b1b0eb4ca4e9461aed (1/15) - (8/26)
 - [1] ChromeOpen


2024-07-09 12:53:45,123 [T11] DEBUG ChromeRemoteConnect
GetRemoteBrowserUsingEndPoint Fail : 하나 이상의 오류가 발생했습니다.

2024-07-09 12:53:45,181 [T11] DEBUG ChromeCommonExtension
extension default locale empty

2024-07-09 12:53:46,799 [T11] DEBUG ChromeCommonExtension
extension default locale empty

2024-07-09 12:53:49,010 [T16-ScriptEngine] INFO  JobRequest
 - STEP 15: Sa603fab6814c4d7cb117746922a5093f (2/15) - (9/26)
 - [2] MouseHover


2024-07-09 12:53:49,596 [T6] INFO  UIAEventHandler
Start UIA event handler

2024-07-09 12:53:50,606 [T6] DEBUG UIAEventHandler
UI Structure Changed Count: 0

2024-07-09 12:53:50,606 [T6] INFO  UIAEventHandler
waiting for 890 msec during the screen structure is changing.

2024-07-09 12:53:51,609 [T16-ScriptEngine] INFO  JobRequest
 - STEP 16: S6b56123d1a634182ab93ef97583ab9a3 (3/15) - (10/26)
 - [3] Click


2024-07-09 12:53:51,990 [T22] DEBUG UIAEventHandler
UI Structure Changed Count: 0

2024-07-09 12:53:51,990 [T22] INFO  UIAEventHandler
waiting for 327 msec during the screen structure is changing.

2024-07-09 12:53:59,777 [T22] DEBUG UIAEventHandler
UI Structure Changed Count: 0

2024-07-09 12:53:59,777 [T22] INFO  UIAEventHandler
waiting for 52 msec during the screen structure is changing.

2024-07-09 12:54:00,417 [T16-ScriptEngine] INFO  JobRequest
 - STEP 17: S7a95858056ae4e03a56df23a461c14ca (4/15) - (11/26)
 - [4] Click


2024-07-09 12:54:00,685 [T24] DEBUG UIAEventHandler
UI Structure Changed Count: 0

2024-07-09 12:54:00,685 [T24] INFO  UIAEventHandler
waiting for 187 msec during the screen structure is changing.

2024-07-09 12:54:02,722 [T16-ScriptEngine] INFO  JobRequest
 - STEP 18: Sac5c942adf484174b35aeb5e4df012ef (5/15) - (12/26)
 - [5] For


2024-07-09 12:54:02,738 [T16-ScriptEngine] INFO  JobRequest
 - STEP 19: S8d916959da9a498099c90b60afc4d961 (6/15) - (13/26)
 - [6] SetText


2024-07-09 12:54:03,725 [T25] DEBUG UIAEventHandler
UI Structure Changed Count: 0

2024-07-09 12:54:03,725 [T25] INFO  UIAEventHandler
waiting for 777 msec during the screen structure is changing.

2024-07-09 12:54:04,509 [T25] DEBUG UIAEventHandler
UI Structure Changed Count: 0

2024-07-09 12:54:04,509 [T25] INFO  UIAEventHandler
waiting for 98 msec during the screen structure is changing.

2024-07-09 12:54:04,649 [T16-ScriptEngine] INFO  JobRequest
 - STEP 20: Sf2aaac9b269c4a5fa881e96697027c07 (7/15) - (14/26)
 - [7] Click


2024-07-09 12:54:05,424 [T24] DEBUG UIAEventHandler
UI Structure Changed Count: 0

2024-07-09 12:54:05,424 [T24] INFO  UIAEventHandler
waiting for 720 msec during the screen structure is changing.

2024-07-09 12:54:05,615 [T24] DEBUG UIAEventHandler
UI Structure Changed Count: 0

2024-07-09 12:54:05,615 [T24] INFO  UIAEventHandler
waiting for 69 msec during the screen structure is changing.

2024-07-09 12:54:06,222 [T16-ScriptEngine] INFO  JobRequest
 - STEP 21: Sf0a20b508264403eab25ab8a3731b40f (8/15) - (15/26)
 - [8] IsExist


2024-07-09 12:54:06,394 [T16-ScriptEngine] DEBUG TemplateMatchingChecker
ImageMatching Score: 0.000. Matching count(0). TargetImage(X:-1, Y:-1, 431x96) in SearchImage(431x96)

2024-07-09 12:54:06,542 [T16-ScriptEngine] DEBUG TemplateMatchingChecker
ImageMatching Score: 0.000. Matching count(0). TargetImage(X:-1, Y:-1, 431x96) in SearchImage(1293x288)

2024-07-09 12:54:06,797 [T16-ScriptEngine] DEBUG TemplateMatchingChecker
ImageMatching Score: 0.000. Matching count(0). TargetImage(X:-1, Y:-1, 431x96) in SearchImage(1920x864)

2024-07-09 12:54:07,096 [T16-ScriptEngine] DEBUG TemplateMatchingChecker
ImageMatching Score: 0.000. Matching count(0). TargetImage(X:-1, Y:-1, 431x96) in SearchImage(1920x1200)

2024-07-09 12:54:07,462 [T16-ScriptEngine] DEBUG TemplateMatchingChecker
ImageMatching Score: 0.000. Matching count(0). TargetImage(X:-1, Y:-1, 431x96) in SearchImage(1920x1200)

2024-07-09 12:54:07,881 [T16-ScriptEngine] DEBUG TemplateMatchingChecker
ImageMatching Score: 0.000. Matching count(0). TargetImage(X:-1, Y:-1, 431x96) in SearchImage(1920x1200)

2024-07-09 12:54:08,250 [T16-ScriptEngine] DEBUG TemplateMatchingChecker
ImageMatching Score: 0.000. Matching count(0). TargetImage(X:-1, Y:-1, 431x96) in SearchImage(1920x1200)

2024-07-09 12:54:08,585 [T16-ScriptEngine] DEBUG TemplateMatchingChecker
ImageMatching Score: 0.000. Matching count(0). TargetImage(X:-1, Y:-1, 431x96) in SearchImage(1920x1200)

2024-07-09 12:54:08,911 [T16-ScriptEngine] DEBUG TemplateMatchingChecker
ImageMatching Score: 0.000. Matching count(0). TargetImage(X:-1, Y:-1, 431x96) in SearchImage(1920x1200)

2024-07-09 12:54:09,220 [T16-ScriptEngine] DEBUG TemplateMatchingChecker
ImageMatching Score: 0.000. Matching count(0). TargetImage(X:-1, Y:-1, 431x96) in SearchImage(1920x1200)

2024-07-09 12:54:09,452 [T16-ScriptEngine] INFO  ImageCompareValidator
Find Result Score: 0

2024-07-09 12:54:09,781 [T16-ScriptEngine] INFO  JobRequest
 - STEP 22: Sdfefa047406448c48182e57e3302f879 (9/15) - (16/26)
 - [9] IfElse


2024-07-09 12:54:09,796 [T16-ScriptEngine] INFO  JobRequest
 - STEP 23: Sc1515d977c144683b0337da4a0072c55 (11/15) - (18/26)
 - [11] Else


2024-07-09 12:54:09,812 [T16-ScriptEngine] INFO  JobRequest
 - STEP 24: Sfa87d34a06e44bbf9c2590405282a1ed (12/15) - (19/26)
 - [12] GetText


2024-07-09 12:54:10,511 [T23] DEBUG UIAEventHandler
UI Structure Changed Count: 0

2024-07-09 12:54:10,511 [T23] INFO  UIAEventHandler
waiting for 651 msec during the screen structure is changing.

2024-07-09 12:54:10,716 [T23] DEBUG UIAEventHandler
UI Structure Changed Count: 0

2024-07-09 12:54:10,716 [T23] INFO  UIAEventHandler
waiting for 102 msec during the screen structure is changing.

2024-07-09 12:54:10,731 [T16-ScriptEngine] INFO  JobRequest
 - STEP 25: Sc4e6b0d4a7c1460eb320e4e47a13a03f (13/15) - (20/26)
 - [13] End-IfElse


2024-07-09 12:54:10,747 [T16-ScriptEngine] INFO  JobRequest
 - STEP 26: S8d916959da9a498099c90b60afc4d961 (6/15) - (20/26)
 - [6] SetText


2024-07-09 12:54:11,622 [T20] DEBUG UIAEventHandler
UI Structure Changed Count: 0

2024-07-09 12:54:11,622 [T20] INFO  UIAEventHandler
waiting for 844 msec during the screen structure is changing.

2024-07-09 12:54:11,872 [T16-ScriptEngine] INFO  JobRequest
 - STEP 27: Sf2aaac9b269c4a5fa881e96697027c07 (7/15) - (20/26)
 - [7] Click


2024-07-09 12:54:12,758 [T20] DEBUG UIAEventHandler
UI Structure Changed Count: 0

2024-07-09 12:54:12,758 [T20] INFO  UIAEventHandler
waiting for 857 msec during the screen structure is changing.

2024-07-09 12:54:12,961 [T20] DEBUG UIAEventHandler
UI Structure Changed Count: 0

2024-07-09 12:54:12,961 [T20] INFO  UIAEventHandler
waiting for 100 msec during the screen structure is changing.

2024-07-09 12:54:13,584 [T16-ScriptEngine] INFO  JobRequest
 - STEP 28: Sf0a20b508264403eab25ab8a3731b40f (8/15) - (20/26)
 - [8] IsExist


2024-07-09 12:54:13,702 [T16-ScriptEngine] DEBUG TemplateMatchingChecker
ImageMatching Score: 0.000. Matching count(0). TargetImage(X:-1, Y:-1, 431x96) in SearchImage(431x96)

2024-07-09 12:54:13,881 [T16-ScriptEngine] DEBUG TemplateMatchingChecker
ImageMatching Score: 0.000. Matching count(0). TargetImage(X:-1, Y:-1, 431x96) in SearchImage(1293x288)

2024-07-09 12:54:14,112 [T16-ScriptEngine] DEBUG TemplateMatchingChecker
ImageMatching Score: 0.000. Matching count(0). TargetImage(X:-1, Y:-1, 431x96) in SearchImage(1920x864)

2024-07-09 12:54:14,406 [T16-ScriptEngine] DEBUG TemplateMatchingChecker
ImageMatching Score: 0.000. Matching count(0). TargetImage(X:-1, Y:-1, 431x96) in SearchImage(1920x1200)

2024-07-09 12:54:14,725 [T16-ScriptEngine] DEBUG TemplateMatchingChecker
ImageMatching Score: 0.000. Matching count(0). TargetImage(X:-1, Y:-1, 431x96) in SearchImage(1920x1200)

2024-07-09 12:54:15,083 [T16-ScriptEngine] DEBUG TemplateMatchingChecker
ImageMatching Score: 0.000. Matching count(0). TargetImage(X:-1, Y:-1, 431x96) in SearchImage(1920x1200)

2024-07-09 12:54:15,407 [T16-ScriptEngine] DEBUG TemplateMatchingChecker
ImageMatching Score: 0.000. Matching count(0). TargetImage(X:-1, Y:-1, 431x96) in SearchImage(1920x1200)

2024-07-09 12:54:15,833 [T16-ScriptEngine] DEBUG TemplateMatchingChecker
ImageMatching Score: 0.000. Matching count(0). TargetImage(X:-1, Y:-1, 431x96) in SearchImage(1920x1200)

2024-07-09 12:54:16,167 [T16-ScriptEngine] DEBUG TemplateMatchingChecker
ImageMatching Score: 0.000. Matching count(0). TargetImage(X:-1, Y:-1, 431x96) in SearchImage(1920x1200)

2024-07-09 12:54:16,485 [T16-ScriptEngine] DEBUG TemplateMatchingChecker
ImageMatching Score: 0.000. Matching count(0). TargetImage(X:-1, Y:-1, 431x96) in SearchImage(1920x1200)

2024-07-09 12:54:16,671 [T16-ScriptEngine] INFO  ImageCompareValidator
Find Result Score: 0

2024-07-09 12:54:17,002 [T16-ScriptEngine] INFO  JobRequest
 - STEP 29: Sdfefa047406448c48182e57e3302f879 (9/15) - (20/26)
 - [9] IfElse


2024-07-09 12:54:17,022 [T16-ScriptEngine] INFO  JobRequest
 - STEP 30: Sc1515d977c144683b0337da4a0072c55 (11/15) - (20/26)
 - [11] Else


2024-07-09 12:54:17,035 [T16-ScriptEngine] INFO  JobRequest
 - STEP 31: Sfa87d34a06e44bbf9c2590405282a1ed (12/15) - (20/26)
 - [12] GetText


2024-07-09 12:54:17,715 [T28] DEBUG UIAEventHandler
UI Structure Changed Count: 0

2024-07-09 12:54:17,715 [T28] INFO  UIAEventHandler
waiting for 644 msec during the screen structure is changing.

2024-07-09 12:54:17,964 [T28] DEBUG UIAEventHandler
UI Structure Changed Count: 0

2024-07-09 12:54:17,964 [T28] INFO  UIAEventHandler
waiting for 102 msec during the screen structure is changing.

2024-07-09 12:54:17,980 [T16-ScriptEngine] INFO  JobRequest
 - STEP 32: Sc4e6b0d4a7c1460eb320e4e47a13a03f (13/15) - (20/26)
 - [13] End-IfElse


2024-07-09 12:54:17,996 [T16-ScriptEngine] INFO  JobRequest
 - STEP 33: S8d916959da9a498099c90b60afc4d961 (6/15) - (20/26)
 - [6] SetText


2024-07-09 12:54:18,870 [T11] DEBUG UIAEventHandler
UI Structure Changed Count: 0

2024-07-09 12:54:18,870 [T11] INFO  UIAEventHandler
waiting for 846 msec during the screen structure is changing.

2024-07-09 12:54:19,078 [T11] DEBUG UIAEventHandler
UI Structure Changed Count: 0

2024-07-09 12:54:19,078 [T11] INFO  UIAEventHandler
waiting for 110 msec during the screen structure is changing.

2024-07-09 12:54:19,204 [T16-ScriptEngine] INFO  JobRequest
 - STEP 34: Sf2aaac9b269c4a5fa881e96697027c07 (7/15) - (20/26)
 - [7] Click


2024-07-09 12:54:19,978 [T6] DEBUG UIAEventHandler
UI Structure Changed Count: 0

2024-07-09 12:54:19,978 [T6] INFO  UIAEventHandler
waiting for 743 msec during the screen structure is changing.

2024-07-09 12:54:20,154 [T6] DEBUG UIAEventHandler
UI Structure Changed Count: 0

2024-07-09 12:54:20,154 [T6] INFO  UIAEventHandler
waiting for 73 msec during the screen structure is changing.

2024-07-09 12:54:20,783 [T16-ScriptEngine] INFO  JobRequest
 - STEP 35: Sf0a20b508264403eab25ab8a3731b40f (8/15) - (20/26)
 - [8] IsExist


2024-07-09 12:54:20,889 [T16-ScriptEngine] DEBUG TemplateMatchingChecker
ImageMatching Score: 0.000. Matching count(0). TargetImage(X:-1, Y:-1, 431x96) in SearchImage(431x96)

2024-07-09 12:54:21,040 [T16-ScriptEngine] DEBUG TemplateMatchingChecker
ImageMatching Score: 0.000. Matching count(0). TargetImage(X:-1, Y:-1, 431x96) in SearchImage(1293x288)

2024-07-09 12:54:21,285 [T16-ScriptEngine] DEBUG TemplateMatchingChecker
ImageMatching Score: 0.000. Matching count(0). TargetImage(X:-1, Y:-1, 431x96) in SearchImage(1920x864)

2024-07-09 12:54:21,634 [T16-ScriptEngine] DEBUG TemplateMatchingChecker
ImageMatching Score: 0.000. Matching count(0). TargetImage(X:-1, Y:-1, 431x96) in SearchImage(1920x1200)

2024-07-09 12:54:22,023 [T16-ScriptEngine] DEBUG TemplateMatchingChecker
ImageMatching Score: 0.000. Matching count(0). TargetImage(X:-1, Y:-1, 431x96) in SearchImage(1920x1200)

2024-07-09 12:54:22,333 [T16-ScriptEngine] DEBUG TemplateMatchingChecker
ImageMatching Score: 0.000. Matching count(0). TargetImage(X:-1, Y:-1, 431x96) in SearchImage(1920x1200)

2024-07-09 12:54:22,668 [T16-ScriptEngine] DEBUG TemplateMatchingChecker
ImageMatching Score: 0.000. Matching count(0). TargetImage(X:-1, Y:-1, 431x96) in SearchImage(1920x1200)

2024-07-09 12:54:23,015 [T16-ScriptEngine] DEBUG TemplateMatchingChecker
ImageMatching Score: 0.000. Matching count(0). TargetImage(X:-1, Y:-1, 431x96) in SearchImage(1920x1200)

2024-07-09 12:54:23,346 [T16-ScriptEngine] DEBUG TemplateMatchingChecker
ImageMatching Score: 0.000. Matching count(0). TargetImage(X:-1, Y:-1, 431x96) in SearchImage(1920x1200)

2024-07-09 12:54:23,764 [T16-ScriptEngine] DEBUG TemplateMatchingChecker
ImageMatching Score: 0.000. Matching count(0). TargetImage(X:-1, Y:-1, 431x96) in SearchImage(1920x1200)

2024-07-09 12:54:23,974 [T16-ScriptEngine] INFO  ImageCompareValidator
Find Result Score: 0

2024-07-09 12:54:24,293 [T16-ScriptEngine] INFO  JobRequest
 - STEP 36: Sdfefa047406448c48182e57e3302f879 (9/15) - (20/26)
 - [9] IfElse


2024-07-09 12:54:24,308 [T16-ScriptEngine] INFO  JobRequest
 - STEP 37: Sc1515d977c144683b0337da4a0072c55 (11/15) - (20/26)
 - [11] Else


2024-07-09 12:54:24,324 [T16-ScriptEngine] INFO  JobRequest
 - STEP 38: Sfa87d34a06e44bbf9c2590405282a1ed (12/15) - (20/26)
 - [12] GetText


2024-07-09 12:54:25,021 [T21] DEBUG UIAEventHandler
UI Structure Changed Count: 0

2024-07-09 12:54:25,021 [T21] INFO  UIAEventHandler
waiting for 669 msec during the screen structure is changing.

2024-07-09 12:54:25,226 [T21] DEBUG UIAEventHandler
UI Structure Changed Count: 0

2024-07-09 12:54:25,226 [T21] INFO  UIAEventHandler
waiting for 104 msec during the screen structure is changing.

2024-07-09 12:54:25,241 [T16-ScriptEngine] INFO  JobRequest
 - STEP 39: Sc4e6b0d4a7c1460eb320e4e47a13a03f (13/15) - (20/26)
 - [13] End-IfElse


2024-07-09 12:54:25,257 [T16-ScriptEngine] INFO  JobRequest
 - STEP 40: S8d916959da9a498099c90b60afc4d961 (6/15) - (20/26)
 - [6] SetText


2024-07-09 12:54:26,124 [T28] DEBUG UIAEventHandler
UI Structure Changed Count: 0

2024-07-09 12:54:26,124 [T28] INFO  UIAEventHandler
waiting for 838 msec during the screen structure is changing.

2024-07-09 12:54:26,299 [T28] DEBUG UIAEventHandler
UI Structure Changed Count: 0

2024-07-09 12:54:26,299 [T28] INFO  UIAEventHandler
waiting for 79 msec during the screen structure is changing.

2024-07-09 12:54:26,426 [T16-ScriptEngine] INFO  JobRequest
 - STEP 41: Sf2aaac9b269c4a5fa881e96697027c07 (7/15) - (20/26)
 - [7] Click


2024-07-09 12:54:27,187 [T25] DEBUG UIAEventHandler
UI Structure Changed Count: 0

2024-07-09 12:54:27,187 [T25] INFO  UIAEventHandler
waiting for 731 msec during the screen structure is changing.

2024-07-09 12:54:27,394 [T25] DEBUG UIAEventHandler
UI Structure Changed Count: 0

2024-07-09 12:54:27,394 [T25] INFO  UIAEventHandler
waiting for 104 msec during the screen structure is changing.

2024-07-09 12:54:28,027 [T16-ScriptEngine] INFO  JobRequest
 - STEP 42: Sf0a20b508264403eab25ab8a3731b40f (8/15) - (20/26)
 - [8] IsExist


2024-07-09 12:54:28,128 [T16-ScriptEngine] DEBUG TemplateMatchingChecker
ImageMatching Score: 0.000. Matching count(0). TargetImage(X:-1, Y:-1, 431x96) in SearchImage(431x96)

2024-07-09 12:54:28,276 [T16-ScriptEngine] DEBUG TemplateMatchingChecker
ImageMatching Score: 0.000. Matching count(0). TargetImage(X:-1, Y:-1, 431x96) in SearchImage(1293x288)

2024-07-09 12:54:28,522 [T16-ScriptEngine] DEBUG TemplateMatchingChecker
ImageMatching Score: 0.000. Matching count(0). TargetImage(X:-1, Y:-1, 431x96) in SearchImage(1920x864)

2024-07-09 12:54:28,803 [T16-ScriptEngine] DEBUG TemplateMatchingChecker
ImageMatching Score: 0.000. Matching count(0). TargetImage(X:-1, Y:-1, 431x96) in SearchImage(1920x1200)

2024-07-09 12:54:29,159 [T16-ScriptEngine] DEBUG TemplateMatchingChecker
ImageMatching Score: 0.000. Matching count(0). TargetImage(X:-1, Y:-1, 431x96) in SearchImage(1920x1200)

2024-07-09 12:54:29,571 [T16-ScriptEngine] DEBUG TemplateMatchingChecker
ImageMatching Score: 0.000. Matching count(0). TargetImage(X:-1, Y:-1, 431x96) in SearchImage(1920x1200)

2024-07-09 12:54:29,944 [T16-ScriptEngine] DEBUG TemplateMatchingChecker
ImageMatching Score: 0.000. Matching count(0). TargetImage(X:-1, Y:-1, 431x96) in SearchImage(1920x1200)

2024-07-09 12:54:30,266 [T16-ScriptEngine] DEBUG TemplateMatchingChecker
ImageMatching Score: 0.000. Matching count(0). TargetImage(X:-1, Y:-1, 431x96) in SearchImage(1920x1200)

2024-07-09 12:54:30,593 [T16-ScriptEngine] DEBUG TemplateMatchingChecker
ImageMatching Score: 0.000. Matching count(0). TargetImage(X:-1, Y:-1, 431x96) in SearchImage(1920x1200)

2024-07-09 12:54:30,959 [T16-ScriptEngine] DEBUG TemplateMatchingChecker
ImageMatching Score: 0.000. Matching count(0). TargetImage(X:-1, Y:-1, 431x96) in SearchImage(1920x1200)

2024-07-09 12:54:31,136 [T16-ScriptEngine] INFO  ImageCompareValidator
Find Result Score: 0

2024-07-09 12:54:31,467 [T16-ScriptEngine] INFO  JobRequest
 - STEP 43: Sdfefa047406448c48182e57e3302f879 (9/15) - (20/26)
 - [9] IfElse


2024-07-09 12:54:31,482 [T16-ScriptEngine] INFO  JobRequest
 - STEP 44: Sc1515d977c144683b0337da4a0072c55 (11/15) - (20/26)
 - [11] Else


2024-07-09 12:54:31,498 [T16-ScriptEngine] INFO  JobRequest
 - STEP 45: Sfa87d34a06e44bbf9c2590405282a1ed (12/15) - (20/26)
 - [12] GetText


2024-07-09 12:54:32,162 [T23] DEBUG UIAEventHandler
UI Structure Changed Count: 0

2024-07-09 12:54:32,162 [T23] INFO  UIAEventHandler
waiting for 625 msec during the screen structure is changing.

2024-07-09 12:54:32,337 [T23] DEBUG UIAEventHandler
UI Structure Changed Count: 0

2024-07-09 12:54:32,337 [T23] INFO  UIAEventHandler
waiting for 66 msec during the screen structure is changing.

2024-07-09 12:54:32,353 [T16-ScriptEngine] INFO  JobRequest
 - STEP 46: Sc4e6b0d4a7c1460eb320e4e47a13a03f (13/15) - (20/26)
 - [13] End-IfElse


2024-07-09 12:54:32,369 [T16-ScriptEngine] INFO  JobRequest
 - STEP 47: S8d916959da9a498099c90b60afc4d961 (6/15) - (20/26)
 - [6] SetText


2024-07-09 12:54:33,237 [T23] DEBUG UIAEventHandler
UI Structure Changed Count: 0

2024-07-09 12:54:33,237 [T23] INFO  UIAEventHandler
waiting for 833 msec during the screen structure is changing.

2024-07-09 12:54:33,425 [T23] DEBUG UIAEventHandler
UI Structure Changed Count: 0

2024-07-09 12:54:33,425 [T23] INFO  UIAEventHandler
waiting for 67 msec during the screen structure is changing.

2024-07-09 12:54:33,552 [T16-ScriptEngine] INFO  JobRequest
 - STEP 48: Sf2aaac9b269c4a5fa881e96697027c07 (7/15) - (20/26)
 - [7] Click


2024-07-09 12:54:34,330 [T23] DEBUG UIAEventHandler
UI Structure Changed Count: 0

2024-07-09 12:54:34,330 [T23] INFO  UIAEventHandler
waiting for 740 msec during the screen structure is changing.

2024-07-09 12:54:34,535 [T23] DEBUG UIAEventHandler
UI Structure Changed Count: 0

2024-07-09 12:54:34,535 [T23] INFO  UIAEventHandler
waiting for 101 msec during the screen structure is changing.

2024-07-09 12:54:35,154 [T16-ScriptEngine] INFO  JobRequest
 - STEP 49: Sf0a20b508264403eab25ab8a3731b40f (8/15) - (20/26)
 - [8] IsExist


2024-07-09 12:54:35,257 [T16-ScriptEngine] DEBUG TemplateMatchingChecker
ImageMatching Score: 0.000. Matching count(0). TargetImage(X:-1, Y:-1, 431x96) in SearchImage(431x96)

2024-07-09 12:54:35,426 [T16-ScriptEngine] DEBUG TemplateMatchingChecker
ImageMatching Score: 0.000. Matching count(0). TargetImage(X:-1, Y:-1, 431x96) in SearchImage(1293x288)

2024-07-09 12:54:35,708 [T16-ScriptEngine] DEBUG TemplateMatchingChecker
ImageMatching Score: 0.000. Matching count(0). TargetImage(X:-1, Y:-1, 431x96) in SearchImage(1920x864)

2024-07-09 12:54:36,028 [T16-ScriptEngine] DEBUG TemplateMatchingChecker
ImageMatching Score: 0.000. Matching count(0). TargetImage(X:-1, Y:-1, 431x96) in SearchImage(1920x1200)

2024-07-09 12:54:36,363 [T16-ScriptEngine] DEBUG TemplateMatchingChecker
ImageMatching Score: 0.000. Matching count(0). TargetImage(X:-1, Y:-1, 431x96) in SearchImage(1920x1200)

2024-07-09 12:54:36,695 [T16-ScriptEngine] DEBUG TemplateMatchingChecker
ImageMatching Score: 0.000. Matching count(0). TargetImage(X:-1, Y:-1, 431x96) in SearchImage(1920x1200)

2024-07-09 12:54:37,055 [T16-ScriptEngine] DEBUG TemplateMatchingChecker
ImageMatching Score: 0.000. Matching count(0). TargetImage(X:-1, Y:-1, 431x96) in SearchImage(1920x1200)

2024-07-09 12:54:37,378 [T16-ScriptEngine] DEBUG TemplateMatchingChecker
ImageMatching Score: 0.000. Matching count(0). TargetImage(X:-1, Y:-1, 431x96) in SearchImage(1920x1200)

2024-07-09 12:54:37,792 [T16-ScriptEngine] DEBUG TemplateMatchingChecker
ImageMatching Score: 0.000. Matching count(0). TargetImage(X:-1, Y:-1, 431x96) in SearchImage(1920x1200)

2024-07-09 12:54:38,128 [T16-ScriptEngine] DEBUG TemplateMatchingChecker
ImageMatching Score: 0.000. Matching count(0). TargetImage(X:-1, Y:-1, 431x96) in SearchImage(1920x1200)

2024-07-09 12:54:38,344 [T16-ScriptEngine] INFO  ImageCompareValidator
Find Result Score: 0

2024-07-09 12:54:38,661 [T16-ScriptEngine] INFO  JobRequest
 - STEP 50: Sdfefa047406448c48182e57e3302f879 (9/15) - (20/26)
 - [9] IfElse


2024-07-09 12:54:38,677 [T16-ScriptEngine] INFO  JobRequest
 - STEP 51: Sc1515d977c144683b0337da4a0072c55 (11/15) - (20/26)
 - [11] Else


2024-07-09 12:54:38,693 [T16-ScriptEngine] INFO  JobRequest
 - STEP 52: Sfa87d34a06e44bbf9c2590405282a1ed (12/15) - (20/26)
 - [12] GetText


2024-07-09 12:54:39,376 [T15] DEBUG UIAEventHandler
UI Structure Changed Count: 0

2024-07-09 12:54:39,376 [T15] INFO  UIAEventHandler
waiting for 645 msec during the screen structure is changing.

2024-07-09 12:54:39,520 [T16-ScriptEngine] INFO  JobRequest
 - STEP 53: Sc4e6b0d4a7c1460eb320e4e47a13a03f (13/15) - (20/26)
 - [13] End-IfElse


2024-07-09 12:54:39,536 [T16-ScriptEngine] INFO  JobRequest
 - STEP 54: S8d916959da9a498099c90b60afc4d961 (6/15) - (20/26)
 - [6] SetText


2024-07-09 12:54:40,521 [T24] DEBUG UIAEventHandler
UI Structure Changed Count: 0

2024-07-09 12:54:40,521 [T24] INFO  UIAEventHandler
waiting for 950 msec during the screen structure is changing.

2024-07-09 12:54:40,694 [T24] DEBUG UIAEventHandler
UI Structure Changed Count: 0

2024-07-09 12:54:40,694 [T24] INFO  UIAEventHandler
waiting for 75 msec during the screen structure is changing.

2024-07-09 12:54:40,822 [T16-ScriptEngine] INFO  JobRequest
 - STEP 55: Sf2aaac9b269c4a5fa881e96697027c07 (7/15) - (20/26)
 - [7] Click


2024-07-09 12:54:41,599 [T11] DEBUG UIAEventHandler
UI Structure Changed Count: 0

2024-07-09 12:54:41,599 [T11] INFO  UIAEventHandler
waiting for 745 msec during the screen structure is changing.

2024-07-09 12:54:41,835 [T11] DEBUG UIAEventHandler
UI Structure Changed Count: 0

2024-07-09 12:54:41,835 [T11] INFO  UIAEventHandler
waiting for 113 msec during the screen structure is changing.

2024-07-09 12:54:42,453 [T16-ScriptEngine] INFO  JobRequest
 - STEP 56: Sf0a20b508264403eab25ab8a3731b40f (8/15) - (20/26)
 - [8] IsExist


2024-07-09 12:54:42,612 [T16-ScriptEngine] DEBUG TemplateMatchingChecker
ImageMatching Score: 0.000. Matching count(0). TargetImage(X:-1, Y:-1, 431x96) in SearchImage(431x96)

2024-07-09 12:54:42,762 [T16-ScriptEngine] DEBUG TemplateMatchingChecker
ImageMatching Score: 100.000. Matching count(1). TargetImage(X:431, Y:96, 431x96) in SearchImage(1293x288)

2024-07-09 12:54:42,975 [T16-ScriptEngine] INFO  ImageCompareValidator
Find Result Score: 99.9999284744263

2024-07-09 12:54:43,295 [T16-ScriptEngine] INFO  JobRequest
 - STEP 57: Sdfefa047406448c48182e57e3302f879 (9/15) - (20/26)
 - [9] IfElse


2024-07-09 12:54:43,310 [T16-ScriptEngine] INFO  JobRequest
 - STEP 58: S2c6dfd22b9c743d09df3ec0e2652446c (10/15) - (20/26)
 - [10] ExecuteScript


2024-07-09 12:54:43,326 [T16-ScriptEngine] INFO  JobRequest
 - STEP 59: Sc4e6b0d4a7c1460eb320e4e47a13a03f (13/15) - (20/26)
 - [13] End-IfElse


2024-07-09 12:54:43,342 [T16-ScriptEngine] INFO  JobRequest
 - STEP 60: S8a85c4ad9c3240989eb9e936afe86859 (14/15) - (21/26)
 - [14] End-For


2024-07-09 12:54:43,342 [T16-ScriptEngine] INFO  JobRunner
[PASS] TASK: T_openChrome

2024-07-09 12:54:43,343 [T16-ScriptEngine] INFO  JobRequest
##############################################################
### STATE: EndTask - T_openChrome
##############################################################
98697117-d7ee-463a-9cdf-242a6c65cde0
T_openChrome


2024-07-09 12:54:43,358 [T16-ScriptEngine] INFO  JobRequest
**************************************************************
*** TASK: P_사업자등록번호
**************************************************************
 - STEP 61: S72ead7465a0140a5bec0d2b60d6b1e44 (3/3) - (22/26)
 - [3] RunTask


2024-07-09 12:54:43,360 [T16-ScriptEngine] INFO  JobRequest
##############################################################
### STATE: StartTask - T_setExcel
##############################################################
eab94fbb-830d-46be-97b3-c41cf7fff434
T_setExcel


2024-07-09 12:54:43,374 [T16-ScriptEngine] INFO  JobRequest
**************************************************************
*** TASK: T_setExcel
**************************************************************
 - STEP 62: Sd82f557fd6d741c2baee1385dd2c2e65 (1/4) - (23/26)
 - [1] OpenExcel


2024-07-09 12:54:44,710 [T16-ScriptEngine] INFO  JobRequest
 - STEP 63: S284fe91bedaf47c09b45b7c857570657 (2/4) - (24/26)
 - [2] For


2024-07-09 12:54:44,726 [T16-ScriptEngine] INFO  JobRequest
 - STEP 64: S060c6edfa82b4b81b1cc802e978f88bd (3/4) - (25/26)
 - [3] WriteString


2024-07-09 12:54:44,833 [T16-ScriptEngine] INFO  JobRequest
 - STEP 65: S060c6edfa82b4b81b1cc802e978f88bd (3/4) - (25/26)
 - [3] WriteString


2024-07-09 12:54:44,929 [T16-ScriptEngine] INFO  JobRequest
 - STEP 66: S060c6edfa82b4b81b1cc802e978f88bd (3/4) - (25/26)
 - [3] WriteString


2024-07-09 12:54:45,040 [T16-ScriptEngine] INFO  JobRequest
 - STEP 67: S060c6edfa82b4b81b1cc802e978f88bd (3/4) - (25/26)
 - [3] WriteString


2024-07-09 12:54:45,134 [T16-ScriptEngine] INFO  JobRequest
 - STEP 68: S060c6edfa82b4b81b1cc802e978f88bd (3/4) - (25/26)
 - [3] WriteString


2024-07-09 12:54:45,228 [T16-ScriptEngine] INFO  JobRequest
 - STEP 69: S060c6edfa82b4b81b1cc802e978f88bd (3/4) - (25/26)
 - [3] WriteString


2024-07-09 12:54:45,338 [T16-ScriptEngine] INFO  JobRequest
 - STEP 70: Sce739b950ebc44eea0ff1932f7d0b626 (4/4) - (26/26)
 - [4] End-For


2024-07-09 12:54:45,338 [T16-ScriptEngine] INFO  JobRunner
[PASS] TASK: T_setExcel

2024-07-09 12:54:45,339 [T16-ScriptEngine] INFO  JobRequest
##############################################################
### STATE: EndTask - T_setExcel
##############################################################
eab94fbb-830d-46be-97b3-c41cf7fff434
T_setExcel


2024-07-09 12:54:45,339 [T16-ScriptEngine] INFO  JobRunner
[PASS] TASK: P_사업자등록번호

2024-07-09 12:54:45,339 [T16-ScriptEngine] INFO  JobRequest
##############################################################
### STATE: EndProcess - P_사업자등록번호
##############################################################
08e029a9-7bcd-4f42-a0a6-92c88d8ed7a4
P_사업자등록번호


2024-07-09 12:54:45,355 [T16-ScriptEngine] INFO  JobRunner
RunProcess - Job Result: {}

2024-07-09 12:54:45,356 [T16-ScriptEngine] DEBUG JobManager
Set Result State: Completed

2024-07-09 12:54:45,360 [T16-ScriptEngine] INFO  JobRunner
Make report.

2024-07-09 12:54:45,396 [T16-ScriptEngine] INFO  JobRunner
Start to clean up resources.

2024-07-09 12:54:45,397 [T16-ScriptEngine] DEBUG JobRunner
OnProcessCompleted

2024-07-09 12:54:45,397 [T11] DEBUG JobRunner
Start timer for checking the job to be completed.

2024-07-09 12:54:45,402 [T16-ScriptEngine] DEBUG ExcelBase
DisposeExcel

2024-07-09 12:54:45,430 [T16-ScriptEngine] INFO  JobRunner
Start to clean up resources.

2024-07-09 12:54:45,432 [T16-ScriptEngine] DEBUG JobRunner
Remove all libraries

2024-07-09 12:54:45,434 [T16-ScriptEngine] DEBUG NetPlayer
WebPlayer OnDispose

2024-07-09 12:54:45,435 [T16-ScriptEngine] DEBUG WebPlayer
WebPlayer OnDispose : Do Nothing

2024-07-09 12:54:45,436 [T16-ScriptEngine] DEBUG UIAEventHandler
Stop UIA event handler

2024-07-09 12:54:45,452 [T16-ScriptEngine] DEBUG UiaAppHelper
WinHelper DisposeAppList Count: 0

2024-07-09 12:54:45,453 [T16-ScriptEngine] INFO  JobRunner
All Resources Clear

2024-07-09 12:54:45,455 [T16-ScriptEngine] DEBUG JobRunner
OnCompleted

2024-07-09 12:54:45,456 [T16-ScriptEngine] DEBUG JobRunner
SendJobResult: Completed

2024-07-09 12:54:45,456 [T16-ScriptEngine] INFO  JobRequest
##############################################################
### STATE: Completed
##############################################################
{}


2024-07-09 12:54:45,456 [T16-ScriptEngine] INFO  JobRequest
Last job life cycle state: Completed

2024-07-09 12:54:45,456 [T16-ScriptEngine] INFO  JobRequest
Update skipped current step informations.

2024-07-09 12:54:45,466 [T10] DEBUG JobRequest
Callback - State: Completed
{}

2024-07-09 12:54:45,467 [T16-ScriptEngine] INFO  JobRequest
##############################################################
### JOB COMPLETED
##############################################################


2024-07-09 12:54:45,481 [T10] INFO  JobRequest
Callback - EngineClosed

2024-07-09 12:54:45,482 [T10] INFO  JobService
Disconnect agent service

2024-07-09 12:54:45,484 [T10] DEBUG JobRequest
End of Callback Sender

2024-07-09 12:54:45,496 [T16-ScriptEngine] INFO  JobRunner
RunProcess end

2024-07-09 12:54:45,496 [T1] INFO  JobService
Exit - Shutdown Engine BOT

