2024-07-09 12:54:46,511 [T1] INFO  EngineStarter
BOT Engine Start - v3.1.100.11228 at 2024-07-09 오후 12:54:46
EngineID: D_20240709_125445_542
PID : 3116
PPID: 12488
Working Directory: C:\Users\3calss_15\AppData\Roaming\Brity RPA Designer

2024-07-09 12:54:46,529 [T1] INFO  EngineStarter
System Language: ko-KR
Resolution: 1920 x 1200

2024-07-09 12:54:46,771 [T1] INFO  Config
Initialize Config

2024-07-09 12:54:46,815 [T1] DEBUG Config
Config Loaded

2024-07-09 12:54:46,815 [T1] DEBUG Config
Backup config file.

2024-07-09 12:54:46,827 [T1] INFO  Config
Orchestrator Service => https://bwrpa.samsungsds.com:8777

2024-07-09 12:54:46,832 [T1] INFO  Config
Initialize Resource Config

2024-07-09 12:54:46,864 [T1] DEBUG Config
Refresh Language Information

2024-07-09 12:54:46,993 [T1] INFO  Config
All Config Initialized.

2024-07-09 12:54:47,003 [T1] DEBUG KeyManager
Initialize KeyManager

2024-07-09 12:54:47,007 [T1] DEBUG KeyManager
Load device unique id.

2024-07-09 12:54:47,014 [T1] DEBUG KeyManager
Device ID is initialized.

2024-07-09 12:54:47,110 [T5] DEBUG JobService
Connect to agent service

2024-07-09 12:54:47,145 [T5] DEBUG JobService
JobService URL : net.tcp://127.0.0.1:59001/rpa/agent

2024-07-09 12:54:47,145 [T5] DEBUG JobService
Open connection

2024-07-09 12:54:47,147 [T1] DEBUG ApplicationInitializer
InitMode: Thread

2024-07-09 12:54:47,157 [T1] INFO  LibraryManager
Load Libraries - Started

2024-07-09 12:54:47,164 [T5] DEBUG JobService
Register engine to agent

2024-07-09 12:54:47,173 [T1] DEBUG AddInLoader
Load Assembly : IPA.Lib.Chrome

2024-07-09 12:54:47,179 [T5] DEBUG JobService
Engine is connected to agent service.

2024-07-09 12:54:47,179 [T5] DEBUG JobService
Owner Process PID: 12488

2024-07-09 12:54:47,183 [T5] INFO  JobService
Start monitoring owner process is terminated.

2024-07-09 12:54:47,410 [T1] DEBUG AddInLoader
Load Assembly : IPA.Lib.Desktop

2024-07-09 12:54:47,637 [T1] DEBUG AddInLoader
Load Assembly : IPA.Lib.Excel

2024-07-09 12:54:47,846 [T1] DEBUG AddInLoader
Load Assembly : IPA.Lib.Flow

2024-07-09 12:54:47,996 [T1] DEBUG AddInLoader
Load Assembly : IPA.Lib.IE

2024-07-09 12:54:48,097 [T1] DEBUG AddInLoader
Load Assembly : IPA.Lib.ImageConverter

2024-07-09 12:54:48,162 [T1] DEBUG AddInLoader
Load Assembly : IPA.Lib.ImageRecognition

2024-07-09 12:54:48,374 [T1] DEBUG AddInLoader
Load Assembly : IPA.Lib.MicrosoftOCR

2024-07-09 12:54:48,446 [T1] DEBUG AddInLoader
Load Assembly : IPA.Lib.Net

2024-07-09 12:54:48,564 [T1] DEBUG AddInLoader
Load Assembly : IPA.Lib.Orchestra

2024-07-09 12:54:48,678 [T1] DEBUG AddInLoader
Load Assembly : IPA.Lib.ProcessFlow

2024-07-09 12:54:48,803 [T1] DEBUG AddInLoader
Load Assembly : IPA.Lib.SAP

2024-07-09 12:54:48,918 [T1] DEBUG AddInLoader
Load Assembly : IPA.Lib.Web

2024-07-09 12:54:49,238 [T1] DEBUG AddInLoader
Load Assembly : IPA.Lib.Win

2024-07-09 12:54:49,379 [T1] INFO  ScreenCapture
Default Screen Capture Bounds: 0,0,1920,1200

2024-07-09 12:54:49,411 [T1] DEBUG AddInLoader
Load Assembly : BrityRPA.AddIn.NativeApp

2024-07-09 12:54:49,517 [T1] DEBUG AddInLoader
Load Assembly : BrityWorks.AddIn.Outlook

2024-07-09 12:54:49,591 [T1] DEBUG AddInLoader
Load Assembly : BrityWorks.AddIn.Pdf

2024-07-09 12:54:49,679 [T1] DEBUG LibraryManager
Load Library - Chrome

2024-07-09 12:54:49,695 [T1] DEBUG LibraryManager
Load Library - Desktop

2024-07-09 12:54:49,711 [T1] DEBUG LibraryManager
Load Library - Excel

2024-07-09 12:54:49,727 [T1] DEBUG LibraryManager
Load Library - Flow

2024-07-09 12:54:49,743 [T1] DEBUG LibraryManager
Load Library - IE

2024-07-09 12:54:49,759 [T1] DEBUG LibraryManager
Load Library - ImageConverter

2024-07-09 12:54:49,775 [T1] DEBUG LibraryManager
Load Library - ImageRecognition

2024-07-09 12:54:49,791 [T1] DEBUG LibraryManager
Load Library - MicrosoftOCR

2024-07-09 12:54:49,807 [T1] DEBUG LibraryManager
Load Library - NativeApp

2024-07-09 12:54:49,823 [T1] DEBUG LibraryManager
Load Library - Net

2024-07-09 12:54:49,839 [T1] DEBUG LibraryManager
Load Library - Orchestra

2024-07-09 12:54:49,854 [T1] DEBUG LibraryManager
Load Library - Outlook

2024-07-09 12:54:49,870 [T1] DEBUG LibraryManager
Load Library - Pdf

2024-07-09 12:54:49,886 [T1] DEBUG LibraryManager
Load Library - SAP

2024-07-09 12:54:49,902 [T1] DEBUG LibraryManager
Load Library - Web

2024-07-09 12:54:49,918 [T1] DEBUG LibraryManager
Load Library - Win

2024-07-09 12:54:49,934 [T1] DEBUG LibraryManager
Load Library - WorkFlow

2024-07-09 12:54:49,938 [T1] DEBUG LibraryManager
Load built-in script libraries

2024-07-09 12:54:50,210 [T1] INFO  LibraryManager
Load Libraries - Completed.

2024-07-09 12:54:50,221 [T1] INFO  App
Launch Arguments: Total: 6 |  -eid D_20240709_125445_542 -runtype ProcRunner -ppid 12488

2024-07-09 12:54:50,222 [T1] DEBUG Config
Refresh Language Information

2024-07-09 12:54:50,223 [T1] DEBUG LibraryManager
LibraryManager Initialized.

2024-07-09 13:33:31,929 [T8] INFO  JobService
Start Job: P_사업자등록번호 (Foreground)
{
  "JobType": 1,
  "State": 0,
  "IsRunning": false,
  "ResultMessage": null,
  "StartTime": "2024-07-09 13:33:31",
  "EndTime": null,
  "JobId": "Designer_20240709_133331_472",
  "UserAuthentication": null,
  "ProcessPath": "C:\\Users\\3calss_15\\Documents\\Brity RPA Projects\\사업자등록번호\\P_사업자등록번호.proc",
  "ProcessId": "08e029a9-7bcd-4f42-a0a6-92c88d8ed7a4",
  "ProcessVer": "",
  "ProcessArgs": null,
  "RequesterType": 3,
  "RequesterId": "designer",
  "RequesterPID": 12488,
  "OptionsJsonString": null,
  "TimeoutSec": 0,
  "EngineID": "D_20240709_125445_542",
  "EnginePID": 0,
  "EngineRecommededVersion": "",
  "JobWorkDir": "C:\\Users\\3calss_15\\Documents\\Brity RPA Projects\\사업자등록번호\\Histories\\20240709_133331_P_사업자등록번호_Designer_20240709_133331_472",
  "JobLogDir": "C:\\Users\\3calss_15\\Documents\\Brity RPA Projects\\사업자등록번호\\Histories\\20240709_133331_P_사업자등록번호_Designer_20240709_133331_472\\Log",
  "JobScreenshotDir": "C:\\Users\\3calss_15\\Documents\\Brity RPA Projects\\사업자등록번호\\Histories\\20240709_133331_P_사업자등록번호_Designer_20240709_133331_472\\Log\\Screenshot"
}

2024-07-09 13:33:32,391 [T10] DEBUG JobService
Waiting library loading...

2024-07-09 13:33:32,393 [T10] DEBUG Config
Reload User Settings

2024-07-09 13:33:32,427 [T10] INFO  JobService
Config Loading Completed.

2024-07-09 13:33:32,427 [T10] DEBUG JobService
Config Loading Time: 35 ms.

2024-07-09 13:33:32,439 [T10] DEBUG JobService
Check Shared Token

2024-07-09 13:33:32,443 [T10] DEBUG TokenManager
Load connection token

2024-07-09 13:33:32,470 [T10] DEBUG TokenManager
Clear Connection Token - No Shared Token

2024-07-09 13:33:32,670 [T1] DEBUG ServerInformationClient
Request server feature list

2024-07-09 13:33:32,776 [T1] INFO  ServerInformationClient
Server feature update successful

2024-07-09 13:33:32,781 [T1] INFO  ServerInformationClient
It takes 128 milliseconds to try to update the server feature list.

2024-07-09 13:33:32,781 [T1] INFO  Config
Update server features to config.

2024-07-09 13:33:32,815 [T10] INFO  JobService
Shared Token - No Token

2024-07-09 13:33:32,820 [T10] INFO  JobManager
Create JobManager instance for job P_사업자등록번호(Designer_20240709_133331_472)

2024-07-09 13:33:32,826 [T10] INFO  JobRequest
Job ID : Designer_20240709_133331_472
Project Path  : C:\Users\3calss_15\Documents\Brity RPA Projects\사업자등록번호\사업자등록번호.proj
Process Name  : P_사업자등록번호
Engine Mode   : Designer
Requester Type: Designer
Requester PID : 12488

2024-07-09 13:33:32,829 [T9] INFO  JobRequest
Start Callback Sender

2024-07-09 13:33:32,829 [T9] DEBUG JobRequest
Step Callback Interval: 500

2024-07-09 13:33:32,870 [T10] DEBUG ProjectManager
Set Project Information

2024-07-09 13:33:32,894 [T10] INFO  PlayOptionManager
PlayOption
- Step Interval : 1
- Disable DrawBounds : False
- Invoke First : False
- Allow Upload of DumpScreen results : False

2024-07-09 13:33:32,895 [T10] INFO  JobRunner
Initialize Script Engine

2024-07-09 13:33:32,912 [T16-ScriptEngine] INFO  JobRequest
##############################################################
### STATE: Initializing
##############################################################


2024-07-09 13:33:32,930 [T9] DEBUG JobRequest
Callback - State: Initializing


2024-07-09 13:33:34,880 [T16-ScriptEngine] INFO  JobRequest
##############################################################
### STATE: Ready
##############################################################


2024-07-09 13:33:34,891 [T9] DEBUG JobRequest
Callback - State: Ready


2024-07-09 13:33:34,942 [T10] INFO  JobRunnerHook
HotKey Hook Started

2024-07-09 13:33:34,942 [T10] INFO  JobRequest
##############################################################
### STATE: Starting
##############################################################


2024-07-09 13:33:34,944 [T16-ScriptEngine] INFO  JobRunner
RunProcess start

2024-07-09 13:33:34,946 [T16-ScriptEngine] INFO  JobRequest
##############################################################
### STATE: Running
##############################################################


2024-07-09 13:33:34,946 [T16-ScriptEngine] INFO  JobRequest
Last job life cycle state: Running

2024-07-09 13:33:34,955 [T9] DEBUG JobRequest
Callback - State: Starting


2024-07-09 13:33:34,956 [T9] DEBUG JobRequest
Callback - State: Running


2024-07-09 13:33:36,078 [T16-ScriptEngine] DEBUG ScreenCapture
DirectX Screen Capture Initialized.

2024-07-09 13:33:36,156 [T16-ScriptEngine] DEBUG JobRunner
DirectX ScreenCapture Checked.

2024-07-09 13:33:36,182 [T16-ScriptEngine] INFO  JobRequest
##############################################################
### STATE: StartProcess - P_사업자등록번호
##############################################################
08e029a9-7bcd-4f42-a0a6-92c88d8ed7a4
P_사업자등록번호


2024-07-09 13:33:36,232 [T16-ScriptEngine] INFO  JobRequest
**************************************************************
*** TASK: P_사업자등록번호
**************************************************************
 - STEP 1: S678a3761735049cbb3158d828200fd68 (1/3) - (1/26)
 - [1] RunTask


2024-07-09 13:33:36,332 [T16-ScriptEngine] INFO  JobRequest
##############################################################
### STATE: StartTask - T_openExcel
##############################################################
f2901a36-5932-45cd-9185-cc5975f9e501
T_openExcel


2024-07-09 13:33:36,350 [T16-ScriptEngine] INFO  JobRequest
**************************************************************
*** TASK: T_openExcel
**************************************************************
 - STEP 2: S7808cf7f4beb4f1d971398b471c20e76 (1/6) - (2/26)
 - [1] OpenExcel


2024-07-09 13:33:38,332 [T16-ScriptEngine] INFO  JobRequest
 - STEP 3: S0b3e446ed9d2411881635151a2ec7502 (2/6) - (3/26)
 - [2] GetRowCount


2024-07-09 13:33:38,519 [T16-ScriptEngine] INFO  JobRequest
 - STEP 4: Sd99a3a5f361141d4b69bebf15ee12130 (3/6) - (4/26)
 - [3] For


2024-07-09 13:33:38,535 [T16-ScriptEngine] INFO  JobRequest
 - STEP 5: Sfb4fb9f414e0486c921c44f094d674e5 (4/6) - (5/26)
 - [4] ReadString


2024-07-09 13:33:38,646 [T16-ScriptEngine] INFO  JobRequest
 - STEP 6: Sfb4fb9f414e0486c921c44f094d674e5 (4/6) - (5/26)
 - [4] ReadString


2024-07-09 13:33:38,710 [T16-ScriptEngine] INFO  JobRequest
 - STEP 7: Sfb4fb9f414e0486c921c44f094d674e5 (4/6) - (5/26)
 - [4] ReadString


2024-07-09 13:33:38,772 [T16-ScriptEngine] INFO  JobRequest
 - STEP 8: Sfb4fb9f414e0486c921c44f094d674e5 (4/6) - (5/26)
 - [4] ReadString


2024-07-09 13:33:38,835 [T16-ScriptEngine] INFO  JobRequest
 - STEP 9: Sfb4fb9f414e0486c921c44f094d674e5 (4/6) - (5/26)
 - [4] ReadString


2024-07-09 13:33:38,898 [T16-ScriptEngine] INFO  JobRequest
 - STEP 10: Sfb4fb9f414e0486c921c44f094d674e5 (4/6) - (5/26)
 - [4] ReadString


2024-07-09 13:33:38,960 [T16-ScriptEngine] INFO  JobRequest
 - STEP 11: Sfb4fb9f414e0486c921c44f094d674e5 (4/6) - (5/26)
 - [4] ReadString


2024-07-09 13:33:39,024 [T16-ScriptEngine] INFO  JobRequest
 - STEP 12: Sc951ad44b4494325bbb827c3a26a3f13 (5/6) - (6/26)
 - [5] End-For


2024-07-09 13:33:39,024 [T16-ScriptEngine] INFO  JobRunner
[PASS] TASK: T_openExcel

2024-07-09 13:33:39,033 [T16-ScriptEngine] INFO  JobRequest
##############################################################
### STATE: EndTask - T_openExcel
##############################################################
f2901a36-5932-45cd-9185-cc5975f9e501
T_openExcel


2024-07-09 13:33:39,040 [T16-ScriptEngine] INFO  JobRequest
**************************************************************
*** TASK: P_사업자등록번호
**************************************************************
 - STEP 13: S6cb47ca040ab4ecaa88b3d739617cf7d (2/3) - (7/26)
 - [2] RunTask


2024-07-09 13:33:39,048 [T16-ScriptEngine] INFO  JobRequest
##############################################################
### STATE: StartTask - T_openChrome
##############################################################
98697117-d7ee-463a-9cdf-242a6c65cde0
T_openChrome


2024-07-09 13:33:39,056 [T16-ScriptEngine] INFO  JobRequest
**************************************************************
*** TASK: T_openChrome
**************************************************************
 - STEP 14: Sb5fc0fbbf7f742b1b0eb4ca4e9461aed (1/15) - (8/26)
 - [1] ChromeOpen


2024-07-09 13:33:40,276 [T16-ScriptEngine] DEBUG ChromeOpen
변수 'this.url'에는 이미 ChromeOpen을 통해 설정된 브라우저가 존재하여 덮어쓸 수 없습니다.
Output에 지정된 변수를 변경하거나 ChromeClose를 통해 브라우저를 종료 후 다시 시도하여 주시기 바랍니다.

2024-07-09 13:33:44,141 [T16-ScriptEngine] WARN  ScriptSupport
[CATCH_STEP_EXCEPTION] Process: P_사업자등록번호
Task: T_openChrome
Step: ChromeOpen (1/15)

Error: 변수 'this.url'에는 이미 ChromeOpen을 통해 설정된 브라우저가 존재하여 덮어쓸 수 없습니다.
Output에 지정된 변수를 변경하거나 ChromeClose를 통해 브라우저를 종료 후 다시 시도하여 주시기 바랍니다.

2024-07-09 13:33:44,168 [T16-ScriptEngine] FINE  JobRunner
RunTask ExceptionOccured. TASK: T_openChrome => 변수 'this.url'에는 이미 ChromeOpen을 통해 설정된 브라우저가 존재하여 덮어쓸 수 없습니다.
Output에 지정된 변수를 변경하거나 ChromeClose를 통해 브라우저를 종료 후 다시 시도하여 주시기 바랍니다.

2024-07-09 13:33:44,187 [T16-ScriptEngine] INFO  JobRequest
##############################################################
### STATE: EndTask - T_openChrome
##############################################################
98697117-d7ee-463a-9cdf-242a6c65cde0
T_openChrome


2024-07-09 13:33:44,273 [T16-ScriptEngine] DEBUG JobRunner
RunTask ExceptionOccured. TASK: P_사업자등록번호 => Process: P_사업자등록번호
Task: T_openChrome
Step: ChromeOpen (1/15)
변수 'this.url'에는 이미 ChromeOpen을 통해 설정된 브라우저가 존재하여 덮어쓸 수 없습니다.
Output에 지정된 변수를 변경하거나 ChromeClose를 통해 브라우저를 종료 후 다시 시도하여 주시기 바랍니다.

2024-07-09 13:33:44,274 [T16-ScriptEngine] INFO  JobRequest
##############################################################
### STATE: EndProcess - P_사업자등록번호
##############################################################
08e029a9-7bcd-4f42-a0a6-92c88d8ed7a4
P_사업자등록번호


2024-07-09 13:33:44,289 [T16-ScriptEngine] ERROR JobRunner
Process: P_사업자등록번호
Task: T_openChrome
Step: ChromeOpen (1/15)

변수 'this.url'에는 이미 ChromeOpen을 통해 설정된 브라우저가 존재하여 덮어쓸 수 없습니다.
Output에 지정된 변수를 변경하거나 ChromeClose를 통해 브라우저를 종료 후 다시 시도하여 주시기 바랍니다.

[CallStack]
  - T_openChrome: [1] ChromeOpen
  - P_사업자등록번호: [2] RunTask

[Global Variables]
  - sheetName = '사업자번호' (String)
  - resultDataArray = [] (Array1D)
  - dataArray = <Too Long> ['사업자등록번호 ', '105-87-52629', '111-11-11111', '417-81-01720', '101-81-92326', '101-81-98897', '789456 ... 5 more (Array1D)
  - RESULT = Workbook (Any)

2024-07-09 13:33:44,290 [T16-ScriptEngine] DEBUG JobManager
Set Result State: ExceptionOccured

2024-07-09 13:33:46,184 [T16-ScriptEngine] INFO  JobRunner
Make report.

2024-07-09 13:33:46,273 [T16-ScriptEngine] INFO  JobRunner
Start to clean up resources.

2024-07-09 13:33:46,274 [T10] DEBUG JobRunner
Start timer for checking the job to be completed.

2024-07-09 13:33:46,275 [T16-ScriptEngine] DEBUG JobRunner
OnProcessFailed

2024-07-09 13:33:46,278 [T16-ScriptEngine] DEBUG ExcelBase
DisposeExcel

2024-07-09 13:33:46,322 [T16-ScriptEngine] INFO  JobRunner
Start to clean up resources.

2024-07-09 13:33:46,324 [T16-ScriptEngine] DEBUG JobRunner
Remove all libraries

2024-07-09 13:33:46,326 [T16-ScriptEngine] DEBUG NetPlayer
WebPlayer OnDispose

2024-07-09 13:33:46,327 [T16-ScriptEngine] DEBUG WebPlayer
WebPlayer OnDispose : Do Nothing

2024-07-09 13:33:46,333 [T16-ScriptEngine] DEBUG UiaAppHelper
WinHelper DisposeAppList Count: 0

2024-07-09 13:33:46,333 [T16-ScriptEngine] INFO  JobRunner
All Resources Clear

2024-07-09 13:33:46,336 [T16-ScriptEngine] DEBUG JobRunner
OnCompleted

2024-07-09 13:33:46,337 [T16-ScriptEngine] DEBUG JobRunner
SendJobResult: ExceptionOccured

2024-07-09 13:33:46,337 [T16-ScriptEngine] INFO  JobRequest
##############################################################
### STATE: ExceptionOccured
##############################################################
Process: P_사업자등록번호
Task: T_openChrome
Step: ChromeOpen (1/15)

변수 'this.url'에는 이미 ChromeOpen을 통해 설정된 브라우저가 존재하여 덮어쓸 수 없습니다.
Output에 지정된 변수를 변경하거나 ChromeClose를 통해 브라우저를 종료 후 다시 시도하여 주시기 바랍니다.

[CallStack]
  - T_openChrome: [1] ChromeOpen
  - P_사업자등록번호: [2] RunTask

[Global Variables]
  - sheetName = '사업자번호' (String)
  - resultDataArray = [] (Array1D)
  - dataArray = <Too Long> ['사업자등록번호 ', '105-87-52629', '111-11-11111', '417-81-01720', '101-81-92326', '101-81-98897', '789456 ... 5 more (Array1D)
  - RESULT = Workbook (Any)


2024-07-09 13:33:46,337 [T16-ScriptEngine] INFO  JobRequest
Last job life cycle state: ExceptionOccured

2024-07-09 13:33:46,349 [T16-ScriptEngine] INFO  JobRequest
##############################################################
### JOB COMPLETED
##############################################################


2024-07-09 13:33:46,351 [T9] DEBUG JobRequest
Callback - State: ExceptionOccured
Process: P_사업자등록번호
Task: T_openChrome
Step: ChromeOpen (1/15)

변수 'this.url'에는 이미 ChromeOpen을 통해 설정된 브라우저가 존재하여 덮어쓸 수 없습니다.
Output에 지정된 변수를 변경하거나 ChromeClose를 통해 브라우저를 종료 후 다시 시도하여 주시기 바랍니다.

[CallStack]
  - T_openChrome: [1] ChromeOpen
  - P_사업자등록번호: [2] RunTask

[Global Variables]
  - sheetName = '사업자번호' (String)
  - resultDataArray = [] (Array1D)
  - dataArray = <Too Long> ['사업자등록번호 ', '105-87-52629', '111-11-11111', '417-81-01720', '101-81-92326', '101-81-98897', '789456 ... 5 more (Array1D)
  - RESULT = Workbook (Any)

2024-07-09 13:33:46,353 [T9] INFO  JobRequest
Callback - EngineClosed

2024-07-09 13:33:46,353 [T9] INFO  JobService
Disconnect agent service

2024-07-09 13:33:46,358 [T9] DEBUG JobRequest
End of Callback Sender

