2024-07-11 13:56:04,023 [T1] INFO  EngineStarter
BOT Engine Start - v3.1.100.11228 at 2024-07-11 오후 1:56:04
EngineID: D_20240711_135603_061
PID : 1284
PPID: 13300
Working Directory: C:\Users\3calss_15\AppData\Roaming\Brity RPA Designer

2024-07-11 13:56:04,044 [T1] INFO  EngineStarter
System Language: ko-KR
Resolution: 1920 x 1200

2024-07-11 13:56:04,498 [T1] INFO  Config
Initialize Config

2024-07-11 13:56:04,571 [T1] DEBUG Config
Config Loaded

2024-07-11 13:56:04,576 [T1] DEBUG Config
Backup config file.

2024-07-11 13:56:04,635 [T1] INFO  Config
Orchestrator Service => https://bwrpa.samsungsds.com:8777

2024-07-11 13:56:04,661 [T1] INFO  Config
Initialize Resource Config

2024-07-11 13:56:04,763 [T1] DEBUG Config
Refresh Language Information

2024-07-11 13:56:04,897 [T1] INFO  Config
All Config Initialized.

2024-07-11 13:56:04,907 [T1] DEBUG KeyManager
Initialize KeyManager

2024-07-11 13:56:04,910 [T1] DEBUG KeyManager
Load device unique id.

2024-07-11 13:56:04,918 [T1] DEBUG KeyManager
Device ID is initialized.

2024-07-11 13:56:05,013 [T5] DEBUG JobService
Connect to agent service

2024-07-11 13:56:05,049 [T5] DEBUG JobService
JobService URL : net.tcp://127.0.0.1:59001/rpa/agent

2024-07-11 13:56:05,049 [T5] DEBUG JobService
Open connection

2024-07-11 13:56:05,056 [T1] DEBUG ApplicationInitializer
InitMode: Thread

2024-07-11 13:56:05,064 [T1] INFO  LibraryManager
Load Libraries - Started

2024-07-11 13:56:05,065 [T5] DEBUG JobService
Register engine to agent

2024-07-11 13:56:05,079 [T5] DEBUG JobService
Engine is connected to agent service.

2024-07-11 13:56:05,079 [T5] DEBUG JobService
Owner Process PID: 13300

2024-07-11 13:56:05,081 [T1] DEBUG AddInLoader
Load Assembly : IPA.Lib.Chrome

2024-07-11 13:56:05,082 [T5] INFO  JobService
Start monitoring owner process is terminated.

2024-07-11 13:56:05,334 [T1] DEBUG AddInLoader
Load Assembly : IPA.Lib.Desktop

2024-07-11 13:56:05,511 [T1] DEBUG AddInLoader
Load Assembly : IPA.Lib.Excel

2024-07-11 13:56:05,659 [T1] DEBUG AddInLoader
Load Assembly : IPA.Lib.Flow

2024-07-11 13:56:05,780 [T1] DEBUG AddInLoader
Load Assembly : IPA.Lib.IE

2024-07-11 13:56:05,885 [T1] DEBUG AddInLoader
Load Assembly : IPA.Lib.ImageConverter

2024-07-11 13:56:05,956 [T1] DEBUG AddInLoader
Load Assembly : IPA.Lib.ImageRecognition

2024-07-11 13:56:06,160 [T1] DEBUG AddInLoader
Load Assembly : IPA.Lib.MicrosoftOCR

2024-07-11 13:56:06,222 [T1] DEBUG AddInLoader
Load Assembly : IPA.Lib.Net

2024-07-11 13:56:06,310 [T1] DEBUG AddInLoader
Load Assembly : IPA.Lib.Orchestra

2024-07-11 13:56:06,412 [T1] DEBUG AddInLoader
Load Assembly : IPA.Lib.ProcessFlow

2024-07-11 13:56:06,528 [T1] DEBUG AddInLoader
Load Assembly : IPA.Lib.SAP

2024-07-11 13:56:06,614 [T1] DEBUG AddInLoader
Load Assembly : IPA.Lib.Web

2024-07-11 13:56:06,725 [T1] DEBUG AddInLoader
Load Assembly : IPA.Lib.Win

2024-07-11 13:56:06,869 [T1] INFO  ScreenCapture
Default Screen Capture Bounds: 0,0,1920,1200

2024-07-11 13:56:06,901 [T1] DEBUG AddInLoader
Load Assembly : BrityRPA.AddIn.NativeApp

2024-07-11 13:56:07,023 [T1] DEBUG AddInLoader
Load Assembly : BrityWorks.AddIn.Outlook

2024-07-11 13:56:07,097 [T1] DEBUG AddInLoader
Load Assembly : BrityWorks.AddIn.Pdf

2024-07-11 13:56:07,184 [T1] DEBUG LibraryManager
Load Library - Chrome

2024-07-11 13:56:07,200 [T1] DEBUG LibraryManager
Load Library - Desktop

2024-07-11 13:56:07,216 [T1] DEBUG LibraryManager
Load Library - Excel

2024-07-11 13:56:07,232 [T1] DEBUG LibraryManager
Load Library - Flow

2024-07-11 13:56:07,248 [T1] DEBUG LibraryManager
Load Library - IE

2024-07-11 13:56:07,264 [T1] DEBUG LibraryManager
Load Library - ImageConverter

2024-07-11 13:56:07,280 [T1] DEBUG LibraryManager
Load Library - ImageRecognition

2024-07-11 13:56:07,296 [T1] DEBUG LibraryManager
Load Library - MicrosoftOCR

2024-07-11 13:56:07,311 [T1] DEBUG LibraryManager
Load Library - NativeApp

2024-07-11 13:56:07,327 [T1] DEBUG LibraryManager
Load Library - Net

2024-07-11 13:56:07,343 [T1] DEBUG LibraryManager
Load Library - Orchestra

2024-07-11 13:56:07,359 [T1] DEBUG LibraryManager
Load Library - Outlook

2024-07-11 13:56:07,375 [T1] DEBUG LibraryManager
Load Library - Pdf

2024-07-11 13:56:07,391 [T1] DEBUG LibraryManager
Load Library - SAP

2024-07-11 13:56:07,407 [T1] DEBUG LibraryManager
Load Library - Web

2024-07-11 13:56:07,423 [T1] DEBUG LibraryManager
Load Library - Win

2024-07-11 13:56:07,439 [T1] DEBUG LibraryManager
Load Library - WorkFlow

2024-07-11 13:56:07,443 [T1] DEBUG LibraryManager
Load built-in script libraries

2024-07-11 13:56:07,723 [T1] INFO  LibraryManager
Load Libraries - Completed.

2024-07-11 13:56:07,735 [T1] INFO  App
Launch Arguments: Total: 6 |  -eid D_20240711_135603_061 -runtype ProcRunner -ppid 13300

2024-07-11 13:56:07,736 [T1] DEBUG Config
Refresh Language Information

2024-07-11 13:56:07,737 [T1] DEBUG LibraryManager
LibraryManager Initialized.

2024-07-11 13:56:11,405 [T8] INFO  JobService
Start Job: P_Invoice_등록_및_pdf_다운로드 (Foreground)
{
  "JobType": 1,
  "State": 0,
  "IsRunning": false,
  "ResultMessage": null,
  "StartTime": "2024-07-11 13:56:11",
  "EndTime": null,
  "JobId": "Designer_20240711_135610_970",
  "UserAuthentication": null,
  "ProcessPath": "C:\\Users\\3calss_15\\Documents\\Brity RPA Projects\\Invoice_등록_및_pdf_다운로드\\P_Invoice_등록_및_pdf_다운로드.proc",
  "ProcessId": "5f0330cc-412d-4d6c-ab9d-697505864914",
  "ProcessVer": "",
  "ProcessArgs": null,
  "RequesterType": 3,
  "RequesterId": "designer",
  "RequesterPID": 13300,
  "OptionsJsonString": null,
  "TimeoutSec": 0,
  "EngineID": "D_20240711_135603_061",
  "EnginePID": 0,
  "EngineRecommededVersion": "",
  "JobWorkDir": "C:\\Users\\3calss_15\\Documents\\Brity RPA Projects\\Invoice_등록_및_pdf_다운로드\\Histories\\20240711_135611_P_Invoice_등록_및_pdf_다운로드_Designer_20240711_135610_970",
  "JobLogDir": "C:\\Users\\3calss_15\\Documents\\Brity RPA Projects\\Invoice_등록_및_pdf_다운로드\\Histories\\20240711_135611_P_Invoice_등록_및_pdf_다운로드_Designer_20240711_135610_970\\Log",
  "JobScreenshotDir": "C:\\Users\\3calss_15\\Documents\\Brity RPA Projects\\Invoice_등록_및_pdf_다운로드\\Histories\\20240711_135611_P_Invoice_등록_및_pdf_다운로드_Designer_20240711_135610_970\\Log\\Screenshot"
}

2024-07-11 13:56:11,544 [T7] DEBUG JobService
Waiting library loading...

2024-07-11 13:56:11,547 [T7] DEBUG Config
Reload User Settings

2024-07-11 13:56:11,549 [T7] INFO  JobService
Config Loading Completed.

2024-07-11 13:56:11,549 [T7] DEBUG JobService
Config Loading Time: 4 ms.

2024-07-11 13:56:11,568 [T7] DEBUG JobService
Check Shared Token

2024-07-11 13:56:11,576 [T7] DEBUG TokenManager
Load connection token

2024-07-11 13:56:11,583 [T7] DEBUG TokenManager
Clear Connection Token - No Shared Token

2024-07-11 13:56:11,683 [T1] DEBUG ServerInformationClient
Request server feature list

2024-07-11 13:56:11,847 [T1] INFO  ServerInformationClient
Server feature update successful

2024-07-11 13:56:11,851 [T1] INFO  ServerInformationClient
It takes 213 milliseconds to try to update the server feature list.

2024-07-11 13:56:11,852 [T1] INFO  Config
Update server features to config.

2024-07-11 13:56:11,889 [T7] INFO  JobService
Shared Token - No Token

2024-07-11 13:56:11,896 [T7] INFO  JobManager
Create JobManager instance for job P_Invoice_등록_및_pdf_다운로드(Designer_20240711_135610_970)

2024-07-11 13:56:11,902 [T7] INFO  JobRequest
Job ID : Designer_20240711_135610_970
Project Path  : C:\Users\3calss_15\Documents\Brity RPA Projects\Invoice_등록_및_pdf_다운로드\Invoice_등록_및_pdf_다운로드.proj
Process Name  : P_Invoice_등록_및_pdf_다운로드
Engine Mode   : Designer
Requester Type: Designer
Requester PID : 13300

2024-07-11 13:56:11,905 [T10] INFO  JobRequest
Start Callback Sender

2024-07-11 13:56:11,905 [T10] DEBUG JobRequest
Step Callback Interval: 500

2024-07-11 13:56:11,951 [T7] DEBUG ProjectManager
Set Project Information

2024-07-11 13:56:11,979 [T7] INFO  PlayOptionManager
PlayOption
- Step Interval : 1
- Disable DrawBounds : False
- Invoke First : False
- Allow Upload of DumpScreen results : False

2024-07-11 13:56:11,980 [T7] INFO  JobRunner
Initialize Script Engine

2024-07-11 13:56:11,997 [T15-ScriptEngine] INFO  JobRequest
##############################################################
### STATE: Initializing
##############################################################


2024-07-11 13:56:12,019 [T10] DEBUG JobRequest
Callback - State: Initializing


2024-07-11 13:56:12,862 [T15-ScriptEngine] INFO  JobRequest
##############################################################
### STATE: Ready
##############################################################


2024-07-11 13:56:12,865 [T10] DEBUG JobRequest
Callback - State: Ready


2024-07-11 13:56:12,874 [T7] INFO  JobRunnerHook
HotKey Hook Started

2024-07-11 13:56:12,874 [T7] INFO  JobRequest
##############################################################
### STATE: Starting
##############################################################


2024-07-11 13:56:12,876 [T15-ScriptEngine] INFO  JobRunner
RunProcess start

2024-07-11 13:56:12,878 [T15-ScriptEngine] INFO  JobRequest
##############################################################
### STATE: Running
##############################################################


2024-07-11 13:56:12,878 [T15-ScriptEngine] INFO  JobRequest
Last job life cycle state: Running

2024-07-11 13:56:12,880 [T10] DEBUG JobRequest
Callback - State: Starting


2024-07-11 13:56:12,897 [T10] DEBUG JobRequest
Callback - State: Running


2024-07-11 13:56:13,874 [T15-ScriptEngine] DEBUG ScreenCapture
DirectX Screen Capture Initialized.

2024-07-11 13:56:13,942 [T15-ScriptEngine] DEBUG JobRunner
DirectX ScreenCapture Checked.

2024-07-11 13:56:13,969 [T15-ScriptEngine] INFO  JobRequest
##############################################################
### STATE: StartProcess - P_Invoice_등록_및_pdf_다운로드
##############################################################
5f0330cc-412d-4d6c-ab9d-697505864914
P_Invoice_등록_및_pdf_다운로드


2024-07-11 13:56:14,019 [T15-ScriptEngine] INFO  JobRequest
**************************************************************
*** TASK: P_Invoice_등록_및_pdf_다운로드
**************************************************************
 - STEP 1: Sca17d68a1dae403ca2c482a77108cc75 (1/2) - (1/27)
 - [1] RunTask


2024-07-11 13:56:14,112 [T15-ScriptEngine] INFO  JobRequest
##############################################################
### STATE: StartTask - T_getData
##############################################################
3c85452d-f7af-4bb2-a919-32863d17dfbe
T_getData


2024-07-11 13:56:14,138 [T15-ScriptEngine] INFO  JobRequest
**************************************************************
*** TASK: T_getData
**************************************************************
 - STEP 2: Se1ac0852647a4216b4f29a8aa1e6099b (1/4) - (2/27)
 - [1] OpenExcel


2024-07-11 13:56:15,756 [T15-ScriptEngine] INFO  JobRequest
 - STEP 3: S04e2193a3a1e438692f047a667997909 (2/4) - (3/27)
 - [2] GetDataRange


2024-07-11 13:56:15,819 [T15-ScriptEngine] INFO  JobRequest
 - STEP 4: Sa69c092f7c704471bf0d33b73f0cd85b (3/4) - (4/27)
 - [3] ReadRange


2024-07-11 13:56:15,886 [T15-ScriptEngine] INFO  JobRunner
[PASS] TASK: T_getData

2024-07-11 13:56:15,897 [T15-ScriptEngine] INFO  JobRequest
##############################################################
### STATE: EndTask - T_getData
##############################################################
3c85452d-f7af-4bb2-a919-32863d17dfbe
T_getData


2024-07-11 13:56:15,915 [T15-ScriptEngine] INFO  JobRequest
**************************************************************
*** TASK: P_Invoice_등록_및_pdf_다운로드
**************************************************************
 - STEP 5: S349b8777b2d846e898937627ebcfcb71 (2/2) - (5/27)
 - [2] RunTask


2024-07-11 13:56:15,927 [T15-ScriptEngine] INFO  JobRequest
##############################################################
### STATE: StartTask - T_openChrome
##############################################################
b6ea1598-d34c-409e-b81b-47fe3098902f
T_openChrome


2024-07-11 13:56:15,931 [T15-ScriptEngine] INFO  JobRequest
**************************************************************
*** TASK: T_openChrome
**************************************************************
 - STEP 6: S12eee20f94634ddbab55a0c3a5c23cf7 (1/22) - (6/27)
 - [1] ChromeOpen


2024-07-11 13:56:18,702 [T7] DEBUG ChromeRemoteConnect
GetRemoteBrowserUsingEndPoint Fail : 하나 이상의 오류가 발생했습니다.

2024-07-11 13:56:18,758 [T7] DEBUG ChromeCommonExtension
extension default locale empty

2024-07-11 13:56:24,239 [T7] DEBUG ChromeCommonExtension
extension default locale empty

2024-07-11 13:56:30,486 [T15-ScriptEngine] INFO  JobRequest
 - STEP 7: S069fdf8def794f6f8b7d3885fe4cb396 (2/22) - (7/27)
 - [2] TextInput


2024-07-11 13:56:30,659 [T20] INFO  UIAEventHandler
Start UIA event handler

2024-07-11 13:56:31,662 [T20] DEBUG UIAEventHandler
UI Structure Changed Count: 0

2024-07-11 13:56:31,662 [T20] INFO  UIAEventHandler
waiting for 884 msec during the screen structure is changing.

2024-07-11 13:56:31,996 [T20] DEBUG UIAEventHandler
UI Structure Changed Count: 0

2024-07-11 13:56:31,996 [T20] INFO  UIAEventHandler
waiting for 100 msec during the screen structure is changing.

2024-07-11 13:56:34,831 [T15-ScriptEngine] INFO  JobRequest
 - STEP 8: Sfe0384b37b55462488792f5385c18860 (3/22) - (8/27)
 - [3] ChromeSetText


2024-07-11 13:56:35,383 [T15-ScriptEngine] INFO  JobRequest
 - STEP 9: S37241eb22a61478e904df7f422587afd (4/22) - (9/27)
 - [4] Click


2024-07-11 13:56:36,159 [T15-ScriptEngine] INFO  JobRequest
 - STEP 10: S1a02495184e648cd9257386844244887 (5/22) - (10/27)
 - [5] IsExist


2024-07-11 13:56:36,304 [T15-ScriptEngine] DEBUG TemplateMatchingChecker
ImageMatching Score: 0.000. Matching count(0). TargetImage(X:-1, Y:-1, 225x119) in SearchImage(225x119)

2024-07-11 13:56:36,450 [T15-ScriptEngine] DEBUG TemplateMatchingChecker
ImageMatching Score: 0.000. Matching count(0). TargetImage(X:-1, Y:-1, 225x119) in SearchImage(675x357)

2024-07-11 13:56:36,735 [T15-ScriptEngine] DEBUG TemplateMatchingChecker
ImageMatching Score: 0.000. Matching count(0). TargetImage(X:-1, Y:-1, 225x119) in SearchImage(1920x1071)

2024-07-11 13:56:37,179 [T15-ScriptEngine] DEBUG TemplateMatchingChecker
ImageMatching Score: 0.000. Matching count(0). TargetImage(X:-1, Y:-1, 225x119) in SearchImage(1920x1200)

2024-07-11 13:56:37,880 [T15-ScriptEngine] DEBUG TemplateMatchingChecker
ImageMatching Score: 100.000. Matching count(1). TargetImage(X:1513, Y:105, 225x119) in SearchImage(1920x1200)

2024-07-11 13:56:38,096 [T15-ScriptEngine] INFO  ImageCompareValidator
Find Result Score: 99.9999821186066

2024-07-11 13:56:38,426 [T15-ScriptEngine] INFO  JobRequest
 - STEP 11: Sc29ad8c30ad940eaaed8a3e739d5ca50 (6/22) - (11/27)
 - [6] IfThen


2024-07-11 13:56:38,443 [T15-ScriptEngine] INFO  JobRequest
 - STEP 12: S5fb70fc072c148558f338b003b5fad16 (7/22) - (12/27)
 - [7] Click


2024-07-11 13:56:39,160 [T21] DEBUG UIAEventHandler
UI Structure Changed Count: 0

2024-07-11 13:56:39,160 [T21] INFO  UIAEventHandler
waiting for 684 msec during the screen structure is changing.

2024-07-11 13:56:39,610 [T21] DEBUG UIAEventHandler
UI Structure Changed Count: 0

2024-07-11 13:56:39,611 [T21] INFO  UIAEventHandler
waiting for 105 msec during the screen structure is changing.

2024-07-11 13:56:40,238 [T15-ScriptEngine] INFO  JobRequest
 - STEP 13: S8cf9af327282402c9100cb12a870285d (8/22) - (13/27)
 - [8] End-IfThen


2024-07-11 13:56:40,254 [T15-ScriptEngine] INFO  JobRequest
 - STEP 14: S5fb6b59bc4154114adb181322586509d (9/22) - (14/27)
 - [9] For


2024-07-11 13:56:40,286 [T15-ScriptEngine] INFO  JobRequest
 - STEP 15: Sc40e36fc9eee40c9ba89a4e6566d9520 (10/22) - (15/27)
 - [10] Click


2024-07-11 13:56:40,516 [T6] DEBUG UIAEventHandler
UI Structure Changed Count: 0

2024-07-11 13:56:40,516 [T6] INFO  UIAEventHandler
waiting for 205 msec during the screen structure is changing.

2024-07-11 13:56:40,853 [T6] DEBUG UIAEventHandler
UI Structure Changed Count: 0

2024-07-11 13:56:40,853 [T6] INFO  UIAEventHandler
waiting for 100 msec during the screen structure is changing.

2024-07-11 13:56:41,465 [T15-ScriptEngine] INFO  JobRequest
 - STEP 16: S7601834588f149e7b30a3ccdb73d1955 (11/22) - (16/27)
 - [11] Click


2024-07-11 13:56:41,762 [T18] DEBUG UIAEventHandler
UI Structure Changed Count: 0

2024-07-11 13:56:41,762 [T18] INFO  UIAEventHandler
waiting for 274 msec during the screen structure is changing.

2024-07-11 13:56:46,351 [T15-ScriptEngine] INFO  JobRequest
 - STEP 17: S0f3368cd6e524c2d8703e2fff918d7e1 (12/22) - (17/27)
 - [12] TextInput


2024-07-11 13:56:46,764 [T23] DEBUG UIAEventHandler
UI Structure Changed Count: 0

2024-07-11 13:56:46,764 [T23] INFO  UIAEventHandler
waiting for 390 msec during the screen structure is changing.

2024-07-11 13:56:48,675 [T23] DEBUG UIAEventHandler
UI Structure Changed Count: 0

2024-07-11 13:56:48,675 [T23] INFO  UIAEventHandler
waiting for 71 msec during the screen structure is changing.

2024-07-11 13:56:51,137 [T15-ScriptEngine] INFO  JobRequest
 - STEP 18: S28b709dff0284e79b2d5525b7a7bbf1a (13/22) - (18/27)
 - [13] TextInput


2024-07-11 13:56:51,487 [T6] DEBUG UIAEventHandler
UI Structure Changed Count: 0

2024-07-11 13:56:51,487 [T6] INFO  UIAEventHandler
waiting for 100 msec during the screen structure is changing.

2024-07-11 13:56:52,073 [T15-ScriptEngine] INFO  WinElementKeyboardPlayer
Out of bounds object
 - find clicked object from target object's click point
 - Target Bounds: 861,658,153,17
 - Click Point  : 941,709

2024-07-11 13:56:53,374 [T15-ScriptEngine] INFO  JobRequest
 - STEP 19: Sc97be49a59ea4857a4c39d6c23e13013 (14/22) - (19/27)
 - [14] TextInput


2024-07-11 13:56:53,625 [T20] DEBUG UIAEventHandler
UI Structure Changed Count: 0

2024-07-11 13:56:53,625 [T20] INFO  UIAEventHandler
waiting for 115 msec during the screen structure is changing.

2024-07-11 13:56:55,559 [T15-ScriptEngine] INFO  JobRequest
 - STEP 20: Se97ab7d56490499d804fd58144022907 (15/22) - (20/27)
 - [15] TextInput


2024-07-11 13:56:55,796 [T18] DEBUG UIAEventHandler
UI Structure Changed Count: 0

2024-07-11 13:56:55,796 [T18] INFO  UIAEventHandler
waiting for 113 msec during the screen structure is changing.

2024-07-11 13:56:57,685 [T15-ScriptEngine] INFO  JobRequest
 - STEP 21: S48f61310e27b43d29f5008e0e2004e4b (16/22) - (21/27)
 - [16] TextInput


2024-07-11 13:56:58,001 [T18] DEBUG UIAEventHandler
UI Structure Changed Count: 0

2024-07-11 13:56:58,001 [T18] INFO  UIAEventHandler
waiting for 113 msec during the screen structure is changing.

2024-07-11 13:56:58,605 [T15-ScriptEngine] INFO  WinElementKeyboardPlayer
Out of bounds object
 - find clicked object from target object's click point
 - Target Bounds: 916,855,62,36
 - Click Point  : 956,836

2024-07-11 13:56:59,969 [T15-ScriptEngine] INFO  JobRequest
 - STEP 22: S5dacb0a171c94f5a9d171b54de22699c (17/22) - (22/27)
 - [17] Click


2024-07-11 13:57:00,413 [T7] DEBUG UIAEventHandler
UI Structure Changed Count: 0

2024-07-11 13:57:00,413 [T7] INFO  UIAEventHandler
waiting for 113 msec during the screen structure is changing.

2024-07-11 13:57:01,016 [T15-ScriptEngine] INFO  JobRequest
 - STEP 23: S550389d7bc6f45848da9d0cf20711d13 (18/22) - (23/27)
 - [18] Click


2024-07-11 13:57:01,302 [T21] DEBUG UIAEventHandler
UI Structure Changed Count: 0

2024-07-11 13:57:01,302 [T21] INFO  UIAEventHandler
waiting for 259 msec during the screen structure is changing.

2024-07-11 13:57:01,841 [T21] DEBUG UIAEventHandler
UI Structure Changed Count: 0

2024-07-11 13:57:01,841 [T21] INFO  UIAEventHandler
waiting for 79 msec during the screen structure is changing.

2024-07-11 13:57:02,457 [T15-ScriptEngine] INFO  JobRequest
 - STEP 24: S03a6ed1c60a94e8abc0825b850ce764d (19/22) - (24/27)
 - [19] Click


2024-07-11 13:57:02,726 [T27] DEBUG UIAEventHandler
UI Structure Changed Count: 0

2024-07-11 13:57:02,726 [T27] INFO  UIAEventHandler
waiting for 244 msec during the screen structure is changing.

2024-07-11 13:57:02,963 [T27] DEBUG UIAEventHandler
UI Structure Changed Count: 0

2024-07-11 13:57:02,963 [T27] INFO  UIAEventHandler
waiting for 112 msec during the screen structure is changing.

2024-07-11 13:57:03,564 [T15-ScriptEngine] INFO  JobRequest
 - STEP 25: S1cb1df49869446aa8b2a2d5f67bf3c26 (20/22) - (25/27)
 - [20] Click


2024-07-11 13:57:03,863 [T7] DEBUG UIAEventHandler
UI Structure Changed Count: 0

2024-07-11 13:57:03,863 [T7] INFO  UIAEventHandler
waiting for 278 msec during the screen structure is changing.

2024-07-11 13:57:04,054 [T7] DEBUG UIAEventHandler
UI Structure Changed Count: 0

2024-07-11 13:57:04,054 [T7] INFO  UIAEventHandler
waiting for 97 msec during the screen structure is changing.

2024-07-11 13:57:04,690 [T15-ScriptEngine] INFO  JobRequest
 - STEP 26: S1899178f8d354413b5a87681e1de67c1 (21/22) - (26/27)
 - [21] Click


2024-07-11 13:57:04,942 [T7] DEBUG UIAEventHandler
UI Structure Changed Count: 0

2024-07-11 13:57:04,942 [T7] INFO  UIAEventHandler
waiting for 230 msec during the screen structure is changing.

2024-07-11 13:57:16,387 [T15-ScriptEngine] DEBUG WinFinder
UI Inspection Time: 11 seconds.

2024-07-11 13:57:20,763 [T15-ScriptEngine] INFO  JobRunner
Try Pause

2024-07-11 13:57:20,764 [T15-ScriptEngine] INFO  JobRequest
##############################################################
### STATE: Paused
##############################################################


2024-07-11 13:57:20,764 [T15-ScriptEngine] INFO  JobRequest
Last job life cycle state: Paused

2024-07-11 13:57:20,786 [T10] DEBUG JobRequest
Callback - State: Paused


2024-07-11 13:57:35,353 [T9] INFO  JobService
Stop Job

2024-07-11 13:57:35,355 [T9] INFO  JobRunner
Stop Job Runner - Cause: LocalUser / Message: stop by user

2024-07-11 13:57:35,356 [T9] INFO  JobRequest
##############################################################
### STATE: Stopping
##############################################################
stop by user


2024-07-11 13:57:35,364 [T15-ScriptEngine] DEBUG JobRunner
RunTask Interrupted. TASK: T_openChrome => Script execution interrupted by host

2024-07-11 13:57:35,367 [T15-ScriptEngine] DEBUG JobRunner
RunTask Interrupted. TASK: P_Invoice_등록_및_pdf_다운로드 => 스레드가 대기 상태에서 인터럽트되었습니다.

2024-07-11 13:57:35,368 [T10] DEBUG JobRequest
Callback - State: Stopping
stop by user

2024-07-11 13:57:35,391 [T15-ScriptEngine] DEBUG JobManager
Set Result State: Stopped

2024-07-11 13:57:35,395 [T15-ScriptEngine] INFO  JobRunner
Make report.

2024-07-11 13:57:35,449 [T15-ScriptEngine] INFO  JobRunner
Start to clean up resources.

2024-07-11 13:57:35,450 [T7] DEBUG JobRunner
Start timer for checking the job to be completed.

2024-07-11 13:57:35,451 [T15-ScriptEngine] DEBUG JobRunner
OnProcessCompleted

2024-07-11 13:57:35,460 [T15-ScriptEngine] DEBUG ExcelBase
DisposeExcel

2024-07-11 13:57:35,489 [T15-ScriptEngine] INFO  JobRunner
Start to clean up resources.

2024-07-11 13:57:35,490 [T15-ScriptEngine] DEBUG JobRunner
Remove all Process Stack: 2

2024-07-11 13:57:35,491 [T15-ScriptEngine] INFO  JobRequest
##############################################################
### STATE: EndTask - T_openChrome
##############################################################
b6ea1598-d34c-409e-b81b-47fe3098902f
T_openChrome


2024-07-11 13:57:35,491 [T15-ScriptEngine] INFO  JobRequest
##############################################################
### STATE: EndProcess - P_Invoice_등록_및_pdf_다운로드
##############################################################
5f0330cc-412d-4d6c-ab9d-697505864914
P_Invoice_등록_및_pdf_다운로드


2024-07-11 13:57:35,492 [T15-ScriptEngine] DEBUG JobRunner
Remove all libraries

2024-07-11 13:57:35,494 [T15-ScriptEngine] DEBUG NetPlayer
WebPlayer OnDispose

2024-07-11 13:57:35,495 [T15-ScriptEngine] DEBUG WebPlayer
WebPlayer OnDispose : Do Nothing

2024-07-11 13:57:35,496 [T15-ScriptEngine] DEBUG UIAEventHandler
Stop UIA event handler

2024-07-11 13:57:35,510 [T15-ScriptEngine] DEBUG UiaAppHelper
WinHelper DisposeAppList Count: 0

2024-07-11 13:57:35,511 [T15-ScriptEngine] INFO  JobRunner
All Resources Clear

2024-07-11 13:57:35,514 [T15-ScriptEngine] DEBUG JobRunner
OnCompleted

2024-07-11 13:57:35,514 [T15-ScriptEngine] DEBUG JobRunner
SendJobResult: Stopped

2024-07-11 13:57:35,514 [T15-ScriptEngine] INFO  JobRequest
##############################################################
### STATE: Stopped
##############################################################
Process: P_Invoice_등록_및_pdf_다운로드
Task: T_openChrome
Step: Click (21/22)

Stopped by User


2024-07-11 13:57:35,514 [T15-ScriptEngine] INFO  JobRequest
Last job life cycle state: Stopped

2024-07-11 13:57:35,514 [T15-ScriptEngine] INFO  JobRequest
Update skipped current step informations.

2024-07-11 13:57:35,521 [T15-ScriptEngine] INFO  JobRequest
##############################################################
### JOB COMPLETED
##############################################################


2024-07-11 13:57:35,529 [T10] DEBUG JobRequest
Callback - State: Stopped
Process: P_Invoice_등록_및_pdf_다운로드
Task: T_openChrome
Step: Click (21/22)

Stopped by User

2024-07-11 13:57:35,531 [T10] INFO  JobRequest
Callback - EngineClosed

2024-07-11 13:57:35,532 [T10] INFO  JobService
Disconnect agent service

2024-07-11 13:57:35,533 [T10] DEBUG JobRequest
End of Callback Sender

