2024-07-08 16:41:29,635 [T1] INFO  EngineStarter
BOT Engine Start - v3.1.100.11228 at 2024-07-08 오후 4:41:29
EngineID: D_20240708_164128_794
PID : 1020
PPID: 844
Working Directory: C:\Users\3calss_15\AppData\Roaming\Brity RPA Designer

2024-07-08 16:41:29,651 [T1] INFO  EngineStarter
System Language: ko-KR
Resolution: 1920 x 1200

2024-07-08 16:41:29,873 [T1] INFO  Config
Initialize Config

2024-07-08 16:41:29,909 [T1] DEBUG Config
Config Loaded

2024-07-08 16:41:29,911 [T1] DEBUG Config
Backup config file.

2024-07-08 16:41:29,920 [T1] INFO  Config
Orchestrator Service => https://bwrpa.samsungsds.com:8777

2024-07-08 16:41:29,925 [T1] INFO  Config
Initialize Resource Config

2024-07-08 16:41:29,949 [T1] DEBUG Config
Refresh Language Information

2024-07-08 16:41:30,013 [T1] INFO  Config
All Config Initialized.

2024-07-08 16:41:30,020 [T1] DEBUG KeyManager
Initialize KeyManager

2024-07-08 16:41:30,022 [T1] DEBUG KeyManager
Load device unique id.

2024-07-08 16:41:30,029 [T1] DEBUG KeyManager
Device ID is initialized.

2024-07-08 16:41:30,098 [T5] DEBUG JobService
Connect to agent service

2024-07-08 16:41:30,132 [T1] DEBUG ApplicationInitializer
InitMode: Thread

2024-07-08 16:41:30,135 [T5] DEBUG JobService
JobService URL : net.tcp://127.0.0.1:59001/rpa/agent

2024-07-08 16:41:30,135 [T5] DEBUG JobService
Open connection

2024-07-08 16:41:30,140 [T1] INFO  LibraryManager
Load Libraries - Started

2024-07-08 16:41:30,149 [T5] DEBUG JobService
Register engine to agent

2024-07-08 16:41:30,153 [T1] DEBUG AddInLoader
Load Assembly : IPA.Lib.Chrome

2024-07-08 16:41:30,160 [T5] DEBUG JobService
Engine is connected to agent service.

2024-07-08 16:41:30,160 [T5] DEBUG JobService
Owner Process PID: 844

2024-07-08 16:41:30,163 [T5] INFO  JobService
Start monitoring owner process is terminated.

2024-07-08 16:41:30,361 [T1] DEBUG AddInLoader
Load Assembly : IPA.Lib.Desktop

2024-07-08 16:41:30,533 [T1] DEBUG AddInLoader
Load Assembly : IPA.Lib.Excel

2024-07-08 16:41:30,673 [T1] DEBUG AddInLoader
Load Assembly : IPA.Lib.Flow

2024-07-08 16:41:30,774 [T1] DEBUG AddInLoader
Load Assembly : IPA.Lib.IE

2024-07-08 16:41:30,857 [T1] DEBUG AddInLoader
Load Assembly : IPA.Lib.ImageConverter

2024-07-08 16:41:30,913 [T1] DEBUG AddInLoader
Load Assembly : IPA.Lib.ImageRecognition

2024-07-08 16:41:31,090 [T1] DEBUG AddInLoader
Load Assembly : IPA.Lib.MicrosoftOCR

2024-07-08 16:41:31,143 [T1] DEBUG AddInLoader
Load Assembly : IPA.Lib.Net

2024-07-08 16:41:31,218 [T1] DEBUG AddInLoader
Load Assembly : IPA.Lib.Orchestra

2024-07-08 16:41:31,291 [T1] DEBUG AddInLoader
Load Assembly : IPA.Lib.ProcessFlow

2024-07-08 16:41:31,368 [T1] DEBUG AddInLoader
Load Assembly : IPA.Lib.SAP

2024-07-08 16:41:31,444 [T1] DEBUG AddInLoader
Load Assembly : IPA.Lib.Web

2024-07-08 16:41:31,563 [T1] DEBUG AddInLoader
Load Assembly : IPA.Lib.Win

2024-07-08 16:41:31,676 [T1] INFO  ScreenCapture
Default Screen Capture Bounds: 0,0,1920,1200

2024-07-08 16:41:31,702 [T1] DEBUG AddInLoader
Load Assembly : BrityRPA.AddIn.NativeApp

2024-07-08 16:41:31,803 [T1] DEBUG AddInLoader
Load Assembly : BrityWorks.AddIn.Outlook

2024-07-08 16:41:31,866 [T1] DEBUG AddInLoader
Load Assembly : BrityWorks.AddIn.Pdf

2024-07-08 16:41:31,945 [T1] DEBUG LibraryManager
Load Library - Chrome

2024-07-08 16:41:31,960 [T1] DEBUG LibraryManager
Load Library - Desktop

2024-07-08 16:41:31,976 [T1] DEBUG LibraryManager
Load Library - Excel

2024-07-08 16:41:31,991 [T1] DEBUG LibraryManager
Load Library - Flow

2024-07-08 16:41:32,007 [T1] DEBUG LibraryManager
Load Library - IE

2024-07-08 16:41:32,022 [T1] DEBUG LibraryManager
Load Library - ImageConverter

2024-07-08 16:41:32,037 [T1] DEBUG LibraryManager
Load Library - ImageRecognition

2024-07-08 16:41:32,053 [T1] DEBUG LibraryManager
Load Library - MicrosoftOCR

2024-07-08 16:41:32,069 [T1] DEBUG LibraryManager
Load Library - NativeApp

2024-07-08 16:41:32,085 [T1] DEBUG LibraryManager
Load Library - Net

2024-07-08 16:41:32,101 [T1] DEBUG LibraryManager
Load Library - Orchestra

2024-07-08 16:41:32,117 [T1] DEBUG LibraryManager
Load Library - Outlook

2024-07-08 16:41:32,132 [T1] DEBUG LibraryManager
Load Library - Pdf

2024-07-08 16:41:32,148 [T1] DEBUG LibraryManager
Load Library - SAP

2024-07-08 16:41:32,164 [T1] DEBUG LibraryManager
Load Library - Web

2024-07-08 16:41:32,180 [T1] DEBUG LibraryManager
Load Library - Win

2024-07-08 16:41:32,196 [T1] DEBUG LibraryManager
Load Library - WorkFlow

2024-07-08 16:41:32,210 [T1] DEBUG LibraryManager
Load built-in script libraries

2024-07-08 16:41:32,503 [T1] INFO  LibraryManager
Load Libraries - Completed.

2024-07-08 16:41:32,515 [T1] INFO  App
Launch Arguments: Total: 6 |  -eid D_20240708_164128_794 -runtype ProcRunner -ppid 844

2024-07-08 16:41:32,516 [T1] DEBUG Config
Refresh Language Information

2024-07-08 16:41:32,517 [T1] DEBUG LibraryManager
LibraryManager Initialized.

2024-07-08 16:42:22,961 [T9] INFO  JobService
Start Job: T_kakaomap (Foreground)
{
  "JobType": 1,
  "State": 0,
  "IsRunning": false,
  "ResultMessage": null,
  "StartTime": "2024-07-08 16:42:22",
  "EndTime": null,
  "JobId": "Designer_20240708_164222_613",
  "UserAuthentication": null,
  "ProcessPath": "C:\\Users\\3calss_15\\Documents\\Brity RPA Projects\\Invoice등록_및_PDF다운\\T_kakaomap.proc",
  "ProcessId": "f42c68a6-bc57-4d22-bfc1-3154f846eff6",
  "ProcessVer": "",
  "ProcessArgs": null,
  "RequesterType": 3,
  "RequesterId": "designer",
  "RequesterPID": 844,
  "OptionsJsonString": null,
  "TimeoutSec": 0,
  "EngineID": "D_20240708_164128_794",
  "EnginePID": 0,
  "EngineRecommededVersion": "",
  "JobWorkDir": "C:\\Users\\3calss_15\\Documents\\Brity RPA Projects\\Invoice등록_및_PDF다운\\Histories\\20240708_164222_T_kakaomap_Designer_20240708_164222_613",
  "JobLogDir": "C:\\Users\\3calss_15\\Documents\\Brity RPA Projects\\Invoice등록_및_PDF다운\\Histories\\20240708_164222_T_kakaomap_Designer_20240708_164222_613\\Log",
  "JobScreenshotDir": "C:\\Users\\3calss_15\\Documents\\Brity RPA Projects\\Invoice등록_및_PDF다운\\Histories\\20240708_164222_T_kakaomap_Designer_20240708_164222_613\\Log\\Screenshot"
}

2024-07-08 16:42:23,102 [T11] DEBUG JobService
Waiting library loading...

2024-07-08 16:42:23,104 [T11] DEBUG Config
Reload User Settings

2024-07-08 16:42:23,105 [T11] INFO  JobService
Config Loading Completed.

2024-07-08 16:42:23,105 [T11] DEBUG JobService
Config Loading Time: 2 ms.

2024-07-08 16:42:23,112 [T11] DEBUG JobService
Check Shared Token

2024-07-08 16:42:23,112 [T11] DEBUG TokenManager
Load connection token

2024-07-08 16:42:23,115 [T11] DEBUG TokenManager
Clear Connection Token - No Shared Token

2024-07-08 16:42:23,255 [T1] DEBUG ServerInformationClient
Request server feature list

2024-07-08 16:42:23,395 [T1] INFO  ServerInformationClient
Server feature update successful

2024-07-08 16:42:23,400 [T1] INFO  ServerInformationClient
It takes 212 milliseconds to try to update the server feature list.

2024-07-08 16:42:23,400 [T1] INFO  Config
Update server features to config.

2024-07-08 16:42:23,439 [T11] INFO  JobService
Shared Token - No Token

2024-07-08 16:42:23,445 [T11] INFO  JobManager
Create JobManager instance for job T_kakaomap(Designer_20240708_164222_613)

2024-07-08 16:42:23,452 [T11] INFO  JobRequest
Job ID : Designer_20240708_164222_613
Project Path  : C:\Users\3calss_15\Documents\Brity RPA Projects\Invoice등록_및_PDF다운\Invoice등록_및_PDF다운.proj
Process Name  : T_kakaomap
Engine Mode   : Designer
Requester Type: Designer
Requester PID : 844

2024-07-08 16:42:23,455 [T12] INFO  JobRequest
Start Callback Sender

2024-07-08 16:42:23,456 [T12] DEBUG JobRequest
Step Callback Interval: 500

2024-07-08 16:42:23,504 [T11] DEBUG ProjectManager
Set Project Information

2024-07-08 16:42:23,528 [T11] INFO  PlayOptionManager
PlayOption
- Step Interval : 1
- Disable DrawBounds : False
- Invoke First : False
- Allow Upload of DumpScreen results : False

2024-07-08 16:42:23,529 [T11] INFO  JobRunner
Initialize Script Engine

2024-07-08 16:42:23,545 [T16-ScriptEngine] INFO  JobRequest
##############################################################
### STATE: Initializing
##############################################################


2024-07-08 16:42:23,565 [T12] DEBUG JobRequest
Callback - State: Initializing


2024-07-08 16:42:24,358 [T16-ScriptEngine] INFO  JobRequest
##############################################################
### STATE: Ready
##############################################################


2024-07-08 16:42:24,363 [T12] DEBUG JobRequest
Callback - State: Ready


2024-07-08 16:42:24,370 [T11] INFO  JobRunnerHook
HotKey Hook Started

2024-07-08 16:42:24,371 [T11] INFO  JobRequest
##############################################################
### STATE: Starting
##############################################################


2024-07-08 16:42:24,373 [T16-ScriptEngine] INFO  JobRunner
RunProcess start

2024-07-08 16:42:24,375 [T16-ScriptEngine] INFO  JobRequest
##############################################################
### STATE: Running
##############################################################


2024-07-08 16:42:24,375 [T16-ScriptEngine] INFO  JobRequest
Last job life cycle state: Running

2024-07-08 16:42:24,379 [T12] DEBUG JobRequest
Callback - State: Starting


2024-07-08 16:42:24,395 [T12] DEBUG JobRequest
Callback - State: Running


2024-07-08 16:42:25,384 [T16-ScriptEngine] DEBUG ScreenCapture
DirectX Screen Capture Initialized.

2024-07-08 16:42:25,494 [T16-ScriptEngine] DEBUG JobRunner
DirectX ScreenCapture Checked.

2024-07-08 16:42:25,535 [T16-ScriptEngine] INFO  JobRequest
##############################################################
### STATE: StartProcess - T_kakaomap
##############################################################
f42c68a6-bc57-4d22-bfc1-3154f846eff6
T_kakaomap


2024-07-08 16:42:25,587 [T16-ScriptEngine] INFO  JobRequest
**************************************************************
*** TASK: T_kakaomap
**************************************************************
 - STEP 1: S6fd0776ee5664fc29de3fa46871f7835 (1/12) - (1/12)
 - [1] CloseAll


2024-07-08 16:42:25,696 [T16-ScriptEngine] DEBUG UIAHelper
CloseAll: Chrome.exe

2024-07-08 16:42:27,390 [T16-ScriptEngine] INFO  JobRequest
 - STEP 2: Seb77e904d8e8427fa760d6314d31ce8d (2/12) - (2/12)
 - [2] ChromeOpen


2024-07-08 16:42:30,523 [T10] DEBUG ChromeRemoteConnect
GetRemoteBrowserUsingEndPoint Fail : 하나 이상의 오류가 발생했습니다.

2024-07-08 16:42:30,622 [T10] DEBUG ChromeCommonExtension
extension default locale empty

2024-07-08 16:42:31,913 [T10] DEBUG ChromeCommonExtension
extension default locale empty

2024-07-08 16:42:34,606 [T16-ScriptEngine] INFO  JobRequest
 - STEP 3: S52f7f4963d6c4fe7930c242bce1961b8 (3/12) - (3/12)
 - [3] Click


2024-07-08 16:42:34,795 [T6] INFO  UIAEventHandler
Start UIA event handler

2024-07-08 16:42:35,800 [T6] DEBUG UIAEventHandler
UI Structure Changed Count: 0

2024-07-08 16:42:35,801 [T6] INFO  UIAEventHandler
waiting for 952 msec during the screen structure is changing.

2024-07-08 16:42:36,132 [T6] DEBUG UIAEventHandler
UI Structure Changed Count: 0

2024-07-08 16:42:36,132 [T6] INFO  UIAEventHandler
waiting for 46 msec during the screen structure is changing.

2024-07-08 16:42:36,840 [T16-ScriptEngine] INFO  JobRequest
 - STEP 4: Sb5c0fb09c02f44e6b307448b032cee2d (4/12) - (4/12)
 - [4] ChromeSelectListItem


2024-07-08 16:42:37,961 [T16-ScriptEngine] INFO  JobRequest
 - STEP 5: Sf22a795f434048ccbe39754c52cd3686 (5/12) - (5/12)
 - [5] ChromeSelectListItem


2024-07-08 16:42:38,119 [T16-ScriptEngine] INFO  JobRequest
 - STEP 6: S3eed1d85022542df9b03c299be742c72 (6/12) - (6/12)
 - [6] Click


2024-07-08 16:42:38,357 [T22] DEBUG UIAEventHandler
UI Structure Changed Count: 0

2024-07-08 16:42:38,357 [T22] INFO  UIAEventHandler
waiting for 100 msec during the screen structure is changing.

2024-07-08 16:42:38,967 [T16-ScriptEngine] INFO  JobRequest
 - STEP 7: S4684d37d8faf4920a40d90b4f5d5fe6f (7/12) - (7/12)
 - [7] Click


2024-07-08 16:42:40,126 [T25] DEBUG UIAEventHandler
UI Structure Changed Count: 0

2024-07-08 16:42:40,126 [T25] INFO  UIAEventHandler
waiting for 1013 msec during the screen structure is changing.

2024-07-08 16:42:40,440 [T25] DEBUG UIAEventHandler
UI Structure Changed Count: 0

2024-07-08 16:42:40,440 [T25] INFO  UIAEventHandler
waiting for 100 msec during the screen structure is changing.

2024-07-08 16:42:41,056 [T16-ScriptEngine] INFO  JobRequest
 - STEP 8: Sf4d8e2a0b99d411da01ea3d6e7c4a50e (8/12) - (8/12)
 - [8] ChromeGetListData


2024-07-08 16:42:42,485 [T16-ScriptEngine] INFO  JobRequest
 - STEP 9: S7997c5655f7146288c245b7b47806858 (9/12) - (9/12)
 - [9] ChromeGetTableData


2024-07-08 16:42:43,114 [T16-ScriptEngine] INFO  JobRequest
 - STEP 10: Se68884a96f66480ea33c398b52ecf95a (10/12) - (10/12)
 - [10] MessageBox


2024-07-08 16:42:43,207 [T16-ScriptEngine] INFO  ScriptSupport
Array(Object[])=>
0: · 수서 → 부산   2024년 7월 8일(월)
1: 구분
2: 열차종류
3: 열차번호
4: 출발역
5: 도착역
6: 특실
7: 일반실
8: 예약대기
9: 회원 할인
10: 운행시간
11: 운임요금
12: 소요시간


2024-07-08 16:42:47,240 [T16-ScriptEngine] INFO  JobRequest
 - STEP 11: Sa811e2a5bf2a4c40a7ac27fbbd64dd8f (11/12) - (11/12)
 - [11] OpenExcel


2024-07-08 16:42:50,359 [T16-ScriptEngine] INFO  JobRequest
 - STEP 12: Sef74fbfcb16f4bb391e02da3ba62bd08 (12/12) - (12/12)
 - [12] WriteRange


2024-07-08 16:42:50,614 [T16-ScriptEngine] INFO  JobRunner
[PASS] TASK: T_kakaomap

2024-07-08 16:42:50,619 [T16-ScriptEngine] INFO  JobRequest
##############################################################
### STATE: EndProcess - T_kakaomap
##############################################################
f42c68a6-bc57-4d22-bfc1-3154f846eff6
T_kakaomap


2024-07-08 16:42:50,633 [T16-ScriptEngine] INFO  JobRunner
RunProcess - Job Result: {}

2024-07-08 16:42:50,633 [T16-ScriptEngine] DEBUG JobManager
Set Result State: Completed

2024-07-08 16:42:50,637 [T16-ScriptEngine] INFO  JobRunner
Make report.

2024-07-08 16:42:50,676 [T16-ScriptEngine] INFO  JobRunner
Start to clean up resources.

2024-07-08 16:42:50,678 [T16-ScriptEngine] DEBUG JobRunner
OnProcessCompleted

2024-07-08 16:42:50,678 [T6] DEBUG JobRunner
Start timer for checking the job to be completed.

2024-07-08 16:42:50,683 [T16-ScriptEngine] DEBUG ExcelBase
DisposeExcel

2024-07-08 16:42:50,742 [T16-ScriptEngine] INFO  JobRunner
Start to clean up resources.

2024-07-08 16:42:50,744 [T16-ScriptEngine] DEBUG JobRunner
Remove all libraries

2024-07-08 16:42:50,746 [T16-ScriptEngine] DEBUG NetPlayer
WebPlayer OnDispose

2024-07-08 16:42:50,747 [T16-ScriptEngine] DEBUG WebPlayer
WebPlayer OnDispose : Do Nothing

2024-07-08 16:42:50,748 [T16-ScriptEngine] DEBUG UIAEventHandler
Stop UIA event handler

2024-07-08 16:42:50,757 [T16-ScriptEngine] DEBUG UiaAppHelper
WinHelper DisposeAppList Count: 0

2024-07-08 16:42:50,758 [T16-ScriptEngine] INFO  JobRunner
All Resources Clear

2024-07-08 16:42:50,761 [T16-ScriptEngine] DEBUG JobRunner
OnCompleted

2024-07-08 16:42:50,761 [T16-ScriptEngine] DEBUG JobRunner
SendJobResult: Completed

2024-07-08 16:42:50,761 [T16-ScriptEngine] INFO  JobRequest
##############################################################
### STATE: Completed
##############################################################
{}


2024-07-08 16:42:50,761 [T16-ScriptEngine] INFO  JobRequest
Last job life cycle state: Completed

2024-07-08 16:42:50,761 [T16-ScriptEngine] INFO  JobRequest
Update skipped current step informations.

2024-07-08 16:42:50,772 [T12] DEBUG JobRequest
Callback - State: Completed
{}

2024-07-08 16:42:50,774 [T16-ScriptEngine] INFO  JobRequest
##############################################################
### JOB COMPLETED
##############################################################


2024-07-08 16:42:50,790 [T12] INFO  JobRequest
Callback - EngineClosed

2024-07-08 16:42:50,790 [T12] INFO  JobService
Disconnect agent service

2024-07-08 16:42:50,793 [T12] DEBUG JobRequest
End of Callback Sender

