2024-07-09 12:50:05,082 [T1] INFO  EngineStarter
BOT Engine Start - v3.1.100.11228 at 2024-07-09 오후 12:50:05
EngineID: D_20240709_125004_021
PID : 5592
PPID: 12488
Working Directory: C:\Users\3calss_15\AppData\Roaming\Brity RPA Designer

2024-07-09 12:50:05,111 [T1] INFO  EngineStarter
System Language: ko-KR
Resolution: 1920 x 1200

2024-07-09 12:50:05,427 [T1] INFO  Config
Initialize Config

2024-07-09 12:50:05,473 [T1] DEBUG Config
Config Loaded

2024-07-09 12:50:05,475 [T1] DEBUG Config
Backup config file.

2024-07-09 12:50:05,486 [T1] INFO  Config
Orchestrator Service => https://bwrpa.samsungsds.com:8777

2024-07-09 12:50:05,490 [T1] INFO  Config
Initialize Resource Config

2024-07-09 12:50:05,523 [T1] DEBUG Config
Refresh Language Information

2024-07-09 12:50:05,629 [T1] INFO  Config
All Config Initialized.

2024-07-09 12:50:05,637 [T1] DEBUG KeyManager
Initialize KeyManager

2024-07-09 12:50:05,640 [T1] DEBUG KeyManager
Load device unique id.

2024-07-09 12:50:05,647 [T1] DEBUG KeyManager
Device ID is initialized.

2024-07-09 12:50:05,736 [T5] DEBUG JobService
Connect to agent service

2024-07-09 12:50:05,773 [T5] DEBUG JobService
JobService URL : net.tcp://127.0.0.1:59001/rpa/agent

2024-07-09 12:50:05,773 [T5] DEBUG JobService
Open connection

2024-07-09 12:50:05,774 [T1] DEBUG ApplicationInitializer
InitMode: Thread

2024-07-09 12:50:05,785 [T1] INFO  LibraryManager
Load Libraries - Started

2024-07-09 12:50:05,795 [T5] DEBUG JobService
Register engine to agent

2024-07-09 12:50:05,804 [T1] DEBUG AddInLoader
Load Assembly : IPA.Lib.Chrome

2024-07-09 12:50:05,810 [T5] DEBUG JobService
Engine is connected to agent service.

2024-07-09 12:50:05,810 [T5] DEBUG JobService
Owner Process PID: 12488

2024-07-09 12:50:05,815 [T5] INFO  JobService
Start monitoring owner process is terminated.

2024-07-09 12:50:06,033 [T1] DEBUG AddInLoader
Load Assembly : IPA.Lib.Desktop

2024-07-09 12:50:06,250 [T1] DEBUG AddInLoader
Load Assembly : IPA.Lib.Excel

2024-07-09 12:50:06,415 [T1] DEBUG AddInLoader
Load Assembly : IPA.Lib.Flow

2024-07-09 12:50:06,554 [T1] DEBUG AddInLoader
Load Assembly : IPA.Lib.IE

2024-07-09 12:50:06,666 [T1] DEBUG AddInLoader
Load Assembly : IPA.Lib.ImageConverter

2024-07-09 12:50:06,732 [T1] DEBUG AddInLoader
Load Assembly : IPA.Lib.ImageRecognition

2024-07-09 12:50:06,943 [T1] DEBUG AddInLoader
Load Assembly : IPA.Lib.MicrosoftOCR

2024-07-09 12:50:07,011 [T1] DEBUG AddInLoader
Load Assembly : IPA.Lib.Net

2024-07-09 12:50:07,109 [T1] DEBUG AddInLoader
Load Assembly : IPA.Lib.Orchestra

2024-07-09 12:50:07,210 [T1] DEBUG AddInLoader
Load Assembly : IPA.Lib.ProcessFlow

2024-07-09 12:50:07,311 [T1] DEBUG AddInLoader
Load Assembly : IPA.Lib.SAP

2024-07-09 12:50:07,400 [T1] DEBUG AddInLoader
Load Assembly : IPA.Lib.Web

2024-07-09 12:50:07,528 [T1] DEBUG AddInLoader
Load Assembly : IPA.Lib.Win

2024-07-09 12:50:07,679 [T1] INFO  ScreenCapture
Default Screen Capture Bounds: 0,0,1920,1200

2024-07-09 12:50:07,712 [T1] DEBUG AddInLoader
Load Assembly : BrityRPA.AddIn.NativeApp

2024-07-09 12:50:07,855 [T1] DEBUG AddInLoader
Load Assembly : BrityWorks.AddIn.Outlook

2024-07-09 12:50:07,948 [T1] DEBUG AddInLoader
Load Assembly : BrityWorks.AddIn.Pdf

2024-07-09 12:50:08,056 [T1] DEBUG LibraryManager
Load Library - Chrome

2024-07-09 12:50:08,072 [T1] DEBUG LibraryManager
Load Library - Desktop

2024-07-09 12:50:08,088 [T1] DEBUG LibraryManager
Load Library - Excel

2024-07-09 12:50:08,104 [T1] DEBUG LibraryManager
Load Library - Flow

2024-07-09 12:50:08,119 [T1] DEBUG LibraryManager
Load Library - IE

2024-07-09 12:50:08,134 [T1] DEBUG LibraryManager
Load Library - ImageConverter

2024-07-09 12:50:08,150 [T1] DEBUG LibraryManager
Load Library - ImageRecognition

2024-07-09 12:50:08,166 [T1] DEBUG LibraryManager
Load Library - MicrosoftOCR

2024-07-09 12:50:08,182 [T1] DEBUG LibraryManager
Load Library - NativeApp

2024-07-09 12:50:08,198 [T1] DEBUG LibraryManager
Load Library - Net

2024-07-09 12:50:08,213 [T1] DEBUG LibraryManager
Load Library - Orchestra

2024-07-09 12:50:08,229 [T1] DEBUG LibraryManager
Load Library - Outlook

2024-07-09 12:50:08,245 [T1] DEBUG LibraryManager
Load Library - Pdf

2024-07-09 12:50:08,261 [T1] DEBUG LibraryManager
Load Library - SAP

2024-07-09 12:50:08,277 [T1] DEBUG LibraryManager
Load Library - Web

2024-07-09 12:50:08,293 [T1] DEBUG LibraryManager
Load Library - Win

2024-07-09 12:50:08,309 [T1] DEBUG LibraryManager
Load Library - WorkFlow

2024-07-09 12:50:08,314 [T1] DEBUG LibraryManager
Load built-in script libraries

2024-07-09 12:50:08,597 [T1] INFO  LibraryManager
Load Libraries - Completed.

2024-07-09 12:50:08,609 [T1] INFO  App
Launch Arguments: Total: 6 |  -eid D_20240709_125004_021 -runtype ProcRunner -ppid 12488

2024-07-09 12:50:08,610 [T1] DEBUG Config
Refresh Language Information

2024-07-09 12:50:08,610 [T1] DEBUG LibraryManager
LibraryManager Initialized.

2024-07-09 12:50:23,486 [T9] INFO  JobService
Start Job: P_사업자등록번호 (Foreground)
{
  "JobType": 1,
  "State": 0,
  "IsRunning": false,
  "ResultMessage": null,
  "StartTime": "2024-07-09 12:50:23",
  "EndTime": null,
  "JobId": "Designer_20240709_125023_025",
  "UserAuthentication": null,
  "ProcessPath": "C:\\Users\\3calss_15\\Documents\\Brity RPA Projects\\사업자등록번호\\P_사업자등록번호.proc",
  "ProcessId": "08e029a9-7bcd-4f42-a0a6-92c88d8ed7a4",
  "ProcessVer": "",
  "ProcessArgs": null,
  "RequesterType": 3,
  "RequesterId": "designer",
  "RequesterPID": 12488,
  "OptionsJsonString": null,
  "TimeoutSec": 0,
  "EngineID": "D_20240709_125004_021",
  "EnginePID": 0,
  "EngineRecommededVersion": "",
  "JobWorkDir": "C:\\Users\\3calss_15\\Documents\\Brity RPA Projects\\사업자등록번호\\Histories\\20240709_125023_P_사업자등록번호_Designer_20240709_125023_025",
  "JobLogDir": "C:\\Users\\3calss_15\\Documents\\Brity RPA Projects\\사업자등록번호\\Histories\\20240709_125023_P_사업자등록번호_Designer_20240709_125023_025\\Log",
  "JobScreenshotDir": "C:\\Users\\3calss_15\\Documents\\Brity RPA Projects\\사업자등록번호\\Histories\\20240709_125023_P_사업자등록번호_Designer_20240709_125023_025\\Log\\Screenshot"
}

2024-07-09 12:50:23,636 [T4] DEBUG JobService
Waiting library loading...

2024-07-09 12:50:23,639 [T4] DEBUG Config
Reload User Settings

2024-07-09 12:50:23,641 [T4] INFO  JobService
Config Loading Completed.

2024-07-09 12:50:23,641 [T4] DEBUG JobService
Config Loading Time: 4 ms.

2024-07-09 12:50:23,645 [T4] DEBUG JobService
Check Shared Token

2024-07-09 12:50:23,646 [T4] DEBUG TokenManager
Load connection token

2024-07-09 12:50:23,649 [T4] DEBUG TokenManager
Clear Connection Token - No Shared Token

2024-07-09 12:50:23,916 [T1] DEBUG ServerInformationClient
Request server feature list

2024-07-09 12:50:24,019 [T1] INFO  ServerInformationClient
Server feature update successful

2024-07-09 12:50:24,023 [T1] INFO  ServerInformationClient
It takes 284 milliseconds to try to update the server feature list.

2024-07-09 12:50:24,023 [T1] INFO  Config
Update server features to config.

2024-07-09 12:50:24,060 [T4] INFO  JobService
Shared Token - No Token

2024-07-09 12:50:24,066 [T4] INFO  JobManager
Create JobManager instance for job P_사업자등록번호(Designer_20240709_125023_025)

2024-07-09 12:50:24,072 [T4] INFO  JobRequest
Job ID : Designer_20240709_125023_025
Project Path  : C:\Users\3calss_15\Documents\Brity RPA Projects\사업자등록번호\사업자등록번호.proj
Process Name  : P_사업자등록번호
Engine Mode   : Designer
Requester Type: Designer
Requester PID : 12488

2024-07-09 12:50:24,074 [T6] INFO  JobRequest
Start Callback Sender

2024-07-09 12:50:24,074 [T6] DEBUG JobRequest
Step Callback Interval: 500

2024-07-09 12:50:24,114 [T4] DEBUG ProjectManager
Set Project Information

2024-07-09 12:50:24,139 [T4] INFO  PlayOptionManager
PlayOption
- Step Interval : 1
- Disable DrawBounds : False
- Invoke First : False
- Allow Upload of DumpScreen results : False

2024-07-09 12:50:24,140 [T4] INFO  JobRunner
Initialize Script Engine

2024-07-09 12:50:24,155 [T16-ScriptEngine] INFO  JobRequest
##############################################################
### STATE: Initializing
##############################################################


2024-07-09 12:50:24,183 [T6] DEBUG JobRequest
Callback - State: Initializing


2024-07-09 12:50:25,030 [T16-ScriptEngine] INFO  JobRequest
##############################################################
### STATE: Ready
##############################################################


2024-07-09 12:50:25,031 [T6] DEBUG JobRequest
Callback - State: Ready


2024-07-09 12:50:25,042 [T4] INFO  JobRunnerHook
HotKey Hook Started

2024-07-09 12:50:25,043 [T4] INFO  JobRequest
##############################################################
### STATE: Starting
##############################################################


2024-07-09 12:50:25,045 [T16-ScriptEngine] INFO  JobRunner
RunProcess start

2024-07-09 12:50:25,047 [T16-ScriptEngine] INFO  JobRequest
##############################################################
### STATE: Running
##############################################################


2024-07-09 12:50:25,047 [T16-ScriptEngine] INFO  JobRequest
Last job life cycle state: Running

2024-07-09 12:50:25,049 [T6] DEBUG JobRequest
Callback - State: Starting


2024-07-09 12:50:25,064 [T6] DEBUG JobRequest
Callback - State: Running


2024-07-09 12:50:26,070 [T16-ScriptEngine] DEBUG ScreenCapture
DirectX Screen Capture Initialized.

2024-07-09 12:50:26,140 [T16-ScriptEngine] DEBUG JobRunner
DirectX ScreenCapture Checked.

2024-07-09 12:50:26,165 [T16-ScriptEngine] INFO  JobRequest
##############################################################
### STATE: StartProcess - P_사업자등록번호
##############################################################
08e029a9-7bcd-4f42-a0a6-92c88d8ed7a4
P_사업자등록번호


2024-07-09 12:50:26,217 [T16-ScriptEngine] INFO  JobRequest
**************************************************************
*** TASK: P_사업자등록번호
**************************************************************
 - STEP 1: S678a3761735049cbb3158d828200fd68 (1/3) - (1/26)
 - [1] RunTask


2024-07-09 12:50:26,310 [T16-ScriptEngine] INFO  JobRequest
##############################################################
### STATE: StartTask - T_openExcel
##############################################################
f2901a36-5932-45cd-9185-cc5975f9e501
T_openExcel


2024-07-09 12:50:26,335 [T16-ScriptEngine] INFO  JobRequest
**************************************************************
*** TASK: T_openExcel
**************************************************************
 - STEP 2: S7808cf7f4beb4f1d971398b471c20e76 (1/6) - (2/26)
 - [1] OpenExcel


2024-07-09 12:50:27,847 [T16-ScriptEngine] INFO  JobRequest
 - STEP 3: S0b3e446ed9d2411881635151a2ec7502 (2/6) - (3/26)
 - [2] GetRowCount


2024-07-09 12:50:28,023 [T16-ScriptEngine] INFO  JobRequest
 - STEP 4: Sd99a3a5f361141d4b69bebf15ee12130 (3/6) - (4/26)
 - [3] For


2024-07-09 12:50:28,039 [T16-ScriptEngine] INFO  JobRequest
 - STEP 5: Sfb4fb9f414e0486c921c44f094d674e5 (4/6) - (5/26)
 - [4] ReadString


2024-07-09 12:50:28,151 [T16-ScriptEngine] INFO  JobRequest
 - STEP 6: Sfb4fb9f414e0486c921c44f094d674e5 (4/6) - (5/26)
 - [4] ReadString


2024-07-09 12:50:28,214 [T16-ScriptEngine] INFO  JobRequest
 - STEP 7: Sfb4fb9f414e0486c921c44f094d674e5 (4/6) - (5/26)
 - [4] ReadString


2024-07-09 12:50:28,278 [T16-ScriptEngine] INFO  JobRequest
 - STEP 8: Sfb4fb9f414e0486c921c44f094d674e5 (4/6) - (5/26)
 - [4] ReadString


2024-07-09 12:50:28,342 [T16-ScriptEngine] INFO  JobRequest
 - STEP 9: Sfb4fb9f414e0486c921c44f094d674e5 (4/6) - (5/26)
 - [4] ReadString


2024-07-09 12:50:28,405 [T16-ScriptEngine] INFO  JobRequest
 - STEP 10: Sfb4fb9f414e0486c921c44f094d674e5 (4/6) - (5/26)
 - [4] ReadString


2024-07-09 12:50:28,469 [T16-ScriptEngine] INFO  JobRequest
 - STEP 11: Sfb4fb9f414e0486c921c44f094d674e5 (4/6) - (5/26)
 - [4] ReadString


2024-07-09 12:50:28,530 [T16-ScriptEngine] INFO  JobRequest
 - STEP 12: Sc951ad44b4494325bbb827c3a26a3f13 (5/6) - (6/26)
 - [5] End-For


2024-07-09 12:50:28,530 [T16-ScriptEngine] INFO  JobRunner
[PASS] TASK: T_openExcel

2024-07-09 12:50:28,539 [T16-ScriptEngine] INFO  JobRequest
##############################################################
### STATE: EndTask - T_openExcel
##############################################################
f2901a36-5932-45cd-9185-cc5975f9e501
T_openExcel


2024-07-09 12:50:28,561 [T16-ScriptEngine] INFO  JobRequest
**************************************************************
*** TASK: P_사업자등록번호
**************************************************************
 - STEP 13: S6cb47ca040ab4ecaa88b3d739617cf7d (2/3) - (7/26)
 - [2] RunTask


2024-07-09 12:50:28,567 [T16-ScriptEngine] INFO  JobRequest
##############################################################
### STATE: StartTask - T_openChrome
##############################################################
98697117-d7ee-463a-9cdf-242a6c65cde0
T_openChrome


2024-07-09 12:50:28,577 [T16-ScriptEngine] INFO  JobRequest
**************************************************************
*** TASK: T_openChrome
**************************************************************
 - STEP 14: Sb5fc0fbbf7f742b1b0eb4ca4e9461aed (1/15) - (8/26)
 - [1] ChromeOpen


2024-07-09 12:50:31,518 [T4] DEBUG ChromeRemoteConnect
GetRemoteBrowserUsingEndPoint Fail : 하나 이상의 오류가 발생했습니다.

2024-07-09 12:50:31,572 [T4] DEBUG ChromeCommonExtension
extension default locale empty

2024-07-09 12:50:33,153 [T4] DEBUG ChromeCommonExtension
extension default locale empty

2024-07-09 12:50:35,414 [T16-ScriptEngine] INFO  JobRequest
 - STEP 15: Sa603fab6814c4d7cb117746922a5093f (2/15) - (9/26)
 - [2] MouseHover


2024-07-09 12:50:35,791 [T4] INFO  UIAEventHandler
Start UIA event handler

2024-07-09 12:50:36,809 [T4] DEBUG UIAEventHandler
UI Structure Changed Count: 0

2024-07-09 12:50:36,809 [T4] INFO  UIAEventHandler
waiting for 856 msec during the screen structure is changing.

2024-07-09 12:50:37,392 [T4] DEBUG UIAEventHandler
UI Structure Changed Count: 0

2024-07-09 12:50:37,393 [T4] INFO  UIAEventHandler
waiting for 103 msec during the screen structure is changing.

2024-07-09 12:50:37,891 [T16-ScriptEngine] INFO  JobRequest
 - STEP 16: S6b56123d1a634182ab93ef97583ab9a3 (3/15) - (10/26)
 - [3] Click


2024-07-09 12:50:38,286 [T4] DEBUG UIAEventHandler
UI Structure Changed Count: 0

2024-07-09 12:50:38,286 [T4] INFO  UIAEventHandler
waiting for 339 msec during the screen structure is changing.

2024-07-09 12:50:38,475 [T4] DEBUG UIAEventHandler
UI Structure Changed Count: 0

2024-07-09 12:50:38,475 [T4] INFO  UIAEventHandler
waiting for 70 msec during the screen structure is changing.

2024-07-09 12:50:39,110 [T16-ScriptEngine] INFO  JobRequest
 - STEP 17: S7a95858056ae4e03a56df23a461c14ca (4/15) - (11/26)
 - [4] Click


2024-07-09 12:50:39,379 [T25] DEBUG UIAEventHandler
UI Structure Changed Count: 0

2024-07-09 12:50:39,380 [T25] INFO  UIAEventHandler
waiting for 242 msec during the screen structure is changing.

2024-07-09 12:50:41,453 [T16-ScriptEngine] INFO  JobRequest
 - STEP 18: Sac5c942adf484174b35aeb5e4df012ef (5/15) - (12/26)
 - [5] For


2024-07-09 12:50:41,469 [T16-ScriptEngine] INFO  JobRequest
 - STEP 19: S8d916959da9a498099c90b60afc4d961 (6/15) - (13/26)
 - [6] SetText


2024-07-09 12:50:42,453 [T24] DEBUG UIAEventHandler
UI Structure Changed Count: 0

2024-07-09 12:50:42,454 [T24] INFO  UIAEventHandler
waiting for 721 msec during the screen structure is changing.

2024-07-09 12:50:52,716 [T16-ScriptEngine] DEBUG WinFinder
UI Inspection Time: 11 seconds.

2024-07-09 12:50:55,152 [T16-ScriptEngine] WARN  ScriptSupport
[CATCH_STEP_EXCEPTION] Process: P_사업자등록번호
Task: T_openChrome
Step: SetText (6/15)

Error: 지정된 조건에 해당하는 객체를 찾을 수 없습니다.

11초간 10회 검색을 시도하여 2개의 대상 앱 화면에서 총 620개의 후보 객체를 확인하였으나
대상 객체는 발견되지 않았습니다.

현재 지정된 속성은 아래와 같습니다.

Application: chrome
App Object Type: Pane
Target Type: Edit
Target Name: 사업자등록번호

2024-07-09 12:50:55,155 [T16-ScriptEngine] FINE  JobRunner
RunTask ExceptionOccured. TASK: T_openChrome => 지정된 조건에 해당하는 객체를 찾을 수 없습니다.

11초간 10회 검색을 시도하여 2개의 대상 앱 화면에서 총 620개의 후보 객체를 확인하였으나
대상 객체는 발견되지 않았습니다.

현재 지정된 속성은 아래와 같습니다.

Application: chrome
App Object Type: Pane
Target Type: Edit
Target Name: 사업자등록번호

2024-07-09 12:50:55,166 [T16-ScriptEngine] INFO  JobRequest
##############################################################
### STATE: EndTask - T_openChrome
##############################################################
98697117-d7ee-463a-9cdf-242a6c65cde0
T_openChrome


2024-07-09 12:50:55,168 [T16-ScriptEngine] DEBUG JobRunner
RunTask ExceptionOccured. TASK: P_사업자등록번호 => Process: P_사업자등록번호
Task: T_openChrome
Step: SetText (6/15)
지정된 조건에 해당하는 객체를 찾을 수 없습니다.

11초간 10회 검색을 시도하여 2개의 대상 앱 화면에서 총 620개의 후보 객체를 확인하였으나
대상 객체는 발견되지 않았습니다.

현재 지정된 속성은 아래와 같습니다.

Application: chrome
App Object Type: Pane
Target Type: Edit
Target Name: 사업자등록번호

2024-07-09 12:50:55,168 [T16-ScriptEngine] INFO  JobRequest
##############################################################
### STATE: EndProcess - P_사업자등록번호
##############################################################
08e029a9-7bcd-4f42-a0a6-92c88d8ed7a4
P_사업자등록번호


2024-07-09 12:50:55,182 [T16-ScriptEngine] ERROR JobRunner
Process: P_사업자등록번호
Task: T_openChrome
Step: SetText (6/15)

지정된 조건에 해당하는 객체를 찾을 수 없습니다.

11초간 10회 검색을 시도하여 2개의 대상 앱 화면에서 총 620개의 후보 객체를 확인하였으나
대상 객체는 발견되지 않았습니다.

현재 지정된 속성은 아래와 같습니다.

Application: chrome
App Object Type: Pane
Target Type: Edit
Target Name: 사업자등록번호

[CallStack]
  - T_openChrome: [6] SetText
  - P_사업자등록번호: [2] RunTask

[Global Variables]
  - sheetName = '사업자번호' (String)
  - resultDataArray = [] (Array1D)
  - dataArray = <Too Long> ['사업자등록번호 ', '105-87-52629', '111-11-11111', '417-81-01720', '101-81-92326', '101-81-98897', '789456 ... 5 more (Array1D)
  - RESULT = Workbook (Any)

2024-07-09 12:50:55,183 [T16-ScriptEngine] DEBUG JobManager
Set Result State: ExceptionOccured

2024-07-09 12:50:55,922 [T16-ScriptEngine] INFO  JobRunner
Make report.

2024-07-09 12:50:55,969 [T16-ScriptEngine] INFO  JobRunner
Start to clean up resources.

2024-07-09 12:50:55,970 [T16-ScriptEngine] DEBUG JobRunner
OnProcessFailed

2024-07-09 12:50:55,970 [T29] DEBUG JobRunner
Start timer for checking the job to be completed.

2024-07-09 12:50:55,975 [T16-ScriptEngine] DEBUG ExcelBase
DisposeExcel

2024-07-09 12:50:56,011 [T16-ScriptEngine] INFO  JobRunner
Start to clean up resources.

2024-07-09 12:50:56,013 [T16-ScriptEngine] DEBUG JobRunner
Remove all libraries

2024-07-09 12:50:56,015 [T16-ScriptEngine] DEBUG NetPlayer
WebPlayer OnDispose

2024-07-09 12:50:56,016 [T16-ScriptEngine] DEBUG WebPlayer
WebPlayer OnDispose : Do Nothing

2024-07-09 12:50:56,017 [T16-ScriptEngine] DEBUG UIAEventHandler
Stop UIA event handler

2024-07-09 12:50:56,028 [T16-ScriptEngine] DEBUG UiaAppHelper
WinHelper DisposeAppList Count: 0

2024-07-09 12:50:56,028 [T16-ScriptEngine] INFO  JobRunner
All Resources Clear

2024-07-09 12:50:56,031 [T16-ScriptEngine] DEBUG JobRunner
OnCompleted

2024-07-09 12:50:56,031 [T16-ScriptEngine] DEBUG JobRunner
SendJobResult: ExceptionOccured

2024-07-09 12:50:56,031 [T16-ScriptEngine] INFO  JobRequest
##############################################################
### STATE: ExceptionOccured
##############################################################
Process: P_사업자등록번호
Task: T_openChrome
Step: SetText (6/15)

지정된 조건에 해당하는 객체를 찾을 수 없습니다.

11초간 10회 검색을 시도하여 2개의 대상 앱 화면에서 총 620개의 후보 객체를 확인하였으나
대상 객체는 발견되지 않았습니다.

현재 지정된 속성은 아래와 같습니다.

Application: chrome
App Object Type: Pane
Target Type: Edit
Target Name: 사업자등록번호

[CallStack]
  - T_openChrome: [6] SetText
  - P_사업자등록번호: [2] RunTask

[Global Variables]
  - sheetName = '사업자번호' (String)
  - resultDataArray = [] (Array1D)
  - dataArray = <Too Long> ['사업자등록번호 ', '105-87-52629', '111-11-11111', '417-81-01720', '101-81-92326', '101-81-98897', '789456 ... 5 more (Array1D)
  - RESULT = Workbook (Any)


2024-07-09 12:50:56,031 [T16-ScriptEngine] INFO  JobRequest
Last job life cycle state: ExceptionOccured

2024-07-09 12:50:56,044 [T16-ScriptEngine] INFO  JobRequest
##############################################################
### JOB COMPLETED
##############################################################


2024-07-09 12:50:56,048 [T6] DEBUG JobRequest
Callback - State: ExceptionOccured
Process: P_사업자등록번호
Task: T_openChrome
Step: SetText (6/15)

지정된 조건에 해당하는 객체를 찾을 수 없습니다.

11초간 10회 검색을 시도하여 2개의 대상 앱 화면에서 총 620개의 후보 객체를 확인하였으나
대상 객체는 발견되지 않았습니다.

현재 지정된 속성은 아래와 같습니다.

Application: chrome
App Object Type: Pane
Target Type: Edit
Target Name: 사업자등록번호

[CallStack]
  - T_openChrome: [6] SetText
  - P_사업자등록번호: [2] RunTask

[Global Variables]
  - sheetName = '사업자번호' (String)
  - resultDataArray = [] (Array1D)
  - dataArray = <Too Long> ['사업자등록번호 ', '105-87-52629', '111-11-11111', '417-81-01720', '101-81-92326', '101-81-98897', '789456 ... 5 more (Array1D)
  - RESULT = Workbook (Any)

2024-07-09 12:50:56,051 [T6] INFO  JobRequest
Callback - EngineClosed

2024-07-09 12:50:56,052 [T6] INFO  JobService
Disconnect agent service

2024-07-09 12:50:56,057 [T6] DEBUG JobRequest
End of Callback Sender

