2024-07-11 13:58:12,555 [T1] INFO  EngineStarter
BOT Engine Start - v3.1.100.11228 at 2024-07-11 오후 1:58:12
EngineID: D_20240711_135811_810
PID : 3368
PPID: 13300
Working Directory: C:\Users\3calss_15\AppData\Roaming\Brity RPA Designer

2024-07-11 13:58:12,577 [T1] INFO  EngineStarter
System Language: ko-KR
Resolution: 1920 x 1200

2024-07-11 13:58:12,863 [T1] INFO  Config
Initialize Config

2024-07-11 13:58:12,908 [T1] DEBUG Config
Config Loaded

2024-07-11 13:58:12,910 [T1] DEBUG Config
Backup config file.

2024-07-11 13:58:12,920 [T1] INFO  Config
Orchestrator Service => https://bwrpa.samsungsds.com:8777

2024-07-11 13:58:12,924 [T1] INFO  Config
Initialize Resource Config

2024-07-11 13:58:12,950 [T1] DEBUG Config
Refresh Language Information

2024-07-11 13:58:13,044 [T1] INFO  Config
All Config Initialized.

2024-07-11 13:58:13,054 [T1] DEBUG KeyManager
Initialize KeyManager

2024-07-11 13:58:13,057 [T1] DEBUG KeyManager
Load device unique id.

2024-07-11 13:58:13,064 [T1] DEBUG KeyManager
Device ID is initialized.

2024-07-11 13:58:13,169 [T5] DEBUG JobService
Connect to agent service

2024-07-11 13:58:13,206 [T1] DEBUG ApplicationInitializer
InitMode: Thread

2024-07-11 13:58:13,207 [T5] DEBUG JobService
JobService URL : net.tcp://127.0.0.1:59001/rpa/agent

2024-07-11 13:58:13,208 [T5] DEBUG JobService
Open connection

2024-07-11 13:58:13,216 [T1] INFO  LibraryManager
Load Libraries - Started

2024-07-11 13:58:13,233 [T5] DEBUG JobService
Register engine to agent

2024-07-11 13:58:13,242 [T1] DEBUG AddInLoader
Load Assembly : IPA.Lib.Chrome

2024-07-11 13:58:13,247 [T5] DEBUG JobService
Engine is connected to agent service.

2024-07-11 13:58:13,247 [T5] DEBUG JobService
Owner Process PID: 13300

2024-07-11 13:58:13,251 [T5] INFO  JobService
Start monitoring owner process is terminated.

2024-07-11 13:58:13,469 [T1] DEBUG AddInLoader
Load Assembly : IPA.Lib.Desktop

2024-07-11 13:58:13,659 [T1] DEBUG AddInLoader
Load Assembly : IPA.Lib.Excel

2024-07-11 13:58:13,812 [T1] DEBUG AddInLoader
Load Assembly : IPA.Lib.Flow

2024-07-11 13:58:13,937 [T1] DEBUG AddInLoader
Load Assembly : IPA.Lib.IE

2024-07-11 13:58:14,032 [T1] DEBUG AddInLoader
Load Assembly : IPA.Lib.ImageConverter

2024-07-11 13:58:14,090 [T1] DEBUG AddInLoader
Load Assembly : IPA.Lib.ImageRecognition

2024-07-11 13:58:14,299 [T1] DEBUG AddInLoader
Load Assembly : IPA.Lib.MicrosoftOCR

2024-07-11 13:58:14,371 [T1] DEBUG AddInLoader
Load Assembly : IPA.Lib.Net

2024-07-11 13:58:14,460 [T1] DEBUG AddInLoader
Load Assembly : IPA.Lib.Orchestra

2024-07-11 13:58:14,549 [T1] DEBUG AddInLoader
Load Assembly : IPA.Lib.ProcessFlow

2024-07-11 13:58:14,666 [T1] DEBUG AddInLoader
Load Assembly : IPA.Lib.SAP

2024-07-11 13:58:14,763 [T1] DEBUG AddInLoader
Load Assembly : IPA.Lib.Web

2024-07-11 13:58:14,885 [T1] DEBUG AddInLoader
Load Assembly : IPA.Lib.Win

2024-07-11 13:58:14,902 [T8] INFO  JobService
Start Job: P_Invoice_등록_및_pdf_다운로드 (Foreground)
{
  "JobType": 1,
  "State": 0,
  "IsRunning": false,
  "ResultMessage": null,
  "StartTime": "2024-07-11 13:58:14",
  "EndTime": null,
  "JobId": "Designer_20240711_135814_373",
  "UserAuthentication": null,
  "ProcessPath": "C:\\Users\\3calss_15\\Documents\\Brity RPA Projects\\Invoice_등록_및_pdf_다운로드\\P_Invoice_등록_및_pdf_다운로드.proc",
  "ProcessId": "5f0330cc-412d-4d6c-ab9d-697505864914",
  "ProcessVer": "",
  "ProcessArgs": null,
  "RequesterType": 3,
  "RequesterId": "designer",
  "RequesterPID": 13300,
  "OptionsJsonString": null,
  "TimeoutSec": 0,
  "EngineID": "D_20240711_135811_810",
  "EnginePID": 0,
  "EngineRecommededVersion": "",
  "JobWorkDir": "C:\\Users\\3calss_15\\Documents\\Brity RPA Projects\\Invoice_등록_및_pdf_다운로드\\Histories\\20240711_135814_P_Invoice_등록_및_pdf_다운로드_Designer_20240711_135814_373",
  "JobLogDir": "C:\\Users\\3calss_15\\Documents\\Brity RPA Projects\\Invoice_등록_및_pdf_다운로드\\Histories\\20240711_135814_P_Invoice_등록_및_pdf_다운로드_Designer_20240711_135814_373\\Log",
  "JobScreenshotDir": "C:\\Users\\3calss_15\\Documents\\Brity RPA Projects\\Invoice_등록_및_pdf_다운로드\\Histories\\20240711_135814_P_Invoice_등록_및_pdf_다운로드_Designer_20240711_135814_373\\Log\\Screenshot"
}

2024-07-11 13:58:15,042 [T1] INFO  ScreenCapture
Default Screen Capture Bounds: 0,0,1920,1200

2024-07-11 13:58:15,070 [T6] DEBUG JobService
Waiting library loading...

2024-07-11 13:58:15,099 [T1] DEBUG AddInLoader
Load Assembly : BrityRPA.AddIn.NativeApp

2024-07-11 13:58:15,427 [T1] DEBUG AddInLoader
Load Assembly : BrityWorks.AddIn.Outlook

2024-07-11 13:58:15,498 [T1] DEBUG AddInLoader
Load Assembly : BrityWorks.AddIn.Pdf

2024-07-11 13:58:15,595 [T1] DEBUG LibraryManager
Load Library - Chrome

2024-07-11 13:58:15,611 [T1] DEBUG LibraryManager
Load Library - Desktop

2024-07-11 13:58:15,643 [T1] DEBUG LibraryManager
Load Library - Excel

2024-07-11 13:58:15,659 [T1] DEBUG LibraryManager
Load Library - Flow

2024-07-11 13:58:15,675 [T1] DEBUG LibraryManager
Load Library - IE

2024-07-11 13:58:15,690 [T1] DEBUG LibraryManager
Load Library - ImageConverter

2024-07-11 13:58:15,705 [T1] DEBUG LibraryManager
Load Library - ImageRecognition

2024-07-11 13:58:15,721 [T1] DEBUG LibraryManager
Load Library - MicrosoftOCR

2024-07-11 13:58:15,736 [T1] DEBUG LibraryManager
Load Library - NativeApp

2024-07-11 13:58:15,751 [T1] DEBUG LibraryManager
Load Library - Net

2024-07-11 13:58:15,767 [T1] DEBUG LibraryManager
Load Library - Orchestra

2024-07-11 13:58:15,783 [T1] DEBUG LibraryManager
Load Library - Outlook

2024-07-11 13:58:15,799 [T1] DEBUG LibraryManager
Load Library - Pdf

2024-07-11 13:58:15,815 [T1] DEBUG LibraryManager
Load Library - SAP

2024-07-11 13:58:15,831 [T1] DEBUG LibraryManager
Load Library - Web

2024-07-11 13:58:15,847 [T1] DEBUG LibraryManager
Load Library - Win

2024-07-11 13:58:15,863 [T1] DEBUG LibraryManager
Load Library - WorkFlow

2024-07-11 13:58:15,867 [T1] DEBUG LibraryManager
Load built-in script libraries

2024-07-11 13:58:16,122 [T1] INFO  LibraryManager
Load Libraries - Completed.

2024-07-11 13:58:16,135 [T1] INFO  App
Launch Arguments: Total: 6 |  -eid D_20240711_135811_810 -runtype ProcRunner -ppid 13300

2024-07-11 13:58:16,135 [T1] DEBUG Config
Refresh Language Information

2024-07-11 13:58:16,136 [T1] DEBUG LibraryManager
LibraryManager Initialized.

2024-07-11 13:58:16,153 [T6] DEBUG Config
Reload User Settings

2024-07-11 13:58:16,159 [T6] INFO  JobService
Config Loading Completed.

2024-07-11 13:58:16,159 [T6] DEBUG JobService
Config Loading Time: 1089 ms.

2024-07-11 13:58:16,164 [T6] DEBUG JobService
Check Shared Token

2024-07-11 13:58:16,165 [T6] DEBUG TokenManager
Load connection token

2024-07-11 13:58:16,167 [T6] DEBUG TokenManager
Clear Connection Token - No Shared Token

2024-07-11 13:58:16,210 [T1] DEBUG ServerInformationClient
Request server feature list

2024-07-11 13:58:16,275 [T1] INFO  ServerInformationClient
Server feature update successful

2024-07-11 13:58:16,280 [T1] INFO  ServerInformationClient
It takes 79 milliseconds to try to update the server feature list.

2024-07-11 13:58:16,281 [T1] INFO  Config
Update server features to config.

2024-07-11 13:58:16,311 [T6] INFO  JobService
Shared Token - No Token

2024-07-11 13:58:16,317 [T6] INFO  JobManager
Create JobManager instance for job P_Invoice_등록_및_pdf_다운로드(Designer_20240711_135814_373)

2024-07-11 13:58:16,323 [T6] INFO  JobRequest
Job ID : Designer_20240711_135814_373
Project Path  : C:\Users\3calss_15\Documents\Brity RPA Projects\Invoice_등록_및_pdf_다운로드\Invoice_등록_및_pdf_다운로드.proj
Process Name  : P_Invoice_등록_및_pdf_다운로드
Engine Mode   : Designer
Requester Type: Designer
Requester PID : 13300

2024-07-11 13:58:16,326 [T10] INFO  JobRequest
Start Callback Sender

2024-07-11 13:58:16,326 [T10] DEBUG JobRequest
Step Callback Interval: 500

2024-07-11 13:58:16,365 [T6] DEBUG ProjectManager
Set Project Information

2024-07-11 13:58:16,388 [T6] INFO  PlayOptionManager
PlayOption
- Step Interval : 1
- Disable DrawBounds : False
- Invoke First : False
- Allow Upload of DumpScreen results : False

2024-07-11 13:58:16,389 [T6] INFO  JobRunner
Initialize Script Engine

2024-07-11 13:58:16,405 [T14-ScriptEngine] INFO  JobRequest
##############################################################
### STATE: Initializing
##############################################################


2024-07-11 13:58:16,432 [T10] DEBUG JobRequest
Callback - State: Initializing


2024-07-11 13:58:17,256 [T14-ScriptEngine] INFO  JobRequest
##############################################################
### STATE: Ready
##############################################################


2024-07-11 13:58:17,264 [T10] DEBUG JobRequest
Callback - State: Ready


2024-07-11 13:58:17,268 [T6] INFO  JobRunnerHook
HotKey Hook Started

2024-07-11 13:58:17,269 [T6] INFO  JobRequest
##############################################################
### STATE: Starting
##############################################################


2024-07-11 13:58:17,270 [T14-ScriptEngine] INFO  JobRunner
RunProcess start

2024-07-11 13:58:17,272 [T14-ScriptEngine] INFO  JobRequest
##############################################################
### STATE: Running
##############################################################


2024-07-11 13:58:17,272 [T14-ScriptEngine] INFO  JobRequest
Last job life cycle state: Running

2024-07-11 13:58:17,280 [T10] DEBUG JobRequest
Callback - State: Starting


2024-07-11 13:58:17,280 [T10] DEBUG JobRequest
Callback - State: Running


2024-07-11 13:58:18,272 [T14-ScriptEngine] DEBUG ScreenCapture
DirectX Screen Capture Initialized.

2024-07-11 13:58:18,340 [T14-ScriptEngine] DEBUG JobRunner
DirectX ScreenCapture Checked.

2024-07-11 13:58:18,365 [T14-ScriptEngine] INFO  JobRequest
##############################################################
### STATE: StartProcess - P_Invoice_등록_및_pdf_다운로드
##############################################################
5f0330cc-412d-4d6c-ab9d-697505864914
P_Invoice_등록_및_pdf_다운로드


2024-07-11 13:58:18,432 [T14-ScriptEngine] INFO  JobRequest
**************************************************************
*** TASK: P_Invoice_등록_및_pdf_다운로드
**************************************************************
 - STEP 1: Sca17d68a1dae403ca2c482a77108cc75 (1/2) - (1/28)
 - [1] RunTask


2024-07-11 13:58:18,524 [T14-ScriptEngine] INFO  JobRequest
##############################################################
### STATE: StartTask - T_getData
##############################################################
3c85452d-f7af-4bb2-a919-32863d17dfbe
T_getData


2024-07-11 13:58:18,549 [T14-ScriptEngine] INFO  JobRequest
**************************************************************
*** TASK: T_getData
**************************************************************
 - STEP 2: Se1ac0852647a4216b4f29a8aa1e6099b (1/4) - (2/28)
 - [1] OpenExcel


2024-07-11 13:58:20,282 [T14-ScriptEngine] INFO  JobRequest
 - STEP 3: S04e2193a3a1e438692f047a667997909 (2/4) - (3/28)
 - [2] GetDataRange


2024-07-11 13:58:20,346 [T14-ScriptEngine] INFO  JobRequest
 - STEP 4: Sa69c092f7c704471bf0d33b73f0cd85b (3/4) - (4/28)
 - [3] ReadRange


2024-07-11 13:58:20,420 [T14-ScriptEngine] INFO  JobRunner
[PASS] TASK: T_getData

2024-07-11 13:58:20,432 [T14-ScriptEngine] INFO  JobRequest
##############################################################
### STATE: EndTask - T_getData
##############################################################
3c85452d-f7af-4bb2-a919-32863d17dfbe
T_getData


2024-07-11 13:58:20,442 [T14-ScriptEngine] INFO  JobRequest
**************************************************************
*** TASK: P_Invoice_등록_및_pdf_다운로드
**************************************************************
 - STEP 5: S349b8777b2d846e898937627ebcfcb71 (2/2) - (5/28)
 - [2] RunTask


2024-07-11 13:58:20,453 [T14-ScriptEngine] INFO  JobRequest
##############################################################
### STATE: StartTask - T_openChrome
##############################################################
b6ea1598-d34c-409e-b81b-47fe3098902f
T_openChrome


2024-07-11 13:58:20,457 [T14-ScriptEngine] INFO  JobRequest
**************************************************************
*** TASK: T_openChrome
**************************************************************
 - STEP 6: S12eee20f94634ddbab55a0c3a5c23cf7 (1/23) - (6/28)
 - [1] ChromeOpen


2024-07-11 13:58:23,450 [T6] DEBUG ChromeRemoteConnect
GetRemoteBrowserUsingEndPoint Fail : 하나 이상의 오류가 발생했습니다.

2024-07-11 13:58:23,504 [T6] DEBUG ChromeCommonExtension
extension default locale empty

2024-07-11 13:58:28,990 [T6] DEBUG ChromeCommonExtension
extension default locale empty

2024-07-11 13:58:35,491 [T14-ScriptEngine] INFO  JobRequest
 - STEP 7: S069fdf8def794f6f8b7d3885fe4cb396 (2/23) - (7/28)
 - [2] TextInput


2024-07-11 13:58:35,686 [T7] INFO  UIAEventHandler
Start UIA event handler

2024-07-11 13:58:36,693 [T7] DEBUG UIAEventHandler
UI Structure Changed Count: 0

2024-07-11 13:58:36,693 [T7] INFO  UIAEventHandler
waiting for 904 msec during the screen structure is changing.

2024-07-11 13:58:37,042 [T7] DEBUG UIAEventHandler
UI Structure Changed Count: 1

2024-07-11 13:58:37,154 [T7] INFO  UIAEventHandler
waiting for 226 msec during the screen structure is changing.

2024-07-11 13:58:39,984 [T14-ScriptEngine] INFO  JobRequest
 - STEP 8: Sfe0384b37b55462488792f5385c18860 (3/23) - (8/28)
 - [3] ChromeSetText


2024-07-11 13:58:40,523 [T14-ScriptEngine] INFO  JobRequest
 - STEP 9: S37241eb22a61478e904df7f422587afd (4/23) - (9/28)
 - [4] Click


2024-07-11 13:58:40,776 [T25] DEBUG UIAEventHandler
UI Structure Changed Count: 0

2024-07-11 13:58:40,776 [T25] INFO  UIAEventHandler
waiting for 99 msec during the screen structure is changing.

2024-07-11 13:58:41,422 [T14-ScriptEngine] INFO  JobRequest
 - STEP 10: S1a02495184e648cd9257386844244887 (5/23) - (10/28)
 - [5] IsExist


2024-07-11 13:58:41,607 [T14-ScriptEngine] DEBUG TemplateMatchingChecker
ImageMatching Score: 0.000. Matching count(0). TargetImage(X:-1, Y:-1, 225x119) in SearchImage(225x119)

2024-07-11 13:58:41,810 [T14-ScriptEngine] DEBUG TemplateMatchingChecker
ImageMatching Score: 0.000. Matching count(0). TargetImage(X:-1, Y:-1, 225x119) in SearchImage(675x357)

2024-07-11 13:58:42,200 [T14-ScriptEngine] DEBUG TemplateMatchingChecker
ImageMatching Score: 0.000. Matching count(0). TargetImage(X:-1, Y:-1, 225x119) in SearchImage(1920x1071)

2024-07-11 13:58:42,771 [T14-ScriptEngine] DEBUG TemplateMatchingChecker
ImageMatching Score: 0.000. Matching count(0). TargetImage(X:-1, Y:-1, 225x119) in SearchImage(1920x1200)

2024-07-11 13:58:43,419 [T14-ScriptEngine] DEBUG TemplateMatchingChecker
ImageMatching Score: 100.000. Matching count(1). TargetImage(X:1513, Y:105, 225x119) in SearchImage(1920x1200)

2024-07-11 13:58:43,651 [T14-ScriptEngine] INFO  ImageCompareValidator
Find Result Score: 99.9999821186066

2024-07-11 13:58:43,982 [T14-ScriptEngine] INFO  JobRequest
 - STEP 11: Sc29ad8c30ad940eaaed8a3e739d5ca50 (6/23) - (11/28)
 - [6] IfThen


2024-07-11 13:58:43,998 [T14-ScriptEngine] INFO  JobRequest
 - STEP 12: S5fb70fc072c148558f338b003b5fad16 (7/23) - (12/28)
 - [7] Click


2024-07-11 13:58:44,725 [T26] DEBUG UIAEventHandler
UI Structure Changed Count: 0

2024-07-11 13:58:44,725 [T26] INFO  UIAEventHandler
waiting for 704 msec during the screen structure is changing.

2024-07-11 13:58:44,957 [T26] DEBUG UIAEventHandler
UI Structure Changed Count: 0

2024-07-11 13:58:44,957 [T26] INFO  UIAEventHandler
waiting for 107 msec during the screen structure is changing.

2024-07-11 13:58:45,574 [T14-ScriptEngine] INFO  JobRequest
 - STEP 13: S8cf9af327282402c9100cb12a870285d (8/23) - (13/28)
 - [8] End-IfThen


2024-07-11 13:58:45,590 [T14-ScriptEngine] INFO  JobRequest
 - STEP 14: S5fb6b59bc4154114adb181322586509d (9/23) - (14/28)
 - [9] For


2024-07-11 13:58:45,622 [T14-ScriptEngine] INFO  JobRequest
 - STEP 15: Sc40e36fc9eee40c9ba89a4e6566d9520 (10/23) - (15/28)
 - [10] Click


2024-07-11 13:58:45,857 [T20] DEBUG UIAEventHandler
UI Structure Changed Count: 0

2024-07-11 13:58:45,857 [T20] INFO  UIAEventHandler
waiting for 211 msec during the screen structure is changing.

2024-07-11 13:58:46,585 [T14-ScriptEngine] INFO  JobRequest
 - STEP 16: S7601834588f149e7b30a3ccdb73d1955 (11/23) - (16/28)
 - [11] Click


2024-07-11 13:58:47,061 [T6] DEBUG UIAEventHandler
UI Structure Changed Count: 0

2024-07-11 13:58:47,062 [T6] INFO  UIAEventHandler
waiting for 447 msec during the screen structure is changing.

2024-07-11 13:58:53,791 [T6] DEBUG UIAEventHandler
UI Structure Changed Count: 0

2024-07-11 13:58:53,792 [T6] INFO  UIAEventHandler
waiting for 75 msec during the screen structure is changing.

2024-07-11 13:58:54,394 [T14-ScriptEngine] INFO  JobRequest
 - STEP 17: S0f3368cd6e524c2d8703e2fff918d7e1 (12/23) - (17/28)
 - [12] TextInput


2024-07-11 13:58:54,681 [T25] DEBUG UIAEventHandler
UI Structure Changed Count: 0

2024-07-11 13:58:54,681 [T25] INFO  UIAEventHandler
waiting for 256 msec during the screen structure is changing.

2024-07-11 13:58:56,085 [T25] DEBUG UIAEventHandler
UI Structure Changed Count: 0

2024-07-11 13:58:56,085 [T25] INFO  UIAEventHandler
waiting for 74 msec during the screen structure is changing.

2024-07-11 13:58:58,366 [T14-ScriptEngine] INFO  JobRequest
 - STEP 18: S28b709dff0284e79b2d5525b7a7bbf1a (13/23) - (18/28)
 - [13] TextInput


2024-07-11 13:58:58,874 [T18] DEBUG UIAEventHandler
UI Structure Changed Count: 0

2024-07-11 13:58:58,874 [T18] INFO  UIAEventHandler
waiting for 78 msec during the screen structure is changing.

2024-07-11 13:58:59,461 [T14-ScriptEngine] INFO  WinElementKeyboardPlayer
Out of bounds object
 - find clicked object from target object's click point
 - Target Bounds: 861,720,153,17
 - Click Point  : 941,771

2024-07-11 13:59:00,746 [T14-ScriptEngine] INFO  JobRequest
 - STEP 19: Sc97be49a59ea4857a4c39d6c23e13013 (14/23) - (19/28)
 - [14] TextInput


2024-07-11 13:59:01,284 [T25] DEBUG UIAEventHandler
UI Structure Changed Count: 0

2024-07-11 13:59:01,284 [T25] INFO  UIAEventHandler
waiting for 109 msec during the screen structure is changing.

2024-07-11 13:59:03,238 [T14-ScriptEngine] INFO  JobRequest
 - STEP 20: Se97ab7d56490499d804fd58144022907 (15/23) - (20/28)
 - [15] TextInput


2024-07-11 13:59:03,730 [T6] DEBUG UIAEventHandler
UI Structure Changed Count: 0

2024-07-11 13:59:03,730 [T6] INFO  UIAEventHandler
waiting for 73 msec during the screen structure is changing.

2024-07-11 13:59:05,580 [T14-ScriptEngine] INFO  JobRequest
 - STEP 21: S48f61310e27b43d29f5008e0e2004e4b (16/23) - (21/28)
 - [16] TextInput


2024-07-11 13:59:06,117 [T6] DEBUG UIAEventHandler
UI Structure Changed Count: 0

2024-07-11 13:59:06,117 [T6] INFO  UIAEventHandler
waiting for 103 msec during the screen structure is changing.

2024-07-11 13:59:06,702 [T14-ScriptEngine] INFO  WinElementKeyboardPlayer
Out of bounds object
 - find clicked object from target object's click point
 - Target Bounds: 916,916,62,36
 - Click Point  : 956,897

2024-07-11 13:59:08,051 [T14-ScriptEngine] INFO  JobRequest
 - STEP 22: S5dacb0a171c94f5a9d171b54de22699c (17/23) - (22/28)
 - [17] Click


2024-07-11 13:59:08,322 [T21] DEBUG UIAEventHandler
UI Structure Changed Count: 0

2024-07-11 13:59:08,322 [T21] INFO  UIAEventHandler
waiting for 103 msec during the screen structure is changing.

2024-07-11 13:59:08,923 [T14-ScriptEngine] INFO  JobRequest
 - STEP 23: S550389d7bc6f45848da9d0cf20711d13 (18/23) - (23/28)
 - [18] Click


2024-07-11 13:59:09,223 [T20] DEBUG UIAEventHandler
UI Structure Changed Count: 0

2024-07-11 13:59:09,223 [T20] INFO  UIAEventHandler
waiting for 276 msec during the screen structure is changing.

2024-07-11 13:59:09,430 [T20] DEBUG UIAEventHandler
UI Structure Changed Count: 0

2024-07-11 13:59:09,430 [T20] INFO  UIAEventHandler
waiting for 100 msec during the screen structure is changing.

2024-07-11 13:59:10,047 [T14-ScriptEngine] INFO  JobRequest
 - STEP 24: S03a6ed1c60a94e8abc0825b850ce764d (19/23) - (24/28)
 - [19] Click


2024-07-11 13:59:10,331 [T7] DEBUG UIAEventHandler
UI Structure Changed Count: 0

2024-07-11 13:59:10,331 [T7] INFO  UIAEventHandler
waiting for 263 msec during the screen structure is changing.

2024-07-11 13:59:10,570 [T7] DEBUG UIAEventHandler
UI Structure Changed Count: 0

2024-07-11 13:59:10,570 [T7] INFO  UIAEventHandler
waiting for 108 msec during the screen structure is changing.

2024-07-11 13:59:11,171 [T14-ScriptEngine] INFO  JobRequest
 - STEP 25: S1cb1df49869446aa8b2a2d5f67bf3c26 (20/23) - (25/28)
 - [20] Click


2024-07-11 13:59:11,470 [T7] DEBUG UIAEventHandler
UI Structure Changed Count: 0

2024-07-11 13:59:11,470 [T7] INFO  UIAEventHandler
waiting for 279 msec during the screen structure is changing.

2024-07-11 13:59:11,692 [T7] DEBUG UIAEventHandler
UI Structure Changed Count: 0

2024-07-11 13:59:11,692 [T7] INFO  UIAEventHandler
waiting for 103 msec during the screen structure is changing.

2024-07-11 13:59:12,311 [T14-ScriptEngine] INFO  JobRequest
 - STEP 26: S16baafcb652d420e85f953374a553a87 (21/23) - (26/28)
 - [21] Click


2024-07-11 13:59:12,595 [T7] DEBUG UIAEventHandler
UI Structure Changed Count: 0

2024-07-11 13:59:12,595 [T7] INFO  UIAEventHandler
waiting for 261 msec during the screen structure is changing.

2024-07-11 13:59:15,349 [T7] DEBUG UIAEventHandler
UI Structure Changed Count: 0

2024-07-11 13:59:15,349 [T7] INFO  UIAEventHandler
waiting for 110 msec during the screen structure is changing.

2024-07-11 13:59:16,186 [T14-ScriptEngine] INFO  JobRequest
 - STEP 27: S1899178f8d354413b5a87681e1de67c1 (22/23) - (27/28)
 - [22] Click


2024-07-11 13:59:16,249 [T25] DEBUG UIAEventHandler
UI Structure Changed Count: 0

2024-07-11 13:59:16,249 [T25] INFO  UIAEventHandler
waiting for 22 msec during the screen structure is changing.

2024-07-11 13:59:16,577 [T25] DEBUG UIAEventHandler
UI Structure Changed Count: 0

2024-07-11 13:59:16,577 [T25] INFO  UIAEventHandler
waiting for 104 msec during the screen structure is changing.

2024-07-11 13:59:17,180 [T14-ScriptEngine] INFO  JobRequest
 - STEP 28: Sc40e36fc9eee40c9ba89a4e6566d9520 (10/23) - (27/28)
 - [10] Click


2024-07-11 13:59:17,482 [T25] DEBUG UIAEventHandler
UI Structure Changed Count: 0

2024-07-11 13:59:17,482 [T25] INFO  UIAEventHandler
waiting for 280 msec during the screen structure is changing.

2024-07-11 13:59:36,163 [T14-ScriptEngine] INFO  JobRunner
Stop Job Runner - Cause: LocalUser / Message: Catch Step Exception

2024-07-11 13:59:36,164 [T14-ScriptEngine] INFO  JobRequest
##############################################################
### STATE: Stopping
##############################################################
Catch Step Exception


2024-07-11 13:59:36,169 [T14-ScriptEngine] WARN  ScriptSupport
[CATCH_STEP_EXCEPTION] Process: P_Invoice_등록_및_pdf_다운로드
Task: T_openChrome
Step: Click (10/23)

Error: 지정된 조건에 해당하는 객체를 찾을 수 없습니다.

10초간 4회 검색을 시도하여 3개의 대상 앱 화면에서 총 1110개의 후보 객체를 확인하였으나
대상 객체는 발견되지 않았습니다.

현재 지정된 속성은 아래와 같습니다.

Application: chrome
App Object Type: Pane
Target Type: Text
Target Name: Add New

2024-07-11 13:59:36,170 [T10] DEBUG JobRequest
Callback - State: Stopping
Catch Step Exception

2024-07-11 13:59:36,172 [T14-ScriptEngine] FINE  JobRunner
RunTask ExceptionOccured. TASK: T_openChrome => 지정된 조건에 해당하는 객체를 찾을 수 없습니다.

10초간 4회 검색을 시도하여 3개의 대상 앱 화면에서 총 1110개의 후보 객체를 확인하였으나
대상 객체는 발견되지 않았습니다.

현재 지정된 속성은 아래와 같습니다.

Application: chrome
App Object Type: Pane
Target Type: Text
Target Name: Add New

2024-07-11 13:59:36,181 [T14-ScriptEngine] INFO  JobRequest
##############################################################
### STATE: EndTask - T_openChrome
##############################################################
b6ea1598-d34c-409e-b81b-47fe3098902f
T_openChrome


2024-07-11 13:59:36,183 [T14-ScriptEngine] DEBUG JobRunner
RunTask ExceptionOccured. TASK: P_Invoice_등록_및_pdf_다운로드 => Process: P_Invoice_등록_및_pdf_다운로드
Task: T_openChrome
Step: Click (10/23)
지정된 조건에 해당하는 객체를 찾을 수 없습니다.

10초간 4회 검색을 시도하여 3개의 대상 앱 화면에서 총 1110개의 후보 객체를 확인하였으나
대상 객체는 발견되지 않았습니다.

현재 지정된 속성은 아래와 같습니다.

Application: chrome
App Object Type: Pane
Target Type: Text
Target Name: Add New

2024-07-11 13:59:36,183 [T14-ScriptEngine] INFO  JobRequest
##############################################################
### STATE: EndProcess - P_Invoice_등록_및_pdf_다운로드
##############################################################
5f0330cc-412d-4d6c-ab9d-697505864914
P_Invoice_등록_및_pdf_다운로드


2024-07-11 13:59:36,208 [T14-ScriptEngine] DEBUG JobManager
Set Result State: Stopped

2024-07-11 13:59:36,212 [T14-ScriptEngine] INFO  JobRunner
Make report.

2024-07-11 13:59:36,252 [T14-ScriptEngine] INFO  JobRunner
Start to clean up resources.

2024-07-11 13:59:36,254 [T6] DEBUG JobRunner
Start timer for checking the job to be completed.

2024-07-11 13:59:36,254 [T14-ScriptEngine] DEBUG JobRunner
OnProcessCompleted

2024-07-11 13:59:36,269 [T14-ScriptEngine] DEBUG ExcelBase
DisposeExcel

2024-07-11 13:59:36,301 [T14-ScriptEngine] INFO  JobRunner
Start to clean up resources.

2024-07-11 13:59:36,303 [T14-ScriptEngine] DEBUG JobRunner
Remove all libraries

2024-07-11 13:59:36,305 [T14-ScriptEngine] DEBUG NetPlayer
WebPlayer OnDispose

2024-07-11 13:59:36,306 [T14-ScriptEngine] DEBUG WebPlayer
WebPlayer OnDispose : Do Nothing

2024-07-11 13:59:36,307 [T14-ScriptEngine] DEBUG UIAEventHandler
Stop UIA event handler

2024-07-11 13:59:36,322 [T14-ScriptEngine] DEBUG UiaAppHelper
WinHelper DisposeAppList Count: 0

2024-07-11 13:59:36,322 [T14-ScriptEngine] INFO  JobRunner
All Resources Clear

2024-07-11 13:59:36,325 [T14-ScriptEngine] DEBUG JobRunner
OnCompleted

2024-07-11 13:59:36,326 [T14-ScriptEngine] DEBUG JobRunner
SendJobResult: Stopped

2024-07-11 13:59:36,326 [T14-ScriptEngine] INFO  JobRequest
##############################################################
### STATE: Stopped
##############################################################
Process: P_Invoice_등록_및_pdf_다운로드

Process: P_Invoice_등록_및_pdf_다운로드
Task: T_openChrome
Step: Click (10/23)
지정된 조건에 해당하는 객체를 찾을 수 없습니다.

10초간 4회 검색을 시도하여 3개의 대상 앱 화면에서 총 1110개의 후보 객체를 확인하였으나
대상 객체는 발견되지 않았습니다.

현재 지정된 속성은 아래와 같습니다.

Application: chrome
App Object Type: Pane
Target Type: Text
Target Name: Add New


2024-07-11 13:59:36,326 [T14-ScriptEngine] INFO  JobRequest
Last job life cycle state: Stopped

2024-07-11 13:59:36,326 [T14-ScriptEngine] INFO  JobRequest
Update skipped current step informations.

2024-07-11 13:59:36,333 [T14-ScriptEngine] INFO  JobRequest
##############################################################
### JOB COMPLETED
##############################################################


2024-07-11 13:59:36,342 [T10] DEBUG JobRequest
Callback - State: Stopped
Process: P_Invoice_등록_및_pdf_다운로드

Process: P_Invoice_등록_및_pdf_다운로드
Task: T_openChrome
Step: Click (10/23)
지정된 조건에 해당하는 객체를 찾을 수 없습니다.

10초간 4회 검색을 시도하여 3개의 대상 앱 화면에서 총 1110개의 후보 객체를 확인하였으나
대상 객체는 발견되지 않았습니다.

현재 지정된 속성은 아래와 같습니다.

Application: chrome
App Object Type: Pane
Target Type: Text
Target Name: Add New

2024-07-11 13:59:36,344 [T10] INFO  JobRequest
Callback - EngineClosed

2024-07-11 13:59:36,345 [T10] INFO  JobService
Disconnect agent service

2024-07-11 13:59:36,348 [T10] DEBUG JobRequest
End of Callback Sender

